#
# A fatal error has been detected by the Java Runtime Environment:
#
#  EXCEPTION_ACCESS_VIOLATION (0xc0000005) at pc=0x00007ffc66ebfc40, pid=5932, tid=2192
#
# JRE version: Java(TM) SE Runtime Environment (20.0.2+9) (build 20.0.2+9-78)
# Java VM: Java HotSpot(TM) 64-Bit Server VM (20.0.2+9-78, mixed mode, sharing, tiered, compressed oops, compressed class ptrs, g1 gc, windows-amd64)
# Problematic frame:
# V  [jvm.dll+0x1ffc40]
#
# No core dump will be written. Minidumps are not enabled by default on client versions of Windows
#
# If you would like to submit a bug report, please visit:
#   https://bugreport.java.com/bugreport/crash.jsp
#

---------------  S U M M A R Y ------------

Command Line: -Xmx64m -Xms64m -Dorg.gradle.appname=gradlew org.gradle.wrapper.GradleWrapperMain app:installDebug -PreactNativeDevServerPort=8081

Host: Intel(R) Core(TM) i5-6300U CPU @ 2.40GHz, 4 cores, 15G,  Windows 10 , 64 bit Build 19041 (10.0.19041.3636)
Time: Mon Feb  5 12:46:54 2024 India Standard Time elapsed time: 2.756834 seconds (0d 0h 0m 2s)

---------------  T H R E A D  ---------------

Current thread (0x000001ffe078f700):  JavaThread "C1 CompilerThread0" daemon [_thread_in_vm, id=2192, stack(0x0000005361900000,0x0000005361a00000)]


Current CompileTask:
C1:   2756  919   !   3       java.net.URLClassLoader::defineClass (224 bytes)

Stack: [0x0000005361900000,0x0000005361a00000],  sp=0x00000053619fe420,  free space=1017k
Native frames: (J=compiled Java code, j=interpreted, Vv=VM code, C=native code)
V  [jvm.dll+0x1ffc40]
V  [jvm.dll+0x1fea40]
V  [jvm.dll+0x1f9448]
V  [jvm.dll+0x16ac26]
V  [jvm.dll+0x16aa75]
V  [jvm.dll+0x162555]
V  [jvm.dll+0x1647d7]
V  [jvm.dll+0x162df5]
V  [jvm.dll+0x15cc4a]
V  [jvm.dll+0x16c776]
V  [jvm.dll+0x157ed0]
V  [jvm.dll+0x158253]
V  [jvm.dll+0x158514]
V  [jvm.dll+0x157956]
V  [jvm.dll+0x15968d]
V  [jvm.dll+0x25a0eb]
V  [jvm.dll+0x2587c0]
V  [jvm.dll+0x3f2dd5]
V  [jvm.dll+0x7f5c76]
V  [jvm.dll+0x6baecb]
C  [ucrtbase.dll+0x21bb2]
C  [KERNEL32.DLL+0x17344]
C  [ntdll.dll+0x526b1]


siginfo: EXCEPTION_ACCESS_VIOLATION (0xc0000005), reading address 0x0000000800000098


Registers:
RAX=0x000001ffe0dafab0, RBX=0x000001ffe07f52c8, RCX=0x000001ffe07f52d8, RDX=0x000001ffe07f52d8
RSP=0x00000053619fe420, RBP=0x0000000000000004, RSI=0x0000000000000000, RDI=0x0000000000000001
R8 =0x00007ffc6761c428, R9 =0x000001ffe0780940, R10=0x00000053619ff398, R11=0x000001ff8004f8d0
R12=0x000001ffe07f52d8, R13=0x000001ffe076cbb8, R14=0x0000000000000020, R15=0x0000000800000000
RIP=0x00007ffc66ebfc40, EFLAGS=0x0000000000010206


Register to memory mapping:

RIP=0x00007ffc66ebfc40 jvm.dll
RAX=0x000001ffe0dafab0 is pointing into metadata
RBX=0x000001ffe07f52c8 points into unknown readable memory: 0x00007ffc6761c428 | 28 c4 61 67 fc 7f 00 00
RCX=0x000001ffe07f52d8 points into unknown readable memory: 0x00007ffc6761bb58 | 58 bb 61 67 fc 7f 00 00
RDX=0x000001ffe07f52d8 points into unknown readable memory: 0x00007ffc6761bb58 | 58 bb 61 67 fc 7f 00 00
RSP=0x00000053619fe420 is pointing into the stack for thread: 0x000001ffe078f700
RBP=0x0000000000000004 is an unknown value
RSI=0x0 is NULL
RDI=0x0000000000000001 is an unknown value
R8 =0x00007ffc6761c428 jvm.dll
R9 =0x000001ffe0780940 points into unknown readable memory: 0x0000000000000007 | 07 00 00 00 00 00 00 00
R10=0x00000053619ff398 is pointing into the stack for thread: 0x000001ffe078f700
R11={method} {0x000001ff8004f8d8} 'getAndVerifyPackage' '(Ljava/lang/String;Ljava/util/jar/Manifest;Ljava/net/URL;)Ljava/lang/Package;' in 'java/net/URLClassLoader'
R12=0x000001ffe07f52d8 points into unknown readable memory: 0x00007ffc6761bb58 | 58 bb 61 67 fc 7f 00 00
R13=0x000001ffe076cbb8 points into unknown readable memory: 0x000001ffe07920a0 | a0 20 79 e0 ff 01 00 00
R14=0x0000000000000020 is an unknown value
R15=0x0000000800000000 is an unknown value


Top of Stack: (sp=0x00000053619fe420)
0x00000053619fe420:   000001ffe07f5168 000001ffe07920a0
0x00000053619fe430:   000001ffe07f52c8 00007ffc6733416e
0x00000053619fe440:   000001ffe07f52d8 000001ffe07ef900
0x00000053619fe450:   000001ffe07f52c8 000001ffe07b37f8
0x00000053619fe460:   0000000000000208 00007ffc66ebea40
0x00000053619fe470:   000001ffe0daf780 000001ffe07f5128
0x00000053619fe480:   000001ffe0780940 000001ffe078f700
0x00000053619fe490:   0000000000000000 000001ffe07b3638
0x00000053619fe4a0:   0000000000000000 000001ffe07a01f0
0x00000053619fe4b0:   000001ffe07b3638 000001ffe0792108
0x00000053619fe4c0:   000001ffe07b3638 00007ffc66eb9448
0x00000053619fe4d0:   000001ffe07f78e8 0000000000020338
0x00000053619fe4e0:   00000053619ff390 000001ffe078f700
0x00000053619fe4f0:   000001ffe07a01f0 00007ffc66e22c93
0x00000053619fe500:   000001ff8004f8d0 000001ffe078f700
0x00000053619fe510:   000001ffe07b3638 0000000000000000
0x00000053619fe520:   00000053619fe940 00007ffc66e2ac26
0x00000053619fe530:   00000000000000b7 000001ff8004f8d0
0x00000053619fe540:   00000000000000b7 00007ffc66f2aec7
0x00000053619fe550:   000001ffc717a780 000001ffe07b3638
0x00000053619fe560:   000001ffe07a01f0 000001ffe4dd6f30
0x00000053619fe570:   000001ffe078f700 00007ffc66f258d6
0x00000053619fe580:   0000000000000000 000001ffe078f700
0x00000053619fe590:   000000000000000d 000001ffe07920a0
0x00000053619fe5a0:   000001ffe07a01f0 00000053619fe940
0x00000053619fe5b0:   0000000000000000 00007ffc66e2aa75
0x00000053619fe5c0:   000001ff8004f8d0 000001ffe07b3638
0x00000053619fe5d0:   0000000000000000 00000053619fe900
0x00000053619fe5e0:   000001ff000000b7 0000000000000000
0x00000053619fe5f0:   00000000000000b7 00007ffc66e22555
0x00000053619fe600:   000001ff806819c0 000001ffe07b3638
0x00000053619fe610:   0000000000000000 00000053619fe940 

Instructions: (pc=0x00007ffc66ebfc40)
0x00007ffc66ebfb40:   8b f9 48 83 e7 fc 74 5a 65 48 8b 04 25 58 00 00
0x00007ffc66ebfb50:   00 8b 0d f1 53 9f 00 48 89 74 24 30 48 8b 34 c8
0x00007ffc66ebfb60:   b8 68 00 00 00 80 3c 30 00 75 05 e8 b0 72 6a 00
0x00007ffc66ebfb70:   b8 28 00 00 00 48 8b d7 48 8b 04 30 48 8b 88 48
0x00007ffc66ebfb80:   05 00 00 48 8b 49 38 e8 64 22 00 00 48 8b 74 24
0x00007ffc66ebfb90:   30 83 e3 03 48 0b c3 48 8b 5c 24 38 48 83 c4 20
0x00007ffc66ebfba0:   5f c3 83 e3 03 8b c3 48 8b 5c 24 38 48 83 c4 20
0x00007ffc66ebfbb0:   5f c3 cc cc cc cc cc cc cc cc cc cc cc cc cc cc
0x00007ffc66ebfbc0:   40 53 56 57 41 54 48 83 ec 28 33 f6 4c 8b e2 39
0x00007ffc66ebfbd0:   35 9b 5d 94 00 48 8b d9 8b fe 0f 86 13 01 00 00
0x00007ffc66ebfbe0:   8b 0d 62 53 9f 00 65 48 8b 04 25 58 00 00 00 48
0x00007ffc66ebfbf0:   89 6c 24 50 8d 6e 02 4c 89 6c 24 58 4c 89 74 24
0x00007ffc66ebfc00:   60 4c 8d 2c c8 4c 89 7c 24 20 66 0f 1f 44 00 00
0x00007ffc66ebfc10:   49 8b 04 24 49 8b cc ff 50 20 84 c0 48 8b ce 48
0x00007ffc66ebfc20:   63 c5 49 0f 45 cc 4c 8d 34 c5 00 00 00 00 48 8b
0x00007ffc66ebfc30:   41 08 4e 8b 7c 30 08 4d 85 ff 0f 84 85 00 00 00
0x00007ffc66ebfc40:   49 8b 8f 98 00 00 00 e8 b4 67 02 00 84 c0 74 3d
0x00007ffc66ebfc50:   49 8b 75 00 b8 68 00 00 00 80 3c 30 00 75 05 e8
0x00007ffc66ebfc60:   bc 71 6a 00 b8 28 00 00 00 49 8b d7 48 8b 0c 30
0x00007ffc66ebfc70:   48 8b 89 48 05 00 00 48 8b 49 38 e8 70 21 00 00
0x00007ffc66ebfc80:   48 8b 4b 08 33 f6 4a 89 44 31 08 eb 41 48 8b 43
0x00007ffc66ebfc90:   08 48 89 70 08 48 63 c7 48 8d 0c 00 48 8b 43 08
0x00007ffc66ebfca0:   48 89 74 c8 18 48 8b 43 08 48 89 74 c8 20 48 8b
0x00007ffc66ebfcb0:   cb 48 8b 03 ff 50 28 84 c0 75 13 48 8b 43 08 48
0x00007ffc66ebfcc0:   89 70 10 eb 09 48 8b 43 08 4a 89 74 30 08 ff c7
0x00007ffc66ebfcd0:   83 c5 02 3b 3d 97 5c 94 00 0f 82 31 ff ff ff 4c
0x00007ffc66ebfce0:   8b 7c 24 20 4c 8b 74 24 60 4c 8b 6c 24 58 48 8b
0x00007ffc66ebfcf0:   6c 24 50 48 83 c4 28 41 5c 5f 5e 5b c3 cc cc cc
0x00007ffc66ebfd00:   48 89 5c 24 08 57 48 83 ec 20 4c 63 42 08 48 8b
0x00007ffc66ebfd10:   f9 48 8b 02 48 8b 50 08 4a 8b 5c c2 08 48 8b cb
0x00007ffc66ebfd20:   48 83 e1 fc 74 2e 48 8b 89 98 00 00 00 e8 ce 66
0x00007ffc66ebfd30:   02 00 84 c0 75 1e 48 8b 07 83 e3 03 48 63 57 08 


Stack slot to memory mapping:
stack at sp + 0 slots: 0x000001ffe07f5168 points into unknown readable memory: 0x00007ffc6761c428 | 28 c4 61 67 fc 7f 00 00
stack at sp + 1 slots: 0x000001ffe07920a0 points into unknown readable memory: 0x0000000000000000 | 00 00 00 00 00 00 00 00
stack at sp + 2 slots: 0x000001ffe07f52c8 points into unknown readable memory: 0x00007ffc6761c428 | 28 c4 61 67 fc 7f 00 00
stack at sp + 3 slots: 0x00007ffc6733416e jvm.dll
stack at sp + 4 slots: 0x000001ffe07f52d8 points into unknown readable memory: 0x00007ffc6761bb58 | 58 bb 61 67 fc 7f 00 00
stack at sp + 5 slots: 0x000001ffe07ef900 points into unknown readable memory: 0x0000000000000000 | 00 00 00 00 00 00 00 00
stack at sp + 6 slots: 0x000001ffe07f52c8 points into unknown readable memory: 0x00007ffc6761c428 | 28 c4 61 67 fc 7f 00 00
stack at sp + 7 slots: 0x000001ffe07b37f8 points into unknown readable memory: 0x00007ffc6761c928 | 28 c9 61 67 fc 7f 00 00


---------------  P R O C E S S  ---------------

Threads class SMR info:
_java_thread_list=0x000001ffe56c8a20, length=12, elements={
0x000001ffc7155e00, 0x000001ffe077e500, 0x000001ffe077f4a0, 0x000001ffe0781450,
0x000001ffe0782fa0, 0x000001ffe07858f0, 0x000001ffe0786230, 0x000001ffe0786ea0,
0x000001ffe078f700, 0x000001ffe4c59ba0, 0x000001ffe4c602f0, 0x000001ffe56c8f60
}

Java Threads: ( => current thread )
  0x000001ffc7155e00 JavaThread "main" [_thread_blocked, id=6484, stack(0x0000005360b00000,0x0000005360c00000)]
  0x000001ffe077e500 JavaThread "Reference Handler" daemon [_thread_blocked, id=2444, stack(0x0000005361200000,0x0000005361300000)]
  0x000001ffe077f4a0 JavaThread "Finalizer" daemon [_thread_blocked, id=9972, stack(0x0000005361300000,0x0000005361400000)]
  0x000001ffe0781450 JavaThread "Signal Dispatcher" daemon [_thread_blocked, id=13052, stack(0x0000005361400000,0x0000005361500000)]
  0x000001ffe0782fa0 JavaThread "Attach Listener" daemon [_thread_blocked, id=12324, stack(0x0000005361500000,0x0000005361600000)]
  0x000001ffe07858f0 JavaThread "Service Thread" daemon [_thread_blocked, id=12268, stack(0x0000005361600000,0x0000005361700000)]
  0x000001ffe0786230 JavaThread "Monitor Deflation Thread" daemon [_thread_blocked, id=9292, stack(0x0000005361700000,0x0000005361800000)]
  0x000001ffe0786ea0 JavaThread "C2 CompilerThread0" daemon [_thread_blocked, id=8360, stack(0x0000005361800000,0x0000005361900000)]
=>0x000001ffe078f700 JavaThread "C1 CompilerThread0" daemon [_thread_in_vm, id=2192, stack(0x0000005361900000,0x0000005361a00000)]
  0x000001ffe4c59ba0 JavaThread "Notification Thread" daemon [_thread_blocked, id=4348, stack(0x0000005361a00000,0x0000005361b00000)]
  0x000001ffe4c602f0 JavaThread "Common-Cleaner" daemon [_thread_blocked, id=10936, stack(0x0000005361c00000,0x0000005361d00000)]
  0x000001ffe56c8f60 JavaThread "pool-1-thread-1" [_thread_blocked, id=2948, stack(0x0000005361d00000,0x0000005361e00000)]

Other Threads:
  0x000001ffe075d160 VMThread "VM Thread" [stack: 0x0000005361100000,0x0000005361200000] [id=12592] _threads_hazard_ptr=0x000001ffe56c8a20
  0x000001ffe4c5c6d0 WatcherThread "VM Periodic Task Thread" [stack: 0x0000005361b00000,0x0000005361c00000] [id=7996]
  0x000001ffc7179bf0 WorkerThread "GC Thread#0" [stack: 0x0000005360c00000,0x0000005360d00000] [id=7972]
  0x000001ffe4ee7090 WorkerThread "GC Thread#1" [stack: 0x0000005361e00000,0x0000005361f00000] [id=12860]
  0x000001ffe4f4f0b0 WorkerThread "GC Thread#2" [stack: 0x0000005361f00000,0x0000005362000000] [id=7860]
  0x000001ffe4f4f380 WorkerThread "GC Thread#3" [stack: 0x0000005362000000,0x0000005362100000] [id=572]
  0x000001ffc717c220 ConcurrentGCThread "G1 Main Marker" [stack: 0x0000005360d00000,0x0000005360e00000] [id=11948]
  0x000001ffc717cb60 WorkerThread "G1 Conc#0" [stack: 0x0000005360e00000,0x0000005360f00000] [id=11940]
  0x000001ffc71ce8f0 ConcurrentGCThread "G1 Refine#0" [stack: 0x0000005360f00000,0x0000005361000000] [id=12140]
  0x000001ffc71cf2a0 ConcurrentGCThread "G1 Service" [stack: 0x0000005361000000,0x0000005361100000] [id=3436]

Threads with active compile tasks:
C1 CompilerThread0     2918  919   !   3       java.net.URLClassLoader::defineClass (224 bytes)

VM state: not at safepoint (normal execution)

VM Mutex/Monitor currently owned by a thread:  ([mutex/lock_event])
[0x000001ffc71511e0] Compile_lock - owner thread: 0x000001ffc7155e00

Heap address: 0x00000000fc000000, size: 64 MB, Compressed Oops mode: 32-bit

CDS archive(s) mapped at: [0x000001ff80000000-0x000001ff80c60000-0x000001ff80c60000), size 12976128, SharedBaseAddress: 0x000001ff80000000, ArchiveRelocationMode: 1.
Compressed class space mapped at: 0x000001ff81000000-0x000001ffc1000000, reserved size: 1073741824
Narrow klass base: 0x000001ff80000000, Narrow klass shift: 0, Narrow klass range: 0x100000000

GC Precious Log:
 CardTable entry size: 512
 Card Set container configuration: InlinePtr #cards 5 size 8 Array Of Cards #cards 12 size 40 Howl #buckets 4 coarsen threshold 1843 Howl Bitmap #cards 512 size 80 coarsen threshold 460 Card regions per heap region 1 cards per card region 2048
 CPUs: 4 total, 4 available
 Memory: 16212M
 Large Page Support: Disabled
 NUMA Support: Disabled
 Compressed Oops: Enabled (32-bit)
 Heap Region Size: 1M
 Heap Min Capacity: 64M
 Heap Initial Capacity: 64M
 Heap Max Capacity: 64M
 Pre-touch: Disabled
 Parallel Workers: 4
 Concurrent Workers: 1
 Concurrent Refinement Workers: 4
 Periodic GC: Disabled

Heap:
 garbage-first heap   total 65536K, used 18962K [0x00000000fc000000, 0x0000000100000000)
  region size 1024K, 16 young (16384K), 2 survivors (2048K)
 Metaspace       used 4812K, committed 5056K, reserved 1114112K
  class space    used 638K, committed 768K, reserved 1048576K

Heap Regions: E=young(eden), S=young(survivor), O=old, HS=humongous(starts), HC=humongous(continues), CS=collection set, F=free, OA=open archive, CA=closed archive, TAMS=top-at-mark-start, PB=parsable bottom
|   0|0x00000000fc000000, 0x00000000fc084800, 0x00000000fc100000| 51%| O|  |TAMS 0x00000000fc000000| PB 0x00000000fc000000| Untracked 
|   1|0x00000000fc100000, 0x00000000fc200000, 0x00000000fc200000|100%|HS|  |TAMS 0x00000000fc100000| PB 0x00000000fc100000| Complete 
|   2|0x00000000fc200000, 0x00000000fc300000, 0x00000000fc300000|100%|HC|  |TAMS 0x00000000fc200000| PB 0x00000000fc200000| Complete 
|   3|0x00000000fc300000, 0x00000000fc400000, 0x00000000fc400000|100%|HC|  |TAMS 0x00000000fc300000| PB 0x00000000fc300000| Complete 
|   4|0x00000000fc400000, 0x00000000fc500000, 0x00000000fc500000|100%|HC|  |TAMS 0x00000000fc400000| PB 0x00000000fc400000| Complete 
|   5|0x00000000fc500000, 0x00000000fc500000, 0x00000000fc600000|  0%| F|  |TAMS 0x00000000fc500000| PB 0x00000000fc500000| Untracked 
|   6|0x00000000fc600000, 0x00000000fc600000, 0x00000000fc700000|  0%| F|  |TAMS 0x00000000fc600000| PB 0x00000000fc600000| Untracked 
|   7|0x00000000fc700000, 0x00000000fc700000, 0x00000000fc800000|  0%| F|  |TAMS 0x00000000fc700000| PB 0x00000000fc700000| Untracked 
|   8|0x00000000fc800000, 0x00000000fc800000, 0x00000000fc900000|  0%| F|  |TAMS 0x00000000fc800000| PB 0x00000000fc800000| Untracked 
|   9|0x00000000fc900000, 0x00000000fc900000, 0x00000000fca00000|  0%| F|  |TAMS 0x00000000fc900000| PB 0x00000000fc900000| Untracked 
|  10|0x00000000fca00000, 0x00000000fca00000, 0x00000000fcb00000|  0%| F|  |TAMS 0x00000000fca00000| PB 0x00000000fca00000| Untracked 
|  11|0x00000000fcb00000, 0x00000000fcb00000, 0x00000000fcc00000|  0%| F|  |TAMS 0x00000000fcb00000| PB 0x00000000fcb00000| Untracked 
|  12|0x00000000fcc00000, 0x00000000fcc00000, 0x00000000fcd00000|  0%| F|  |TAMS 0x00000000fcc00000| PB 0x00000000fcc00000| Untracked 
|  13|0x00000000fcd00000, 0x00000000fcd00000, 0x00000000fce00000|  0%| F|  |TAMS 0x00000000fcd00000| PB 0x00000000fcd00000| Untracked 
|  14|0x00000000fce00000, 0x00000000fce00000, 0x00000000fcf00000|  0%| F|  |TAMS 0x00000000fce00000| PB 0x00000000fce00000| Untracked 
|  15|0x00000000fcf00000, 0x00000000fcf00000, 0x00000000fd000000|  0%| F|  |TAMS 0x00000000fcf00000| PB 0x00000000fcf00000| Untracked 
|  16|0x00000000fd000000, 0x00000000fd000000, 0x00000000fd100000|  0%| F|  |TAMS 0x00000000fd000000| PB 0x00000000fd000000| Untracked 
|  17|0x00000000fd100000, 0x00000000fd100000, 0x00000000fd200000|  0%| F|  |TAMS 0x00000000fd100000| PB 0x00000000fd100000| Untracked 
|  18|0x00000000fd200000, 0x00000000fd200000, 0x00000000fd300000|  0%| F|  |TAMS 0x00000000fd200000| PB 0x00000000fd200000| Untracked 
|  19|0x00000000fd300000, 0x00000000fd300000, 0x00000000fd400000|  0%| F|  |TAMS 0x00000000fd300000| PB 0x00000000fd300000| Untracked 
|  20|0x00000000fd400000, 0x00000000fd400000, 0x00000000fd500000|  0%| F|  |TAMS 0x00000000fd400000| PB 0x00000000fd400000| Untracked 
|  21|0x00000000fd500000, 0x00000000fd500000, 0x00000000fd600000|  0%| F|  |TAMS 0x00000000fd500000| PB 0x00000000fd500000| Untracked 
|  22|0x00000000fd600000, 0x00000000fd600000, 0x00000000fd700000|  0%| F|  |TAMS 0x00000000fd600000| PB 0x00000000fd600000| Untracked 
|  23|0x00000000fd700000, 0x00000000fd700000, 0x00000000fd800000|  0%| F|  |TAMS 0x00000000fd700000| PB 0x00000000fd700000| Untracked 
|  24|0x00000000fd800000, 0x00000000fd800000, 0x00000000fd900000|  0%| F|  |TAMS 0x00000000fd800000| PB 0x00000000fd800000| Untracked 
|  25|0x00000000fd900000, 0x00000000fd900000, 0x00000000fda00000|  0%| F|  |TAMS 0x00000000fd900000| PB 0x00000000fd900000| Untracked 
|  26|0x00000000fda00000, 0x00000000fda00000, 0x00000000fdb00000|  0%| F|  |TAMS 0x00000000fda00000| PB 0x00000000fda00000| Untracked 
|  27|0x00000000fdb00000, 0x00000000fdb00000, 0x00000000fdc00000|  0%| F|  |TAMS 0x00000000fdb00000| PB 0x00000000fdb00000| Untracked 
|  28|0x00000000fdc00000, 0x00000000fdc00000, 0x00000000fdd00000|  0%| F|  |TAMS 0x00000000fdc00000| PB 0x00000000fdc00000| Untracked 
|  29|0x00000000fdd00000, 0x00000000fdd00000, 0x00000000fde00000|  0%| F|  |TAMS 0x00000000fdd00000| PB 0x00000000fdd00000| Untracked 
|  30|0x00000000fde00000, 0x00000000fde00000, 0x00000000fdf00000|  0%| F|  |TAMS 0x00000000fde00000| PB 0x00000000fde00000| Untracked 
|  31|0x00000000fdf00000, 0x00000000fdf00000, 0x00000000fe000000|  0%| F|  |TAMS 0x00000000fdf00000| PB 0x00000000fdf00000| Untracked 
|  32|0x00000000fe000000, 0x00000000fe000000, 0x00000000fe100000|  0%| F|  |TAMS 0x00000000fe000000| PB 0x00000000fe000000| Untracked 
|  33|0x00000000fe100000, 0x00000000fe100000, 0x00000000fe200000|  0%| F|  |TAMS 0x00000000fe100000| PB 0x00000000fe100000| Untracked 
|  34|0x00000000fe200000, 0x00000000fe200000, 0x00000000fe300000|  0%| F|  |TAMS 0x00000000fe200000| PB 0x00000000fe200000| Untracked 
|  35|0x00000000fe300000, 0x00000000fe300000, 0x00000000fe400000|  0%| F|  |TAMS 0x00000000fe300000| PB 0x00000000fe300000| Untracked 
|  36|0x00000000fe400000, 0x00000000fe400000, 0x00000000fe500000|  0%| F|  |TAMS 0x00000000fe400000| PB 0x00000000fe400000| Untracked 
|  37|0x00000000fe500000, 0x00000000fe500000, 0x00000000fe600000|  0%| F|  |TAMS 0x00000000fe500000| PB 0x00000000fe500000| Untracked 
|  38|0x00000000fe600000, 0x00000000fe600000, 0x00000000fe700000|  0%| F|  |TAMS 0x00000000fe600000| PB 0x00000000fe600000| Untracked 
|  39|0x00000000fe700000, 0x00000000fe700000, 0x00000000fe800000|  0%| F|  |TAMS 0x00000000fe700000| PB 0x00000000fe700000| Untracked 
|  40|0x00000000fe800000, 0x00000000fe800000, 0x00000000fe900000|  0%| F|  |TAMS 0x00000000fe800000| PB 0x00000000fe800000| Untracked 
|  41|0x00000000fe900000, 0x00000000fe900000, 0x00000000fea00000|  0%| F|  |TAMS 0x00000000fe900000| PB 0x00000000fe900000| Untracked 
|  42|0x00000000fea00000, 0x00000000fea00000, 0x00000000feb00000|  0%| F|  |TAMS 0x00000000fea00000| PB 0x00000000fea00000| Untracked 
|  43|0x00000000feb00000, 0x00000000feb00000, 0x00000000fec00000|  0%| F|  |TAMS 0x00000000feb00000| PB 0x00000000feb00000| Untracked 
|  44|0x00000000fec00000, 0x00000000fec00000, 0x00000000fed00000|  0%| F|  |TAMS 0x00000000fec00000| PB 0x00000000fec00000| Untracked 
|  45|0x00000000fed00000, 0x00000000fed00000, 0x00000000fee00000|  0%| F|  |TAMS 0x00000000fed00000| PB 0x00000000fed00000| Untracked 
|  46|0x00000000fee00000, 0x00000000fee00000, 0x00000000fef00000|  0%| F|  |TAMS 0x00000000fee00000| PB 0x00000000fee00000| Untracked 
|  47|0x00000000fef00000, 0x00000000fef00000, 0x00000000ff000000|  0%| F|  |TAMS 0x00000000fef00000| PB 0x00000000fef00000| Untracked 
|  48|0x00000000ff000000, 0x00000000ff036598, 0x00000000ff100000| 21%| E|  |TAMS 0x00000000ff000000| PB 0x00000000ff000000| Complete 
|  49|0x00000000ff100000, 0x00000000ff200000, 0x00000000ff200000|100%| S|CS|TAMS 0x00000000ff100000| PB 0x00000000ff100000| Complete 
|  50|0x00000000ff200000, 0x00000000ff300000, 0x00000000ff300000|100%| S|CS|TAMS 0x00000000ff200000| PB 0x00000000ff200000| Complete 
|  51|0x00000000ff300000, 0x00000000ff400000, 0x00000000ff400000|100%| E|CS|TAMS 0x00000000ff300000| PB 0x00000000ff300000| Complete 
|  52|0x00000000ff400000, 0x00000000ff500000, 0x00000000ff500000|100%| E|CS|TAMS 0x00000000ff400000| PB 0x00000000ff400000| Complete 
|  53|0x00000000ff500000, 0x00000000ff600000, 0x00000000ff600000|100%| E|CS|TAMS 0x00000000ff500000| PB 0x00000000ff500000| Complete 
|  54|0x00000000ff600000, 0x00000000ff700000, 0x00000000ff700000|100%| E|CS|TAMS 0x00000000ff600000| PB 0x00000000ff600000| Complete 
|  55|0x00000000ff700000, 0x00000000ff800000, 0x00000000ff800000|100%| E|CS|TAMS 0x00000000ff700000| PB 0x00000000ff700000| Complete 
|  56|0x00000000ff800000, 0x00000000ff900000, 0x00000000ff900000|100%| E|CS|TAMS 0x00000000ff800000| PB 0x00000000ff800000| Complete 
|  57|0x00000000ff900000, 0x00000000ffa00000, 0x00000000ffa00000|100%| E|CS|TAMS 0x00000000ff900000| PB 0x00000000ff900000| Complete 
|  58|0x00000000ffa00000, 0x00000000ffb00000, 0x00000000ffb00000|100%| E|CS|TAMS 0x00000000ffa00000| PB 0x00000000ffa00000| Complete 
|  59|0x00000000ffb00000, 0x00000000ffc00000, 0x00000000ffc00000|100%| E|CS|TAMS 0x00000000ffb00000| PB 0x00000000ffb00000| Complete 
|  60|0x00000000ffc00000, 0x00000000ffd00000, 0x00000000ffd00000|100%| E|CS|TAMS 0x00000000ffc00000| PB 0x00000000ffc00000| Complete 
|  61|0x00000000ffd00000, 0x00000000ffe00000, 0x00000000ffe00000|100%| E|  |TAMS 0x00000000ffd00000| PB 0x00000000ffd00000| Complete 
|  62|0x00000000ffe00000, 0x00000000fff00000, 0x00000000fff00000|100%| E|CS|TAMS 0x00000000ffe00000| PB 0x00000000ffe00000| Complete 
|  63|0x00000000fff00000, 0x0000000100000000, 0x0000000100000000|100%| E|CS|TAMS 0x00000000fff00000| PB 0x00000000fff00000| Complete 

Card table byte_map: [0x000001ffc6f90000,0x000001ffc6fb0000] _byte_map_base: 0x000001ffc67b0000

Marking Bits: (CMBitMap*) 0x000001ffc717b140
 Bits: [0x000001ffc6fd0000, 0x000001ffc70d0000)

Polling page: 0x000001ffc6920000

Metaspace:

Usage:
  Non-class:      4.08 MB used.
      Class:    638.64 KB used.
       Both:      4.70 MB used.

Virtual space:
  Non-class space:       64.00 MB reserved,       4.19 MB (  7%) committed,  1 nodes.
      Class space:        1.00 GB reserved,     768.00 KB ( <1%) committed,  1 nodes.
             Both:        1.06 GB reserved,       4.94 MB ( <1%) committed. 

Chunk freelists:
   Non-Class:  1.97 MB
       Class:  3.29 MB
        Both:  5.26 MB

MaxMetaspaceSize: unlimited
CompressedClassSpaceSize: 1.00 GB
Initial GC threshold: 21.00 MB
Current GC threshold: 21.00 MB
CDS: on
MetaspaceReclaimPolicy: balanced
 - commit_granule_bytes: 65536.
 - commit_granule_words: 8192.
 - virtual_space_node_default_size: 8388608.
 - enlarge_chunks_in_place: 1.
 - new_chunks_are_fully_committed: 0.
 - uncommit_free_chunks: 1.
 - use_allocation_guard: 0.


Internal statistics:

num_allocs_failed_limit: 0.
num_arena_births: 88.
num_arena_deaths: 0.
num_vsnodes_births: 2.
num_vsnodes_deaths: 0.
num_space_committed: 79.
num_space_uncommitted: 0.
num_chunks_returned_to_freelist: 0.
num_chunks_taken_from_freelist: 222.
num_chunk_merges: 0.
num_chunk_splits: 137.
num_chunks_enlarged: 103.
num_inconsistent_stats: 0.

CodeHeap 'non-profiled nmethods': size=120000Kb used=358Kb max_used=358Kb free=119641Kb
 bounds [0x000001ffd6d00000, 0x000001ffd6f70000, 0x000001ffde230000]
CodeHeap 'profiled nmethods': size=120000Kb used=1736Kb max_used=1736Kb free=118263Kb
 bounds [0x000001ffcf230000, 0x000001ffcf4a0000, 0x000001ffd6760000]
CodeHeap 'non-nmethods': size=5760Kb used=1397Kb max_used=1417Kb free=4362Kb
 bounds [0x000001ffd6760000, 0x000001ffd69d0000, 0x000001ffd6d00000]
 total_blobs=1369 nmethods=926 adapters=354
 compilation: enabled
              stopped_count=0, restarted_count=0
 full_count=0

Compilation events (20 events):
Event: 2.542 Thread 0x000001ffe078f700 nmethod 915 0x000001ffcf3dd010 code [0x000001ffcf3dd3e0, 0x000001ffcf3df1f0]
Event: 2.542 Thread 0x000001ffe078f700  916       3       jdk.internal.org.objectweb.asm.SymbolTable::addConstantMemberReference (147 bytes)
Event: 2.542 Thread 0x000001ffe078f700 nmethod 916 0x000001ffcf3dfd10 code [0x000001ffcf3dff60, 0x000001ffcf3e07f0]
Event: 2.543 Thread 0x000001ffe078f700  918       3       java.util.WeakHashMap::remove (131 bytes)
Event: 2.543 Thread 0x000001ffe078f700 nmethod 918 0x000001ffcf3e0d10 code [0x000001ffcf3e0f40, 0x000001ffcf3e1a98]
Event: 2.543 Thread 0x000001ffe078f700  917       3       jdk.internal.org.objectweb.asm.SymbolTable::hash (20 bytes)
Event: 2.544 Thread 0x000001ffe078f700 nmethod 917 0x000001ffcf3e1e90 code [0x000001ffcf3e2040, 0x000001ffcf3e21e8]
Event: 2.545 Thread 0x000001ffe078f700  919   !   3       java.net.URLClassLoader::defineClass (224 bytes)
Event: 2.550 Thread 0x000001ffe0786ea0  934  s!   4       java.util.jar.JarFile::ensureInitialization (59 bytes)
Event: 2.553 Thread 0x000001ffe0786ea0 nmethod 934 0x000001ffd6d55e10 code [0x000001ffd6d55fa0, 0x000001ffd6d563d0]
Event: 2.620 Thread 0x000001ffe0786ea0  936       4       java.lang.AbstractStringBuilder::<init> (39 bytes)
Event: 2.623 Thread 0x000001ffe0786ea0 nmethod 936 0x000001ffd6d56890 code [0x000001ffd6d56a00, 0x000001ffd6d56c78]
Event: 2.624 Thread 0x000001ffe0786ea0  937       4       java.lang.String::<init> (99 bytes)
Event: 2.630 Thread 0x000001ffe0786ea0 nmethod 937 0x000001ffd6d56d10 code [0x000001ffd6d56ea0, 0x000001ffd6d57350]
Event: 2.631 Thread 0x000001ffe0786ea0  941   !   4       java.util.concurrent.ConcurrentHashMap::putVal (432 bytes)
Event: 2.660 Thread 0x000001ffe0786ea0 nmethod 941 0x000001ffd6d57590 code [0x000001ffd6d57780, 0x000001ffd6d586e8]
Event: 2.672 Thread 0x000001ffe0786ea0  942       4       java.lang.CharacterDataLatin1::toUpperCase (53 bytes)
Event: 2.673 Thread 0x000001ffe0786ea0 nmethod 942 0x000001ffd6d59210 code [0x000001ffd6d59380, 0x000001ffd6d59480]
Event: 2.708 Thread 0x000001ffe0786ea0  952       4       java.lang.String::checkBoundsOffCount (10 bytes)
Event: 2.709 Thread 0x000001ffe0786ea0 nmethod 952 0x000001ffd6d59890 code [0x000001ffd6d59a00, 0x000001ffd6d59ab8]

GC Heap History (2 events):
Event: 1.252 GC heap before
{Heap before GC invocations=0 (full 0):
 garbage-first heap   total 65536K, used 12288K [0x00000000fc000000, 0x0000000100000000)
  region size 1024K, 13 young (13312K), 0 survivors (0K)
 Metaspace       used 1833K, committed 1984K, reserved 1114112K
  class space    used 171K, committed 256K, reserved 1048576K
}
Event: 1.267 GC heap after
{Heap after GC invocations=1 (full 0):
 garbage-first heap   total 65536K, used 2578K [0x00000000fc000000, 0x0000000100000000)
  region size 1024K, 2 young (2048K), 2 survivors (2048K)
 Metaspace       used 1833K, committed 1984K, reserved 1114112K
  class space    used 171K, committed 256K, reserved 1048576K
}

Dll operation events (8 events):
Event: 0.053 Loaded shared library C:\Program Files\Java\jdk-20\bin\java.dll
Event: 0.101 Loaded shared library C:\Program Files\Java\jdk-20\bin\jsvml.dll
Event: 0.269 Loaded shared library C:\Program Files\Java\jdk-20\bin\net.dll
Event: 0.272 Loaded shared library C:\Program Files\Java\jdk-20\bin\nio.dll
Event: 0.281 Loaded shared library C:\Program Files\Java\jdk-20\bin\zip.dll
Event: 1.113 Loaded shared library C:\Program Files\Java\jdk-20\bin\jimage.dll
Event: 1.363 Loaded shared library C:\Program Files\Java\jdk-20\bin\verify.dll
Event: 2.515 Loaded shared library C:\Users\shrut\.gradle\native\c067742578af261105cb4f569cf0c3c89f3d7b1fecec35dd04571415982c5e48\windows-amd64\native-platform.dll

Deoptimization events (20 events):
Event: 1.961 Thread 0x000001ffc7155e00 DEOPT PACKING pc=0x000001ffd6d1fb24 sp=0x0000005360bfe530
Event: 1.961 Thread 0x000001ffc7155e00 DEOPT UNPACKING pc=0x000001ffd67c9d22 sp=0x0000005360bfe4b8 mode 2
Event: 1.961 Thread 0x000001ffc7155e00 Uncommon trap: trap_request=0xffffffde fr.pc=0x000001ffd6d207bc relative=0x000000000000031c
Event: 1.961 Thread 0x000001ffc7155e00 Uncommon trap: reason=class_check action=maybe_recompile pc=0x000001ffd6d207bc method=java.util.regex.Matcher.match(II)Z @ 121 c2
Event: 1.961 Thread 0x000001ffc7155e00 DEOPT PACKING pc=0x000001ffd6d207bc sp=0x0000005360bfe590
Event: 1.961 Thread 0x000001ffc7155e00 DEOPT UNPACKING pc=0x000001ffd67c9d22 sp=0x0000005360bfe528 mode 2
Event: 1.961 Thread 0x000001ffc7155e00 Uncommon trap: trap_request=0xffffffde fr.pc=0x000001ffd6d207bc relative=0x000000000000031c
Event: 1.961 Thread 0x000001ffc7155e00 Uncommon trap: reason=class_check action=maybe_recompile pc=0x000001ffd6d207bc method=java.util.regex.Matcher.match(II)Z @ 121 c2
Event: 1.961 Thread 0x000001ffc7155e00 DEOPT PACKING pc=0x000001ffd6d207bc sp=0x0000005360bfe590
Event: 1.961 Thread 0x000001ffc7155e00 DEOPT UNPACKING pc=0x000001ffd67c9d22 sp=0x0000005360bfe528 mode 2
Event: 1.971 Thread 0x000001ffc7155e00 Uncommon trap: trap_request=0xffffffde fr.pc=0x000001ffd6d207bc relative=0x000000000000031c
Event: 1.971 Thread 0x000001ffc7155e00 Uncommon trap: reason=class_check action=maybe_recompile pc=0x000001ffd6d207bc method=java.util.regex.Matcher.match(II)Z @ 121 c2
Event: 1.971 Thread 0x000001ffc7155e00 DEOPT PACKING pc=0x000001ffd6d207bc sp=0x0000005360bfe410
Event: 1.971 Thread 0x000001ffc7155e00 DEOPT UNPACKING pc=0x000001ffd67c9d22 sp=0x0000005360bfe3a8 mode 2
Event: 1.971 Thread 0x000001ffc7155e00 Uncommon trap: trap_request=0xffffffde fr.pc=0x000001ffd6d207bc relative=0x000000000000031c
Event: 1.971 Thread 0x000001ffc7155e00 Uncommon trap: reason=class_check action=maybe_recompile pc=0x000001ffd6d207bc method=java.util.regex.Matcher.match(II)Z @ 121 c2
Event: 1.971 Thread 0x000001ffc7155e00 DEOPT PACKING pc=0x000001ffd6d207bc sp=0x0000005360bfe410
Event: 1.971 Thread 0x000001ffc7155e00 DEOPT UNPACKING pc=0x000001ffd67c9d22 sp=0x0000005360bfe3a8 mode 2
Event: 2.683 Thread 0x000001ffc7155e00 DEOPT PACKING pc=0x000001ffcf334427 sp=0x0000005360bfa460
Event: 2.683 Thread 0x000001ffc7155e00 DEOPT UNPACKING pc=0x000001ffd67ca4c2 sp=0x0000005360bf98e8 mode 0

Classes loaded (20 events):
Event: 2.674 Loading class java/lang/annotation/Inherited
Event: 2.674 Loading class java/lang/annotation/Inherited done
Event: 2.674 Loading class java/lang/annotation/RetentionPolicy
Event: 2.674 Loading class java/lang/annotation/RetentionPolicy done
Event: 2.675 Loading class sun/reflect/annotation/AnnotationTypeMismatchExceptionProxy
Event: 2.675 Loading class sun/reflect/annotation/ExceptionProxy
Event: 2.675 Loading class sun/reflect/annotation/ExceptionProxy done
Event: 2.675 Loading class sun/reflect/annotation/AnnotationTypeMismatchExceptionProxy done
Event: 2.675 Loading class sun/reflect/annotation/AnnotationParser$1
Event: 2.675 Loading class sun/reflect/annotation/AnnotationParser$1 done
Event: 2.675 Loading class sun/reflect/annotation/AnnotationInvocationHandler
Event: 2.675 Loading class sun/reflect/annotation/AnnotationInvocationHandler done
Event: 2.678 Loading class java/lang/annotation/Target
Event: 2.678 Loading class java/lang/annotation/Target done
Event: 2.681 Loading class java/lang/Class$AnnotationData
Event: 2.681 Loading class java/lang/Class$AnnotationData done
Event: 2.690 Loading class java/util/concurrent/atomic/AtomicBoolean
Event: 2.690 Loading class java/util/concurrent/atomic/AtomicBoolean done
Event: 2.711 Loading class java/util/ArrayList$ListItr
Event: 2.711 Loading class java/util/ArrayList$ListItr done

Classes unloaded (0 events):
No events

Classes redefined (0 events):
No events

Internal exceptions (11 events):
Event: 0.510 Thread 0x000001ffc7155e00 Exception <a 'java/lang/NoSuchMethodError'{0x00000000ffde9ae0}: 'void java.lang.invoke.DirectMethodHandle$Holder.invokeStatic(java.lang.Object, java.lang.Object)'> (0x00000000ffde9ae0) 
thrown [s\open\src\hotspot\share\interpreter\linkResolver.cpp, line 773]
Event: 0.511 Thread 0x000001ffc7155e00 Exception <a 'java/lang/NoSuchMethodError'{0x00000000ffded660}: 'void java.lang.invoke.DirectMethodHandle$Holder.invokeSpecial(java.lang.Object, java.lang.Object, java.lang.Object)'> (0x00000000ffded660) 
thrown [s\open\src\hotspot\share\interpreter\linkResolver.cpp, line 773]
Event: 0.539 Thread 0x000001ffc7155e00 Exception <a 'java/lang/NoSuchMethodError'{0x00000000ffc894e8}: 'void java.lang.invoke.DirectMethodHandle$Holder.invokeStatic(java.lang.Object, java.lang.Object, java.lang.Object)'> (0x00000000ffc894e8) 
thrown [s\open\src\hotspot\share\interpreter\linkResolver.cpp, line 773]
Event: 0.550 Thread 0x000001ffc7155e00 Exception <a 'java/lang/NoSuchMethodError'{0x00000000ffc9bbd8}: 'java.lang.Object java.lang.invoke.Invokers$Holder.invokeExact_MT(java.lang.Object, java.lang.Object, java.lang.Object, java.lang.Object, java.lang.Object)'> (0x00000000ffc9bbd8) 
thrown [s\open\src\hotspot\share\interpreter\linkResolver.cpp, line 773]
Event: 0.570 Thread 0x000001ffc7155e00 Exception <a 'java/lang/NoSuchMethodError'{0x00000000ffcc9798}: 'int java.lang.invoke.DirectMethodHandle$Holder.invokeStaticInit(java.lang.Object, java.lang.Object)'> (0x00000000ffcc9798) 
thrown [s\open\src\hotspot\share\interpreter\linkResolver.cpp, line 773]
Event: 2.382 Thread 0x000001ffc7155e00 Exception <a 'java/lang/NoClassDefFoundError'{0x00000000ff682f60}: org/slf4j/impl/StaticMarkerBinder> (0x00000000ff682f60) 
thrown [s\open\src\hotspot\share\classfile\systemDictionary.cpp, line 294]
Event: 2.454 Thread 0x000001ffc7155e00 Exception <a 'java/lang/NoSuchMethodError'{0x00000000ff516e70}: 'java.lang.Object java.lang.invoke.DirectMethodHandle$Holder.invokeVirtual(java.lang.Object, java.lang.Object, java.lang.Object, java.lang.Object, java.lang.Object, java.lang.Object, java.lang.Object)'> (0x00000000ff516e70) 
thrown [s\open\src\hotspot\share\interpreter\linkResolver.cpp, line 773]
Event: 2.471 Thread 0x000001ffc7155e00 Exception <a 'java/lang/NoSuchMethodError'{0x00000000ff529f10}: 'java.lang.Object java.lang.invoke.DirectMethodHandle$Holder.invokeStatic(java.lang.Object, java.lang.Object, int)'> (0x00000000ff529f10) 
thrown [s\open\src\hotspot\share\interpreter\linkResolver.cpp, line 773]
Event: 2.474 Thread 0x000001ffc7155e00 Exception <a 'java/lang/NoSuchMethodError'{0x00000000ff535360}: 'void java.lang.invoke.DelegatingMethodHandle$Holder.delegate(java.lang.Object, java.lang.Object, int, java.lang.Object)'> (0x00000000ff535360) 
thrown [s\open\src\hotspot\share\interpreter\linkResolver.cpp, line 773]
Event: 2.477 Thread 0x000001ffc7155e00 Exception <a 'java/lang/NoSuchMethodError'{0x00000000ff539488}: 'int java.lang.invoke.DirectMethodHandle$Holder.invokeSpecial(java.lang.Object, java.lang.Object, java.lang.Object)'> (0x00000000ff539488) 
thrown [s\open\src\hotspot\share\interpreter\linkResolver.cpp, line 773]
Event: 2.539 Thread 0x000001ffc7155e00 Exception <a 'java/lang/NoSuchMethodError'{0x00000000ff5e06b8}: 'java.lang.Object java.lang.invoke.DirectMethodHandle$Holder.invokeVirtual(java.lang.Object, java.lang.Object, java.lang.Object)'> (0x00000000ff5e06b8) 
thrown [s\open\src\hotspot\share\interpreter\linkResolver.cpp, line 773]

VM Operations (15 events):
Event: 0.282 Executing VM operation: HandshakeAllThreads
Event: 0.282 Executing VM operation: HandshakeAllThreads done
Event: 1.252 Executing VM operation: G1CollectForAllocation
Event: 1.268 Executing VM operation: G1CollectForAllocation done
Event: 1.744 Executing VM operation: HandshakeAllThreads
Event: 1.744 Executing VM operation: HandshakeAllThreads done
Event: 1.761 Executing VM operation: HandshakeAllThreads
Event: 1.761 Executing VM operation: HandshakeAllThreads done
Event: 2.376 Executing VM operation: HandshakeAllThreads
Event: 2.376 Executing VM operation: HandshakeAllThreads done
Event: 2.376 Executing VM operation: Cleanup
Event: 2.376 Executing VM operation: Cleanup done
Event: 2.468 Executing VM operation: HandshakeAllThreads
Event: 2.469 Executing VM operation: HandshakeAllThreads done
Event: 2.711 Executing VM operation: HandshakeAllThreads

Events (14 events):
Event: 0.102 Thread 0x000001ffc7155e00 Thread added: 0x000001ffc7155e00
Event: 0.164 Thread 0x000001ffe077e500 Thread added: 0x000001ffe077e500
Event: 0.165 Thread 0x000001ffe077f4a0 Thread added: 0x000001ffe077f4a0
Event: 0.167 Thread 0x000001ffe0781450 Thread added: 0x000001ffe0781450
Event: 0.167 Thread 0x000001ffe0782fa0 Thread added: 0x000001ffe0782fa0
Event: 0.167 Thread 0x000001ffe07858f0 Thread added: 0x000001ffe07858f0
Event: 0.168 Thread 0x000001ffe0786230 Thread added: 0x000001ffe0786230
Event: 0.168 Thread 0x000001ffe0786ea0 Thread added: 0x000001ffe0786ea0
Event: 0.172 Thread 0x000001ffe078f700 Thread added: 0x000001ffe078f700
Event: 0.233 Thread 0x000001ffe4c59ba0 Thread added: 0x000001ffe4c59ba0
Event: 0.251 Thread 0x000001ffe4c602f0 Thread added: 0x000001ffe4c602f0
Event: 1.175 Thread 0x000001ffe4ee4c20 Thread added: 0x000001ffe4ee4c20
Event: 1.474 Thread 0x000001ffe4ee4c20 Thread exited: 0x000001ffe4ee4c20
Event: 2.607 Thread 0x000001ffe56c8f60 Thread added: 0x000001ffe56c8f60


Dynamic libraries:
0x00007ff7e8540000 - 0x00007ff7e8550000 	C:\Program Files\Java\jdk-20\bin\java.exe
0x00007ffcc3a30000 - 0x00007ffcc3c28000 	C:\Windows\SYSTEM32\ntdll.dll
0x00007ffcc1ad0000 - 0x00007ffcc1b8d000 	C:\Windows\System32\KERNEL32.DLL
0x00007ffcc1620000 - 0x00007ffcc1916000 	C:\Windows\System32\KERNELBASE.dll
0x00007ffcc1120000 - 0x00007ffcc1220000 	C:\Windows\System32\ucrtbase.dll
0x00007ffcbbd80000 - 0x00007ffcbbd99000 	C:\Program Files\Java\jdk-20\bin\jli.dll
0x00007ffcc3380000 - 0x00007ffcc3433000 	C:\Windows\System32\ADVAPI32.dll
0x00007ffcc3250000 - 0x00007ffcc32ee000 	C:\Windows\System32\msvcrt.dll
0x00007ffcc3440000 - 0x00007ffcc34df000 	C:\Windows\System32\sechost.dll
0x00007ffcc3790000 - 0x00007ffcc38b6000 	C:\Windows\System32\RPCRT4.dll
0x00007ffcc12e0000 - 0x00007ffcc1307000 	C:\Windows\System32\bcrypt.dll
0x00007ffcc2950000 - 0x00007ffcc2aee000 	C:\Windows\System32\USER32.dll
0x00007ffcc10f0000 - 0x00007ffcc1112000 	C:\Windows\System32\win32u.dll
0x00007ffcc3520000 - 0x00007ffcc354b000 	C:\Windows\System32\GDI32.dll
0x00007ffcc1500000 - 0x00007ffcc1617000 	C:\Windows\System32\gdi32full.dll
0x00007ffcc19d0000 - 0x00007ffcc1a6d000 	C:\Windows\System32\msvcp_win.dll
0x00007ffcbbd60000 - 0x00007ffcbbd7b000 	C:\Program Files\Java\jdk-20\bin\VCRUNTIME140.dll
0x00007ffcc0460000 - 0x00007ffcc06fa000 	C:\Windows\WinSxS\amd64_microsoft.windows.common-controls_6595b64144ccf1df_6.0.19041.3636_none_60b6a03d71f818d5\COMCTL32.dll
0x00007ffcaddf0000 - 0x00007ffcaddfa000 	C:\Windows\SYSTEM32\VERSION.dll
0x00007ffcc34e0000 - 0x00007ffcc3512000 	C:\Windows\System32\IMM32.DLL
0x00007ffcbbd50000 - 0x00007ffcbbd5c000 	C:\Program Files\Java\jdk-20\bin\vcruntime140_1.dll
0x00007ffca3cb0000 - 0x00007ffca3d3e000 	C:\Program Files\Java\jdk-20\bin\msvcp140.dll
0x00007ffc66cc0000 - 0x00007ffc67958000 	C:\Program Files\Java\jdk-20\bin\server\jvm.dll
0x00007ffcba1a0000 - 0x00007ffcba1a9000 	C:\Windows\SYSTEM32\WSOCK32.dll
0x00007ffcc3720000 - 0x00007ffcc378b000 	C:\Windows\System32\WS2_32.dll
0x00007ffca6a70000 - 0x00007ffca6a97000 	C:\Windows\SYSTEM32\WINMM.dll
0x00007ffcbec30000 - 0x00007ffcbec42000 	C:\Windows\SYSTEM32\kernel.appcore.dll
0x00007ffcb9c30000 - 0x00007ffcb9c3a000 	C:\Program Files\Java\jdk-20\bin\jimage.dll
0x00007ffcc0a00000 - 0x00007ffcc0be4000 	C:\Windows\SYSTEM32\DBGHELP.DLL
0x00007ffcc0810000 - 0x00007ffcc0844000 	C:\Windows\SYSTEM32\dbgcore.DLL
0x00007ffcc1470000 - 0x00007ffcc14f2000 	C:\Windows\System32\bcryptPrimitives.dll
0x00007ffcaa550000 - 0x00007ffcaa576000 	C:\Program Files\Java\jdk-20\bin\java.dll
0x00007ffc9a790000 - 0x00007ffc9a867000 	C:\Program Files\Java\jdk-20\bin\jsvml.dll
0x00007ffcc2b00000 - 0x00007ffcc3245000 	C:\Windows\System32\SHELL32.dll
0x00007ffcbe480000 - 0x00007ffcbec1c000 	C:\Windows\SYSTEM32\windows.storage.dll
0x00007ffcc1b90000 - 0x00007ffcc1ee4000 	C:\Windows\System32\combase.dll
0x00007ffcc03c0000 - 0x00007ffcc03ee000 	C:\Windows\SYSTEM32\Wldp.dll
0x00007ffcc3550000 - 0x00007ffcc361d000 	C:\Windows\System32\OLEAUT32.dll
0x00007ffcc1fd0000 - 0x00007ffcc207d000 	C:\Windows\System32\SHCORE.dll
0x00007ffcc3640000 - 0x00007ffcc3695000 	C:\Windows\System32\shlwapi.dll
0x00007ffcc1020000 - 0x00007ffcc1045000 	C:\Windows\SYSTEM32\profapi.dll
0x00007ffca8160000 - 0x00007ffca8173000 	C:\Program Files\Java\jdk-20\bin\net.dll
0x00007ffcb28f0000 - 0x00007ffcb29fa000 	C:\Windows\SYSTEM32\WINHTTP.dll
0x00007ffcc0290000 - 0x00007ffcc02fa000 	C:\Windows\system32\mswsock.dll
0x00007ffca8140000 - 0x00007ffca8156000 	C:\Program Files\Java\jdk-20\bin\nio.dll
0x00007ffca3c90000 - 0x00007ffca3ca8000 	C:\Program Files\Java\jdk-20\bin\zip.dll
0x00007ffcb9c20000 - 0x00007ffcb9c30000 	C:\Program Files\Java\jdk-20\bin\verify.dll
0x00007ffc9be70000 - 0x00007ffc9be97000 	C:\Users\shrut\.gradle\native\c067742578af261105cb4f569cf0c3c89f3d7b1fecec35dd04571415982c5e48\windows-amd64\native-platform.dll

dbghelp: loaded successfully - version: 4.0.5 - missing functions: none
symbol engine: initialized successfully - sym options: 0x614 - pdb path: .;C:\Program Files\Java\jdk-20\bin;C:\Windows\SYSTEM32;C:\Windows\WinSxS\amd64_microsoft.windows.common-controls_6595b64144ccf1df_6.0.19041.3636_none_60b6a03d71f818d5;C:\Program Files\Java\jdk-20\bin\server;C:\Users\shrut\.gradle\native\c067742578af261105cb4f569cf0c3c89f3d7b1fecec35dd04571415982c5e48\windows-amd64

VM Arguments:
jvm_args: -Xmx64m -Xms64m -Dorg.gradle.appname=gradlew 
java_command: org.gradle.wrapper.GradleWrapperMain app:installDebug -PreactNativeDevServerPort=8081
java_class_path (initial): C:\Users\shrut\OneDrive\Desktop\temp\clawApp\android\\gradle\wrapper\gradle-wrapper.jar
Launcher Type: SUN_STANDARD

[Global flags]
     intx CICompilerCount                          = 3                                         {product} {ergonomic}
     uint ConcGCThreads                            = 1                                         {product} {ergonomic}
     uint G1ConcRefinementThreads                  = 4                                         {product} {ergonomic}
   size_t G1HeapRegionSize                         = 1048576                                   {product} {ergonomic}
    uintx GCDrainStackTargetSize                   = 64                                        {product} {ergonomic}
   size_t InitialHeapSize                          = 67108864                                  {product} {command line}
   size_t MarkStackSize                            = 4194304                                   {product} {ergonomic}
   size_t MaxHeapSize                              = 67108864                                  {product} {command line}
   size_t MaxNewSize                               = 39845888                                  {product} {ergonomic}
   size_t MinHeapDeltaBytes                        = 1048576                                   {product} {ergonomic}
   size_t MinHeapSize                              = 67108864                                  {product} {command line}
    uintx NonNMethodCodeHeapSize                   = 5832780                                {pd product} {ergonomic}
    uintx NonProfiledCodeHeapSize                  = 122912730                              {pd product} {ergonomic}
    uintx ProfiledCodeHeapSize                     = 122912730                              {pd product} {ergonomic}
    uintx ReservedCodeCacheSize                    = 251658240                              {pd product} {ergonomic}
     bool SegmentedCodeCache                       = true                                      {product} {ergonomic}
   size_t SoftMaxHeapSize                          = 67108864                               {manageable} {ergonomic}
     bool UseCompressedClassPointers               = true                           {product lp64_product} {ergonomic}
     bool UseCompressedOops                        = true                           {product lp64_product} {ergonomic}
     bool UseG1GC                                  = true                                      {product} {ergonomic}
     bool UseLargePagesIndividualAllocation        = false                                  {pd product} {ergonomic}

Logging:
Log output configuration:
 #0: stdout all=warning uptime,level,tags foldmultilines=false
 #1: stderr all=off uptime,level,tags foldmultilines=false

Environment Variables:
JAVA_HOME=C:\Program Files\Java\jdk-20
CLASSPATH=C:\Users\shrut\OneDrive\Desktop\temp\clawApp\android\\gradle\wrapper\gradle-wrapper.jar
PATH=C:\Users\shrut\OneDrive\Desktop\temp\clawApp\node_modules\.bin;C:\Users\shrut\OneDrive\Desktop\temp\clawApp\node_modules\.bin;C:\Users\shrut\OneDrive\Desktop\temp\node_modules\.bin;C:\Users\shrut\OneDrive\Desktop\node_modules\.bin;C:\Users\shrut\OneDrive\node_modules\.bin;C:\Users\shrut\node_modules\.bin;C:\Users\node_modules\.bin;C:\node_modules\.bin;C:\Program Files\nodejs\node_modules\npm\node_modules\@npmcli\run-script\lib\node-gyp-bin;C:\Users\shrut\OneDrive\Desktop\temp\clawApp\node_modules\.bin;C:\Users\shrut\OneDrive\Desktop\temp\node_modules\.bin;C:\Users\shrut\OneDrive\Desktop\node_modules\.bin;C:\Users\shrut\OneDrive\node_modules\.bin;C:\Users\shrut\node_modules\.bin;C:\Users\node_modules\.bin;C:\node_modules\.bin;C:\Program Files\nodejs\node_modules\npm\node_modules\@npmcli\run-script\lib\node-gyp-bin;C:\Program Files\Common Files\Oracle\Java\javapath;C:\Program Files (x86)\Common Files\Oracle\Java\javapath;C:\Windows\system32;C:\Windows;C:\Windows\System32\Wbem;C:\Windows\System32\WindowsPowerShell\v1.0\;C:\Windows\System32\OpenSSH\;C:\Program Files\nodejs\;C:\ProgramData\chocolatey\bin;C:\Program Files\Git\cmd;C:\Program Files\Java\jdk-20\bin;C:\Users\shrut\AppData\Local\Microsoft\WindowsApps;C:\Users\shrut\AppData\Roaming\npm;C:\Users\shrut\AppData\Local\Programs\Microsoft VS Code\bin
USERNAME=shrut
OS=Windows_NT
PROCESSOR_IDENTIFIER=Intel64 Family 6 Model 78 Stepping 3, GenuineIntel
TMP=C:\Users\shrut\AppData\Local\Temp
TEMP=C:\Users\shrut\AppData\Local\Temp




---------------  S Y S T E M  ---------------

OS:
 Windows 10 , 64 bit Build 19041 (10.0.19041.3636)
OS uptime: 0 days 9:04 hours

CPU: total 4 (initial active 4) (2 cores per cpu, 2 threads per core) family 6 model 78 stepping 3 microcode 0xf0, cx8, cmov, fxsr, ht, mmx, 3dnowpref, sse, sse2, sse3, ssse3, sse4.1, sse4.2, popcnt, lzcnt, tsc, tscinvbit, avx, avx2, aes, erms, clmul, bmi1, bmi2, rtm, adx, fma, vzeroupper, clflush, clflushopt, rdtscp, f16c

Memory: 4k page, system-wide physical 16212M (5021M free)
TotalPageFile size 19156M (AvailPageFile size 7000M)
current process WorkingSet (physical memory assigned to process): 69M, peak: 69M
current process commit charge ("private bytes"): 149M, peak: 149M

vm_info: Java HotSpot(TM) 64-Bit Server VM (20.0.2+9-78) for windows-amd64 JRE (20.0.2+9-78), built on 2023-06-14T10:08:48Z by "mach5one" with MS VC++ 17.1 (VS2022)

END.
