#
# A fatal error has been detected by the Java Runtime Environment:
#
#  EXCEPTION_ACCESS_VIOLATION (0xc0000005) at pc=0x00007ff9956eca96, pid=12860, tid=13004
#
# JRE version: OpenJDK Runtime Environment (17.0.7) (build 17.0.7+0-b2043.56-10550314)
# Java VM: OpenJDK 64-Bit Server VM (17.0.7+0-b2043.56-10550314, mixed mode, tiered, compressed oops, compressed class ptrs, g1 gc, windows-amd64)
# Problematic frame:
# V  [jvm.dll+0xca96]
#
# No core dump will be written. Minidumps are not enabled by default on client versions of Windows
#
# If you would like to submit a bug report, please visit:
#   https://bugreport.java.com/bugreport/crash.jsp
#

---------------  S U M M A R Y ------------

Command Line: -XX:MaxMetaspaceSize=512m --add-opens=java.base/java.util=ALL-UNNAMED --add-opens=java.base/java.lang=ALL-UNNAMED --add-opens=java.base/java.lang.invoke=ALL-UNNAMED --add-opens=java.prefs/java.util.prefs=ALL-UNNAMED --add-opens=java.base/java.nio.charset=ALL-UNNAMED --add-opens=java.base/java.net=ALL-UNNAMED --add-opens=java.base/java.util.concurrent.atomic=ALL-UNNAMED -Xmx2048m -Dfile.encoding=windows-1252 -Duser.country=GB -Duser.language=en -Duser.variant -javaagent:C:\Users\shrut\.gradle\wrapper\dists\gradle-8.5-all\3zlzzgtsutfj0pbojr50n2l7z\gradle-8.5\lib\agents\gradle-instrumentation-agent-8.5.jar org.gradle.launcher.daemon.bootstrap.GradleDaemon 8.5

Host: Intel(R) Core(TM) i5-6300U CPU @ 2.40GHz, 4 cores, 15G,  Windows 10 , 64 bit Build 19041 (10.0.19041.3636)
Time: Thu Feb  8 06:03:10 2024 India Standard Time elapsed time: 135.802442 seconds (0d 0h 2m 15s)

---------------  T H R E A D  ---------------

Current thread (0x000001b975b9cd10):  GCTaskThread "GC Thread#0" [stack: 0x0000001b53700000,0x0000001b53800000] [id=13004]

Stack: [0x0000001b53700000,0x0000001b53800000],  sp=0x0000001b537ff7a8,  free space=1021k
Native frames: (J=compiled Java code, j=interpreted, Vv=VM code, C=native code)
V  [jvm.dll+0xca96]


siginfo: EXCEPTION_ACCESS_VIOLATION (0xc0000005), reading address 0x0000000424966fe0


Register to memory mapping:

RIP=0x00007ff9956eca96 jvm.dll
RAX=0x0 is NULL
RBX=0x0000000000000001 is an unknown value
RCX=0x000000008828e720 is pointing into object: java.lang.String 
{0x000000008828e710} - klass: 'java/lang/String'
 - string: "super$1$setStatus"
RDX=0x000000008828e720 is pointing into object: java.lang.String 
{0x000000008828e710} - klass: 'java/lang/String'
 - string: "super$1$setStatus"
RSP=0x0000001b537ff7a8 points into unknown readable memory: 0x00007ff9959eceec | ec ce 9e 95 f9 7f 00 00
RBP=0x0000000424966fd8 is an unknown value
RSI=0x000001b9118cd6e0 points into unknown readable memory: 0x00007ff996047978 | 78 79 04 96 f9 7f 00 00
RDI=0x000001b9118cd6e0 points into unknown readable memory: 0x00007ff996047978 | 78 79 04 96 f9 7f 00 00
R8 =0x000000008828e720 is pointing into object: java.lang.String 
{0x000000008828e710} - klass: 'java/lang/String'
 - string: "super$1$setStatus"
R9 =0x0000000424966fd8 is an unknown value
R10=0x000000008828e720 is pointing into object: java.lang.String 
{0x000000008828e710} - klass: 'java/lang/String'
 - string: "super$1$setStatus"
R11=0x0000000000000001 is an unknown value
R12=0x0000001b537ffad0 points into unknown readable memory: 0x00007ff996048a30 | 30 8a 04 96 f9 7f 00 00
R13=0x000001b975b4b760 points into unknown readable memory: 0x0000000000000800 | 00 08 00 00 00 00 00 00
R14=0x0000000000000040 is an unknown value
R15=0x000000008828e720 is pointing into object: java.lang.String 
{0x000000008828e710} - klass: 'java/lang/String'
 - string: "super$1$setStatus"


Registers:
RAX=0x0000000000000000, RBX=0x0000000000000001, RCX=0x000000008828e720, RDX=0x000000008828e720
RSP=0x0000001b537ff7a8, RBP=0x0000000424966fd8, RSI=0x000001b9118cd6e0, RDI=0x000001b9118cd6e0
R8 =0x000000008828e720, R9 =0x0000000424966fd8, R10=0x000000008828e720, R11=0x0000000000000001
R12=0x0000001b537ffad0, R13=0x000001b975b4b760, R14=0x0000000000000040, R15=0x000000008828e720
RIP=0x00007ff9956eca96, EFLAGS=0x0000000000010206

Top of Stack: (sp=0x0000001b537ff7a8)
0x0000001b537ff7a8:   00007ff9959eceec 0000000000000001
0x0000001b537ff7b8:   0000000000000000 000001b9118cd6e0
0x0000001b537ff7c8:   00000000820d4a00 0000000083304980
0x0000001b537ff7d8:   00007ff9959eb7a9 0000000000000001
0x0000001b537ff7e8:   000001b975c08bf0 0000000000000001
0x0000001b537ff7f8:   00007ff9959f3492 000001b9118cd860
0x0000001b537ff808:   0000000000000000 0000000000000040
0x0000001b537ff818:   000001b975b4b760 0000001b537ffad0
0x0000001b537ff828:   000001b9118cd6e0 000000008330494c
0x0000001b537ff838:   00000000000007d1 000000008330494d
0x0000001b537ff848:   00007ff9959edf72 0000000087f76f22
0x0000001b537ff858:   00000000000007ac 000001b975b58f90
0x0000001b537ff868:   8828e72800000000 000001b97b220500
0x0000001b537ff878:   0000000000000004 0000000000000100
0x0000001b537ff888:   0000001b537ffad0 00000000800a1e00
0x0000001b537ff898:   00007ff9959ead2e 0000000000000000 

Instructions: (pc=0x00007ff9956eca96)
0x00007ff9956ec996:   cc cc cc cc cc cc cc cc cc cc 4c 8b 01 4c 8b c9
0x00007ff9956ec9a6:   48 8b 0d e3 46 b7 00 ba 64 60 08 00 e9 c9 f1 ff
0x00007ff9956ec9b6:   ff cc cc cc cc cc cc cc cc cc 8b 05 42 89 b1 00
0x00007ff9956ec9c6:   c3 cc cc cc cc cc cc cc cc cc 0f b6 05 88 4f b8
0x00007ff9956ec9d6:   00 48 8b d1 84 c0 74 16 44 8b 41 08 8b 0d 20 89
0x00007ff9956ec9e6:   b1 00 49 d3 e0 4c 03 05 0e 89 b1 00 eb 04 4c 8b
0x00007ff9956ec9f6:   41 08 45 8b 50 08 45 85 d2 7e 0e 41 f6 c2 01 75
0x00007ff9956eca06:   53 41 c1 fa 03 41 8b c2 c3 79 49 84 c0 b9 10 00
0x00007ff9956eca16:   00 00 8b 05 26 98 b1 00 41 b8 0c 00 00 00 41 0f
0x00007ff9956eca26:   45 c8 ff c8 4c 63 c8 48 63 14 11 41 8b ca 83 e1
0x00007ff9956eca36:   3f 48 d3 e2 41 8b ca 48 c1 f9 10 0f b6 c1 49 8d
0x00007ff9956eca46:   0c 11 49 f7 d1 48 03 c1 49 c1 e9 03 48 c1 e8 03
0x00007ff9956eca56:   41 23 c1 c3 49 8b 00 49 8b c8 48 ff a0 00 01 00
0x00007ff9956eca66:   00 cc cc cc cc cc cc cc cc cc 8b 44 24 30 45 03
0x00007ff9956eca76:   c9 44 2b 4c 24 28 83 c0 0b 44 03 ca 45 03 c8 41
0x00007ff9956eca86:   03 c1 c3 cc cc cc cc cc cc cc 4c 8b ca 48 8b d1
0x00007ff9956eca96:   45 8b 41 08 45 85 c0 7e 0e 41 f6 c0 01 75 56 41
0x00007ff9956ecaa6:   c1 f8 03 41 8b c0 c3 79 4c 80 3d a9 4e b8 00 00
0x00007ff9956ecab6:   b8 0c 00 00 00 b9 10 00 00 00 0f 45 c8 8b 05 7b
0x00007ff9956ecac6:   97 b1 00 ff c8 4c 63 c8 48 63 14 11 41 8b c8 83
0x00007ff9956ecad6:   e1 3f 48 d3 e2 41 8b c8 48 c1 f9 10 0f b6 c1 49
0x00007ff9956ecae6:   8d 0c 11 49 f7 d1 48 03 c1 49 c1 e9 03 48 c1 e8
0x00007ff9956ecaf6:   03 41 23 c1 c3 49 8b 01 49 8b c9 48 ff a0 00 01
0x00007ff9956ecb06:   00 00 cc cc cc cc cc cc cc cc 48 8b 41 08 0f b7
0x00007ff9956ecb16:   48 2a 0f b7 40 28 83 c0 48 03 c1 c3 cc cc cc cc
0x00007ff9956ecb26:   cc cc cc cc cc cc cc cc cc cc 48 89 5c 24 08 57
0x00007ff9956ecb36:   48 83 ec 20 0f b6 05 2f 30 bd 00 48 8b fa 48 8b
0x00007ff9956ecb46:   d9 84 c0 74 4f 48 85 15 26 28 bd 00 74 38 48 8b
0x00007ff9956ecb56:   ca e8 74 7b 86 00 48 8b d0 48 85 db 74 25 48 85
0x00007ff9956ecb66:   c0 74 20 48 8b c7 f0 48 0f b1 13 74 16 48 85 05
0x00007ff9956ecb76:   fe 27 bd 00 74 0d 48 8b c8 f0 48 0f b1 13 48 3b
0x00007ff9956ecb86:   c1 75 ea 48 8b fa 48 8b c7 48 8b 5c 24 30 48 83 


Stack slot to memory mapping:
stack at sp + 0 slots: 0x00007ff9959eceec jvm.dll
stack at sp + 1 slots: 0x0000000000000001 is an unknown value
stack at sp + 2 slots: 0x0 is NULL
stack at sp + 3 slots: 0x000001b9118cd6e0 points into unknown readable memory: 0x00007ff996047978 | 78 79 04 96 f9 7f 00 00
stack at sp + 4 slots: 0x00000000820d4a00 is pointing into object: org.gradle.cache.internal.btree.BlockPointer 
{0x00000000820d49f8} - klass: 'org/gradle/cache/internal/btree/BlockPointer'
 - ---- fields (total size 3 words):
 - private final 'pos' 'J' @16  703004 (aba1c 0)
stack at sp + 5 slots: 0x0000000083304980 is pointing into object: [Ljava.lang.reflect.Method; 
{0x0000000083304850} - klass: 'java/lang/reflect/Method'[]
 - length: 123
stack at sp + 6 slots: 0x00007ff9959eb7a9 jvm.dll
stack at sp + 7 slots: 0x0000000000000001 is an unknown value


---------------  P R O C E S S  ---------------

Threads class SMR info:
_java_thread_list=0x000001b9184f5850, length=46, elements={
0x000001b975b3ed10, 0x000001b9111f8fd0, 0x000001b9111f9860, 0x000001b911271920,
0x000001b9112722b0, 0x000001b9112757a0, 0x000001b911275c70, 0x000001b911276470,
0x000001b91129b970, 0x000001b911291920, 0x000001b91139e080, 0x000001b911534550,
0x000001b917091470, 0x000001b918143760, 0x000001b916874b40, 0x000001b916873cd0,
0x000001b9168724c0, 0x000001b916872990, 0x000001b916873330, 0x000001b916873800,
0x000001b9188287f0, 0x000001b918826640, 0x000001b918829b30, 0x000001b918824e30,
0x000001b918826b10, 0x000001b918823150, 0x000001b918825ca0, 0x000001b918826170,
0x000001b918829660, 0x000001b9188257d0, 0x000001b918827980, 0x000001b9188274b0,
0x000001b91882a000, 0x000001b918826fe0, 0x000001b918827e50, 0x000001b918823fc0,
0x000001b918828320, 0x000001b918828cc0, 0x000001b918824490, 0x000001b918824960,
0x000001b918825300, 0x000001b916874670, 0x000001b916875010, 0x000001b916872e60,
0x000001b9168741a0, 0x000001b916871650
}

Java Threads: ( => current thread )
  0x000001b975b3ed10 JavaThread "main" [_thread_blocked, id=9812, stack(0x0000001b53600000,0x0000001b53700000)]
  0x000001b9111f8fd0 JavaThread "Reference Handler" daemon [_thread_blocked, id=5344, stack(0x0000001b53d00000,0x0000001b53e00000)]
  0x000001b9111f9860 JavaThread "Finalizer" daemon [_thread_blocked, id=9300, stack(0x0000001b53e00000,0x0000001b53f00000)]
  0x000001b911271920 JavaThread "Signal Dispatcher" daemon [_thread_blocked, id=11160, stack(0x0000001b53f00000,0x0000001b54000000)]
  0x000001b9112722b0 JavaThread "Attach Listener" daemon [_thread_blocked, id=13016, stack(0x0000001b54000000,0x0000001b54100000)]
  0x000001b9112757a0 JavaThread "Service Thread" daemon [_thread_blocked, id=12348, stack(0x0000001b54100000,0x0000001b54200000)]
  0x000001b911275c70 JavaThread "Monitor Deflation Thread" daemon [_thread_blocked, id=3008, stack(0x0000001b54200000,0x0000001b54300000)]
  0x000001b911276470 JavaThread "C2 CompilerThread0" daemon [_thread_blocked, id=13136, stack(0x0000001b54300000,0x0000001b54400000)]
  0x000001b91129b970 JavaThread "C1 CompilerThread0" daemon [_thread_blocked, id=6456, stack(0x0000001b54400000,0x0000001b54500000)]
  0x000001b911291920 JavaThread "Sweeper thread" daemon [_thread_blocked, id=6260, stack(0x0000001b54500000,0x0000001b54600000)]
  0x000001b91139e080 JavaThread "Common-Cleaner" daemon [_thread_blocked, id=7616, stack(0x0000001b54600000,0x0000001b54700000)]
  0x000001b911534550 JavaThread "Notification Thread" daemon [_thread_blocked, id=6632, stack(0x0000001b54700000,0x0000001b54800000)]
  0x000001b917091470 JavaThread "Daemon health stats" [_thread_blocked, id=9404, stack(0x0000001b54d00000,0x0000001b54e00000)]
  0x000001b918143760 JavaThread "Incoming local TCP Connector on port 51517" [_thread_in_native, id=9656, stack(0x0000001b54e00000,0x0000001b54f00000)]
  0x000001b916874b40 JavaThread "Daemon periodic checks" [_thread_blocked, id=4812, stack(0x0000001b54f00000,0x0000001b55000000)]
  0x000001b916873cd0 JavaThread "Cache worker for journal cache (C:\Users\shrut\.gradle\caches\journal-1)" [_thread_blocked, id=6916, stack(0x0000001b54900000,0x0000001b54a00000)]
  0x000001b9168724c0 JavaThread "File lock request listener" [_thread_in_native, id=1936, stack(0x0000001b55700000,0x0000001b55800000)]
  0x000001b916872990 JavaThread "Cache worker for file hash cache (C:\Users\shrut\.gradle\caches\8.5\fileHashes)" [_thread_blocked, id=13272, stack(0x0000001b55900000,0x0000001b55a00000)]
  0x000001b916873330 JavaThread "File watcher server" daemon [_thread_blocked, id=13040, stack(0x0000001b55a00000,0x0000001b55b00000)]
  0x000001b916873800 JavaThread "File watcher consumer" daemon [_thread_blocked, id=9604, stack(0x0000001b55b00000,0x0000001b55c00000)]
  0x000001b9188287f0 JavaThread "Cache worker for file content cache (C:\Users\shrut\.gradle\caches\8.5\fileContent)" [_thread_blocked, id=10396, stack(0x0000001b55f00000,0x0000001b56000000)]
  0x000001b918826640 JavaThread "Cache worker for execution history cache (C:\Users\shrut\.gradle\caches\8.5\executionHistory)" [_thread_blocked, id=12392, stack(0x0000001b56100000,0x0000001b56200000)]
  0x000001b918829b30 JavaThread "jar transforms" [_thread_blocked, id=7364, stack(0x0000001b56200000,0x0000001b56300000)]
  0x000001b918824e30 JavaThread "jar transforms Thread 2" [_thread_blocked, id=13020, stack(0x0000001b56300000,0x0000001b56400000)]
  0x000001b918826b10 JavaThread "jar transforms Thread 3" [_thread_blocked, id=7416, stack(0x0000001b56400000,0x0000001b56500000)]
  0x000001b918823150 JavaThread "jar transforms Thread 4" [_thread_blocked, id=11304, stack(0x0000001b56500000,0x0000001b56600000)]
  0x000001b918825ca0 JavaThread "Daemon Thread 2" [_thread_blocked, id=12332, stack(0x0000001b53300000,0x0000001b53400000)]
  0x000001b918826170 JavaThread "Handler for socket connection from /127.0.0.1:51517 to /127.0.0.1:51524" [_thread_in_native, id=1448, stack(0x0000001b53400000,0x0000001b53500000)]
  0x000001b918829660 JavaThread "Cancel handler" [_thread_blocked, id=11940, stack(0x0000001b53500000,0x0000001b53600000)]
  0x000001b9188257d0 JavaThread "Daemon worker Thread 2" [_thread_blocked, id=12588, stack(0x0000001b55000000,0x0000001b55100000)]
  0x000001b918827980 JavaThread "Asynchronous log dispatcher for DefaultDaemonConnection: socket connection from /127.0.0.1:51517 to /127.0.0.1:51524" [_thread_blocked, id=11392, stack(0x0000001b55300000,0x0000001b55400000)]
  0x000001b9188274b0 JavaThread "Stdin handler" [_thread_blocked, id=8408, stack(0x0000001b55400000,0x0000001b55500000)]
  0x000001b91882a000 JavaThread "Daemon client event forwarder" [_thread_blocked, id=8252, stack(0x0000001b55500000,0x0000001b55600000)]
  0x000001b918826fe0 JavaThread "Cache worker for checksums cache (C:\Users\shrut\OneDrive\Desktop\new\clawApp\android\.gradle\8.5\checksums)" [_thread_blocked, id=6932, stack(0x0000001b55600000,0x0000001b55700000)]
  0x000001b918827e50 JavaThread "Cache worker for file hash cache (C:\Users\shrut\OneDrive\Desktop\new\clawApp\android\.gradle\8.5\fileHashes)" [_thread_blocked, id=13160, stack(0x0000001b55800000,0x0000001b55900000)]
  0x000001b918823fc0 JavaThread "Cache worker for cache directory md-supplier (C:\Users\shrut\.gradle\caches\8.5\md-supplier)" [_thread_blocked, id=9804, stack(0x0000001b55c00000,0x0000001b55d00000)]
  0x000001b918828320 JavaThread "Cache worker for cache directory md-rule (C:\Users\shrut\.gradle\caches\8.5\md-rule)" [_thread_blocked, id=7960, stack(0x0000001b55d00000,0x0000001b55e00000)]
  0x000001b918828cc0 JavaThread "Cache worker for kotlin-dsl (C:\Users\shrut\.gradle\caches\8.5\kotlin-dsl)" [_thread_blocked, id=11788, stack(0x0000001b56000000,0x0000001b56100000)]
  0x000001b918824490 JavaThread "Unconstrained build operations" [_thread_blocked, id=13308, stack(0x0000001b56600000,0x0000001b56700000)]
  0x000001b918824960 JavaThread "Unconstrained build operations Thread 2" [_thread_blocked, id=12900, stack(0x0000001b56700000,0x0000001b56800000)]
  0x000001b918825300 JavaThread "Cache worker for dependencies-accessors (C:\Users\shrut\OneDrive\Desktop\new\clawApp\android\.gradle\8.5\dependencies-accessors)" [_thread_blocked, id=10968, stack(0x0000001b56800000,0x0000001b56900000)]
  0x000001b916874670 JavaThread "Cache worker for Build Output Cleanup Cache (C:\Users\shrut\OneDrive\Desktop\new\clawApp\node_modules\@react-native\gradle-plugin\.gradle\buildOutputCleanup)" [_thread_blocked, id=10980, stack(0x0000001b55e00000,0x0000001b55f00000)]
  0x000001b916875010 JavaThread "Unconstrained build operations Thread 3" [_thread_blocked, id=1480, stack(0x0000001b56900000,0x0000001b56a00000)]
  0x000001b916872e60 JavaThread "Unconstrained build operations Thread 4" [_thread_blocked, id=6628, stack(0x0000001b56a00000,0x0000001b56b00000)]
  0x000001b9168741a0 JavaThread "Unconstrained build operations Thread 5" [_thread_blocked, id=10244, stack(0x0000001b56b00000,0x0000001b56c00000)]
  0x000001b916871650 JavaThread "Memory manager" [_thread_blocked, id=10572, stack(0x0000001b56c00000,0x0000001b56d00000)]

Other Threads:
  0x000001b9111bfc40 VMThread "VM Thread" [stack: 0x0000001b53c00000,0x0000001b53d00000] [id=8380]
  0x000001b9114ee880 WatcherThread [stack: 0x0000001b54800000,0x0000001b54900000] [id=2904]
=>0x000001b975b9cd10 GCTaskThread "GC Thread#0" [stack: 0x0000001b53700000,0x0000001b53800000] [id=13004]
  0x000001b911a24970 GCTaskThread "GC Thread#1" [stack: 0x0000001b54a00000,0x0000001b54b00000] [id=7864]
  0x000001b911a4cde0 GCTaskThread "GC Thread#2" [stack: 0x0000001b54b00000,0x0000001b54c00000] [id=7968]
  0x000001b911a4d090 GCTaskThread "GC Thread#3" [stack: 0x0000001b54c00000,0x0000001b54d00000] [id=12712]
  0x000001b975badb60 ConcurrentGCThread "G1 Main Marker" [stack: 0x0000001b53800000,0x0000001b53900000] [id=684]
  0x000001b975baec20 ConcurrentGCThread "G1 Conc#0" [stack: 0x0000001b53900000,0x0000001b53a00000] [id=12744]
  0x000001b975c0dfe0 ConcurrentGCThread "G1 Refine#0" [stack: 0x0000001b53a00000,0x0000001b53b00000] [id=12896]
  0x000001b975c0e520 ConcurrentGCThread "G1 Service" [stack: 0x0000001b53b00000,0x0000001b53c00000] [id=12472]

Threads with active compile tasks:
C2 CompilerThread0   136001 6690       4       sun.invoke.util.VerifyAccess::isClassAccessible (230 bytes)

VM state: at safepoint (normal execution)

VM Mutex/Monitor currently owned by a thread:  ([mutex/lock_event])
[0x000001b975b2fd50] Threads_lock - owner thread: 0x000001b9111bfc40
[0x000001b975b2e7f0] Heap_lock - owner thread: 0x000001b9188257d0

Heap address: 0x0000000080000000, size: 2048 MB, Compressed Oops mode: 32-bit

CDS archive(s) not mapped
Compressed class space mapped at: 0x0000000100000000-0x000000011a000000, reserved size: 436207616
Narrow klass base: 0x0000000000000000, Narrow klass shift: 3, Narrow klass range: 0x11a000000

GC Precious Log:
 CPUs: 4 total, 4 available
 Memory: 16212M
 Large Page Support: Disabled
 NUMA Support: Disabled
 Compressed Oops: Enabled (32-bit)
 Heap Region Size: 1M
 Heap Min Capacity: 8M
 Heap Initial Capacity: 254M
 Heap Max Capacity: 2G
 Pre-touch: Disabled
 Parallel Workers: 4
 Concurrent Workers: 1
 Concurrent Refinement Workers: 4
 Periodic GC: Disabled

Heap:
 garbage-first heap   total 160768K, used 128935K [0x0000000080000000, 0x0000000100000000)
  region size 1024K, 78 young (79872K), 8 survivors (8192K)
 Metaspace       used 66829K, committed 67520K, reserved 491520K
  class space    used 9204K, committed 9536K, reserved 425984K

Heap Regions: E=young(eden), S=young(survivor), O=old, HS=humongous(starts), HC=humongous(continues), CS=collection set, F=free, OA=open archive, CA=closed archive, TAMS=top-at-mark-start (previous, next)
|   0|0x0000000080000000, 0x0000000080100000, 0x0000000080100000|100%| O|  |TAMS 0x0000000080100000, 0x0000000080000000| Untracked 
|   1|0x0000000080100000, 0x0000000080200000, 0x0000000080200000|100%| O|  |TAMS 0x0000000080200000, 0x0000000080100000| Untracked 
|   2|0x0000000080200000, 0x0000000080300000, 0x0000000080300000|100%|HS|  |TAMS 0x0000000080300000, 0x0000000080200000| Complete 
|   3|0x0000000080300000, 0x0000000080400000, 0x0000000080400000|100%|HC|  |TAMS 0x0000000080400000, 0x0000000080300000| Complete 
|   4|0x0000000080400000, 0x0000000080500000, 0x0000000080500000|100%|HC|  |TAMS 0x0000000080500000, 0x0000000080400000| Complete 
|   5|0x0000000080500000, 0x0000000080600000, 0x0000000080600000|100%|HC|  |TAMS 0x0000000080600000, 0x0000000080500000| Complete 
|   6|0x0000000080600000, 0x0000000080700000, 0x0000000080700000|100%| O|  |TAMS 0x0000000080700000, 0x0000000080600000| Untracked 
|   7|0x0000000080700000, 0x0000000080800000, 0x0000000080800000|100%| O|  |TAMS 0x0000000080800000, 0x0000000080700000| Untracked 
|   8|0x0000000080800000, 0x0000000080900000, 0x0000000080900000|100%| O|  |TAMS 0x0000000080900000, 0x0000000080800000| Untracked 
|   9|0x0000000080900000, 0x0000000080a00000, 0x0000000080a00000|100%| O|  |TAMS 0x0000000080a00000, 0x0000000080900000| Untracked 
|  10|0x0000000080a00000, 0x0000000080b00000, 0x0000000080b00000|100%| O|  |TAMS 0x0000000080b00000, 0x0000000080a00000| Untracked 
|  11|0x0000000080b00000, 0x0000000080c00000, 0x0000000080c00000|100%| O|  |TAMS 0x0000000080c00000, 0x0000000080b00000| Untracked 
|  12|0x0000000080c00000, 0x0000000080d00000, 0x0000000080d00000|100%| O|  |TAMS 0x0000000080d00000, 0x0000000080c00000| Untracked 
|  13|0x0000000080d00000, 0x0000000080e00000, 0x0000000080e00000|100%| O|  |TAMS 0x0000000080e00000, 0x0000000080d00000| Untracked 
|  14|0x0000000080e00000, 0x0000000080f00000, 0x0000000080f00000|100%| O|  |TAMS 0x0000000080f00000, 0x0000000080e00000| Untracked 
|  15|0x0000000080f00000, 0x0000000081000000, 0x0000000081000000|100%| O|  |TAMS 0x0000000081000000, 0x0000000080f00000| Untracked 
|  16|0x0000000081000000, 0x0000000081100000, 0x0000000081100000|100%| O|  |TAMS 0x0000000081100000, 0x0000000081000000| Untracked 
|  17|0x0000000081100000, 0x0000000081200000, 0x0000000081200000|100%| O|  |TAMS 0x0000000081200000, 0x0000000081100000| Untracked 
|  18|0x0000000081200000, 0x0000000081300000, 0x0000000081300000|100%| O|  |TAMS 0x0000000081300000, 0x0000000081200000| Untracked 
|  19|0x0000000081300000, 0x0000000081400000, 0x0000000081400000|100%| O|  |TAMS 0x0000000081400000, 0x0000000081300000| Untracked 
|  20|0x0000000081400000, 0x0000000081500000, 0x0000000081500000|100%| O|  |TAMS 0x0000000081500000, 0x0000000081400000| Untracked 
|  21|0x0000000081500000, 0x0000000081600000, 0x0000000081600000|100%| O|  |TAMS 0x0000000081600000, 0x0000000081500000| Untracked 
|  22|0x0000000081600000, 0x0000000081700000, 0x0000000081700000|100%| O|  |TAMS 0x0000000081700000, 0x0000000081600000| Untracked 
|  23|0x0000000081700000, 0x0000000081800000, 0x0000000081800000|100%| O|  |TAMS 0x0000000081800000, 0x0000000081700000| Untracked 
|  24|0x0000000081800000, 0x0000000081900000, 0x0000000081900000|100%| O|  |TAMS 0x0000000081900000, 0x0000000081800000| Untracked 
|  25|0x0000000081900000, 0x0000000081a00000, 0x0000000081a00000|100%| O|  |TAMS 0x0000000081a00000, 0x0000000081900000| Untracked 
|  26|0x0000000081a00000, 0x0000000081b00000, 0x0000000081b00000|100%| O|  |TAMS 0x0000000081b00000, 0x0000000081a00000| Untracked 
|  27|0x0000000081b00000, 0x0000000081c00000, 0x0000000081c00000|100%| O|  |TAMS 0x0000000081c00000, 0x0000000081b00000| Untracked 
|  28|0x0000000081c00000, 0x0000000081d00000, 0x0000000081d00000|100%| O|  |TAMS 0x0000000081d00000, 0x0000000081c00000| Untracked 
|  29|0x0000000081d00000, 0x0000000081e00000, 0x0000000081e00000|100%| O|  |TAMS 0x0000000081e00000, 0x0000000081d00000| Untracked 
|  30|0x0000000081e00000, 0x0000000081f00000, 0x0000000081f00000|100%| O|  |TAMS 0x0000000081f00000, 0x0000000081e00000| Untracked 
|  31|0x0000000081f00000, 0x0000000082000000, 0x0000000082000000|100%| O|  |TAMS 0x0000000082000000, 0x0000000081f00000| Untracked 
|  32|0x0000000082000000, 0x0000000082100000, 0x0000000082100000|100%| O|  |TAMS 0x0000000082100000, 0x0000000082000000| Untracked 
|  33|0x0000000082100000, 0x0000000082200000, 0x0000000082200000|100%| O|  |TAMS 0x0000000082200000, 0x0000000082100000| Untracked 
|  34|0x0000000082200000, 0x0000000082300000, 0x0000000082300000|100%| O|  |TAMS 0x0000000082300000, 0x0000000082200000| Untracked 
|  35|0x0000000082300000, 0x0000000082400000, 0x0000000082400000|100%| O|  |TAMS 0x00000000823ad400, 0x0000000082300000| Untracked 
|  36|0x0000000082400000, 0x0000000082500000, 0x0000000082500000|100%|HS|  |TAMS 0x0000000082500000, 0x0000000082400000| Complete 
|  37|0x0000000082500000, 0x0000000082600000, 0x0000000082600000|100%|HC|  |TAMS 0x0000000082600000, 0x0000000082500000| Complete 
|  38|0x0000000082600000, 0x0000000082700000, 0x0000000082700000|100%|HS|  |TAMS 0x0000000082700000, 0x0000000082600000| Complete 
|  39|0x0000000082700000, 0x0000000082800000, 0x0000000082800000|100%|HC|  |TAMS 0x0000000082800000, 0x0000000082700000| Complete 
|  40|0x0000000082800000, 0x0000000082900000, 0x0000000082900000|100%|HS|  |TAMS 0x0000000082900000, 0x0000000082800000| Complete 
|  41|0x0000000082900000, 0x0000000082a00000, 0x0000000082a00000|100%|HC|  |TAMS 0x0000000082a00000, 0x0000000082900000| Complete 
|  42|0x0000000082a00000, 0x0000000082b00000, 0x0000000082b00000|100%|HC|  |TAMS 0x0000000082b00000, 0x0000000082a00000| Complete 
|  43|0x0000000082b00000, 0x0000000082c00000, 0x0000000082c00000|100%|HC|  |TAMS 0x0000000082c00000, 0x0000000082b00000| Complete 
|  44|0x0000000082c00000, 0x0000000082d00000, 0x0000000082d00000|100%|HS|  |TAMS 0x0000000082c00000, 0x0000000082c00000| Complete 
|  45|0x0000000082d00000, 0x0000000082e00000, 0x0000000082e00000|100%|HC|  |TAMS 0x0000000082d00000, 0x0000000082d00000| Complete 
|  46|0x0000000082e00000, 0x0000000082f00000, 0x0000000082f00000|100%|HC|  |TAMS 0x0000000082e00000, 0x0000000082e00000| Complete 
|  47|0x0000000082f00000, 0x0000000083000000, 0x0000000083000000|100%|HC|  |TAMS 0x0000000082f00000, 0x0000000082f00000| Complete 
|  48|0x0000000083000000, 0x0000000083100000, 0x0000000083100000|100%| O|  |TAMS 0x0000000083000000, 0x0000000083000000| Untracked 
|  49|0x0000000083100000, 0x0000000083200000, 0x0000000083200000|100%| O|  |TAMS 0x0000000083100000, 0x0000000083100000| Untracked 
|  50|0x0000000083200000, 0x0000000083300000, 0x0000000083300000|100%| O|  |TAMS 0x0000000083200000, 0x0000000083200000| Untracked 
|  51|0x0000000083300000, 0x00000000833a4040, 0x0000000083400000| 64%| O|  |TAMS 0x0000000083300000, 0x0000000083300000| Untracked 
|  52|0x0000000083400000, 0x0000000083400000, 0x0000000083500000|  0%| F|  |TAMS 0x0000000083400000, 0x0000000083400000| Untracked 
|  53|0x0000000083500000, 0x0000000083500000, 0x0000000083600000|  0%| F|  |TAMS 0x0000000083500000, 0x0000000083500000| Untracked 
|  54|0x0000000083600000, 0x0000000083600000, 0x0000000083700000|  0%| F|  |TAMS 0x0000000083600000, 0x0000000083600000| Untracked 
|  55|0x0000000083700000, 0x0000000083700000, 0x0000000083800000|  0%| F|  |TAMS 0x0000000083700000, 0x0000000083700000| Untracked 
|  56|0x0000000083800000, 0x0000000083800000, 0x0000000083900000|  0%| F|  |TAMS 0x0000000083800000, 0x0000000083800000| Untracked 
|  57|0x0000000083900000, 0x0000000083900000, 0x0000000083a00000|  0%| F|  |TAMS 0x0000000083900000, 0x0000000083900000| Untracked 
|  58|0x0000000083a00000, 0x0000000083a00000, 0x0000000083b00000|  0%| F|  |TAMS 0x0000000083a00000, 0x0000000083a00000| Untracked 
|  59|0x0000000083b00000, 0x0000000083b00000, 0x0000000083c00000|  0%| F|  |TAMS 0x0000000083b00000, 0x0000000083b00000| Untracked 
|  60|0x0000000083c00000, 0x0000000083c00000, 0x0000000083d00000|  0%| F|  |TAMS 0x0000000083c00000, 0x0000000083c00000| Untracked 
|  61|0x0000000083d00000, 0x0000000083d00000, 0x0000000083e00000|  0%| F|  |TAMS 0x0000000083d00000, 0x0000000083d00000| Untracked 
|  62|0x0000000083e00000, 0x0000000083e00000, 0x0000000083f00000|  0%| F|  |TAMS 0x0000000083e00000, 0x0000000083e00000| Untracked 
|  63|0x0000000083f00000, 0x0000000083f00000, 0x0000000084000000|  0%| F|  |TAMS 0x0000000083f00000, 0x0000000083f00000| Untracked 
|  64|0x0000000084000000, 0x0000000084000000, 0x0000000084100000|  0%| F|  |TAMS 0x0000000084000000, 0x0000000084000000| Untracked 
|  65|0x0000000084100000, 0x0000000084100000, 0x0000000084200000|  0%| F|  |TAMS 0x0000000084100000, 0x0000000084100000| Untracked 
|  66|0x0000000084200000, 0x0000000084200000, 0x0000000084300000|  0%| F|  |TAMS 0x0000000084200000, 0x0000000084200000| Untracked 
|  67|0x0000000084300000, 0x0000000084300000, 0x0000000084400000|  0%| F|  |TAMS 0x0000000084300000, 0x0000000084300000| Untracked 
|  68|0x0000000084400000, 0x0000000084400000, 0x0000000084500000|  0%| F|  |TAMS 0x0000000084400000, 0x0000000084400000| Untracked 
|  69|0x0000000084500000, 0x0000000084500000, 0x0000000084600000|  0%| F|  |TAMS 0x0000000084500000, 0x0000000084500000| Untracked 
|  70|0x0000000084600000, 0x0000000084653090, 0x0000000084700000| 32%| S|  |TAMS 0x0000000084600000, 0x0000000084600000| Complete 
|  71|0x0000000084700000, 0x0000000084800000, 0x0000000084800000|100%| S|  |TAMS 0x0000000084700000, 0x0000000084700000| Complete 
|  72|0x0000000084800000, 0x0000000084900000, 0x0000000084900000|100%| S|  |TAMS 0x0000000084800000, 0x0000000084800000| Complete 
|  73|0x0000000084900000, 0x0000000084a00000, 0x0000000084a00000|100%| S|  |TAMS 0x0000000084900000, 0x0000000084900000| Complete 
|  74|0x0000000084a00000, 0x0000000084b00000, 0x0000000084b00000|100%| S|  |TAMS 0x0000000084a00000, 0x0000000084a00000| Complete 
|  75|0x0000000084b00000, 0x0000000084c00000, 0x0000000084c00000|100%| S|  |TAMS 0x0000000084b00000, 0x0000000084b00000| Complete 
|  76|0x0000000084c00000, 0x0000000084d00000, 0x0000000084d00000|100%| S|  |TAMS 0x0000000084c00000, 0x0000000084c00000| Complete 
|  77|0x0000000084d00000, 0x0000000084e00000, 0x0000000084e00000|100%| S|  |TAMS 0x0000000084d00000, 0x0000000084d00000| Complete 
|  78|0x0000000084e00000, 0x0000000084f00000, 0x0000000084f00000|100%| E|CS|TAMS 0x0000000084e00000, 0x0000000084e00000| Complete 
|  79|0x0000000084f00000, 0x0000000085000000, 0x0000000085000000|100%| E|CS|TAMS 0x0000000084f00000, 0x0000000084f00000| Complete 
|  80|0x0000000085000000, 0x0000000085100000, 0x0000000085100000|100%| E|CS|TAMS 0x0000000085000000, 0x0000000085000000| Complete 
|  81|0x0000000085100000, 0x0000000085200000, 0x0000000085200000|100%| E|CS|TAMS 0x0000000085100000, 0x0000000085100000| Complete 
|  82|0x0000000085200000, 0x0000000085300000, 0x0000000085300000|100%| E|CS|TAMS 0x0000000085200000, 0x0000000085200000| Complete 
|  83|0x0000000085300000, 0x0000000085400000, 0x0000000085400000|100%| E|CS|TAMS 0x0000000085300000, 0x0000000085300000| Complete 
|  84|0x0000000085400000, 0x0000000085500000, 0x0000000085500000|100%| E|CS|TAMS 0x0000000085400000, 0x0000000085400000| Complete 
|  85|0x0000000085500000, 0x0000000085600000, 0x0000000085600000|100%| E|CS|TAMS 0x0000000085500000, 0x0000000085500000| Complete 
|  86|0x0000000085600000, 0x0000000085700000, 0x0000000085700000|100%| E|CS|TAMS 0x0000000085600000, 0x0000000085600000| Complete 
|  87|0x0000000085700000, 0x0000000085800000, 0x0000000085800000|100%| E|CS|TAMS 0x0000000085700000, 0x0000000085700000| Complete 
|  88|0x0000000085800000, 0x0000000085900000, 0x0000000085900000|100%| E|CS|TAMS 0x0000000085800000, 0x0000000085800000| Complete 
|  89|0x0000000085900000, 0x0000000085a00000, 0x0000000085a00000|100%| E|CS|TAMS 0x0000000085900000, 0x0000000085900000| Complete 
|  90|0x0000000085a00000, 0x0000000085b00000, 0x0000000085b00000|100%| E|CS|TAMS 0x0000000085a00000, 0x0000000085a00000| Complete 
|  91|0x0000000085b00000, 0x0000000085c00000, 0x0000000085c00000|100%| E|CS|TAMS 0x0000000085b00000, 0x0000000085b00000| Complete 
|  92|0x0000000085c00000, 0x0000000085d00000, 0x0000000085d00000|100%| E|CS|TAMS 0x0000000085c00000, 0x0000000085c00000| Complete 
|  93|0x0000000085d00000, 0x0000000085e00000, 0x0000000085e00000|100%| E|CS|TAMS 0x0000000085d00000, 0x0000000085d00000| Complete 
|  94|0x0000000085e00000, 0x0000000085f00000, 0x0000000085f00000|100%| E|CS|TAMS 0x0000000085e00000, 0x0000000085e00000| Complete 
|  95|0x0000000085f00000, 0x0000000086000000, 0x0000000086000000|100%| E|CS|TAMS 0x0000000085f00000, 0x0000000085f00000| Complete 
|  96|0x0000000086000000, 0x0000000086100000, 0x0000000086100000|100%| E|CS|TAMS 0x0000000086000000, 0x0000000086000000| Complete 
|  97|0x0000000086100000, 0x0000000086200000, 0x0000000086200000|100%| E|CS|TAMS 0x0000000086100000, 0x0000000086100000| Complete 
|  98|0x0000000086200000, 0x0000000086300000, 0x0000000086300000|100%| E|CS|TAMS 0x0000000086200000, 0x0000000086200000| Complete 
|  99|0x0000000086300000, 0x0000000086400000, 0x0000000086400000|100%| E|CS|TAMS 0x0000000086300000, 0x0000000086300000| Complete 
| 100|0x0000000086400000, 0x0000000086500000, 0x0000000086500000|100%| E|CS|TAMS 0x0000000086400000, 0x0000000086400000| Complete 
| 101|0x0000000086500000, 0x0000000086600000, 0x0000000086600000|100%| E|CS|TAMS 0x0000000086500000, 0x0000000086500000| Complete 
| 102|0x0000000086600000, 0x0000000086700000, 0x0000000086700000|100%| E|CS|TAMS 0x0000000086600000, 0x0000000086600000| Complete 
| 103|0x0000000086700000, 0x0000000086800000, 0x0000000086800000|100%| E|CS|TAMS 0x0000000086700000, 0x0000000086700000| Complete 
| 104|0x0000000086800000, 0x0000000086900000, 0x0000000086900000|100%| E|CS|TAMS 0x0000000086800000, 0x0000000086800000| Complete 
| 105|0x0000000086900000, 0x0000000086a00000, 0x0000000086a00000|100%| E|CS|TAMS 0x0000000086900000, 0x0000000086900000| Complete 
| 106|0x0000000086a00000, 0x0000000086b00000, 0x0000000086b00000|100%| E|CS|TAMS 0x0000000086a00000, 0x0000000086a00000| Complete 
| 107|0x0000000086b00000, 0x0000000086c00000, 0x0000000086c00000|100%| E|CS|TAMS 0x0000000086b00000, 0x0000000086b00000| Complete 
| 108|0x0000000086c00000, 0x0000000086d00000, 0x0000000086d00000|100%| E|CS|TAMS 0x0000000086c00000, 0x0000000086c00000| Complete 
| 109|0x0000000086d00000, 0x0000000086e00000, 0x0000000086e00000|100%| E|CS|TAMS 0x0000000086d00000, 0x0000000086d00000| Complete 
| 110|0x0000000086e00000, 0x0000000086f00000, 0x0000000086f00000|100%| E|CS|TAMS 0x0000000086e00000, 0x0000000086e00000| Complete 
| 111|0x0000000086f00000, 0x0000000087000000, 0x0000000087000000|100%| E|CS|TAMS 0x0000000086f00000, 0x0000000086f00000| Complete 
| 112|0x0000000087000000, 0x0000000087100000, 0x0000000087100000|100%| E|CS|TAMS 0x0000000087000000, 0x0000000087000000| Complete 
| 113|0x0000000087100000, 0x0000000087200000, 0x0000000087200000|100%| E|CS|TAMS 0x0000000087100000, 0x0000000087100000| Complete 
| 114|0x0000000087200000, 0x0000000087300000, 0x0000000087300000|100%| E|CS|TAMS 0x0000000087200000, 0x0000000087200000| Complete 
| 115|0x0000000087300000, 0x0000000087400000, 0x0000000087400000|100%| E|CS|TAMS 0x0000000087300000, 0x0000000087300000| Complete 
| 116|0x0000000087400000, 0x0000000087500000, 0x0000000087500000|100%| E|CS|TAMS 0x0000000087400000, 0x0000000087400000| Complete 
| 117|0x0000000087500000, 0x0000000087600000, 0x0000000087600000|100%| E|CS|TAMS 0x0000000087500000, 0x0000000087500000| Complete 
| 118|0x0000000087600000, 0x0000000087700000, 0x0000000087700000|100%| E|CS|TAMS 0x0000000087600000, 0x0000000087600000| Complete 
| 119|0x0000000087700000, 0x0000000087800000, 0x0000000087800000|100%| E|CS|TAMS 0x0000000087700000, 0x0000000087700000| Complete 
| 120|0x0000000087800000, 0x0000000087900000, 0x0000000087900000|100%| E|CS|TAMS 0x0000000087800000, 0x0000000087800000| Complete 
| 121|0x0000000087900000, 0x0000000087a00000, 0x0000000087a00000|100%| E|CS|TAMS 0x0000000087900000, 0x0000000087900000| Complete 
| 122|0x0000000087a00000, 0x0000000087b00000, 0x0000000087b00000|100%| E|CS|TAMS 0x0000000087a00000, 0x0000000087a00000| Complete 
| 123|0x0000000087b00000, 0x0000000087c00000, 0x0000000087c00000|100%| E|CS|TAMS 0x0000000087b00000, 0x0000000087b00000| Complete 
| 124|0x0000000087c00000, 0x0000000087d00000, 0x0000000087d00000|100%| E|CS|TAMS 0x0000000087c00000, 0x0000000087c00000| Complete 
| 125|0x0000000087d00000, 0x0000000087d3cad8, 0x0000000087e00000| 23%| E|CS|TAMS 0x0000000087d00000, 0x0000000087d00000| Complete 
| 126|0x0000000087e00000, 0x0000000087f00000, 0x0000000087f00000|100%| E|CS|TAMS 0x0000000087e00000, 0x0000000087e00000| Complete 
| 127|0x0000000087f00000, 0x0000000088000000, 0x0000000088000000|100%| E|CS|TAMS 0x0000000087f00000, 0x0000000087f00000| Complete 
| 128|0x0000000088000000, 0x0000000088100000, 0x0000000088100000|100%| E|CS|TAMS 0x0000000088000000, 0x0000000088000000| Complete 
| 129|0x0000000088100000, 0x0000000088200000, 0x0000000088200000|100%| E|CS|TAMS 0x0000000088100000, 0x0000000088100000| Complete 
| 130|0x0000000088200000, 0x0000000088300000, 0x0000000088300000|100%| E|CS|TAMS 0x0000000088200000, 0x0000000088200000| Complete 
| 131|0x0000000088300000, 0x0000000088400000, 0x0000000088400000|100%| E|CS|TAMS 0x0000000088300000, 0x0000000088300000| Complete 
| 132|0x0000000088400000, 0x0000000088500000, 0x0000000088500000|100%| E|CS|TAMS 0x0000000088400000, 0x0000000088400000| Complete 
| 133|0x0000000088500000, 0x0000000088600000, 0x0000000088600000|100%| E|CS|TAMS 0x0000000088500000, 0x0000000088500000| Complete 
| 134|0x0000000088600000, 0x0000000088700000, 0x0000000088700000|100%| E|CS|TAMS 0x0000000088600000, 0x0000000088600000| Complete 
| 135|0x0000000088700000, 0x0000000088800000, 0x0000000088800000|100%| E|CS|TAMS 0x0000000088700000, 0x0000000088700000| Complete 
| 136|0x0000000088800000, 0x0000000088900000, 0x0000000088900000|100%| E|CS|TAMS 0x0000000088800000, 0x0000000088800000| Complete 
| 137|0x0000000088900000, 0x0000000088a00000, 0x0000000088a00000|100%| E|CS|TAMS 0x0000000088900000, 0x0000000088900000| Complete 
| 138|0x0000000088a00000, 0x0000000088b00000, 0x0000000088b00000|100%| E|CS|TAMS 0x0000000088a00000, 0x0000000088a00000| Complete 
| 139|0x0000000088b00000, 0x0000000088c00000, 0x0000000088c00000|100%| E|CS|TAMS 0x0000000088b00000, 0x0000000088b00000| Complete 
| 140|0x0000000088c00000, 0x0000000088d00000, 0x0000000088d00000|100%| E|CS|TAMS 0x0000000088c00000, 0x0000000088c00000| Complete 
| 141|0x0000000088d00000, 0x0000000088e00000, 0x0000000088e00000|100%| E|CS|TAMS 0x0000000088d00000, 0x0000000088d00000| Complete 
| 142|0x0000000088e00000, 0x0000000088f00000, 0x0000000088f00000|100%| E|CS|TAMS 0x0000000088e00000, 0x0000000088e00000| Complete 
| 143|0x0000000088f00000, 0x0000000089000000, 0x0000000089000000|100%| E|CS|TAMS 0x0000000088f00000, 0x0000000088f00000| Complete 
| 144|0x0000000089000000, 0x0000000089100000, 0x0000000089100000|100%| E|CS|TAMS 0x0000000089000000, 0x0000000089000000| Complete 
| 145|0x0000000089100000, 0x0000000089200000, 0x0000000089200000|100%| E|CS|TAMS 0x0000000089100000, 0x0000000089100000| Complete 
| 146|0x0000000089200000, 0x0000000089300000, 0x0000000089300000|100%| E|CS|TAMS 0x0000000089200000, 0x0000000089200000| Complete 
| 147|0x0000000089300000, 0x0000000089400000, 0x0000000089400000|100%| E|CS|TAMS 0x0000000089300000, 0x0000000089300000| Complete 
| 196|0x000000008c400000, 0x000000008c500000, 0x000000008c500000|100%| E|CS|TAMS 0x000000008c400000, 0x000000008c400000| Complete 
| 197|0x000000008c500000, 0x000000008c600000, 0x000000008c600000|100%| E|CS|TAMS 0x000000008c500000, 0x000000008c500000| Complete 
| 198|0x000000008c600000, 0x000000008c700000, 0x000000008c700000|100%| E|CS|TAMS 0x000000008c600000, 0x000000008c600000| Complete 
| 199|0x000000008c700000, 0x000000008c800000, 0x000000008c800000|100%| E|CS|TAMS 0x000000008c700000, 0x000000008c700000| Complete 
| 200|0x000000008c800000, 0x000000008c900000, 0x000000008c900000|100%| E|CS|TAMS 0x000000008c800000, 0x000000008c800000| Complete 
| 201|0x000000008c900000, 0x000000008ca00000, 0x000000008ca00000|100%| E|CS|TAMS 0x000000008c900000, 0x000000008c900000| Complete 
| 202|0x000000008ca00000, 0x000000008cb00000, 0x000000008cb00000|100%| E|CS|TAMS 0x000000008ca00000, 0x000000008ca00000| Complete 
| 203|0x000000008cb00000, 0x000000008cc00000, 0x000000008cc00000|100%| E|CS|TAMS 0x000000008cb00000, 0x000000008cb00000| Complete 
| 253|0x000000008fd00000, 0x000000008fe00000, 0x000000008fe00000|100%| E|CS|TAMS 0x000000008fd00000, 0x000000008fd00000| Complete 

Card table byte_map: [0x000001b97b220000,0x000001b97b620000] _byte_map_base: 0x000001b97ae20000

Marking Bits (Prev, Next): (CMBitMap*) 0x000001b975b9d270, (CMBitMap*) 0x000001b975b9d230
 Prev Bits: [0x000001b97da20000, 0x000001b97fa20000)
 Next Bits: [0x000001b97ba20000, 0x000001b97da20000)

Polling page: 0x000001b975c10000

Metaspace:

Usage:
  Non-class:     56.27 MB used.
      Class:      8.99 MB used.
       Both:     65.26 MB used.

Virtual space:
  Non-class space:       64.00 MB reserved,      56.62 MB ( 88%) committed,  1 nodes.
      Class space:      416.00 MB reserved,       9.31 MB (  2%) committed,  1 nodes.
             Both:      480.00 MB reserved,      65.94 MB ( 14%) committed. 

Chunk freelists:
   Non-Class:  6.78 MB
       Class:  6.53 MB
        Both:  13.31 MB

MaxMetaspaceSize: 512.00 MB
CompressedClassSpaceSize: 416.00 MB
Initial GC threshold: 21.00 MB
Current GC threshold: 98.75 MB
CDS: off
MetaspaceReclaimPolicy: balanced
 - commit_granule_bytes: 65536.
 - commit_granule_words: 8192.
 - virtual_space_node_default_size: 8388608.
 - enlarge_chunks_in_place: 1.
 - new_chunks_are_fully_committed: 0.
 - uncommit_free_chunks: 1.
 - use_allocation_guard: 0.
 - handle_deallocations: 1.


Internal statistics:

num_allocs_failed_limit: 9.
num_arena_births: 806.
num_arena_deaths: 0.
num_vsnodes_births: 2.
num_vsnodes_deaths: 0.
num_space_committed: 1055.
num_space_uncommitted: 0.
num_chunks_returned_to_freelist: 9.
num_chunks_taken_from_freelist: 3148.
num_chunk_merges: 9.
num_chunk_splits: 2050.
num_chunks_enlarged: 1316.
num_inconsistent_stats: 0.

CodeHeap 'non-profiled nmethods': size=120000Kb used=3578Kb max_used=3578Kb free=116422Kb
 bounds [0x000001b907ad0000, 0x000001b907e50000, 0x000001b90f000000]
CodeHeap 'profiled nmethods': size=120000Kb used=11358Kb max_used=11358Kb free=108641Kb
 bounds [0x000001b900000000, 0x000001b900b20000, 0x000001b907530000]
CodeHeap 'non-nmethods': size=5760Kb used=2341Kb max_used=2404Kb free=3418Kb
 bounds [0x000001b907530000, 0x000001b9077a0000, 0x000001b907ad0000]
 total_blobs=6751 nmethods=5890 adapters=772
 compilation: enabled
              stopped_count=0, restarted_count=0
 full_count=0

Compilation events (20 events):
Event: 135.504 Thread 0x000001b91129b970 nmethod 6686 0x000001b900b12d90 code [0x000001b900b12f60, 0x000001b900b132e8]
Event: 135.510 Thread 0x000001b911276470 6687       4       java.lang.ThreadLocal::set (30 bytes)
Event: 135.510 Thread 0x000001b91129b970 6688       3       org.gradle.tooling.internal.provider.runner.ClientBuildEventGenerator::started (168 bytes)
Event: 135.512 Thread 0x000001b91129b970 nmethod 6688 0x000001b900b13410 code [0x000001b900b13720, 0x000001b900b147c8]
Event: 135.539 Thread 0x000001b911276470 nmethod 6687 0x000001b907e4d490 code [0x000001b907e4d640, 0x000001b907e4de28]
Event: 135.540 Thread 0x000001b911276470 6689       4       java.util.AbstractCollection::<init> (5 bytes)
Event: 135.540 Thread 0x000001b911276470 nmethod 6689 0x000001b907e4e210 code [0x000001b907e4e380, 0x000001b907e4e3f8]
Event: 135.540 Thread 0x000001b911276470 6690       4       sun.invoke.util.VerifyAccess::isClassAccessible (230 bytes)
Event: 135.653 Thread 0x000001b91129b970 6692       3       com.google.common.collect.ImmutableMap$Builder::<init> (6 bytes)
Event: 135.654 Thread 0x000001b91129b970 nmethod 6692 0x000001b900b14c90 code [0x000001b900b14e40, 0x000001b900b15118]
Event: 135.708 Thread 0x000001b91129b970 6693       3       sun.reflect.generics.tree.SimpleClassTypeSignature::accept (8 bytes)
Event: 135.709 Thread 0x000001b91129b970 nmethod 6693 0x000001b900b15210 code [0x000001b900b153e0, 0x000001b900b156c8]
Event: 135.709 Thread 0x000001b91129b970 6694       3       sun.reflect.generics.visitor.Reifier::visitSimpleClassTypeSignature (18 bytes)
Event: 135.709 Thread 0x000001b91129b970 nmethod 6694 0x000001b900b15890 code [0x000001b900b15a40, 0x000001b900b15c68]
Event: 135.710 Thread 0x000001b91129b970 6696       3       com.google.common.reflect.TypeVisitor::<init> (12 bytes)
Event: 135.710 Thread 0x000001b91129b970 nmethod 6696 0x000001b900b15d90 code [0x000001b900b15f80, 0x000001b900b16558]
Event: 135.713 Thread 0x000001b91129b970 6697       3       jdk.internal.reflect.ClassFileAssembler::<init> (8 bytes)
Event: 135.713 Thread 0x000001b91129b970 nmethod 6697 0x000001b900b16790 code [0x000001b900b16960, 0x000001b900b16e78]
Event: 135.714 Thread 0x000001b91129b970 6698       3       jdk.internal.reflect.ClassFileAssembler::append (9 bytes)
Event: 135.714 Thread 0x000001b91129b970 nmethod 6698 0x000001b900b17010 code [0x000001b900b17200, 0x000001b900b17718]

GC Heap History (20 events):
Event: 4.642 GC heap after
{Heap after GC invocations=7 (full 0):
 garbage-first heap   total 68608K, used 20521K [0x0000000080000000, 0x0000000100000000)
  region size 1024K, 1 young (1024K), 1 survivors (1024K)
 Metaspace       used 26425K, committed 26688K, reserved 491520K
  class space    used 3439K, committed 3584K, reserved 425984K
}
Event: 5.719 GC heap before
{Heap before GC invocations=7 (full 0):
 garbage-first heap   total 68608K, used 48169K [0x0000000080000000, 0x0000000100000000)
  region size 1024K, 28 young (28672K), 1 survivors (1024K)
 Metaspace       used 30274K, committed 30592K, reserved 491520K
  class space    used 4061K, committed 4224K, reserved 425984K
}
Event: 5.723 GC heap after
{Heap after GC invocations=8 (full 0):
 garbage-first heap   total 68608K, used 21820K [0x0000000080000000, 0x0000000100000000)
  region size 1024K, 2 young (2048K), 2 survivors (2048K)
 Metaspace       used 30274K, committed 30592K, reserved 491520K
  class space    used 4061K, committed 4224K, reserved 425984K
}
Event: 6.583 GC heap before
{Heap before GC invocations=8 (full 0):
 garbage-first heap   total 68608K, used 50492K [0x0000000080000000, 0x0000000100000000)
  region size 1024K, 30 young (30720K), 2 survivors (2048K)
 Metaspace       used 33693K, committed 33984K, reserved 491520K
  class space    used 4631K, committed 4736K, reserved 425984K
}
Event: 6.589 GC heap after
{Heap after GC invocations=9 (full 0):
 garbage-first heap   total 68608K, used 23045K [0x0000000080000000, 0x0000000100000000)
  region size 1024K, 3 young (3072K), 3 survivors (3072K)
 Metaspace       used 33693K, committed 33984K, reserved 491520K
  class space    used 4631K, committed 4736K, reserved 425984K
}
Event: 6.938 GC heap before
{Heap before GC invocations=9 (full 0):
 garbage-first heap   total 68608K, used 34309K [0x0000000080000000, 0x0000000100000000)
  region size 1024K, 15 young (15360K), 3 survivors (3072K)
 Metaspace       used 35793K, committed 36096K, reserved 491520K
  class space    used 4951K, committed 5056K, reserved 425984K
}
Event: 6.944 GC heap after
{Heap after GC invocations=10 (full 0):
 garbage-first heap   total 68608K, used 23794K [0x0000000080000000, 0x0000000100000000)
  region size 1024K, 2 young (2048K), 2 survivors (2048K)
 Metaspace       used 35793K, committed 36096K, reserved 491520K
  class space    used 4951K, committed 5056K, reserved 425984K
}
Event: 7.722 GC heap before
{Heap before GC invocations=11 (full 0):
 garbage-first heap   total 68608K, used 52466K [0x0000000080000000, 0x0000000100000000)
  region size 1024K, 31 young (31744K), 2 survivors (2048K)
 Metaspace       used 42036K, committed 42432K, reserved 491520K
  class space    used 5610K, committed 5760K, reserved 425984K
}
Event: 7.732 GC heap after
{Heap after GC invocations=12 (full 0):
 garbage-first heap   total 68608K, used 27395K [0x0000000080000000, 0x0000000100000000)
  region size 1024K, 4 young (4096K), 4 survivors (4096K)
 Metaspace       used 42036K, committed 42432K, reserved 491520K
  class space    used 5610K, committed 5760K, reserved 425984K
}
Event: 7.743 GC heap before
{Heap before GC invocations=12 (full 0):
 garbage-first heap   total 68608K, used 28419K [0x0000000080000000, 0x0000000100000000)
  region size 1024K, 5 young (5120K), 4 survivors (4096K)
 Metaspace       used 42043K, committed 42432K, reserved 491520K
  class space    used 5610K, committed 5760K, reserved 425984K
}
Event: 7.755 GC heap after
{Heap after GC invocations=13 (full 0):
 garbage-first heap   total 68608K, used 27770K [0x0000000080000000, 0x0000000100000000)
  region size 1024K, 1 young (1024K), 1 survivors (1024K)
 Metaspace       used 42043K, committed 42432K, reserved 491520K
  class space    used 5610K, committed 5760K, reserved 425984K
}
Event: 8.129 GC heap before
{Heap before GC invocations=13 (full 0):
 garbage-first heap   total 68608K, used 50298K [0x0000000080000000, 0x0000000100000000)
  region size 1024K, 22 young (22528K), 1 survivors (1024K)
 Metaspace       used 42770K, committed 43136K, reserved 491520K
  class space    used 5697K, committed 5888K, reserved 425984K
}
Event: 8.136 GC heap after
{Heap after GC invocations=14 (full 0):
 garbage-first heap   total 160768K, used 32126K [0x0000000080000000, 0x0000000100000000)
  region size 1024K, 3 young (3072K), 3 survivors (3072K)
 Metaspace       used 42770K, committed 43136K, reserved 491520K
  class space    used 5697K, committed 5888K, reserved 425984K
}
Event: 116.041 GC heap before
{Heap before GC invocations=14 (full 0):
 garbage-first heap   total 160768K, used 123262K [0x0000000080000000, 0x0000000100000000)
  region size 1024K, 89 young (91136K), 3 survivors (3072K)
 Metaspace       used 49703K, committed 50240K, reserved 491520K
  class space    used 6544K, committed 6784K, reserved 425984K
}
Event: 116.064 GC heap after
{Heap after GC invocations=15 (full 0):
 garbage-first heap   total 160768K, used 36790K [0x0000000080000000, 0x0000000100000000)
  region size 1024K, 10 young (10240K), 10 survivors (10240K)
 Metaspace       used 49703K, committed 50240K, reserved 491520K
  class space    used 6544K, committed 6784K, reserved 425984K
}
Event: 125.107 GC heap before
{Heap before GC invocations=15 (full 0):
 garbage-first heap   total 160768K, used 115638K [0x0000000080000000, 0x0000000100000000)
  region size 1024K, 87 young (89088K), 10 survivors (10240K)
 Metaspace       used 58267K, committed 58944K, reserved 491520K
  class space    used 7955K, committed 8256K, reserved 425984K
}
Event: 125.133 GC heap after
{Heap after GC invocations=16 (full 0):
 garbage-first heap   total 160768K, used 40998K [0x0000000080000000, 0x0000000100000000)
  region size 1024K, 5 young (5120K), 5 survivors (5120K)
 Metaspace       used 58267K, committed 58944K, reserved 491520K
  class space    used 7955K, committed 8256K, reserved 425984K
}
Event: 129.220 GC heap before
{Heap before GC invocations=16 (full 0):
 garbage-first heap   total 160768K, used 71718K [0x0000000080000000, 0x0000000100000000)
  region size 1024K, 28 young (28672K), 5 survivors (5120K)
 Metaspace       used 59806K, committed 60416K, reserved 491520K
  class space    used 8161K, committed 8448K, reserved 425984K
}
Event: 129.236 GC heap after
{Heap after GC invocations=17 (full 0):
 garbage-first heap   total 160768K, used 53159K [0x0000000080000000, 0x0000000100000000)
  region size 1024K, 9 young (9216K), 9 survivors (9216K)
 Metaspace       used 59806K, committed 60416K, reserved 491520K
  class space    used 8161K, committed 8448K, reserved 425984K
}
Event: 135.734 GC heap before
{Heap before GC invocations=18 (full 0):
 garbage-first heap   total 160768K, used 128935K [0x0000000080000000, 0x0000000100000000)
  region size 1024K, 79 young (80896K), 9 survivors (9216K)
 Metaspace       used 66829K, committed 67520K, reserved 491520K
  class space    used 9204K, committed 9536K, reserved 425984K
}

Dll operation events (3 events):
Event: 0.011 Loaded shared library C:\Program Files\Android\Android Studio\jbr\bin\java.dll
Event: 0.231 Loaded shared library C:\Program Files\Android\Android Studio\jbr\bin\zip.dll
Event: 0.657 Loaded shared library C:\Program Files\Android\Android Studio\jbr\bin\verify.dll

Deoptimization events (20 events):
Event: 135.709 Thread 0x000001b9188257d0 Uncommon trap: trap_request=0xffffff45 fr.pc=0x000001b907bb2bcc relative=0x000000000000030c
Event: 135.709 Thread 0x000001b9188257d0 Uncommon trap: reason=unstable_if action=reinterpret pc=0x000001b907bb2bcc method=org.gradle.internal.instantiation.generator.AbstractClassGenerator$InjectionAnnotationValidator.validateMethod(Ljava/lang/reflect/Method;Lorg/gradle/internal/reflect/Propert
Event: 135.709 Thread 0x000001b9188257d0 DEOPT PACKING pc=0x000001b907bb2bcc sp=0x0000001b550f5eb0
Event: 135.709 Thread 0x000001b9188257d0 DEOPT UNPACKING pc=0x000001b9075869a3 sp=0x0000001b550f5e60 mode 2
Event: 135.709 Thread 0x000001b9188257d0 Uncommon trap: trap_request=0xffffffde fr.pc=0x000001b907e192d0 relative=0x00000000000004d0
Event: 135.709 Thread 0x000001b9188257d0 Uncommon trap: reason=class_check action=maybe_recompile pc=0x000001b907e192d0 method=org.gradle.internal.instantiation.generator.AbstractClassGenerator$InjectionAnnotationValidator.validateMethod(Ljava/lang/reflect/Method;Lorg/gradle/internal/reflect/Pro
Event: 135.709 Thread 0x000001b9188257d0 DEOPT PACKING pc=0x000001b907e192d0 sp=0x0000001b550f5de0
Event: 135.709 Thread 0x000001b9188257d0 DEOPT UNPACKING pc=0x000001b9075869a3 sp=0x0000001b550f5db0 mode 2
Event: 135.709 Thread 0x000001b9188257d0 Uncommon trap: trap_request=0xffffffde fr.pc=0x000001b907e2e8f8 relative=0x0000000000004538
Event: 135.709 Thread 0x000001b9188257d0 Uncommon trap: reason=class_check action=maybe_recompile pc=0x000001b907e2e8f8 method=com.google.common.reflect.TypeVisitor.visit([Ljava/lang/reflect/Type;)V @ 99 c2
Event: 135.709 Thread 0x000001b9188257d0 DEOPT PACKING pc=0x000001b907e2e8f8 sp=0x0000001b550f5ae0
Event: 135.709 Thread 0x000001b9188257d0 DEOPT UNPACKING pc=0x000001b9075869a3 sp=0x0000001b550f5b28 mode 2
Event: 135.710 Thread 0x000001b9188257d0 Uncommon trap: trap_request=0xffffffde fr.pc=0x000001b907e30278 relative=0x0000000000005eb8
Event: 135.711 Thread 0x000001b9188257d0 Uncommon trap: reason=class_check action=maybe_recompile pc=0x000001b907e30278 method=com.google.common.reflect.TypeVisitor.visit([Ljava/lang/reflect/Type;)V @ 96 c2
Event: 135.711 Thread 0x000001b9188257d0 DEOPT PACKING pc=0x000001b907e30278 sp=0x0000001b550f5ae0
Event: 135.711 Thread 0x000001b9188257d0 DEOPT UNPACKING pc=0x000001b9075869a3 sp=0x0000001b550f5b28 mode 2
Event: 135.711 Thread 0x000001b9188257d0 Uncommon trap: trap_request=0xffffffde fr.pc=0x000001b907e30278 relative=0x0000000000005eb8
Event: 135.711 Thread 0x000001b9188257d0 Uncommon trap: reason=class_check action=maybe_recompile pc=0x000001b907e30278 method=com.google.common.reflect.TypeVisitor.visit([Ljava/lang/reflect/Type;)V @ 96 c2
Event: 135.711 Thread 0x000001b9188257d0 DEOPT PACKING pc=0x000001b907e30278 sp=0x0000001b550f5a80
Event: 135.711 Thread 0x000001b9188257d0 DEOPT UNPACKING pc=0x000001b9075869a3 sp=0x0000001b550f5ac8 mode 2

Classes unloaded (0 events):
No events

Classes redefined (0 events):
No events

Internal exceptions (20 events):
Event: 129.403 Thread 0x000001b9188257d0 Exception <a 'java/lang/ClassNotFoundException'{0x000000008cbd5020}: org/gradle/api/internal/project/DefaultAntBuilderBeanInfo> (0x000000008cbd5020) 
thrown [s\src\hotspot\share\classfile\systemDictionary.cpp, line 256]
Event: 129.410 Thread 0x000001b9188257d0 Exception <a 'java/lang/ClassNotFoundException'{0x000000008cbf0c10}: org/gradle/api/internal/project/ant/BasicAntBuilderBeanInfo> (0x000000008cbf0c10) 
thrown [s\src\hotspot\share\classfile\systemDictionary.cpp, line 256]
Event: 129.412 Thread 0x000001b9188257d0 Exception <a 'java/lang/ClassNotFoundException'{0x000000008ca0c3f0}: org/gradle/api/AntBuilderBeanInfo> (0x000000008ca0c3f0) 
thrown [s\src\hotspot\share\classfile\systemDictionary.cpp, line 256]
Event: 129.414 Thread 0x000001b9188257d0 Exception <a 'java/lang/ClassNotFoundException'{0x000000008ca2a280}: groovy/ant/AntBuilderBeanInfo> (0x000000008ca2a280) 
thrown [s\src\hotspot\share\classfile\systemDictionary.cpp, line 256]
Event: 129.498 Thread 0x000001b9188257d0 Exception <a 'java/lang/ClassNotFoundException'{0x000000008ca964f8}: groovy/util/BuilderSupportBeanInfo> (0x000000008ca964f8) 
thrown [s\src\hotspot\share\classfile\systemDictionary.cpp, line 256]
Event: 129.500 Thread 0x000001b9188257d0 Exception <a 'java/lang/ClassNotFoundException'{0x000000008c902a68}: groovy/util/BuilderSupportCustomizer> (0x000000008c902a68) 
thrown [s\src\hotspot\share\classfile\systemDictionary.cpp, line 256]
Event: 129.503 Thread 0x000001b9188257d0 Exception <a 'java/lang/ClassNotFoundException'{0x000000008c922088}: groovy/ant/AntBuilderCustomizer> (0x000000008c922088) 
thrown [s\src\hotspot\share\classfile\systemDictionary.cpp, line 256]
Event: 129.505 Thread 0x000001b9188257d0 Exception <a 'java/lang/ClassNotFoundException'{0x000000008c942040}: org/gradle/api/AntBuilderCustomizer> (0x000000008c942040) 
thrown [s\src\hotspot\share\classfile\systemDictionary.cpp, line 256]
Event: 129.516 Thread 0x000001b9188257d0 Exception <a 'java/lang/ClassNotFoundException'{0x000000008c9690e8}: org/gradle/api/internal/project/ant/BasicAntBuilderCustomizer> (0x000000008c9690e8) 
thrown [s\src\hotspot\share\classfile\systemDictionary.cpp, line 256]
Event: 129.531 Thread 0x000001b9188257d0 Exception <a 'java/lang/ClassNotFoundException'{0x000000008c996c30}: org/gradle/api/internal/project/DefaultAntBuilderCustomizer> (0x000000008c996c30) 
thrown [s\src\hotspot\share\classfile\systemDictionary.cpp, line 256]
Event: 129.699 Thread 0x000001b9188257d0 Exception <a 'java/lang/IncompatibleClassChangeError'{0x000000008c7aecb0}: Found class java.lang.Object, but interface was expected> (0x000000008c7aecb0) 
thrown [s\src\hotspot\share\interpreter\linkResolver.cpp, line 838]
Event: 134.224 Thread 0x000001b9188257d0 Exception <a 'java/lang/ClassNotFoundException'{0x0000000085fe3630}: org/gradle/api/internal/plugins/NaggingBasePluginConventionBeanInfo> (0x0000000085fe3630) 
thrown [s\src\hotspot\share\classfile\systemDictionary.cpp, line 256]
Event: 134.311 Thread 0x000001b9188257d0 Exception <a 'java/lang/ClassNotFoundException'{0x0000000085e01ff0}: org/gradle/api/plugins/BasePluginConventionBeanInfo> (0x0000000085e01ff0) 
thrown [s\src\hotspot\share\classfile\systemDictionary.cpp, line 256]
Event: 134.314 Thread 0x000001b9188257d0 Exception <a 'java/lang/ClassNotFoundException'{0x0000000085e20448}: org/gradle/api/plugins/BasePluginConventionCustomizer> (0x0000000085e20448) 
thrown [s\src\hotspot\share\classfile\systemDictionary.cpp, line 256]
Event: 134.319 Thread 0x000001b9188257d0 Exception <a 'java/lang/ClassNotFoundException'{0x0000000085e49128}: org/gradle/api/internal/plugins/NaggingBasePluginConventionCustomizer> (0x0000000085e49128) 
thrown [s\src\hotspot\share\classfile\systemDictionary.cpp, line 256]
Event: 134.349 Thread 0x000001b9188257d0 Exception <a 'java/lang/ClassNotFoundException'{0x0000000085e9afb8}: org/gradle/api/plugins/internal/NaggingJavaPluginConventionBeanInfo> (0x0000000085e9afb8) 
thrown [s\src\hotspot\share\classfile\systemDictionary.cpp, line 256]
Event: 134.351 Thread 0x000001b9188257d0 Exception <a 'java/lang/ClassNotFoundException'{0x0000000085eb9448}: org/gradle/api/plugins/JavaPluginConventionBeanInfo> (0x0000000085eb9448) 
thrown [s\src\hotspot\share\classfile\systemDictionary.cpp, line 256]
Event: 134.354 Thread 0x000001b9188257d0 Exception <a 'java/lang/ClassNotFoundException'{0x0000000085ed7898}: org/gradle/api/plugins/JavaPluginConventionCustomizer> (0x0000000085ed7898) 
thrown [s\src\hotspot\share\classfile\systemDictionary.cpp, line 256]
Event: 134.378 Thread 0x000001b9188257d0 Exception <a 'java/lang/ClassNotFoundException'{0x0000000085d0a6b8}: org/gradle/api/plugins/internal/NaggingJavaPluginConventionCustomizer> (0x0000000085d0a6b8) 
thrown [s\src\hotspot\share\classfile\systemDictionary.cpp, line 256]
Event: 135.640 Thread 0x000001b9188257d0 Exception <a 'java/lang/NoSuchMethodError'{0x0000000084fbbc78}: 'int java.lang.invoke.DirectMethodHandle$Holder.invokeInterface(java.lang.Object, java.lang.Object, java.lang.Object, java.lang.Object)'> (0x0000000084fbbc78) 
thrown [s\src\hotspot\share\interpreter\linkResolver.cpp, line 771]

VM Operations (20 events):
Event: 129.090 Executing VM operation: Cleanup done
Event: 129.220 Executing VM operation: CollectForMetadataAllocation
Event: 129.236 Executing VM operation: CollectForMetadataAllocation done
Event: 129.393 Executing VM operation: G1Concurrent
Event: 129.400 Executing VM operation: G1Concurrent done
Event: 129.460 Executing VM operation: G1Concurrent
Event: 129.493 Executing VM operation: G1Concurrent done
Event: 130.506 Executing VM operation: Cleanup
Event: 130.541 Executing VM operation: Cleanup done
Event: 131.542 Executing VM operation: Cleanup
Event: 131.558 Executing VM operation: Cleanup done
Event: 132.566 Executing VM operation: Cleanup
Event: 132.590 Executing VM operation: Cleanup done
Event: 133.592 Executing VM operation: Cleanup
Event: 133.645 Executing VM operation: Cleanup done
Event: 134.655 Executing VM operation: Cleanup
Event: 134.670 Executing VM operation: Cleanup done
Event: 135.638 Executing VM operation: HandshakeAllThreads
Event: 135.639 Executing VM operation: HandshakeAllThreads done
Event: 135.734 Executing VM operation: G1CollectForAllocation

Events (20 events):
Event: 131.588 loading class javax/xml/parsers/FactoryFinder$1 done
Event: 131.589 loading class com/sun/org/apache/xerces/internal/jaxp/DocumentBuilderFactoryImpl
Event: 131.591 loading class com/sun/org/apache/xerces/internal/jaxp/DocumentBuilderFactoryImpl done
Event: 131.591 loading class com/sun/org/apache/xerces/internal/utils/XMLSecurityManager
Event: 131.594 loading class com/sun/org/apache/xerces/internal/utils/XMLSecurityManager done
Event: 131.594 loading class com/sun/org/apache/xerces/internal/utils/XMLSecurityManager$Limit
Event: 131.596 loading class com/sun/org/apache/xerces/internal/utils/XMLSecurityManager$Limit done
Event: 131.596 loading class com/sun/org/apache/xerces/internal/utils/XMLSecurityManager$NameMap
Event: 131.596 loading class com/sun/org/apache/xerces/internal/utils/XMLSecurityManager$NameMap done
Event: 131.596 loading class com/sun/org/apache/xerces/internal/utils/XMLSecurityPropertyManager
Event: 131.597 loading class com/sun/org/apache/xerces/internal/utils/XMLSecurityPropertyManager done
Event: 131.597 loading class com/sun/org/apache/xerces/internal/utils/XMLSecurityPropertyManager$State
Event: 131.597 loading class com/sun/org/apache/xerces/internal/utils/XMLSecurityPropertyManager$State done
Event: 131.597 loading class com/sun/org/apache/xerces/internal/utils/XMLSecurityPropertyManager$Property
Event: 131.597 loading class com/sun/org/apache/xerces/internal/utils/XMLSecurityPropertyManager$Property done
Event: 131.682 loading class java/util/regex/Pattern$SliceI
Event: 131.682 loading class java/util/regex/Pattern$SliceI done
Event: 131.770 Thread 0x000001b916871650 Thread added: 0x000001b916871650
Event: 131.837 loading class java/lang/Byte$ByteCache
Event: 131.838 loading class java/lang/Byte$ByteCache done


Dynamic libraries:
0x00007ff686440000 - 0x00007ff68644a000 	C:\Program Files\Android\Android Studio\jbr\bin\java.exe
0x00007ffa01950000 - 0x00007ffa01b48000 	C:\Windows\SYSTEM32\ntdll.dll
0x00007ffa00670000 - 0x00007ffa0072d000 	C:\Windows\System32\KERNEL32.DLL
0x00007ff9ff0f0000 - 0x00007ff9ff3e6000 	C:\Windows\System32\KERNELBASE.dll
0x00007ff9ff6b0000 - 0x00007ff9ff7b0000 	C:\Windows\System32\ucrtbase.dll
0x00007ff9d7590000 - 0x00007ff9d75a7000 	C:\Program Files\Android\Android Studio\jbr\bin\jli.dll
0x00007ff9dc600000 - 0x00007ff9dc61b000 	C:\Program Files\Android\Android Studio\jbr\bin\VCRUNTIME140.dll
0x00007ffa010b0000 - 0x00007ffa0124e000 	C:\Windows\System32\USER32.dll
0x00007ff9edab0000 - 0x00007ff9edd4a000 	C:\Windows\WinSxS\amd64_microsoft.windows.common-controls_6595b64144ccf1df_6.0.19041.3636_none_60b6a03d71f818d5\COMCTL32.dll
0x00007ff9ff7b0000 - 0x00007ff9ff7d2000 	C:\Windows\System32\win32u.dll
0x00007ffa00510000 - 0x00007ffa005ae000 	C:\Windows\System32\msvcrt.dll
0x00007ffa005b0000 - 0x00007ffa005db000 	C:\Windows\System32\GDI32.dll
0x00007ff9ff870000 - 0x00007ff9ff987000 	C:\Windows\System32\gdi32full.dll
0x00007ff9ff4b0000 - 0x00007ff9ff54d000 	C:\Windows\System32\msvcp_win.dll
0x00007ffa00390000 - 0x00007ffa003c2000 	C:\Windows\System32\IMM32.DLL
0x00007ff9ed0c0000 - 0x00007ff9ed0cc000 	C:\Program Files\Android\Android Studio\jbr\bin\vcruntime140_1.dll
0x00007ff9d6a00000 - 0x00007ff9d6a8d000 	C:\Program Files\Android\Android Studio\jbr\bin\msvcp140.dll
0x00007ff9956e0000 - 0x00007ff996360000 	C:\Program Files\Android\Android Studio\jbr\bin\server\jvm.dll
0x00007ff9ff990000 - 0x00007ff9ffa43000 	C:\Windows\System32\ADVAPI32.dll
0x00007ffa00f40000 - 0x00007ffa00fdf000 	C:\Windows\System32\sechost.dll
0x00007ffa00130000 - 0x00007ffa00256000 	C:\Windows\System32\RPCRT4.dll
0x00007ff9ff0c0000 - 0x00007ff9ff0e7000 	C:\Windows\System32\bcrypt.dll
0x00007ff9ebc30000 - 0x00007ff9ebc39000 	C:\Windows\SYSTEM32\WSOCK32.dll
0x00007ff9e5360000 - 0x00007ff9e5387000 	C:\Windows\SYSTEM32\WINMM.dll
0x00007ffa01480000 - 0x00007ffa014eb000 	C:\Windows\System32\WS2_32.dll
0x00007ff9ec870000 - 0x00007ff9ec87a000 	C:\Windows\SYSTEM32\VERSION.dll
0x00007ff9fd850000 - 0x00007ff9fd862000 	C:\Windows\SYSTEM32\kernel.appcore.dll
0x00007ff9ed040000 - 0x00007ff9ed04a000 	C:\Program Files\Android\Android Studio\jbr\bin\jimage.dll
0x00007ff9e8c60000 - 0x00007ff9e8e44000 	C:\Windows\SYSTEM32\DBGHELP.DLL
0x00007ff9e8c20000 - 0x00007ff9e8c54000 	C:\Windows\SYSTEM32\dbgcore.DLL
0x00007ff9ff7e0000 - 0x00007ff9ff862000 	C:\Windows\System32\bcryptPrimitives.dll
0x00007ff9dadd0000 - 0x00007ff9dadde000 	C:\Program Files\Android\Android Studio\jbr\bin\instrument.dll
0x00007ff9dc2e0000 - 0x00007ff9dc305000 	C:\Program Files\Android\Android Studio\jbr\bin\java.dll
0x00007ff9dc5e0000 - 0x00007ff9dc5f8000 	C:\Program Files\Android\Android Studio\jbr\bin\zip.dll
0x00007ffa007f0000 - 0x00007ffa00f35000 	C:\Windows\System32\SHELL32.dll
0x00007ff9fd0a0000 - 0x00007ff9fd83c000 	C:\Windows\SYSTEM32\windows.storage.dll
0x00007ffa014f0000 - 0x00007ffa01844000 	C:\Windows\System32\combase.dll
0x00007ff9fe970000 - 0x00007ff9fe99e000 	C:\Windows\SYSTEM32\Wldp.dll
0x00007ffa00fe0000 - 0x00007ffa010ad000 	C:\Windows\System32\OLEAUT32.dll
0x00007ffa00080000 - 0x00007ffa0012d000 	C:\Windows\System32\SHCORE.dll
0x00007ffa003d0000 - 0x00007ffa00425000 	C:\Windows\System32\shlwapi.dll
0x00007ff9fef40000 - 0x00007ff9fef65000 	C:\Windows\SYSTEM32\profapi.dll
0x00007ff9dade0000 - 0x00007ff9dadf9000 	C:\Program Files\Android\Android Studio\jbr\bin\net.dll
0x00007ff9efc70000 - 0x00007ff9efd7a000 	C:\Windows\SYSTEM32\WINHTTP.dll
0x00007ff9fe6d0000 - 0x00007ff9fe73a000 	C:\Windows\system32\mswsock.dll
0x00007ff9d75b0000 - 0x00007ff9d75c6000 	C:\Program Files\Android\Android Studio\jbr\bin\nio.dll
0x00007ff9e9f30000 - 0x00007ff9e9f40000 	C:\Program Files\Android\Android Studio\jbr\bin\verify.dll
0x00007ff9e2820000 - 0x00007ff9e2847000 	C:\Users\shrut\.gradle\native\c067742578af261105cb4f569cf0c3c89f3d7b1fecec35dd04571415982c5e48\windows-amd64\native-platform.dll
0x00007ff9d2ca0000 - 0x00007ff9d2de4000 	C:\Users\shrut\.gradle\native\38dada09dfb8b06ba9b0570ebf7e218e3eb74d4ef43ca46872605cf95ebc2f47\windows-amd64\native-platform-file-events.dll
0x00007ff9dc2d0000 - 0x00007ff9dc2d9000 	C:\Program Files\Android\Android Studio\jbr\bin\management.dll
0x00007ff9dbc50000 - 0x00007ff9dbc5b000 	C:\Program Files\Android\Android Studio\jbr\bin\management_ext.dll
0x00007ffa00070000 - 0x00007ffa00078000 	C:\Windows\System32\PSAPI.DLL
0x00007ff9fe8c0000 - 0x00007ff9fe8d8000 	C:\Windows\SYSTEM32\CRYPTSP.dll
0x00007ff9fe000000 - 0x00007ff9fe034000 	C:\Windows\system32\rsaenh.dll
0x00007ff9fef00000 - 0x00007ff9fef2e000 	C:\Windows\SYSTEM32\USERENV.dll
0x00007ff9fe8e0000 - 0x00007ff9fe8ec000 	C:\Windows\SYSTEM32\CRYPTBASE.dll
0x00007ff9fe3c0000 - 0x00007ff9fe3fb000 	C:\Windows\SYSTEM32\IPHLPAPI.DLL
0x00007ffa005e0000 - 0x00007ffa005e8000 	C:\Windows\System32\NSI.dll
0x00007ff9f4860000 - 0x00007ff9f4877000 	C:\Windows\SYSTEM32\dhcpcsvc6.DLL
0x00007ff9f4e30000 - 0x00007ff9f4e4d000 	C:\Windows\SYSTEM32\dhcpcsvc.DLL
0x00007ff9fe400000 - 0x00007ff9fe4ca000 	C:\Windows\SYSTEM32\DNSAPI.dll
0x00007ff9dc5c0000 - 0x00007ff9dc5c7000 	C:\Windows\system32\wshunix.dll

dbghelp: loaded successfully - version: 4.0.5 - missing functions: none
symbol engine: initialized successfully - sym options: 0x614 - pdb path: .;C:\Program Files\Android\Android Studio\jbr\bin;C:\Windows\SYSTEM32;C:\Windows\WinSxS\amd64_microsoft.windows.common-controls_6595b64144ccf1df_6.0.19041.3636_none_60b6a03d71f818d5;C:\Program Files\Android\Android Studio\jbr\bin\server;C:\Users\shrut\.gradle\native\c067742578af261105cb4f569cf0c3c89f3d7b1fecec35dd04571415982c5e48\windows-amd64;C:\Users\shrut\.gradle\native\38dada09dfb8b06ba9b0570ebf7e218e3eb74d4ef43ca46872605cf95ebc2f47\windows-amd64

VM Arguments:
jvm_args: -XX:MaxMetaspaceSize=512m --add-opens=java.base/java.util=ALL-UNNAMED --add-opens=java.base/java.lang=ALL-UNNAMED --add-opens=java.base/java.lang.invoke=ALL-UNNAMED --add-opens=java.prefs/java.util.prefs=ALL-UNNAMED --add-opens=java.base/java.nio.charset=ALL-UNNAMED --add-opens=java.base/java.net=ALL-UNNAMED --add-opens=java.base/java.util.concurrent.atomic=ALL-UNNAMED -Xmx2048m -Dfile.encoding=windows-1252 -Duser.country=GB -Duser.language=en -Duser.variant -javaagent:C:\Users\shrut\.gradle\wrapper\dists\gradle-8.5-all\3zlzzgtsutfj0pbojr50n2l7z\gradle-8.5\lib\agents\gradle-instrumentation-agent-8.5.jar 
java_command: org.gradle.launcher.daemon.bootstrap.GradleDaemon 8.5
java_class_path (initial): C:\Users\shrut\.gradle\wrapper\dists\gradle-8.5-all\3zlzzgtsutfj0pbojr50n2l7z\gradle-8.5\lib\gradle-launcher-8.5.jar
Launcher Type: SUN_STANDARD

[Global flags]
     intx CICompilerCount                          = 3                                         {product} {ergonomic}
   size_t CompressedClassSpaceSize                 = 436207616                                 {product} {ergonomic}
     uint ConcGCThreads                            = 1                                         {product} {ergonomic}
     uint G1ConcRefinementThreads                  = 4                                         {product} {ergonomic}
   size_t G1HeapRegionSize                         = 1048576                                   {product} {ergonomic}
    uintx GCDrainStackTargetSize                   = 64                                        {product} {ergonomic}
   size_t InitialHeapSize                          = 266338304                                 {product} {ergonomic}
   size_t MarkStackSize                            = 4194304                                   {product} {ergonomic}
   size_t MaxHeapSize                              = 2147483648                                {product} {command line}
   size_t MaxMetaspaceSize                         = 536870912                                 {product} {command line}
   size_t MaxNewSize                               = 1287651328                                {product} {ergonomic}
   size_t MinHeapDeltaBytes                        = 1048576                                   {product} {ergonomic}
   size_t MinHeapSize                              = 8388608                                   {product} {ergonomic}
    uintx NonNMethodCodeHeapSize                   = 5832780                                {pd product} {ergonomic}
    uintx NonProfiledCodeHeapSize                  = 122912730                              {pd product} {ergonomic}
    uintx ProfiledCodeHeapSize                     = 122912730                              {pd product} {ergonomic}
    uintx ReservedCodeCacheSize                    = 251658240                              {pd product} {ergonomic}
     bool SegmentedCodeCache                       = true                                      {product} {ergonomic}
   size_t SoftMaxHeapSize                          = 2147483648                             {manageable} {ergonomic}
     bool UseCompressedClassPointers               = true                           {product lp64_product} {ergonomic}
     bool UseCompressedOops                        = true                           {product lp64_product} {ergonomic}
     bool UseG1GC                                  = true                                      {product} {ergonomic}
     bool UseLargePagesIndividualAllocation        = false                                  {pd product} {ergonomic}

Logging:
Log output configuration:
 #0: stdout all=warning uptime,level,tags
 #1: stderr all=off uptime,level,tags

Environment Variables:
JAVA_HOME=C:\Program Files\Java\jdk-20
PATH=C:\Program Files\Common Files\Oracle\Java\javapath;C:\Program Files (x86)\Common Files\Oracle\Java\javapath;C:\Windows\system32;C:\Windows;C:\Windows\System32\Wbem;C:\Windows\System32\WindowsPowerShell\v1.0\;C:\Windows\System32\OpenSSH\;C:\Program Files\nodejs\;C:\ProgramData\chocolatey\bin;C:\Program Files\Git\cmd;C:\Program Files\Java\jdk-20\bin;C:\Users\shrut\AppData\Local\Microsoft\WindowsApps;C:\Users\shrut\AppData\Roaming\npm;C:\Users\shrut\AppData\Local\Programs\Microsoft VS Code\bin
USERNAME=shrut
OS=Windows_NT
PROCESSOR_IDENTIFIER=Intel64 Family 6 Model 78 Stepping 3, GenuineIntel
TMP=C:\Users\shrut\AppData\Local\Temp
TEMP=C:\Users\shrut\AppData\Local\Temp


JNI global refs:
JNI global refs: 25, weak refs: 1

JNI global refs memory usage: 843, weak refs: 841

OOME stack traces (most recent first):
Classloader memory used:
Loader org.gradle.internal.classloader.VisitableURLClassLoader                         : 4011K
Loader bootstrap                                                                       : 2688K
Loader org.gradle.initialization.MixInLegacyTypesClassLoader                           : 1227K
Loader org.gradle.internal.classloader.VisitableURLClassLoader$InstrumentingVisitableURLClassLoader: 270K
Loader jdk.internal.loader.ClassLoaders$PlatformClassLoader                            : 66775B
Loader jdk.internal.reflect.DelegatingClassLoader                                      : 38004B
Loader jdk.internal.loader.ClassLoaders$AppClassLoader                                 : 28080B
Loader org.gradle.groovy.scripts.internal.DefaultScriptCompilationHandler$ScriptClassLoader: 11276B
Loader org.gradle.internal.classloader.VisitableURLClassLoader                         : 9001B
Loader org.codehaus.groovy.runtime.callsite.CallSiteClassLoader                        : 6288B

Classes loaded by more than one classloader:
Class Program                                                                         : loaded 3 times (x 72B)
Class org.gradle.internal.classpath.ClassPath                                         : loaded 2 times (x 68B)
Class org.gradle.api.internal.classpath.DefaultModuleRegistry                         : loaded 2 times (x 84B)
Class org.gradle.api.Action                                                           : loaded 2 times (x 68B)
Class org.gradle.api.internal.DefaultClassPathProvider                                : loaded 2 times (x 74B)
Class org.gradle.internal.installation.GradleInstallation$1                           : loaded 2 times (x 73B)
Class org.gradle.internal.classloader.FilteringClassLoader                            : loaded 2 times (x 102B)
Class org.gradle.internal.classpath.DefaultClassPath$ImmutableUniqueList$Builder      : loaded 2 times (x 73B)
Class org.gradle.internal.classloader.ClassLoaderVisitor                              : loaded 2 times (x 74B)
Class org.gradle.internal.service.DefaultServiceLocator                               : loaded 2 times (x 81B)
Class org.gradle.internal.service.UnknownServiceException                             : loaded 2 times (x 81B)
Class org.gradle.internal.classloader.DefaultClassLoaderFactory                       : loaded 2 times (x 80B)
Class org.gradle.internal.classloader.VisitableURLClassLoader$Spec                    : loaded 2 times (x 72B)
Class org.gradle.api.GradleException                                                  : loaded 2 times (x 80B)
Class org.gradle.api.internal.classpath.ModuleRegistry                                : loaded 2 times (x 68B)
Class org.gradle.api.internal.ClassPathProvider                                       : loaded 2 times (x 68B)
Class org.gradle.internal.classloader.ClasspathUtil$1                                 : loaded 2 times (x 74B)
Class org.gradle.internal.classloader.ClassLoaderFactory                              : loaded 2 times (x 68B)
Class org.gradle.api.internal.classpath.ManifestUtil                                  : loaded 2 times (x 69B)
Class org.gradle.api.specs.Spec                                                       : loaded 2 times (x 68B)
Class org.gradle.internal.IoActions                                                   : loaded 2 times (x 69B)
Class org.gradle.api.internal.classpath.EffectiveClassPath                            : loaded 2 times (x 88B)
Class org.gradle.internal.installation.CurrentGradleInstallation                      : loaded 2 times (x 71B)
Class org.gradle.internal.agents.InstrumentingClassLoader                             : loaded 2 times (x 68B)
Class org.gradle.internal.installation.CurrentGradleInstallationLocator               : loaded 2 times (x 69B)
Class org.gradle.api.internal.classpath.Module                                        : loaded 2 times (x 68B)
Class org.gradle.internal.service.CachingServiceLocator                               : loaded 2 times (x 80B)
Class org.gradle.internal.classpath.DefaultClassPath                                  : loaded 2 times (x 88B)
Class org.gradle.internal.classloader.SystemClassLoaderSpec                           : loaded 2 times (x 69B)
Class org.gradle.api.UncheckedIOException                                             : loaded 2 times (x 80B)
Class org.gradle.internal.installation.GradleInstallation                             : loaded 2 times (x 73B)
Class org.gradle.internal.classloader.ClasspathUtil                                   : loaded 2 times (x 69B)
Class org.gradle.api.internal.DefaultClassPathRegistry                                : loaded 2 times (x 74B)
Class org.gradle.api.internal.classpath.DefaultModuleRegistry$DefaultModule           : loaded 2 times (x 84B)
Class org.gradle.api.internal.classpath.UnknownModuleException                        : loaded 2 times (x 80B)
Class org.gradle.internal.service.ServiceLookupException                              : loaded 2 times (x 80B)
Class org.gradle.cache.GlobalCache                                                    : loaded 2 times (x 68B)
Class [Lorg.gradle.api.internal.ClassPathProvider;                                    : loaded 2 times (x 67B)
Class org.gradle.util.internal.GUtil                                                  : loaded 2 times (x 69B)
Class org.gradle.internal.classloader.ClassLoaderSpec                                 : loaded 2 times (x 69B)
Class org.gradle.internal.classloader.VisitableURLClassLoader                         : loaded 2 times (x 114B)
Class org.gradle.internal.Cast                                                        : loaded 2 times (x 69B)
Class org.gradle.api.internal.ClassPathRegistry                                       : loaded 2 times (x 68B)
Class org.gradle.internal.classloader.VisitableURLClassLoader$InstrumentingVisitableURLClassLoader: loaded 2 times (x 120B)
Class org.gradle.internal.classloader.ClassLoaderHierarchy                            : loaded 2 times (x 68B)
Class org.gradle.internal.InternalTransformer                                         : loaded 2 times (x 68B)
Class org.gradle.internal.service.ServiceLocator                                      : loaded 2 times (x 68B)
Class org.gradle.internal.classpath.DefaultClassPath$ImmutableUniqueList              : loaded 2 times (x 159B)
Class org.gradle.internal.classpath.TransformedClassPath                              : loaded 2 times (x 94B)
Class Settings_gradle                                                                 : loaded 2 times (x 126B)


---------------  S Y S T E M  ---------------

OS:
 Windows 10 , 64 bit Build 19041 (10.0.19041.3636)
OS uptime: 0 days 2:13 hours

CPU: total 4 (initial active 4) (2 cores per cpu, 2 threads per core) family 6 model 78 stepping 3 microcode 0xf0, cx8, cmov, fxsr, ht, mmx, 3dnowpref, sse, sse2, sse3, ssse3, sse4.1, sse4.2, popcnt, lzcnt, tsc, tscinvbit, avx, avx2, aes, erms, clmul, bmi1, bmi2, rtm, adx, fma, vzeroupper, clflush, clflushopt

Memory: 4k page, system-wide physical 16212M (4057M free)
TotalPageFile size 24916M (AvailPageFile size 9806M)
current process WorkingSet (physical memory assigned to process): 337M, peak: 338M
current process commit charge ("private bytes"): 367M, peak: 395M

vm_info: OpenJDK 64-Bit Server VM (17.0.7+0-b2043.56-10550314) for windows-amd64 JRE (17.0.7+0-b2043.56-10550314), built on Jul 24 2023 18:27:45 by "androidbuild" with MS VC++ 16.10 / 16.11 (VS2019)

END.
