#
# A fatal error has been detected by the Java Runtime Environment:
#
#  EXCEPTION_ACCESS_VIOLATION (0xc0000005) at pc=0x00007ffe89702e54, pid=932, tid=8300
#
# JRE version: Java(TM) SE Runtime Environment (20.0.2+9) (build 20.0.2+9-78)
# Java VM: Java HotSpot(TM) 64-Bit Server VM (20.0.2+9-78, mixed mode, sharing, tiered, compressed oops, compressed class ptrs, g1 gc, windows-amd64)
# Problematic frame:
# V  [jvm.dll+0x252e54]
#
# No core dump will be written. Minidumps are not enabled by default on client versions of Windows
#
# If you would like to submit a bug report, please visit:
#   https://bugreport.java.com/bugreport/crash.jsp
#

---------------  S U M M A R Y ------------

Command Line: -XX:MaxMetaspaceSize=512m --add-opens=java.base/java.util=ALL-UNNAMED --add-opens=java.base/java.lang=ALL-UNNAMED --add-opens=java.base/java.lang.invoke=ALL-UNNAMED --add-opens=java.prefs/java.util.prefs=ALL-UNNAMED --add-opens=java.base/java.nio.charset=ALL-UNNAMED --add-opens=java.base/java.net=ALL-UNNAMED --add-opens=java.base/java.util.concurrent.atomic=ALL-UNNAMED -Xmx2048m -Dfile.encoding=UTF-8 -Duser.country=GB -Duser.language=en -Duser.variant -javaagent:C:\Users\shrut\.gradle\wrapper\dists\gradle-8.5-all\3zlzzgtsutfj0pbojr50n2l7z\gradle-8.5\lib\agents\gradle-instrumentation-agent-8.5.jar org.gradle.launcher.daemon.bootstrap.GradleDaemon 8.5

Host: Intel(R) Core(TM) i5-6300U CPU @ 2.40GHz, 4 cores, 15G,  Windows 10 , 64 bit Build 19041 (10.0.19041.3636)
Time: Tue Feb  6 13:11:25 2024 India Standard Time elapsed time: 10.018610 seconds (0d 0h 0m 10s)

---------------  T H R E A D  ---------------

Current thread (0x0000021f74036810):  JavaThread "C2 CompilerThread0" daemon [_thread_in_native, id=8300, stack(0x000000766d000000,0x000000766d100000)]


Current CompileTask:
C2:  10018 2989   !   4       java.net.URL::<init> (543 bytes)

Stack: [0x000000766d000000,0x000000766d100000],  sp=0x000000766d0fd430,  free space=1013k
Native frames: (J=compiled Java code, j=interpreted, Vv=VM code, C=native code)
V  [jvm.dll+0x252e54]
V  [jvm.dll+0x6df1b7]
V  [jvm.dll+0x253c77]
V  [jvm.dll+0x24a5d7]
V  [jvm.dll+0x1ce761]
V  [jvm.dll+0x25a0eb]
V  [jvm.dll+0x2587c0]
V  [jvm.dll+0x3f2dd5]
V  [jvm.dll+0x7f5c76]
V  [jvm.dll+0x6baecb]
C  [ucrtbase.dll+0x21bb2]
C  [KERNEL32.DLL+0x17344]
C  [ntdll.dll+0x526b1]


siginfo: EXCEPTION_ACCESS_VIOLATION (0xc0000005), reading address 0x0000029f74bbda48


Registers:
RAX=0x0000029f74bbda48, RBX=0x000000766d0fd4e0, RCX=0x0000000000000eb7, RDX=0x0000021f76a0cf70
RSP=0x000000766d0fd430, RBP=0x000000766d0fd660, RSI=0x000000000000004c, RDI=0x0000021f74bb82c8
R8 =0x0000000000000040, R9 =0x00000000000000e0, R10=0x00007ffee65b0000, R11=0x00007ffee65b1b41
R12=0x0000000000000003, R13=0x0000021f74bbda10, R14=0x0000000000000000, R15=0x0000000000000006
RIP=0x00007ffe89702e54, EFLAGS=0x0000000000010246


Register to memory mapping:

RIP=0x00007ffe89702e54 jvm.dll
RAX=0x0000029f74bbda48 is an unknown value
RBX=0x000000766d0fd4e0 is pointing into the stack for thread: 0x0000021f74036810
RCX=0x0000000000000eb7 is an unknown value
RDX=0x0000021f76a0cf70 points into unknown readable memory: 0x00000600000027df | df 27 00 00 00 06 00 00
RSP=0x000000766d0fd430 is pointing into the stack for thread: 0x0000021f74036810
RBP=0x000000766d0fd660 is pointing into the stack for thread: 0x0000021f74036810
RSI=0x000000000000004c is an unknown value
RDI=0x0000021f74bb82c8 points into unknown readable memory: 0x00007ffe89df2720 | 20 27 df 89 fe 7f 00 00
R8 =0x0000000000000040 is an unknown value
R9 =0x00000000000000e0 is an unknown value
R10=0x00007ffee65b0000 VCRUNTIME140.dll
R11=0x00007ffee65b1b41 VCRUNTIME140.dll
R12=0x0000000000000003 is an unknown value
R13=0x0000021f74bbda10 points into unknown readable memory: 0x00007ffe89df2b18 | 18 2b df 89 fe 7f 00 00
R14=0x0 is NULL
R15=0x0000000000000006 is an unknown value


Top of Stack: (sp=0x000000766d0fd430)
0x000000766d0fd430:   000000766d0fd4e0 000000766d0fd660
0x000000766d0fd440:   000000766d0fe240 0000000000002da3
0x000000766d0fd450:   0000000000000001 000000766d0fd4d0
0x000000766d0fd460:   000000766d0fd7f0 0000021f74036db0
0x000000766d0fd470:   000000766d0fe240 00007ffe89b8f1b7
0x000000766d0fd480:   0000007600000eb7 000000766d0fd660
0x000000766d0fd490:   0000021f74c10058 0000000000020338
0x000000766d0fd4a0:   0000021f74c0fc90 00007ffe89703c77
0x000000766d0fd4b0:   000000766d0fe240 0000021f74c08070
0x000000766d0fd4c0:   0000021f74036db0 0000021f6fd6fa80
0x000000766d0fd4d0:   0000021f00000002 000000766d0fe240
0x000000766d0fd4e0:   0000021f6fd6fa80 0000021f00004000
0x000000766d0fd4f0:   0000021f7651f4e0 0000021f00000f86
0x000000766d0fd500:   0000021f00000200 0000021f76a0ce40
0x000000766d0fd510:   00007ffe00000200 0000021f6fd6fa80
0x000000766d0fd520:   0000007600000000 000000766d0fef30
0x000000766d0fd530:   000000766d0fd7f0 0000021f75683ec8
0x000000766d0fd540:   0000000000000000 0000021fffffffff
0x000000766d0fd550:   0000000000000000 0000021f53baab10
0x000000766d0fd560:   0000000000000003 000000766d0fe240
0x000000766d0fd570:   0000021f53b8e680 0000000000000001
0x000000766d0fd580:   0000000000000001 00007ffe896fa5d7
0x000000766d0fd590:   0000021f760ba0b8 000000766d0fd690
0x000000766d0fd5a0:   0000000000000002 0000000000000001
0x000000766d0fd5b0:   0000000000000000 0000000000000000
0x000000766d0fd5c0:   0000000000000000 0000000000000000
0x000000766d0fd5d0:   0000000000000000 0000000000000000
0x000000766d0fd5e0:   0000000000000000 00007ffe89dfb5ec
0x000000766d0fd5f0:   0000000000000000 0000000000000000
0x000000766d0fd600:   0000000000000000 00007ffe89dfb5ec
0x000000766d0fd610:   0000000000000000 0000000000000000
0x000000766d0fd620:   0000021f6fd6fa80 0000021f7688af20 

Instructions: (pc=0x00007ffe89702e54)
0x00007ffe89702d54:   8b 8d a8 07 00 00 48 8b d7 e8 1e cd e7 ff 41 8b
0x00007ffe89702d64:   c6 48 f7 d8 4d 8d 24 c4 4c 3b e6 0f 83 0b fe ff
0x00007ffe89702d74:   ff 4c 8b 7c 24 30 4c 8b 74 24 38 48 8b 7c 24 40
0x00007ffe89702d84:   48 8b ac 24 80 00 00 00 48 83 c4 48 41 5d 41 5c
0x00007ffe89702d94:   5e 5b c3 cc cc cc cc cc cc cc cc cc 40 53 56 57
0x00007ffe89702da4:   48 83 ec 30 8b b9 50 02 00 00 48 8b da 2b b9 78
0x00007ffe89702db4:   02 00 00 48 8b f1 3b 7a 08 72 0a 8b d7 48 8b cb
0x00007ffe89702dc4:   e8 47 73 44 00 48 8b 43 10 48 c7 04 f8 00 00 00
0x00007ffe89702dd4:   00 48 8b 96 e0 02 00 00 48 85 d2 74 08 48 8b cb
0x00007ffe89702de4:   e8 97 cc e7 ff 48 8b 96 e8 02 00 00 48 85 d2 74
0x00007ffe89702df4:   08 48 8b cb e8 83 cc e7 ff 33 c0 89 44 24 50 39
0x00007ffe89702e04:   43 18 0f 86 f8 00 00 00 48 89 6c 24 58 4c 89 64
0x00007ffe89702e14:   24 60 4c 89 6c 24 68 4c 89 74 24 28 4c 89 7c 24
0x00007ffe89702e24:   20 66 66 66 0f 1f 84 00 00 00 00 00 8b c8 48 8b
0x00007ffe89702e34:   43 10 4c 8b 2c c8 41 8b 45 1c 85 c0 0f 84 92 00
0x00007ffe89702e44:   00 00 45 33 f6 44 8b e0 0f 1f 40 00 49 8b 45 08
0x00007ffe89702e54:   49 8b 3c 06 48 85 ff 74 6d 40 f6 c7 01 75 67 48
0x00007ffe89702e64:   83 3f fe 74 61 44 8b 7f 28 41 8b f7 c1 ee 05 3b
0x00007ffe89702e74:   73 20 72 0b 8b d6 48 8d 4b 20 e8 fd f2 5d 00 48
0x00007ffe89702e84:   8b 43 28 41 83 e7 1f 48 8d 14 b0 41 0f b6 cf 41
0x00007ffe89702e94:   b8 01 00 00 00 41 d3 e0 8b 0a 8b c1 41 0b c0 89
0x00007ffe89702ea4:   02 41 85 c8 75 20 8b 73 18 8d 46 01 89 43 18 3b
0x00007ffe89702eb4:   73 08 72 0a 8b d6 48 8b cb e8 4e 72 44 00 48 8b
0x00007ffe89702ec4:   43 10 48 89 3c f0 49 83 c6 08 49 83 ec 01 0f 85
0x00007ffe89702ed4:   78 ff ff ff 8b 44 24 50 ff c0 89 44 24 50 3b 43
0x00007ffe89702ee4:   18 0f 82 45 ff ff ff 4c 8b 7c 24 20 4c 8b 74 24
0x00007ffe89702ef4:   28 4c 8b 6c 24 68 4c 8b 64 24 60 48 8b 6c 24 58
0x00007ffe89702f04:   48 83 c4 30 5f 5e 5b c3 cc cc cc cc 40 53 48 83
0x00007ffe89702f14:   ec 20 48 8b 81 f0 02 00 00 48 8b d9 48 85 c0 75
0x00007ffe89702f24:   27 e8 96 37 00 00 48 8b d0 48 8b 48 10 48 8b 01
0x00007ffe89702f34:   48 3b c2 74 06 83 78 38 02 74 06 48 83 c1 08 eb
0x00007ffe89702f44:   ec 48 89 83 f0 02 00 00 48 83 c4 20 5b c3 cc cc 


Stack slot to memory mapping:
stack at sp + 0 slots: 0x000000766d0fd4e0 is pointing into the stack for thread: 0x0000021f74036810
stack at sp + 1 slots: 0x000000766d0fd660 is pointing into the stack for thread: 0x0000021f74036810
stack at sp + 2 slots: 0x000000766d0fe240 is pointing into the stack for thread: 0x0000021f74036810
stack at sp + 3 slots: 0x0000000000002da3 is an unknown value
stack at sp + 4 slots: 0x0000000000000001 is an unknown value
stack at sp + 5 slots: 0x000000766d0fd4d0 is pointing into the stack for thread: 0x0000021f74036810
stack at sp + 6 slots: 0x000000766d0fd7f0 is pointing into the stack for thread: 0x0000021f74036810
stack at sp + 7 slots: 0x0000021f74036db0 points into unknown readable memory: 0x0000000000000000 | 00 00 00 00 00 00 00 00


---------------  P R O C E S S  ---------------

Threads class SMR info:
_java_thread_list=0x0000021f743a6d50, length=24, elements={
0x0000021f53b8da20, 0x0000021f740089b0, 0x0000021f74009950, 0x0000021f7400e900,
0x0000021f74010450, 0x0000021f74015250, 0x0000021f74035ba0, 0x0000021f74036810,
0x0000021f740145c0, 0x0000021f6fd5c5b0, 0x0000021f742428d0, 0x0000021f75e68740,
0x0000021f74f73370, 0x0000021f74f748b0, 0x0000021f74f72380, 0x0000021f74f738c0,
0x0000021f74f73e10, 0x0000021f74f74360, 0x0000021f74f74e00, 0x0000021f74f75350,
0x0000021f74f71e30, 0x0000021f74f728d0, 0x0000021f74f72e20, 0x0000021f74098030
}

Java Threads: ( => current thread )
  0x0000021f53b8da20 JavaThread "main" [_thread_blocked, id=16224, stack(0x000000766c300000,0x000000766c400000)]
  0x0000021f740089b0 JavaThread "Reference Handler" daemon [_thread_blocked, id=18164, stack(0x000000766ca00000,0x000000766cb00000)]
  0x0000021f74009950 JavaThread "Finalizer" daemon [_thread_blocked, id=16808, stack(0x000000766cb00000,0x000000766cc00000)]
  0x0000021f7400e900 JavaThread "Signal Dispatcher" daemon [_thread_blocked, id=16116, stack(0x000000766cc00000,0x000000766cd00000)]
  0x0000021f74010450 JavaThread "Attach Listener" daemon [_thread_blocked, id=1500, stack(0x000000766cd00000,0x000000766ce00000)]
  0x0000021f74015250 JavaThread "Service Thread" daemon [_thread_blocked, id=17688, stack(0x000000766ce00000,0x000000766cf00000)]
  0x0000021f74035ba0 JavaThread "Monitor Deflation Thread" daemon [_thread_blocked, id=18240, stack(0x000000766cf00000,0x000000766d000000)]
=>0x0000021f74036810 JavaThread "C2 CompilerThread0" daemon [_thread_in_native, id=8300, stack(0x000000766d000000,0x000000766d100000)]
  0x0000021f740145c0 JavaThread "C1 CompilerThread0" daemon [_thread_blocked, id=16956, stack(0x000000766d100000,0x000000766d200000)]
  0x0000021f6fd5c5b0 JavaThread "Common-Cleaner" daemon [_thread_blocked, id=13608, stack(0x000000766d200000,0x000000766d300000)]
  0x0000021f742428d0 JavaThread "Notification Thread" daemon [_thread_blocked, id=9264, stack(0x000000766d300000,0x000000766d400000)]
  0x0000021f75e68740 JavaThread "Daemon health stats" [_thread_blocked, id=11128, stack(0x000000766d500000,0x000000766d600000)]
  0x0000021f74f73370 JavaThread "Incoming local TCP Connector on port 63601" [_thread_in_native, id=12120, stack(0x000000766d900000,0x000000766da00000)]
  0x0000021f74f748b0 JavaThread "Daemon periodic checks" [_thread_blocked, id=12536, stack(0x000000766da00000,0x000000766db00000)]
  0x0000021f74f72380 JavaThread "Daemon" [_thread_blocked, id=2032, stack(0x000000766db00000,0x000000766dc00000)]
  0x0000021f74f738c0 JavaThread "Handler for socket connection from /127.0.0.1:63601 to /127.0.0.1:63604" [_thread_in_native, id=12100, stack(0x000000766dc00000,0x000000766dd00000)]
  0x0000021f74f73e10 JavaThread "Cancel handler" [_thread_blocked, id=16544, stack(0x000000766dd00000,0x000000766de00000)]
  0x0000021f74f74360 JavaThread "Daemon worker" [_thread_in_vm, id=17932, stack(0x000000766de00000,0x000000766df00000)]
  0x0000021f74f74e00 JavaThread "Asynchronous log dispatcher for DefaultDaemonConnection: socket connection from /127.0.0.1:63601 to /127.0.0.1:63604" [_thread_blocked, id=13112, stack(0x000000766df00000,0x000000766e000000)]
  0x0000021f74f75350 JavaThread "Stdin handler" [_thread_blocked, id=13232, stack(0x000000766e000000,0x000000766e100000)]
  0x0000021f74f71e30 JavaThread "Daemon client event forwarder" [_thread_blocked, id=10812, stack(0x000000766e100000,0x000000766e200000)]
  0x0000021f74f728d0 JavaThread "Cache worker for journal cache (C:\Users\shrut\.gradle\caches\journal-1)" [_thread_blocked, id=7984, stack(0x000000766e200000,0x000000766e300000)]
  0x0000021f74f72e20 JavaThread "File lock request listener" [_thread_in_native, id=16136, stack(0x000000766e300000,0x000000766e400000)]
  0x0000021f74098030 JavaThread "Cache worker for file hash cache (C:\Users\shrut\.gradle\caches\8.5\fileHashes)" [_thread_blocked, id=16572, stack(0x000000766e500000,0x000000766e600000)]

Other Threads:
  0x0000021f6fd6eb60 VMThread "VM Thread" [stack: 0x000000766c900000,0x000000766ca00000] [id=8340]
  0x0000021f53b8f830 WatcherThread "VM Periodic Task Thread" [stack: 0x000000766d400000,0x000000766d500000] [id=17712]
  0x0000021f51afdfb0 WorkerThread "GC Thread#0" [stack: 0x000000766c400000,0x000000766c500000] [id=13504]
  0x0000021f7459ced0 WorkerThread "GC Thread#1" [stack: 0x000000766d600000,0x000000766d700000] [id=9636]
  0x0000021f743eee90 WorkerThread "GC Thread#2" [stack: 0x000000766d700000,0x000000766d800000] [id=13276]
  0x0000021f743ef160 WorkerThread "GC Thread#3" [stack: 0x000000766d800000,0x000000766d900000] [id=17996]
  0x0000021f53bf8810 ConcurrentGCThread "G1 Main Marker" [stack: 0x000000766c500000,0x000000766c600000] [id=16456]
  0x0000021f53bf9150 WorkerThread "G1 Conc#0" [stack: 0x000000766c600000,0x000000766c700000] [id=17832]
  0x0000021f53c4e6a0 ConcurrentGCThread "G1 Refine#0" [stack: 0x000000766c700000,0x000000766c800000] [id=10504]
  0x0000021f6fc35340 ConcurrentGCThread "G1 Service" [stack: 0x000000766c800000,0x000000766c900000] [id=17300]

Threads with active compile tasks:
C2 CompilerThread0    10207 2989   !   4       java.net.URL::<init> (543 bytes)

VM state: not at safepoint (normal execution)

VM Mutex/Monitor currently owned by a thread: None

Heap address: 0x0000000080000000, size: 2048 MB, Compressed Oops mode: 32-bit

CDS archive(s) mapped at: [0x0000021f00000000-0x0000021f00c60000-0x0000021f00c60000), size 12976128, SharedBaseAddress: 0x0000021f00000000, ArchiveRelocationMode: 1.
Compressed class space mapped at: 0x0000021f01000000-0x0000021f1ac00000, reserved size: 432013312
Narrow klass base: 0x0000021f00000000, Narrow klass shift: 0, Narrow klass range: 0x100000000

GC Precious Log:
 CardTable entry size: 512
 Card Set container configuration: InlinePtr #cards 5 size 8 Array Of Cards #cards 12 size 40 Howl #buckets 4 coarsen threshold 1843 Howl Bitmap #cards 512 size 80 coarsen threshold 460 Card regions per heap region 1 cards per card region 2048
 CPUs: 4 total, 4 available
 Memory: 16212M
 Large Page Support: Disabled
 NUMA Support: Disabled
 Compressed Oops: Enabled (32-bit)
 Heap Region Size: 1M
 Heap Min Capacity: 8M
 Heap Initial Capacity: 254M
 Heap Max Capacity: 2G
 Pre-touch: Disabled
 Parallel Workers: 4
 Concurrent Workers: 1
 Concurrent Refinement Workers: 4
 Periodic GC: Disabled

Heap:
 garbage-first heap   total 260096K, used 115474K [0x0000000080000000, 0x0000000100000000)
  region size 1024K, 104 young (106496K), 2 survivors (2048K)
 Metaspace       used 20729K, committed 21440K, reserved 487424K
  class space    used 3003K, committed 3328K, reserved 421888K

Heap Regions: E=young(eden), S=young(survivor), O=old, HS=humongous(starts), HC=humongous(continues), CS=collection set, F=free, OA=open archive, CA=closed archive, TAMS=top-at-mark-start, PB=parsable bottom
|   0|0x0000000080000000, 0x0000000080100000, 0x0000000080100000|100%| O|  |TAMS 0x0000000080000000| PB 0x0000000080000000| Untracked 
|   1|0x0000000080100000, 0x0000000080200000, 0x0000000080200000|100%| O|  |TAMS 0x0000000080100000| PB 0x0000000080100000| Untracked 
|   2|0x0000000080200000, 0x0000000080300000, 0x0000000080300000|100%|HS|  |TAMS 0x0000000080200000| PB 0x0000000080200000| Complete 
|   3|0x0000000080300000, 0x0000000080400000, 0x0000000080400000|100%|HC|  |TAMS 0x0000000080300000| PB 0x0000000080300000| Complete 
|   4|0x0000000080400000, 0x0000000080500000, 0x0000000080500000|100%|HC|  |TAMS 0x0000000080400000| PB 0x0000000080400000| Complete 
|   5|0x0000000080500000, 0x0000000080600000, 0x0000000080600000|100%|HC|  |TAMS 0x0000000080500000| PB 0x0000000080500000| Complete 
|   6|0x0000000080600000, 0x0000000080700000, 0x0000000080700000|100%| O|  |TAMS 0x0000000080600000| PB 0x0000000080600000| Untracked 
|   7|0x0000000080700000, 0x0000000080800000, 0x0000000080800000|100%| O|  |TAMS 0x0000000080700000| PB 0x0000000080700000| Untracked 
|   8|0x0000000080800000, 0x0000000080900000, 0x0000000080900000|100%| O|  |TAMS 0x0000000080800000| PB 0x0000000080800000| Untracked 
|   9|0x0000000080900000, 0x0000000080a00000, 0x0000000080a00000|100%| O|  |TAMS 0x0000000080900000| PB 0x0000000080900000| Untracked 
|  10|0x0000000080a00000, 0x0000000080aa3800, 0x0000000080b00000| 63%| O|  |TAMS 0x0000000080a00000| PB 0x0000000080a00000| Untracked 
|  11|0x0000000080b00000, 0x0000000080c00000, 0x0000000080c00000|100%|HS|  |TAMS 0x0000000080b00000| PB 0x0000000080b00000| Complete 
|  12|0x0000000080c00000, 0x0000000080c00000, 0x0000000080d00000|  0%| F|  |TAMS 0x0000000080c00000| PB 0x0000000080c00000| Untracked 
|  13|0x0000000080d00000, 0x0000000080d00000, 0x0000000080e00000|  0%| F|  |TAMS 0x0000000080d00000| PB 0x0000000080d00000| Untracked 
|  14|0x0000000080e00000, 0x0000000080e00000, 0x0000000080f00000|  0%| F|  |TAMS 0x0000000080e00000| PB 0x0000000080e00000| Untracked 
|  15|0x0000000080f00000, 0x0000000080f00000, 0x0000000081000000|  0%| F|  |TAMS 0x0000000080f00000| PB 0x0000000080f00000| Untracked 
|  16|0x0000000081000000, 0x0000000081000000, 0x0000000081100000|  0%| F|  |TAMS 0x0000000081000000| PB 0x0000000081000000| Untracked 
|  17|0x0000000081100000, 0x0000000081100000, 0x0000000081200000|  0%| F|  |TAMS 0x0000000081100000| PB 0x0000000081100000| Untracked 
|  18|0x0000000081200000, 0x0000000081200000, 0x0000000081300000|  0%| F|  |TAMS 0x0000000081200000| PB 0x0000000081200000| Untracked 
|  19|0x0000000081300000, 0x0000000081300000, 0x0000000081400000|  0%| F|  |TAMS 0x0000000081300000| PB 0x0000000081300000| Untracked 
|  20|0x0000000081400000, 0x0000000081400000, 0x0000000081500000|  0%| F|  |TAMS 0x0000000081400000| PB 0x0000000081400000| Untracked 
|  21|0x0000000081500000, 0x0000000081500000, 0x0000000081600000|  0%| F|  |TAMS 0x0000000081500000| PB 0x0000000081500000| Untracked 
|  22|0x0000000081600000, 0x0000000081600000, 0x0000000081700000|  0%| F|  |TAMS 0x0000000081600000| PB 0x0000000081600000| Untracked 
|  23|0x0000000081700000, 0x0000000081700000, 0x0000000081800000|  0%| F|  |TAMS 0x0000000081700000| PB 0x0000000081700000| Untracked 
|  24|0x0000000081800000, 0x0000000081800000, 0x0000000081900000|  0%| F|  |TAMS 0x0000000081800000| PB 0x0000000081800000| Untracked 
|  25|0x0000000081900000, 0x0000000081900000, 0x0000000081a00000|  0%| F|  |TAMS 0x0000000081900000| PB 0x0000000081900000| Untracked 
|  26|0x0000000081a00000, 0x0000000081a00000, 0x0000000081b00000|  0%| F|  |TAMS 0x0000000081a00000| PB 0x0000000081a00000| Untracked 
|  27|0x0000000081b00000, 0x0000000081b00000, 0x0000000081c00000|  0%| F|  |TAMS 0x0000000081b00000| PB 0x0000000081b00000| Untracked 
|  28|0x0000000081c00000, 0x0000000081c00000, 0x0000000081d00000|  0%| F|  |TAMS 0x0000000081c00000| PB 0x0000000081c00000| Untracked 
|  29|0x0000000081d00000, 0x0000000081d00000, 0x0000000081e00000|  0%| F|  |TAMS 0x0000000081d00000| PB 0x0000000081d00000| Untracked 
|  30|0x0000000081e00000, 0x0000000081e00000, 0x0000000081f00000|  0%| F|  |TAMS 0x0000000081e00000| PB 0x0000000081e00000| Untracked 
|  31|0x0000000081f00000, 0x0000000081f00000, 0x0000000082000000|  0%| F|  |TAMS 0x0000000081f00000| PB 0x0000000081f00000| Untracked 
|  32|0x0000000082000000, 0x0000000082000000, 0x0000000082100000|  0%| F|  |TAMS 0x0000000082000000| PB 0x0000000082000000| Untracked 
|  33|0x0000000082100000, 0x0000000082100000, 0x0000000082200000|  0%| F|  |TAMS 0x0000000082100000| PB 0x0000000082100000| Untracked 
|  34|0x0000000082200000, 0x0000000082200000, 0x0000000082300000|  0%| F|  |TAMS 0x0000000082200000| PB 0x0000000082200000| Untracked 
|  35|0x0000000082300000, 0x0000000082300000, 0x0000000082400000|  0%| F|  |TAMS 0x0000000082300000| PB 0x0000000082300000| Untracked 
|  36|0x0000000082400000, 0x0000000082400000, 0x0000000082500000|  0%| F|  |TAMS 0x0000000082400000| PB 0x0000000082400000| Untracked 
|  37|0x0000000082500000, 0x0000000082500000, 0x0000000082600000|  0%| F|  |TAMS 0x0000000082500000| PB 0x0000000082500000| Untracked 
|  38|0x0000000082600000, 0x0000000082600000, 0x0000000082700000|  0%| F|  |TAMS 0x0000000082600000| PB 0x0000000082600000| Untracked 
|  39|0x0000000082700000, 0x0000000082700000, 0x0000000082800000|  0%| F|  |TAMS 0x0000000082700000| PB 0x0000000082700000| Untracked 
|  40|0x0000000082800000, 0x0000000082800000, 0x0000000082900000|  0%| F|  |TAMS 0x0000000082800000| PB 0x0000000082800000| Untracked 
|  41|0x0000000082900000, 0x0000000082900000, 0x0000000082a00000|  0%| F|  |TAMS 0x0000000082900000| PB 0x0000000082900000| Untracked 
|  42|0x0000000082a00000, 0x0000000082a00000, 0x0000000082b00000|  0%| F|  |TAMS 0x0000000082a00000| PB 0x0000000082a00000| Untracked 
|  43|0x0000000082b00000, 0x0000000082b00000, 0x0000000082c00000|  0%| F|  |TAMS 0x0000000082b00000| PB 0x0000000082b00000| Untracked 
|  44|0x0000000082c00000, 0x0000000082c00000, 0x0000000082d00000|  0%| F|  |TAMS 0x0000000082c00000| PB 0x0000000082c00000| Untracked 
|  45|0x0000000082d00000, 0x0000000082d00000, 0x0000000082e00000|  0%| F|  |TAMS 0x0000000082d00000| PB 0x0000000082d00000| Untracked 
|  46|0x0000000082e00000, 0x0000000082e00000, 0x0000000082f00000|  0%| F|  |TAMS 0x0000000082e00000| PB 0x0000000082e00000| Untracked 
|  47|0x0000000082f00000, 0x0000000082f00000, 0x0000000083000000|  0%| F|  |TAMS 0x0000000082f00000| PB 0x0000000082f00000| Untracked 
|  48|0x0000000083000000, 0x0000000083000000, 0x0000000083100000|  0%| F|  |TAMS 0x0000000083000000| PB 0x0000000083000000| Untracked 
|  49|0x0000000083100000, 0x0000000083100000, 0x0000000083200000|  0%| F|  |TAMS 0x0000000083100000| PB 0x0000000083100000| Untracked 
|  50|0x0000000083200000, 0x0000000083200000, 0x0000000083300000|  0%| F|  |TAMS 0x0000000083200000| PB 0x0000000083200000| Untracked 
|  51|0x0000000083300000, 0x0000000083300000, 0x0000000083400000|  0%| F|  |TAMS 0x0000000083300000| PB 0x0000000083300000| Untracked 
|  52|0x0000000083400000, 0x0000000083400000, 0x0000000083500000|  0%| F|  |TAMS 0x0000000083400000| PB 0x0000000083400000| Untracked 
|  53|0x0000000083500000, 0x0000000083500000, 0x0000000083600000|  0%| F|  |TAMS 0x0000000083500000| PB 0x0000000083500000| Untracked 
|  54|0x0000000083600000, 0x0000000083600000, 0x0000000083700000|  0%| F|  |TAMS 0x0000000083600000| PB 0x0000000083600000| Untracked 
|  55|0x0000000083700000, 0x0000000083700000, 0x0000000083800000|  0%| F|  |TAMS 0x0000000083700000| PB 0x0000000083700000| Untracked 
|  56|0x0000000083800000, 0x0000000083800000, 0x0000000083900000|  0%| F|  |TAMS 0x0000000083800000| PB 0x0000000083800000| Untracked 
|  57|0x0000000083900000, 0x0000000083900000, 0x0000000083a00000|  0%| F|  |TAMS 0x0000000083900000| PB 0x0000000083900000| Untracked 
|  58|0x0000000083a00000, 0x0000000083a00000, 0x0000000083b00000|  0%| F|  |TAMS 0x0000000083a00000| PB 0x0000000083a00000| Untracked 
|  59|0x0000000083b00000, 0x0000000083b00000, 0x0000000083c00000|  0%| F|  |TAMS 0x0000000083b00000| PB 0x0000000083b00000| Untracked 
|  60|0x0000000083c00000, 0x0000000083c00000, 0x0000000083d00000|  0%| F|  |TAMS 0x0000000083c00000| PB 0x0000000083c00000| Untracked 
|  61|0x0000000083d00000, 0x0000000083d00000, 0x0000000083e00000|  0%| F|  |TAMS 0x0000000083d00000| PB 0x0000000083d00000| Untracked 
|  62|0x0000000083e00000, 0x0000000083e00000, 0x0000000083f00000|  0%| F|  |TAMS 0x0000000083e00000| PB 0x0000000083e00000| Untracked 
|  63|0x0000000083f00000, 0x0000000083f00000, 0x0000000084000000|  0%| F|  |TAMS 0x0000000083f00000| PB 0x0000000083f00000| Untracked 
|  64|0x0000000084000000, 0x0000000084000000, 0x0000000084100000|  0%| F|  |TAMS 0x0000000084000000| PB 0x0000000084000000| Untracked 
|  65|0x0000000084100000, 0x0000000084100000, 0x0000000084200000|  0%| F|  |TAMS 0x0000000084100000| PB 0x0000000084100000| Untracked 
|  66|0x0000000084200000, 0x0000000084200000, 0x0000000084300000|  0%| F|  |TAMS 0x0000000084200000| PB 0x0000000084200000| Untracked 
|  67|0x0000000084300000, 0x0000000084300000, 0x0000000084400000|  0%| F|  |TAMS 0x0000000084300000| PB 0x0000000084300000| Untracked 
|  68|0x0000000084400000, 0x0000000084400000, 0x0000000084500000|  0%| F|  |TAMS 0x0000000084400000| PB 0x0000000084400000| Untracked 
|  69|0x0000000084500000, 0x0000000084500000, 0x0000000084600000|  0%| F|  |TAMS 0x0000000084500000| PB 0x0000000084500000| Untracked 
|  70|0x0000000084600000, 0x0000000084600000, 0x0000000084700000|  0%| F|  |TAMS 0x0000000084600000| PB 0x0000000084600000| Untracked 
|  71|0x0000000084700000, 0x0000000084700000, 0x0000000084800000|  0%| F|  |TAMS 0x0000000084700000| PB 0x0000000084700000| Untracked 
|  72|0x0000000084800000, 0x0000000084800000, 0x0000000084900000|  0%| F|  |TAMS 0x0000000084800000| PB 0x0000000084800000| Untracked 
|  73|0x0000000084900000, 0x0000000084900000, 0x0000000084a00000|  0%| F|  |TAMS 0x0000000084900000| PB 0x0000000084900000| Untracked 
|  74|0x0000000084a00000, 0x0000000084a00000, 0x0000000084b00000|  0%| F|  |TAMS 0x0000000084a00000| PB 0x0000000084a00000| Untracked 
|  75|0x0000000084b00000, 0x0000000084b00000, 0x0000000084c00000|  0%| F|  |TAMS 0x0000000084b00000| PB 0x0000000084b00000| Untracked 
|  76|0x0000000084c00000, 0x0000000084c00000, 0x0000000084d00000|  0%| F|  |TAMS 0x0000000084c00000| PB 0x0000000084c00000| Untracked 
|  77|0x0000000084d00000, 0x0000000084d00000, 0x0000000084e00000|  0%| F|  |TAMS 0x0000000084d00000| PB 0x0000000084d00000| Untracked 
|  78|0x0000000084e00000, 0x0000000084e00000, 0x0000000084f00000|  0%| F|  |TAMS 0x0000000084e00000| PB 0x0000000084e00000| Untracked 
|  79|0x0000000084f00000, 0x0000000084f00000, 0x0000000085000000|  0%| F|  |TAMS 0x0000000084f00000| PB 0x0000000084f00000| Untracked 
|  80|0x0000000085000000, 0x0000000085000000, 0x0000000085100000|  0%| F|  |TAMS 0x0000000085000000| PB 0x0000000085000000| Untracked 
|  81|0x0000000085100000, 0x0000000085100000, 0x0000000085200000|  0%| F|  |TAMS 0x0000000085100000| PB 0x0000000085100000| Untracked 
|  82|0x0000000085200000, 0x0000000085200000, 0x0000000085300000|  0%| F|  |TAMS 0x0000000085200000| PB 0x0000000085200000| Untracked 
|  83|0x0000000085300000, 0x0000000085300000, 0x0000000085400000|  0%| F|  |TAMS 0x0000000085300000| PB 0x0000000085300000| Untracked 
|  84|0x0000000085400000, 0x0000000085400000, 0x0000000085500000|  0%| F|  |TAMS 0x0000000085400000| PB 0x0000000085400000| Untracked 
|  85|0x0000000085500000, 0x0000000085500000, 0x0000000085600000|  0%| F|  |TAMS 0x0000000085500000| PB 0x0000000085500000| Untracked 
|  86|0x0000000085600000, 0x0000000085600000, 0x0000000085700000|  0%| F|  |TAMS 0x0000000085600000| PB 0x0000000085600000| Untracked 
|  87|0x0000000085700000, 0x0000000085700000, 0x0000000085800000|  0%| F|  |TAMS 0x0000000085700000| PB 0x0000000085700000| Untracked 
|  88|0x0000000085800000, 0x0000000085800000, 0x0000000085900000|  0%| F|  |TAMS 0x0000000085800000| PB 0x0000000085800000| Untracked 
|  89|0x0000000085900000, 0x0000000085900000, 0x0000000085a00000|  0%| F|  |TAMS 0x0000000085900000| PB 0x0000000085900000| Untracked 
|  90|0x0000000085a00000, 0x0000000085a00000, 0x0000000085b00000|  0%| F|  |TAMS 0x0000000085a00000| PB 0x0000000085a00000| Untracked 
|  91|0x0000000085b00000, 0x0000000085b00000, 0x0000000085c00000|  0%| F|  |TAMS 0x0000000085b00000| PB 0x0000000085b00000| Untracked 
|  92|0x0000000085c00000, 0x0000000085c00000, 0x0000000085d00000|  0%| F|  |TAMS 0x0000000085c00000| PB 0x0000000085c00000| Untracked 
|  93|0x0000000085d00000, 0x0000000085d00000, 0x0000000085e00000|  0%| F|  |TAMS 0x0000000085d00000| PB 0x0000000085d00000| Untracked 
|  94|0x0000000085e00000, 0x0000000085e00000, 0x0000000085f00000|  0%| F|  |TAMS 0x0000000085e00000| PB 0x0000000085e00000| Untracked 
|  95|0x0000000085f00000, 0x0000000085f00000, 0x0000000086000000|  0%| F|  |TAMS 0x0000000085f00000| PB 0x0000000085f00000| Untracked 
|  96|0x0000000086000000, 0x0000000086000000, 0x0000000086100000|  0%| F|  |TAMS 0x0000000086000000| PB 0x0000000086000000| Untracked 
|  97|0x0000000086100000, 0x0000000086100000, 0x0000000086200000|  0%| F|  |TAMS 0x0000000086100000| PB 0x0000000086100000| Untracked 
|  98|0x0000000086200000, 0x0000000086200000, 0x0000000086300000|  0%| F|  |TAMS 0x0000000086200000| PB 0x0000000086200000| Untracked 
|  99|0x0000000086300000, 0x0000000086300000, 0x0000000086400000|  0%| F|  |TAMS 0x0000000086300000| PB 0x0000000086300000| Untracked 
| 100|0x0000000086400000, 0x0000000086400000, 0x0000000086500000|  0%| F|  |TAMS 0x0000000086400000| PB 0x0000000086400000| Untracked 
| 101|0x0000000086500000, 0x0000000086500000, 0x0000000086600000|  0%| F|  |TAMS 0x0000000086500000| PB 0x0000000086500000| Untracked 
| 102|0x0000000086600000, 0x0000000086600000, 0x0000000086700000|  0%| F|  |TAMS 0x0000000086600000| PB 0x0000000086600000| Untracked 
| 103|0x0000000086700000, 0x0000000086700000, 0x0000000086800000|  0%| F|  |TAMS 0x0000000086700000| PB 0x0000000086700000| Untracked 
| 104|0x0000000086800000, 0x0000000086800000, 0x0000000086900000|  0%| F|  |TAMS 0x0000000086800000| PB 0x0000000086800000| Untracked 
| 105|0x0000000086900000, 0x0000000086900000, 0x0000000086a00000|  0%| F|  |TAMS 0x0000000086900000| PB 0x0000000086900000| Untracked 
| 106|0x0000000086a00000, 0x0000000086a00000, 0x0000000086b00000|  0%| F|  |TAMS 0x0000000086a00000| PB 0x0000000086a00000| Untracked 
| 107|0x0000000086b00000, 0x0000000086b00000, 0x0000000086c00000|  0%| F|  |TAMS 0x0000000086b00000| PB 0x0000000086b00000| Untracked 
| 108|0x0000000086c00000, 0x0000000086c00000, 0x0000000086d00000|  0%| F|  |TAMS 0x0000000086c00000| PB 0x0000000086c00000| Untracked 
| 109|0x0000000086d00000, 0x0000000086d00000, 0x0000000086e00000|  0%| F|  |TAMS 0x0000000086d00000| PB 0x0000000086d00000| Untracked 
| 110|0x0000000086e00000, 0x0000000086e00000, 0x0000000086f00000|  0%| F|  |TAMS 0x0000000086e00000| PB 0x0000000086e00000| Untracked 
| 111|0x0000000086f00000, 0x0000000086f00000, 0x0000000087000000|  0%| F|  |TAMS 0x0000000086f00000| PB 0x0000000086f00000| Untracked 
| 112|0x0000000087000000, 0x0000000087000000, 0x0000000087100000|  0%| F|  |TAMS 0x0000000087000000| PB 0x0000000087000000| Untracked 
| 113|0x0000000087100000, 0x0000000087100000, 0x0000000087200000|  0%| F|  |TAMS 0x0000000087100000| PB 0x0000000087100000| Untracked 
| 114|0x0000000087200000, 0x0000000087200000, 0x0000000087300000|  0%| F|  |TAMS 0x0000000087200000| PB 0x0000000087200000| Untracked 
| 115|0x0000000087300000, 0x0000000087300000, 0x0000000087400000|  0%| F|  |TAMS 0x0000000087300000| PB 0x0000000087300000| Untracked 
| 116|0x0000000087400000, 0x0000000087400000, 0x0000000087500000|  0%| F|  |TAMS 0x0000000087400000| PB 0x0000000087400000| Untracked 
| 117|0x0000000087500000, 0x0000000087500000, 0x0000000087600000|  0%| F|  |TAMS 0x0000000087500000| PB 0x0000000087500000| Untracked 
| 118|0x0000000087600000, 0x0000000087600000, 0x0000000087700000|  0%| F|  |TAMS 0x0000000087600000| PB 0x0000000087600000| Untracked 
| 119|0x0000000087700000, 0x0000000087700000, 0x0000000087800000|  0%| F|  |TAMS 0x0000000087700000| PB 0x0000000087700000| Untracked 
| 120|0x0000000087800000, 0x0000000087800000, 0x0000000087900000|  0%| F|  |TAMS 0x0000000087800000| PB 0x0000000087800000| Untracked 
| 121|0x0000000087900000, 0x0000000087900000, 0x0000000087a00000|  0%| F|  |TAMS 0x0000000087900000| PB 0x0000000087900000| Untracked 
| 122|0x0000000087a00000, 0x0000000087a00000, 0x0000000087b00000|  0%| F|  |TAMS 0x0000000087a00000| PB 0x0000000087a00000| Untracked 
| 123|0x0000000087b00000, 0x0000000087b00000, 0x0000000087c00000|  0%| F|  |TAMS 0x0000000087b00000| PB 0x0000000087b00000| Untracked 
| 124|0x0000000087c00000, 0x0000000087c00000, 0x0000000087d00000|  0%| F|  |TAMS 0x0000000087c00000| PB 0x0000000087c00000| Untracked 
| 125|0x0000000087d00000, 0x0000000087d00000, 0x0000000087e00000|  0%| F|  |TAMS 0x0000000087d00000| PB 0x0000000087d00000| Untracked 
| 126|0x0000000087e00000, 0x0000000087e00000, 0x0000000087f00000|  0%| F|  |TAMS 0x0000000087e00000| PB 0x0000000087e00000| Untracked 
| 127|0x0000000087f00000, 0x0000000087f00000, 0x0000000088000000|  0%| F|  |TAMS 0x0000000087f00000| PB 0x0000000087f00000| Untracked 
| 128|0x0000000088000000, 0x0000000088000000, 0x0000000088100000|  0%| F|  |TAMS 0x0000000088000000| PB 0x0000000088000000| Untracked 
| 129|0x0000000088100000, 0x0000000088100000, 0x0000000088200000|  0%| F|  |TAMS 0x0000000088100000| PB 0x0000000088100000| Untracked 
| 130|0x0000000088200000, 0x0000000088200000, 0x0000000088300000|  0%| F|  |TAMS 0x0000000088200000| PB 0x0000000088200000| Untracked 
| 131|0x0000000088300000, 0x0000000088300000, 0x0000000088400000|  0%| F|  |TAMS 0x0000000088300000| PB 0x0000000088300000| Untracked 
| 132|0x0000000088400000, 0x0000000088400000, 0x0000000088500000|  0%| F|  |TAMS 0x0000000088400000| PB 0x0000000088400000| Untracked 
| 133|0x0000000088500000, 0x0000000088500000, 0x0000000088600000|  0%| F|  |TAMS 0x0000000088500000| PB 0x0000000088500000| Untracked 
| 134|0x0000000088600000, 0x0000000088600000, 0x0000000088700000|  0%| F|  |TAMS 0x0000000088600000| PB 0x0000000088600000| Untracked 
| 135|0x0000000088700000, 0x0000000088700000, 0x0000000088800000|  0%| F|  |TAMS 0x0000000088700000| PB 0x0000000088700000| Untracked 
| 136|0x0000000088800000, 0x0000000088800000, 0x0000000088900000|  0%| F|  |TAMS 0x0000000088800000| PB 0x0000000088800000| Untracked 
| 137|0x0000000088900000, 0x0000000088900000, 0x0000000088a00000|  0%| F|  |TAMS 0x0000000088900000| PB 0x0000000088900000| Untracked 
| 138|0x0000000088a00000, 0x0000000088a00000, 0x0000000088b00000|  0%| F|  |TAMS 0x0000000088a00000| PB 0x0000000088a00000| Untracked 
| 139|0x0000000088b00000, 0x0000000088b00000, 0x0000000088c00000|  0%| F|  |TAMS 0x0000000088b00000| PB 0x0000000088b00000| Untracked 
| 140|0x0000000088c00000, 0x0000000088c00000, 0x0000000088d00000|  0%| F|  |TAMS 0x0000000088c00000| PB 0x0000000088c00000| Untracked 
| 141|0x0000000088d00000, 0x0000000088d00000, 0x0000000088e00000|  0%| F|  |TAMS 0x0000000088d00000| PB 0x0000000088d00000| Untracked 
| 142|0x0000000088e00000, 0x0000000088e00000, 0x0000000088f00000|  0%| F|  |TAMS 0x0000000088e00000| PB 0x0000000088e00000| Untracked 
| 143|0x0000000088f00000, 0x0000000088f00000, 0x0000000089000000|  0%| F|  |TAMS 0x0000000088f00000| PB 0x0000000088f00000| Untracked 
| 144|0x0000000089000000, 0x0000000089000000, 0x0000000089100000|  0%| F|  |TAMS 0x0000000089000000| PB 0x0000000089000000| Untracked 
| 145|0x0000000089100000, 0x0000000089100000, 0x0000000089200000|  0%| F|  |TAMS 0x0000000089100000| PB 0x0000000089100000| Untracked 
| 146|0x0000000089200000, 0x0000000089200000, 0x0000000089300000|  0%| F|  |TAMS 0x0000000089200000| PB 0x0000000089200000| Untracked 
| 147|0x0000000089300000, 0x0000000089300000, 0x0000000089400000|  0%| F|  |TAMS 0x0000000089300000| PB 0x0000000089300000| Untracked 
| 148|0x0000000089400000, 0x0000000089400000, 0x0000000089500000|  0%| F|  |TAMS 0x0000000089400000| PB 0x0000000089400000| Untracked 
| 149|0x0000000089500000, 0x0000000089500000, 0x0000000089600000|  0%| F|  |TAMS 0x0000000089500000| PB 0x0000000089500000| Untracked 
| 150|0x0000000089600000, 0x00000000896807a0, 0x0000000089700000| 50%| E|  |TAMS 0x0000000089600000| PB 0x0000000089600000| Complete 
| 151|0x0000000089700000, 0x0000000089800000, 0x0000000089800000|100%| E|CS|TAMS 0x0000000089700000| PB 0x0000000089700000| Complete 
| 152|0x0000000089800000, 0x0000000089900000, 0x0000000089900000|100%| E|CS|TAMS 0x0000000089800000| PB 0x0000000089800000| Complete 
| 153|0x0000000089900000, 0x0000000089a00000, 0x0000000089a00000|100%| E|CS|TAMS 0x0000000089900000| PB 0x0000000089900000| Complete 
| 154|0x0000000089a00000, 0x0000000089b00000, 0x0000000089b00000|100%| E|CS|TAMS 0x0000000089a00000| PB 0x0000000089a00000| Complete 
| 155|0x0000000089b00000, 0x0000000089c00000, 0x0000000089c00000|100%| E|CS|TAMS 0x0000000089b00000| PB 0x0000000089b00000| Complete 
| 156|0x0000000089c00000, 0x0000000089d00000, 0x0000000089d00000|100%| E|CS|TAMS 0x0000000089c00000| PB 0x0000000089c00000| Complete 
| 157|0x0000000089d00000, 0x0000000089e00000, 0x0000000089e00000|100%| E|CS|TAMS 0x0000000089d00000| PB 0x0000000089d00000| Complete 
| 158|0x0000000089e00000, 0x0000000089f00000, 0x0000000089f00000|100%| E|CS|TAMS 0x0000000089e00000| PB 0x0000000089e00000| Complete 
| 159|0x0000000089f00000, 0x000000008a000000, 0x000000008a000000|100%| E|CS|TAMS 0x0000000089f00000| PB 0x0000000089f00000| Complete 
| 160|0x000000008a000000, 0x000000008a100000, 0x000000008a100000|100%| E|CS|TAMS 0x000000008a000000| PB 0x000000008a000000| Complete 
| 161|0x000000008a100000, 0x000000008a200000, 0x000000008a200000|100%| E|CS|TAMS 0x000000008a100000| PB 0x000000008a100000| Complete 
| 162|0x000000008a200000, 0x000000008a300000, 0x000000008a300000|100%| E|CS|TAMS 0x000000008a200000| PB 0x000000008a200000| Complete 
| 163|0x000000008a300000, 0x000000008a400000, 0x000000008a400000|100%| E|CS|TAMS 0x000000008a300000| PB 0x000000008a300000| Complete 
| 164|0x000000008a400000, 0x000000008a500000, 0x000000008a500000|100%| E|CS|TAMS 0x000000008a400000| PB 0x000000008a400000| Complete 
| 165|0x000000008a500000, 0x000000008a600000, 0x000000008a600000|100%| E|CS|TAMS 0x000000008a500000| PB 0x000000008a500000| Complete 
| 166|0x000000008a600000, 0x000000008a700000, 0x000000008a700000|100%| E|CS|TAMS 0x000000008a600000| PB 0x000000008a600000| Complete 
| 167|0x000000008a700000, 0x000000008a800000, 0x000000008a800000|100%| E|CS|TAMS 0x000000008a700000| PB 0x000000008a700000| Complete 
| 168|0x000000008a800000, 0x000000008a900000, 0x000000008a900000|100%| E|CS|TAMS 0x000000008a800000| PB 0x000000008a800000| Complete 
| 169|0x000000008a900000, 0x000000008aa00000, 0x000000008aa00000|100%| E|CS|TAMS 0x000000008a900000| PB 0x000000008a900000| Complete 
| 170|0x000000008aa00000, 0x000000008ab00000, 0x000000008ab00000|100%| E|CS|TAMS 0x000000008aa00000| PB 0x000000008aa00000| Complete 
| 171|0x000000008ab00000, 0x000000008ac00000, 0x000000008ac00000|100%| E|CS|TAMS 0x000000008ab00000| PB 0x000000008ab00000| Complete 
| 172|0x000000008ac00000, 0x000000008ad00000, 0x000000008ad00000|100%| E|CS|TAMS 0x000000008ac00000| PB 0x000000008ac00000| Complete 
| 173|0x000000008ad00000, 0x000000008ae00000, 0x000000008ae00000|100%| E|CS|TAMS 0x000000008ad00000| PB 0x000000008ad00000| Complete 
| 174|0x000000008ae00000, 0x000000008af00000, 0x000000008af00000|100%| E|CS|TAMS 0x000000008ae00000| PB 0x000000008ae00000| Complete 
| 175|0x000000008af00000, 0x000000008b000000, 0x000000008b000000|100%| E|CS|TAMS 0x000000008af00000| PB 0x000000008af00000| Complete 
| 176|0x000000008b000000, 0x000000008b100000, 0x000000008b100000|100%| E|CS|TAMS 0x000000008b000000| PB 0x000000008b000000| Complete 
| 177|0x000000008b100000, 0x000000008b200000, 0x000000008b200000|100%| E|CS|TAMS 0x000000008b100000| PB 0x000000008b100000| Complete 
| 178|0x000000008b200000, 0x000000008b300000, 0x000000008b300000|100%| E|CS|TAMS 0x000000008b200000| PB 0x000000008b200000| Complete 
| 179|0x000000008b300000, 0x000000008b400000, 0x000000008b400000|100%| E|CS|TAMS 0x000000008b300000| PB 0x000000008b300000| Complete 
| 180|0x000000008b400000, 0x000000008b500000, 0x000000008b500000|100%| E|CS|TAMS 0x000000008b400000| PB 0x000000008b400000| Complete 
| 181|0x000000008b500000, 0x000000008b600000, 0x000000008b600000|100%| E|CS|TAMS 0x000000008b500000| PB 0x000000008b500000| Complete 
| 182|0x000000008b600000, 0x000000008b700000, 0x000000008b700000|100%| E|CS|TAMS 0x000000008b600000| PB 0x000000008b600000| Complete 
| 183|0x000000008b700000, 0x000000008b800000, 0x000000008b800000|100%| E|CS|TAMS 0x000000008b700000| PB 0x000000008b700000| Complete 
| 184|0x000000008b800000, 0x000000008b900000, 0x000000008b900000|100%| E|CS|TAMS 0x000000008b800000| PB 0x000000008b800000| Complete 
| 185|0x000000008b900000, 0x000000008ba00000, 0x000000008ba00000|100%| E|CS|TAMS 0x000000008b900000| PB 0x000000008b900000| Complete 
| 186|0x000000008ba00000, 0x000000008bb00000, 0x000000008bb00000|100%| E|CS|TAMS 0x000000008ba00000| PB 0x000000008ba00000| Complete 
| 187|0x000000008bb00000, 0x000000008bc00000, 0x000000008bc00000|100%| E|CS|TAMS 0x000000008bb00000| PB 0x000000008bb00000| Complete 
| 188|0x000000008bc00000, 0x000000008bd00000, 0x000000008bd00000|100%| E|CS|TAMS 0x000000008bc00000| PB 0x000000008bc00000| Complete 
| 189|0x000000008bd00000, 0x000000008be00000, 0x000000008be00000|100%| E|CS|TAMS 0x000000008bd00000| PB 0x000000008bd00000| Complete 
| 190|0x000000008be00000, 0x000000008bf00000, 0x000000008bf00000|100%| E|CS|TAMS 0x000000008be00000| PB 0x000000008be00000| Complete 
| 191|0x000000008bf00000, 0x000000008c000000, 0x000000008c000000|100%| E|CS|TAMS 0x000000008bf00000| PB 0x000000008bf00000| Complete 
| 192|0x000000008c000000, 0x000000008c100000, 0x000000008c100000|100%| E|CS|TAMS 0x000000008c000000| PB 0x000000008c000000| Complete 
| 193|0x000000008c100000, 0x000000008c200000, 0x000000008c200000|100%| E|CS|TAMS 0x000000008c100000| PB 0x000000008c100000| Complete 
| 194|0x000000008c200000, 0x000000008c300000, 0x000000008c300000|100%| E|CS|TAMS 0x000000008c200000| PB 0x000000008c200000| Complete 
| 195|0x000000008c300000, 0x000000008c400000, 0x000000008c400000|100%| E|CS|TAMS 0x000000008c300000| PB 0x000000008c300000| Complete 
| 196|0x000000008c400000, 0x000000008c500000, 0x000000008c500000|100%| E|CS|TAMS 0x000000008c400000| PB 0x000000008c400000| Complete 
| 197|0x000000008c500000, 0x000000008c600000, 0x000000008c600000|100%| E|CS|TAMS 0x000000008c500000| PB 0x000000008c500000| Complete 
| 198|0x000000008c600000, 0x000000008c700000, 0x000000008c700000|100%| E|CS|TAMS 0x000000008c600000| PB 0x000000008c600000| Complete 
| 199|0x000000008c700000, 0x000000008c800000, 0x000000008c800000|100%| E|CS|TAMS 0x000000008c700000| PB 0x000000008c700000| Complete 
| 200|0x000000008c800000, 0x000000008c900000, 0x000000008c900000|100%| E|CS|TAMS 0x000000008c800000| PB 0x000000008c800000| Complete 
| 201|0x000000008c900000, 0x000000008ca00000, 0x000000008ca00000|100%| E|CS|TAMS 0x000000008c900000| PB 0x000000008c900000| Complete 
| 202|0x000000008ca00000, 0x000000008cb00000, 0x000000008cb00000|100%| E|CS|TAMS 0x000000008ca00000| PB 0x000000008ca00000| Complete 
| 203|0x000000008cb00000, 0x000000008cc00000, 0x000000008cc00000|100%| E|CS|TAMS 0x000000008cb00000| PB 0x000000008cb00000| Complete 
| 204|0x000000008cc00000, 0x000000008cd00000, 0x000000008cd00000|100%| E|CS|TAMS 0x000000008cc00000| PB 0x000000008cc00000| Complete 
| 205|0x000000008cd00000, 0x000000008ce00000, 0x000000008ce00000|100%| E|CS|TAMS 0x000000008cd00000| PB 0x000000008cd00000| Complete 
| 206|0x000000008ce00000, 0x000000008cf00000, 0x000000008cf00000|100%| E|CS|TAMS 0x000000008ce00000| PB 0x000000008ce00000| Complete 
| 207|0x000000008cf00000, 0x000000008d000000, 0x000000008d000000|100%| E|CS|TAMS 0x000000008cf00000| PB 0x000000008cf00000| Complete 
| 208|0x000000008d000000, 0x000000008d100000, 0x000000008d100000|100%| E|CS|TAMS 0x000000008d000000| PB 0x000000008d000000| Complete 
| 209|0x000000008d100000, 0x000000008d200000, 0x000000008d200000|100%| E|CS|TAMS 0x000000008d100000| PB 0x000000008d100000| Complete 
| 210|0x000000008d200000, 0x000000008d300000, 0x000000008d300000|100%| E|CS|TAMS 0x000000008d200000| PB 0x000000008d200000| Complete 
| 211|0x000000008d300000, 0x000000008d400000, 0x000000008d400000|100%| E|CS|TAMS 0x000000008d300000| PB 0x000000008d300000| Complete 
| 212|0x000000008d400000, 0x000000008d500000, 0x000000008d500000|100%| E|CS|TAMS 0x000000008d400000| PB 0x000000008d400000| Complete 
| 213|0x000000008d500000, 0x000000008d600000, 0x000000008d600000|100%| E|CS|TAMS 0x000000008d500000| PB 0x000000008d500000| Complete 
| 214|0x000000008d600000, 0x000000008d700000, 0x000000008d700000|100%| E|CS|TAMS 0x000000008d600000| PB 0x000000008d600000| Complete 
| 215|0x000000008d700000, 0x000000008d800000, 0x000000008d800000|100%| E|CS|TAMS 0x000000008d700000| PB 0x000000008d700000| Complete 
| 216|0x000000008d800000, 0x000000008d900000, 0x000000008d900000|100%| E|CS|TAMS 0x000000008d800000| PB 0x000000008d800000| Complete 
| 217|0x000000008d900000, 0x000000008da00000, 0x000000008da00000|100%| E|CS|TAMS 0x000000008d900000| PB 0x000000008d900000| Complete 
| 218|0x000000008da00000, 0x000000008db00000, 0x000000008db00000|100%| E|CS|TAMS 0x000000008da00000| PB 0x000000008da00000| Complete 
| 219|0x000000008db00000, 0x000000008dc00000, 0x000000008dc00000|100%| E|CS|TAMS 0x000000008db00000| PB 0x000000008db00000| Complete 
| 220|0x000000008dc00000, 0x000000008dd00000, 0x000000008dd00000|100%| E|CS|TAMS 0x000000008dc00000| PB 0x000000008dc00000| Complete 
| 221|0x000000008dd00000, 0x000000008de00000, 0x000000008de00000|100%| E|CS|TAMS 0x000000008dd00000| PB 0x000000008dd00000| Complete 
| 222|0x000000008de00000, 0x000000008df00000, 0x000000008df00000|100%| E|CS|TAMS 0x000000008de00000| PB 0x000000008de00000| Complete 
| 223|0x000000008df00000, 0x000000008e000000, 0x000000008e000000|100%| E|CS|TAMS 0x000000008df00000| PB 0x000000008df00000| Complete 
| 224|0x000000008e000000, 0x000000008e100000, 0x000000008e100000|100%| E|CS|TAMS 0x000000008e000000| PB 0x000000008e000000| Complete 
| 225|0x000000008e100000, 0x000000008e200000, 0x000000008e200000|100%| E|CS|TAMS 0x000000008e100000| PB 0x000000008e100000| Complete 
| 226|0x000000008e200000, 0x000000008e221120, 0x000000008e300000| 12%| S|CS|TAMS 0x000000008e200000| PB 0x000000008e200000| Complete 
| 227|0x000000008e300000, 0x000000008e400000, 0x000000008e400000|100%| S|CS|TAMS 0x000000008e300000| PB 0x000000008e300000| Complete 
| 228|0x000000008e400000, 0x000000008e500000, 0x000000008e500000|100%| E|CS|TAMS 0x000000008e400000| PB 0x000000008e400000| Complete 
| 229|0x000000008e500000, 0x000000008e600000, 0x000000008e600000|100%| E|CS|TAMS 0x000000008e500000| PB 0x000000008e500000| Complete 
| 230|0x000000008e600000, 0x000000008e700000, 0x000000008e700000|100%| E|CS|TAMS 0x000000008e600000| PB 0x000000008e600000| Complete 
| 231|0x000000008e700000, 0x000000008e800000, 0x000000008e800000|100%| E|CS|TAMS 0x000000008e700000| PB 0x000000008e700000| Complete 
| 232|0x000000008e800000, 0x000000008e900000, 0x000000008e900000|100%| E|CS|TAMS 0x000000008e800000| PB 0x000000008e800000| Complete 
| 233|0x000000008e900000, 0x000000008ea00000, 0x000000008ea00000|100%| E|CS|TAMS 0x000000008e900000| PB 0x000000008e900000| Complete 
| 234|0x000000008ea00000, 0x000000008eb00000, 0x000000008eb00000|100%| E|  |TAMS 0x000000008ea00000| PB 0x000000008ea00000| Complete 
| 235|0x000000008eb00000, 0x000000008ec00000, 0x000000008ec00000|100%| E|CS|TAMS 0x000000008eb00000| PB 0x000000008eb00000| Complete 
| 236|0x000000008ec00000, 0x000000008ed00000, 0x000000008ed00000|100%| E|CS|TAMS 0x000000008ec00000| PB 0x000000008ec00000| Complete 
| 237|0x000000008ed00000, 0x000000008ee00000, 0x000000008ee00000|100%| E|CS|TAMS 0x000000008ed00000| PB 0x000000008ed00000| Complete 
| 238|0x000000008ee00000, 0x000000008ef00000, 0x000000008ef00000|100%| E|CS|TAMS 0x000000008ee00000| PB 0x000000008ee00000| Complete 
| 239|0x000000008ef00000, 0x000000008f000000, 0x000000008f000000|100%| E|CS|TAMS 0x000000008ef00000| PB 0x000000008ef00000| Complete 
| 240|0x000000008f000000, 0x000000008f100000, 0x000000008f100000|100%| E|CS|TAMS 0x000000008f000000| PB 0x000000008f000000| Complete 
| 241|0x000000008f100000, 0x000000008f200000, 0x000000008f200000|100%| E|CS|TAMS 0x000000008f100000| PB 0x000000008f100000| Complete 
| 242|0x000000008f200000, 0x000000008f300000, 0x000000008f300000|100%| E|CS|TAMS 0x000000008f200000| PB 0x000000008f200000| Complete 
| 243|0x000000008f300000, 0x000000008f400000, 0x000000008f400000|100%| E|CS|TAMS 0x000000008f300000| PB 0x000000008f300000| Complete 
| 244|0x000000008f400000, 0x000000008f500000, 0x000000008f500000|100%| E|CS|TAMS 0x000000008f400000| PB 0x000000008f400000| Complete 
| 245|0x000000008f500000, 0x000000008f600000, 0x000000008f600000|100%| E|CS|TAMS 0x000000008f500000| PB 0x000000008f500000| Complete 
| 246|0x000000008f600000, 0x000000008f700000, 0x000000008f700000|100%| E|CS|TAMS 0x000000008f600000| PB 0x000000008f600000| Complete 
| 247|0x000000008f700000, 0x000000008f800000, 0x000000008f800000|100%| E|CS|TAMS 0x000000008f700000| PB 0x000000008f700000| Complete 
| 248|0x000000008f800000, 0x000000008f900000, 0x000000008f900000|100%| E|CS|TAMS 0x000000008f800000| PB 0x000000008f800000| Complete 
| 249|0x000000008f900000, 0x000000008fa00000, 0x000000008fa00000|100%| E|CS|TAMS 0x000000008f900000| PB 0x000000008f900000| Complete 
| 250|0x000000008fa00000, 0x000000008fb00000, 0x000000008fb00000|100%| E|CS|TAMS 0x000000008fa00000| PB 0x000000008fa00000| Complete 
| 251|0x000000008fb00000, 0x000000008fc00000, 0x000000008fc00000|100%| E|CS|TAMS 0x000000008fb00000| PB 0x000000008fb00000| Complete 
| 252|0x000000008fc00000, 0x000000008fd00000, 0x000000008fd00000|100%| E|CS|TAMS 0x000000008fc00000| PB 0x000000008fc00000| Complete 
| 253|0x000000008fd00000, 0x000000008fe00000, 0x000000008fe00000|100%| E|CS|TAMS 0x000000008fd00000| PB 0x000000008fd00000| Complete 

Card table byte_map: [0x0000021f6b060000,0x0000021f6b460000] _byte_map_base: 0x0000021f6ac60000

Marking Bits: (CMBitMap*) 0x0000021f51afe4f0
 Bits: [0x0000021f6b860000, 0x0000021f6d860000)

Polling page: 0x0000021f51b20000

Metaspace:

Usage:
  Non-class:     17.31 MB used.
      Class:      2.93 MB used.
       Both:     20.24 MB used.

Virtual space:
  Non-class space:       64.00 MB reserved,      17.69 MB ( 28%) committed,  1 nodes.
      Class space:      412.00 MB reserved,       3.25 MB ( <1%) committed,  1 nodes.
             Both:      476.00 MB reserved,      20.94 MB (  4%) committed. 

Chunk freelists:
   Non-Class:  2.13 MB
       Class:  776.00 KB
        Both:  2.88 MB

MaxMetaspaceSize: 512.00 MB
CompressedClassSpaceSize: 412.00 MB
Initial GC threshold: 21.00 MB
Current GC threshold: 21.00 MB
CDS: on
MetaspaceReclaimPolicy: balanced
 - commit_granule_bytes: 65536.
 - commit_granule_words: 8192.
 - virtual_space_node_default_size: 8388608.
 - enlarge_chunks_in_place: 1.
 - new_chunks_are_fully_committed: 0.
 - uncommit_free_chunks: 1.
 - use_allocation_guard: 0.


Internal statistics:

num_allocs_failed_limit: 0.
num_arena_births: 1076.
num_arena_deaths: 0.
num_vsnodes_births: 2.
num_vsnodes_deaths: 0.
num_space_committed: 335.
num_space_uncommitted: 0.
num_chunks_returned_to_freelist: 0.
num_chunks_taken_from_freelist: 1860.
num_chunk_merges: 0.
num_chunk_splits: 1228.
num_chunks_enlarged: 834.
num_inconsistent_stats: 0.

CodeHeap 'non-profiled nmethods': size=120000Kb used=1470Kb max_used=1470Kb free=118529Kb
 bounds [0x0000021f63730000, 0x0000021f639a0000, 0x0000021f6ac60000]
CodeHeap 'profiled nmethods': size=120000Kb used=6058Kb max_used=6058Kb free=113941Kb
 bounds [0x0000021f5bc60000, 0x0000021f5c250000, 0x0000021f63190000]
CodeHeap 'non-nmethods': size=5760Kb used=1541Kb max_used=1623Kb free=4218Kb
 bounds [0x0000021f63190000, 0x0000021f63400000, 0x0000021f63730000]
 total_blobs=3557 nmethods=2995 adapters=472
 compilation: enabled
              stopped_count=0, restarted_count=0
 full_count=0

Compilation events (20 events):
Event: 9.907 Thread 0x0000021f740145c0 2986       3       java.lang.invoke.MethodType::canConvert (123 bytes)
Event: 9.908 Thread 0x0000021f740145c0 nmethod 2986 0x0000021f5c23f810 code [0x0000021f5c23faa0, 0x0000021f5c240388]
Event: 9.910 Thread 0x0000021f74036810 nmethod 2982 0x0000021f6389cb10 code [0x0000021f6389cd00, 0x0000021f6389d610]
Event: 9.911 Thread 0x0000021f74036810 2985       4       jdk.internal.org.objectweb.asm.Frame::accept (264 bytes)
Event: 9.911 Thread 0x0000021f740145c0 2987       3       java.lang.invoke.MethodHandleImpl::makeIntrinsic (7 bytes)
Event: 9.911 Thread 0x0000021f740145c0 nmethod 2987 0x0000021f5c240690 code [0x0000021f5c240820, 0x0000021f5c240940]
Event: 9.956 Thread 0x0000021f740145c0 2988       3       java.lang.invoke.LambdaFormBuffer::lambdaForm (41 bytes)
Event: 9.957 Thread 0x0000021f740145c0 nmethod 2988 0x0000021f5c240a10 code [0x0000021f5c240be0, 0x0000021f5c241020]
Event: 9.975 Thread 0x0000021f74036810 nmethod 2985 0x0000021f6389de10 code [0x0000021f6389dfc0, 0x0000021f6389eca8]
Event: 9.976 Thread 0x0000021f74036810 2983       4       jdk.internal.org.objectweb.asm.Type::getTypeInternal (218 bytes)
Event: 9.978 Thread 0x0000021f740145c0 2990       3       jdk.internal.reflect.Reflection::filter (165 bytes)
Event: 9.979 Thread 0x0000021f740145c0 nmethod 2990 0x0000021f5c241210 code [0x0000021f5c241480, 0x0000021f5c242270]
Event: 9.979 Thread 0x0000021f740145c0 2992       3       java.lang.WeakPairMap$Pair$Lookup::equals (31 bytes)
Event: 9.980 Thread 0x0000021f740145c0 nmethod 2992 0x0000021f5c242690 code [0x0000021f5c242860, 0x0000021f5c242f20]
Event: 9.980 Thread 0x0000021f740145c0 2994       3       java.lang.reflect.ProxyGenerator$ProxyMethod::codeClassForName (35 bytes)
Event: 9.980 Thread 0x0000021f74036810 nmethod 2983 0x0000021f6389f290 code [0x0000021f6389f420, 0x0000021f6389f6a0]
Event: 9.980 Thread 0x0000021f740145c0 nmethod 2994 0x0000021f5c243090 code [0x0000021f5c243280, 0x0000021f5c2437b8]
Event: 9.980 Thread 0x0000021f740145c0 2991       3       java.lang.Module::isReflectivelyExportedOrOpen (182 bytes)
Event: 9.981 Thread 0x0000021f74036810 2989   !   4       java.net.URL::<init> (543 bytes)
Event: 9.983 Thread 0x0000021f740145c0 nmethod 2991 0x0000021f5c243990 code [0x0000021f5c243e00, 0x0000021f5c2465a0]

GC Heap History (6 events):
Event: 0.819 GC heap before
{Heap before GC invocations=0 (full 0):
 garbage-first heap   total 260096K, used 12288K [0x0000000080000000, 0x0000000100000000)
  region size 1024K, 13 young (13312K), 0 survivors (0K)
 Metaspace       used 962K, committed 1088K, reserved 487424K
  class space    used 76K, committed 128K, reserved 421888K
}
Event: 0.824 GC heap after
{Heap after GC invocations=1 (full 0):
 garbage-first heap   total 260096K, used 3152K [0x0000000080000000, 0x0000000100000000)
  region size 1024K, 2 young (2048K), 2 survivors (2048K)
 Metaspace       used 962K, committed 1088K, reserved 487424K
  class space    used 76K, committed 128K, reserved 421888K
}
Event: 1.898 GC heap before
{Heap before GC invocations=1 (full 0):
 garbage-first heap   total 260096K, used 24656K [0x0000000080000000, 0x0000000100000000)
  region size 1024K, 19 young (19456K), 2 survivors (2048K)
 Metaspace       used 4009K, committed 4224K, reserved 487424K
  class space    used 492K, committed 576K, reserved 421888K
}
Event: 1.904 GC heap after
{Heap after GC invocations=2 (full 0):
 garbage-first heap   total 260096K, used 10801K [0x0000000080000000, 0x0000000100000000)
  region size 1024K, 3 young (3072K), 3 survivors (3072K)
 Metaspace       used 4009K, committed 4224K, reserved 487424K
  class space    used 492K, committed 576K, reserved 421888K
}
Event: 2.694 GC heap before
{Heap before GC invocations=2 (full 0):
 garbage-first heap   total 260096K, used 33329K [0x0000000080000000, 0x0000000100000000)
  region size 1024K, 26 young (26624K), 3 survivors (3072K)
 Metaspace       used 4118K, committed 4288K, reserved 487424K
  class space    used 493K, committed 576K, reserved 421888K
}
Event: 2.697 GC heap after
{Heap after GC invocations=3 (full 0):
 garbage-first heap   total 260096K, used 12050K [0x0000000080000000, 0x0000000100000000)
  region size 1024K, 2 young (2048K), 2 survivors (2048K)
 Metaspace       used 4118K, committed 4288K, reserved 487424K
  class space    used 493K, committed 576K, reserved 421888K
}

Dll operation events (15 events):
Event: 0.015 Loaded shared library C:\Program Files\Java\jdk-20\bin\java.dll
Event: 0.051 Loaded shared library C:\Program Files\Java\jdk-20\bin\jsvml.dll
Event: 0.206 Loaded shared library C:\Program Files\Java\jdk-20\bin\zip.dll
Event: 0.211 Loaded shared library C:\Program Files\Java\jdk-20\bin\instrument.dll
Event: 0.217 Loaded shared library C:\Program Files\Java\jdk-20\bin\net.dll
Event: 0.222 Loaded shared library C:\Program Files\Java\jdk-20\bin\nio.dll
Event: 0.242 Loaded shared library C:\Program Files\Java\jdk-20\bin\zip.dll
Event: 0.714 Loaded shared library C:\Program Files\Java\jdk-20\bin\jimage.dll
Event: 0.842 Loaded shared library C:\Program Files\Java\jdk-20\bin\verify.dll
Event: 1.231 Loaded shared library C:\Users\shrut\.gradle\native\c067742578af261105cb4f569cf0c3c89f3d7b1fecec35dd04571415982c5e48\windows-amd64\native-platform.dll
Event: 1.239 Loaded shared library C:\Users\shrut\.gradle\native\38dada09dfb8b06ba9b0570ebf7e218e3eb74d4ef43ca46872605cf95ebc2f47\windows-amd64\native-platform-file-events.dll
Event: 3.496 Loaded shared library C:\Program Files\Java\jdk-20\bin\management.dll
Event: 3.500 Loaded shared library C:\Program Files\Java\jdk-20\bin\management_ext.dll
Event: 4.102 Loaded shared library C:\Program Files\Java\jdk-20\bin\extnet.dll
Event: 4.858 Loaded shared library C:\Program Files\Java\jdk-20\bin\sunmscapi.dll

Deoptimization events (20 events):
Event: 8.638 Thread 0x0000021f74f74360 Uncommon trap: trap_request=0xffffffcc fr.pc=0x0000021f6386dea4 relative=0x0000000000000384
Event: 8.638 Thread 0x0000021f74f74360 Uncommon trap: reason=intrinsic_or_type_checked_inlining action=make_not_entrant pc=0x0000021f6386dea4 method=java.util.Arrays.copyOf([Ljava/lang/Object;ILjava/lang/Class;)[Ljava/lang/Object; @ 35 c2
Event: 8.638 Thread 0x0000021f74f74360 DEOPT PACKING pc=0x0000021f6386dea4 sp=0x000000766defb780
Event: 8.638 Thread 0x0000021f74f74360 DEOPT UNPACKING pc=0x0000021f631f9d22 sp=0x000000766defb710 mode 2
Event: 8.926 Thread 0x0000021f74f74360 Uncommon trap: trap_request=0xffffff45 fr.pc=0x0000021f637584ec relative=0x00000000000000ec
Event: 8.926 Thread 0x0000021f74f74360 Uncommon trap: reason=unstable_if action=reinterpret pc=0x0000021f637584ec method=java.util.HashMap.hash(Ljava/lang/Object;)I @ 1 c2
Event: 8.926 Thread 0x0000021f74f74360 DEOPT PACKING pc=0x0000021f637584ec sp=0x000000766defab50
Event: 8.926 Thread 0x0000021f74f74360 DEOPT UNPACKING pc=0x0000021f631f9d22 sp=0x000000766defaa90 mode 2
Event: 9.342 Thread 0x0000021f74f74360 DEOPT PACKING pc=0x0000021f5c20fad3 sp=0x000000766def9e10
Event: 9.347 Thread 0x0000021f74f74360 DEOPT UNPACKING pc=0x0000021f631fa4c2 sp=0x000000766def92c0 mode 0
Event: 9.377 Thread 0x0000021f74f74360 DEOPT PACKING pc=0x0000021f5c20fad3 sp=0x000000766def9e10
Event: 9.377 Thread 0x0000021f74f74360 DEOPT UNPACKING pc=0x0000021f631fa4c2 sp=0x000000766def92c0 mode 0
Event: 9.979 Thread 0x0000021f74f74360 Uncommon trap: trap_request=0xffffff45 fr.pc=0x0000021f63848e44 relative=0x0000000000000b84
Event: 9.979 Thread 0x0000021f74f74360 Uncommon trap: reason=unstable_if action=reinterpret pc=0x0000021f63848e44 method=jdk.internal.org.objectweb.asm.SymbolTable.addType(Ljava/lang/String;)I @ 33 c2
Event: 9.979 Thread 0x0000021f74f74360 DEOPT PACKING pc=0x0000021f63848e44 sp=0x000000766defbab0
Event: 9.979 Thread 0x0000021f74f74360 DEOPT UNPACKING pc=0x0000021f631f9d22 sp=0x000000766defb9e8 mode 2
Event: 9.979 Thread 0x0000021f74f74360 Uncommon trap: trap_request=0xffffff45 fr.pc=0x0000021f6382d34c relative=0x000000000000038c
Event: 9.979 Thread 0x0000021f74f74360 Uncommon trap: reason=unstable_if action=reinterpret pc=0x0000021f6382d34c method=jdk.internal.org.objectweb.asm.SymbolTable.addType(Ljava/lang/String;)I @ 33 c2
Event: 9.979 Thread 0x0000021f74f74360 DEOPT PACKING pc=0x0000021f6382d34c sp=0x000000766defbb90
Event: 9.979 Thread 0x0000021f74f74360 DEOPT UNPACKING pc=0x0000021f631f9d22 sp=0x000000766defbb18 mode 2

Classes loaded (20 events):
Event: 7.065 Loading class java/io/ObjectInput done
Event: 7.065 Loading class java/io/ObjectStreamConstants
Event: 7.065 Loading class java/io/ObjectStreamConstants done
Event: 7.066 Loading class java/io/ObjectInputStream done
Event: 7.076 Loading class java/io/ObjectOutputStream
Event: 7.077 Loading class java/io/ObjectOutput
Event: 7.077 Loading class java/io/ObjectOutput done
Event: 7.077 Loading class java/io/ObjectOutputStream done
Event: 7.501 Loading class java/lang/ThreadLocal$SuppliedThreadLocal
Event: 7.501 Loading class java/lang/ThreadLocal$SuppliedThreadLocal done
Event: 8.380 Loading class javax/xml/parsers/ParserConfigurationException
Event: 8.380 Loading class javax/xml/parsers/ParserConfigurationException done
Event: 8.380 Loading class org/xml/sax/SAXException
Event: 8.380 Loading class org/xml/sax/SAXException done
Event: 8.380 Loading class javax/xml/xpath/XPathExpressionException
Event: 8.380 Loading class javax/xml/xpath/XPathException
Event: 8.380 Loading class javax/xml/xpath/XPathException done
Event: 8.380 Loading class javax/xml/xpath/XPathExpressionException done
Event: 8.380 Loading class org/xml/sax/ErrorHandler
Event: 8.380 Loading class org/xml/sax/ErrorHandler done

Classes unloaded (0 events):
No events

Classes redefined (0 events):
No events

Internal exceptions (20 events):
Event: 6.380 Thread 0x0000021f74f74360 Exception <a 'java/lang/NoSuchMethodError'{0x000000008bdd4bc8}: 'java.lang.Object java.lang.invoke.DirectMethodHandle$Holder.invokeStatic(java.lang.Object, java.lang.Object, java.lang.Object, java.lang.Object, java.lang.Object, java.lang.Object, java.lang.Object, java.lang.Object, java.lang.Object, java.lang.Object, java.lang.Object, java.lang.Object, java.lang.Object, java.lang.Object, java.lang.Object, java.lang.Object, java.lang.Object, java.lang.Object, java.lang.Object, java.lang.Object, java.lang.Obj
Event: 6.385 Thread 0x0000021f74f74360 Exception <a 'java/lang/NoSuchMethodError'{0x000000008bc05028}: 'java.lang.Object java.lang.invoke.DirectMethodHandle$Holder.invokeStatic(java.lang.Object, java.lang.Object, java.lang.Object, java.lang.Object, java.lang.Object, java.lang.Object, java.lang.Object, java.lang.Object, java.lang.Object, java.lang.Object, java.lang.Object, java.lang.Object, java.lang.Object, java.lang.Object, java.lang.Object, java.lang.Object, java.lang.Object, java.lang.Object, java.lang.Object, java.lang.Object, java.lang.Obj
Event: 6.718 Thread 0x0000021f74f74360 Exception <a 'java/lang/IncompatibleClassChangeError'{0x000000008b5c3678}: Found class java.lang.Object, but interface was expected> (0x000000008b5c3678) 
thrown [s\open\src\hotspot\share\interpreter\linkResolver.cpp, line 840]
Event: 6.864 Thread 0x0000021f74f74360 Exception <a 'java/lang/NoSuchMethodError'{0x000000008b3922b8}: 'int java.lang.invoke.DirectMethodHandle$Holder.invokeSpecialIFC(java.lang.Object, java.lang.Object, java.lang.Object, java.lang.Object)'> (0x000000008b3922b8) 
thrown [s\open\src\hotspot\share\interpreter\linkResolver.cpp, line 773]
Event: 6.874 Thread 0x0000021f74f74360 Exception <a 'java/lang/NoSuchMethodError'{0x000000008b3a14b0}: 'java.lang.Object java.lang.invoke.DirectMethodHandle$Holder.invokeInterface(java.lang.Object, java.lang.Object, java.lang.Object)'> (0x000000008b3a14b0) 
thrown [s\open\src\hotspot\share\interpreter\linkResolver.cpp, line 773]
Event: 6.875 Thread 0x0000021f74f74360 Exception <a 'java/lang/IncompatibleClassChangeError'{0x000000008b3a4df8}: Found class java.lang.Object, but interface was expected> (0x000000008b3a4df8) 
thrown [s\open\src\hotspot\share\interpreter\linkResolver.cpp, line 840]
Event: 6.935 Thread 0x0000021f74f74360 Exception <a 'java/lang/NoSuchMethodError'{0x000000008b2a5c08}: 'java.lang.Object java.lang.invoke.DirectMethodHandle$Holder.newInvokeSpecial(java.lang.Object, java.lang.Object, java.lang.Object, java.lang.Object, java.lang.Object, java.lang.Object, java.lang.Object, java.lang.Object, java.lang.Object, java.lang.Object, java.lang.Object, java.lang.Object, java.lang.Object, java.lang.Object)'> (0x000000008b2a5c08) 
thrown [s\open\src\hotspot\share\interpreter\linkResolver.cpp, line 773]
Event: 6.936 Thread 0x0000021f74f74360 Exception <a 'java/lang/NoSuchMethodError'{0x000000008b2ab2b8}: 'java.lang.Object java.lang.invoke.DirectMethodHandle$Holder.invokeSpecial(java.lang.Object, java.lang.Object, java.lang.Object, java.lang.Object, java.lang.Object, java.lang.Object, java.lang.Object, java.lang.Object, java.lang.Object, java.lang.Object, java.lang.Object, java.lang.Object, java.lang.Object, java.lang.Object, java.lang.Object)'> (0x000000008b2ab2b8) 
thrown [s\open\src\hotspot\share\interpreter\linkResolver.cpp, line 773]
Event: 6.936 Thread 0x0000021f74f74360 Exception <a 'java/lang/NoSuchMethodError'{0x000000008b2afbf8}: 'java.lang.Object java.lang.invoke.DelegatingMethodHandle$Holder.reinvoke_L(java.lang.Object, java.lang.Object, java.lang.Object, java.lang.Object, java.lang.Object, java.lang.Object, java.lang.Object, java.lang.Object, java.lang.Object, java.lang.Object, java.lang.Object, java.lang.Object, java.lang.Object, java.lang.Object)'> (0x000000008b2afbf8) 
thrown [s\open\src\hotspot\share\interpreter\linkResolver.cpp, line 773]
Event: 7.517 Thread 0x0000021f74f74360 Exception <a 'java/lang/NoSuchMethodError'{0x000000008b05e758}: 'java.lang.Object java.lang.invoke.DirectMethodHandle$Holder.invokeVirtual(java.lang.Object, java.lang.Object, java.lang.Object, java.lang.Object, java.lang.Object, java.lang.Object, java.lang.Object, java.lang.Object, java.lang.Object, java.lang.Object, java.lang.Object, java.lang.Object, java.lang.Object, java.lang.Object, java.lang.Object, java.lang.Object, java.lang.Object, java.lang.Object, java.lang.Object, java.lang.Object, java.lang.Ob
Event: 7.517 Thread 0x0000021f74f74360 Exception <a 'java/lang/NoSuchMethodError'{0x000000008b064a00}: 'java.lang.Object java.lang.invoke.DirectMethodHandle$Holder.invokeSpecial(java.lang.Object, java.lang.Object, java.lang.Object, java.lang.Object, java.lang.Object, java.lang.Object, java.lang.Object, java.lang.Object, java.lang.Object, java.lang.Object, java.lang.Object, java.lang.Object, java.lang.Object, java.lang.Object, java.lang.Object, java.lang.Object, java.lang.Object, java.lang.Object, java.lang.Object, java.lang.Object, java.lang.Ob
Event: 7.518 Thread 0x0000021f74f74360 Exception <a 'java/lang/NoSuchMethodError'{0x000000008b06a278}: 'java.lang.Object java.lang.invoke.DelegatingMethodHandle$Holder.reinvoke_L(java.lang.Object, java.lang.Object, java.lang.Object, java.lang.Object, java.lang.Object, java.lang.Object, java.lang.Object, java.lang.Object, java.lang.Object, java.lang.Object, java.lang.Object, java.lang.Object, java.lang.Object, java.lang.Object, java.lang.Object, java.lang.Object, java.lang.Object, java.lang.Object, java.lang.Object, java.lang.Object, java.lang.O
Event: 7.638 Thread 0x0000021f74f74360 Exception <a 'java/lang/NoSuchMethodError'{0x000000008af4e7f0}: 'int java.lang.invoke.DirectMethodHandle$Holder.invokeStatic(java.lang.Object, java.lang.Object, java.lang.Object, java.lang.Object)'> (0x000000008af4e7f0) 
thrown [s\open\src\hotspot\share\interpreter\linkResolver.cpp, line 773]
Event: 8.023 Thread 0x0000021f74f74360 Exception <a 'java/lang/NoSuchMethodError'{0x000000008ab12198}: 'java.lang.Object java.lang.invoke.DirectMethodHandle$Holder.invokeSpecial(java.lang.Object, java.lang.Object, java.lang.Object, java.lang.Object, java.lang.Object, java.lang.Object, java.lang.Object, java.lang.Object, java.lang.Object, java.lang.Object, java.lang.Object, java.lang.Object, java.lang.Object, java.lang.Object, java.lang.Object, java.lang.Object, java.lang.Object, java.lang.Object, java.lang.Object, java.lang.Object, java.lang.Ob
Event: 8.644 Thread 0x0000021f74f74360 Exception <a 'java/lang/NoSuchMethodError'{0x000000008a510d80}: 'java.lang.Object java.lang.invoke.DirectMethodHandle$Holder.newInvokeSpecial(java.lang.Object, java.lang.Object, java.lang.Object, java.lang.Object, java.lang.Object, java.lang.Object, java.lang.Object)'> (0x000000008a510d80) 
thrown [s\open\src\hotspot\share\interpreter\linkResolver.cpp, line 773]
Event: 8.727 Thread 0x0000021f74f74360 Exception <a 'java/lang/NoSuchMethodError'{0x000000008a453e88}: 'java.lang.Object java.lang.invoke.DirectMethodHandle$Holder.invokeVirtual(java.lang.Object, java.lang.Object, java.lang.Object, java.lang.Object, java.lang.Object, java.lang.Object, java.lang.Object, java.lang.Object, java.lang.Object, java.lang.Object, java.lang.Object, java.lang.Object, java.lang.Object, java.lang.Object, java.lang.Object, java.lang.Object, java.lang.Object, java.lang.Object, java.lang.Object, java.lang.Object, java.lang.Ob
Event: 8.860 Thread 0x0000021f74f74360 Exception <a 'java/lang/NoSuchMethodError'{0x000000008a2af408}: 'java.lang.Object java.lang.invoke.DirectMethodHandle$Holder.invokeVirtual(java.lang.Object, java.lang.Object, java.lang.Object, java.lang.Object, java.lang.Object, java.lang.Object, java.lang.Object, java.lang.Object, java.lang.Object, java.lang.Object, java.lang.Object)'> (0x000000008a2af408) 
thrown [s\open\src\hotspot\share\interpreter\linkResolver.cpp, line 773]
Event: 8.926 Thread 0x0000021f74f74360 Implicit null exception at 0x0000021f63758446 to 0x0000021f637584e2
Event: 9.724 Thread 0x0000021f74f74360 Exception <a 'java/lang/NoSuchMethodError'{0x0000000089909c30}: 'java.lang.Object java.lang.invoke.DirectMethodHandle$Holder.newInvokeSpecial(java.lang.Object, java.lang.Object, java.lang.Object, java.lang.Object, java.lang.Object, java.lang.Object, java.lang.Object, java.lang.Object)'> (0x0000000089909c30) 
thrown [s\open\src\hotspot\share\interpreter\linkResolver.cpp, line 773]
Event: 9.907 Thread 0x0000021f74f74360 Exception <a 'java/lang/NoSuchMethodError'{0x00000000898047e8}: 'java.lang.Object java.lang.invoke.DirectMethodHandle$Holder.newInvokeSpecial(java.lang.Object, java.lang.Object, java.lang.Object, java.lang.Object, java.lang.Object, java.lang.Object, java.lang.Object, java.lang.Object, java.lang.Object, java.lang.Object)'> (0x00000000898047e8) 
thrown [s\open\src\hotspot\share\interpreter\linkResolver.cpp, line 773]

VM Operations (20 events):
Event: 4.792 Executing VM operation: HandshakeAllThreads
Event: 4.818 Executing VM operation: HandshakeAllThreads done
Event: 4.818 Executing VM operation: Cleanup
Event: 4.818 Executing VM operation: Cleanup done
Event: 5.640 Executing VM operation: HandshakeAllThreads
Event: 5.640 Executing VM operation: HandshakeAllThreads done
Event: 6.059 Executing VM operation: HandshakeAllThreads
Event: 6.059 Executing VM operation: HandshakeAllThreads done
Event: 6.059 Executing VM operation: Cleanup
Event: 6.059 Executing VM operation: Cleanup done
Event: 6.403 Executing VM operation: HandshakeAllThreads
Event: 6.403 Executing VM operation: HandshakeAllThreads done
Event: 6.404 Executing VM operation: HandshakeAllThreads
Event: 6.404 Executing VM operation: HandshakeAllThreads done
Event: 7.413 Executing VM operation: Cleanup
Event: 7.498 Executing VM operation: Cleanup done
Event: 8.501 Executing VM operation: Cleanup
Event: 8.521 Executing VM operation: Cleanup done
Event: 9.523 Executing VM operation: Cleanup
Event: 9.543 Executing VM operation: Cleanup done

Events (20 events):
Event: 2.459 Thread 0x0000021f7433fef0 Thread exited: 0x0000021f7433fef0
Event: 2.848 Thread 0x0000021f74bfe9c0 Thread added: 0x0000021f74bfe9c0
Event: 3.581 Thread 0x0000021f74bfe9c0 Thread exited: 0x0000021f74bfe9c0
Event: 3.594 Thread 0x0000021f75e68740 Thread added: 0x0000021f75e68740
Event: 4.550 Thread 0x0000021f74f73370 Thread added: 0x0000021f74f73370
Event: 4.761 Thread 0x0000021f74f748b0 Thread added: 0x0000021f74f748b0
Event: 4.966 Thread 0x0000021f74f72380 Thread added: 0x0000021f74f72380
Event: 4.982 Thread 0x0000021f74f738c0 Thread added: 0x0000021f74f738c0
Event: 5.060 Thread 0x0000021f74f73e10 Thread added: 0x0000021f74f73e10
Event: 5.070 Thread 0x0000021f74f74360 Thread added: 0x0000021f74f74360
Event: 5.088 Thread 0x0000021f74f74e00 Thread added: 0x0000021f74f74e00
Event: 5.093 Thread 0x0000021f74f75350 Thread added: 0x0000021f74f75350
Event: 5.106 Thread 0x0000021f74f71e30 Thread added: 0x0000021f74f71e30
Event: 6.060 Thread 0x0000021f74f728d0 Thread added: 0x0000021f74f728d0
Event: 6.078 Thread 0x0000021f74f72e20 Thread added: 0x0000021f74f72e20
Event: 6.707 Thread 0x0000021f765f0510 Thread added: 0x0000021f765f0510
Event: 6.738 Thread 0x0000021f74098030 Thread added: 0x0000021f74098030
Event: 7.509 Thread 0x0000021f765f0510 Thread exited: 0x0000021f765f0510
Event: 8.566 Thread 0x0000021f76392f40 Thread added: 0x0000021f76392f40
Event: 8.797 Thread 0x0000021f76392f40 Thread exited: 0x0000021f76392f40


Dynamic libraries:
0x00007ff69ef10000 - 0x00007ff69ef20000 	C:\Program Files\Java\jdk-20\bin\java.exe
0x00007ffefc410000 - 0x00007ffefc608000 	C:\Windows\SYSTEM32\ntdll.dll
0x00007ffefa4c0000 - 0x00007ffefa57d000 	C:\Windows\System32\KERNEL32.DLL
0x00007ffef9bf0000 - 0x00007ffef9ee6000 	C:\Windows\System32\KERNELBASE.dll
0x00007ffefa350000 - 0x00007ffefa450000 	C:\Windows\System32\ucrtbase.dll
0x00007ffee65b0000 - 0x00007ffee65cb000 	C:\Program Files\Java\jdk-20\bin\VCRUNTIME140.dll
0x00007ffef47d0000 - 0x00007ffef47e9000 	C:\Program Files\Java\jdk-20\bin\jli.dll
0x00007ffefb3c0000 - 0x00007ffefb473000 	C:\Windows\System32\ADVAPI32.dll
0x00007ffefc180000 - 0x00007ffefc21e000 	C:\Windows\System32\msvcrt.dll
0x00007ffefaa30000 - 0x00007ffefaacf000 	C:\Windows\System32\sechost.dll
0x00007ffefb480000 - 0x00007ffefb5a6000 	C:\Windows\System32\RPCRT4.dll
0x00007ffef9ef0000 - 0x00007ffef9f17000 	C:\Windows\System32\bcrypt.dll
0x00007ffefaad0000 - 0x00007ffefac6e000 	C:\Windows\System32\USER32.dll
0x00007ffefa320000 - 0x00007ffefa342000 	C:\Windows\System32\win32u.dll
0x00007ffefc150000 - 0x00007ffefc17b000 	C:\Windows\System32\GDI32.dll
0x00007ffef9ad0000 - 0x00007ffef9be7000 	C:\Windows\System32\gdi32full.dll
0x00007ffefa020000 - 0x00007ffefa0bd000 	C:\Windows\System32\msvcp_win.dll
0x00007ffef8e40000 - 0x00007ffef90da000 	C:\Windows\WinSxS\amd64_microsoft.windows.common-controls_6595b64144ccf1df_6.0.19041.3636_none_60b6a03d71f818d5\COMCTL32.dll
0x00007ffee6770000 - 0x00007ffee677a000 	C:\Windows\SYSTEM32\VERSION.dll
0x00007ffefb900000 - 0x00007ffefb932000 	C:\Windows\System32\IMM32.DLL
0x00007ffee6640000 - 0x00007ffee664c000 	C:\Program Files\Java\jdk-20\bin\vcruntime140_1.dll
0x00007ffece420000 - 0x00007ffece4ae000 	C:\Program Files\Java\jdk-20\bin\msvcp140.dll
0x00007ffe894b0000 - 0x00007ffe8a148000 	C:\Program Files\Java\jdk-20\bin\server\jvm.dll
0x00007ffee5d60000 - 0x00007ffee5d69000 	C:\Windows\SYSTEM32\WSOCK32.dll
0x00007ffefb760000 - 0x00007ffefb7cb000 	C:\Windows\System32\WS2_32.dll
0x00007ffee0100000 - 0x00007ffee0127000 	C:\Windows\SYSTEM32\WINMM.dll
0x00007ffef7ca0000 - 0x00007ffef7cb2000 	C:\Windows\SYSTEM32\kernel.appcore.dll
0x00007ffee65a0000 - 0x00007ffee65aa000 	C:\Program Files\Java\jdk-20\bin\jimage.dll
0x00007ffef93e0000 - 0x00007ffef95c4000 	C:\Windows\SYSTEM32\DBGHELP.DLL
0x00007ffef91f0000 - 0x00007ffef9224000 	C:\Windows\SYSTEM32\dbgcore.DLL
0x00007ffefa0c0000 - 0x00007ffefa142000 	C:\Windows\System32\bcryptPrimitives.dll
0x00007ffee2090000 - 0x00007ffee209e000 	C:\Program Files\Java\jdk-20\bin\instrument.dll
0x00007ffee4580000 - 0x00007ffee45a6000 	C:\Program Files\Java\jdk-20\bin\java.dll
0x00007ffec97c0000 - 0x00007ffec9897000 	C:\Program Files\Java\jdk-20\bin\jsvml.dll
0x00007ffefac70000 - 0x00007ffefb3b5000 	C:\Windows\System32\SHELL32.dll
0x00007ffef74f0000 - 0x00007ffef7c8c000 	C:\Windows\SYSTEM32\windows.storage.dll
0x00007ffefa580000 - 0x00007ffefa8d4000 	C:\Windows\System32\combase.dll
0x00007ffef8da0000 - 0x00007ffef8dce000 	C:\Windows\SYSTEM32\Wldp.dll
0x00007ffefbf50000 - 0x00007ffefc01d000 	C:\Windows\System32\OLEAUT32.dll
0x00007ffefa8e0000 - 0x00007ffefa98d000 	C:\Windows\System32\SHCORE.dll
0x00007ffefc090000 - 0x00007ffefc0e5000 	C:\Windows\System32\shlwapi.dll
0x00007ffef9a00000 - 0x00007ffef9a25000 	C:\Windows\SYSTEM32\profapi.dll
0x00007ffee2160000 - 0x00007ffee2178000 	C:\Program Files\Java\jdk-20\bin\zip.dll
0x00007ffee44f0000 - 0x00007ffee4503000 	C:\Program Files\Java\jdk-20\bin\net.dll
0x00007ffeea0b0000 - 0x00007ffeea1ba000 	C:\Windows\SYSTEM32\WINHTTP.dll
0x00007ffef8c70000 - 0x00007ffef8cda000 	C:\Windows\system32\mswsock.dll
0x00007ffee44d0000 - 0x00007ffee44e6000 	C:\Program Files\Java\jdk-20\bin\nio.dll
0x00007ffee4570000 - 0x00007ffee4580000 	C:\Program Files\Java\jdk-20\bin\verify.dll
0x00007ffee2130000 - 0x00007ffee2157000 	C:\Users\shrut\.gradle\native\c067742578af261105cb4f569cf0c3c89f3d7b1fecec35dd04571415982c5e48\windows-amd64\native-platform.dll
0x00007ffec9670000 - 0x00007ffec97b4000 	C:\Users\shrut\.gradle\native\38dada09dfb8b06ba9b0570ebf7e218e3eb74d4ef43ca46872605cf95ebc2f47\windows-amd64\native-platform-file-events.dll
0x00007ffee4460000 - 0x00007ffee446a000 	C:\Program Files\Java\jdk-20\bin\management.dll
0x00007ffee4170000 - 0x00007ffee417b000 	C:\Program Files\Java\jdk-20\bin\management_ext.dll
0x00007ffefaa20000 - 0x00007ffefaa28000 	C:\Windows\System32\PSAPI.DLL
0x00007ffef9770000 - 0x00007ffef9788000 	C:\Windows\SYSTEM32\CRYPTSP.dll
0x00007ffef8490000 - 0x00007ffef84c4000 	C:\Windows\system32\rsaenh.dll
0x00007ffef9980000 - 0x00007ffef99ae000 	C:\Windows\SYSTEM32\USERENV.dll
0x00007ffef8d60000 - 0x00007ffef8d6c000 	C:\Windows\SYSTEM32\CRYPTBASE.dll
0x00007ffef87f0000 - 0x00007ffef882b000 	C:\Windows\SYSTEM32\IPHLPAPI.DLL
0x00007ffefa4b0000 - 0x00007ffefa4b8000 	C:\Windows\System32\NSI.dll
0x00007ffeecf30000 - 0x00007ffeecf47000 	C:\Windows\SYSTEM32\dhcpcsvc6.DLL
0x00007ffeed6f0000 - 0x00007ffeed70d000 	C:\Windows\SYSTEM32\dhcpcsvc.DLL
0x00007ffef8830000 - 0x00007ffef88fa000 	C:\Windows\SYSTEM32\DNSAPI.dll
0x00007ffee2120000 - 0x00007ffee2127000 	C:\Program Files\Java\jdk-20\bin\extnet.dll
0x00007ffee2080000 - 0x00007ffee208e000 	C:\Program Files\Java\jdk-20\bin\sunmscapi.dll
0x00007ffefa150000 - 0x00007ffefa2ad000 	C:\Windows\System32\CRYPT32.dll
0x00007ffef8e10000 - 0x00007ffef8e38000 	C:\Windows\SYSTEM32\ncrypt.dll
0x00007ffef8dd0000 - 0x00007ffef8e0b000 	C:\Windows\SYSTEM32\NTASN1.dll
0x00007ffecdd00000 - 0x00007ffecdd07000 	C:\Windows\system32\wshunix.dll

dbghelp: loaded successfully - version: 4.0.5 - missing functions: none
symbol engine: initialized successfully - sym options: 0x614 - pdb path: .;C:\Program Files\Java\jdk-20\bin;C:\Windows\SYSTEM32;C:\Windows\WinSxS\amd64_microsoft.windows.common-controls_6595b64144ccf1df_6.0.19041.3636_none_60b6a03d71f818d5;C:\Program Files\Java\jdk-20\bin\server;C:\Users\shrut\.gradle\native\c067742578af261105cb4f569cf0c3c89f3d7b1fecec35dd04571415982c5e48\windows-amd64;C:\Users\shrut\.gradle\native\38dada09dfb8b06ba9b0570ebf7e218e3eb74d4ef43ca46872605cf95ebc2f47\windows-amd64

VM Arguments:
jvm_args: -XX:MaxMetaspaceSize=512m --add-opens=java.base/java.util=ALL-UNNAMED --add-opens=java.base/java.lang=ALL-UNNAMED --add-opens=java.base/java.lang.invoke=ALL-UNNAMED --add-opens=java.prefs/java.util.prefs=ALL-UNNAMED --add-opens=java.base/java.nio.charset=ALL-UNNAMED --add-opens=java.base/java.net=ALL-UNNAMED --add-opens=java.base/java.util.concurrent.atomic=ALL-UNNAMED -Xmx2048m -Dfile.encoding=UTF-8 -Duser.country=GB -Duser.language=en -Duser.variant -javaagent:C:\Users\shrut\.gradle\wrapper\dists\gradle-8.5-all\3zlzzgtsutfj0pbojr50n2l7z\gradle-8.5\lib\agents\gradle-instrumentation-agent-8.5.jar 
java_command: org.gradle.launcher.daemon.bootstrap.GradleDaemon 8.5
java_class_path (initial): C:\Users\shrut\.gradle\wrapper\dists\gradle-8.5-all\3zlzzgtsutfj0pbojr50n2l7z\gradle-8.5\lib\gradle-launcher-8.5.jar
Launcher Type: SUN_STANDARD

[Global flags]
     intx CICompilerCount                          = 3                                         {product} {ergonomic}
   size_t CompressedClassSpaceSize                 = 432013312                                 {product} {ergonomic}
     uint ConcGCThreads                            = 1                                         {product} {ergonomic}
     uint G1ConcRefinementThreads                  = 4                                         {product} {ergonomic}
   size_t G1HeapRegionSize                         = 1048576                                   {product} {ergonomic}
    uintx GCDrainStackTargetSize                   = 64                                        {product} {ergonomic}
   size_t InitialHeapSize                          = 266338304                                 {product} {ergonomic}
   size_t MarkStackSize                            = 4194304                                   {product} {ergonomic}
   size_t MaxHeapSize                              = 2147483648                                {product} {command line}
   size_t MaxMetaspaceSize                         = 536870912                                 {product} {command line}
   size_t MaxNewSize                               = 1287651328                                {product} {ergonomic}
   size_t MinHeapDeltaBytes                        = 1048576                                   {product} {ergonomic}
   size_t MinHeapSize                              = 8388608                                   {product} {ergonomic}
    uintx NonNMethodCodeHeapSize                   = 5832780                                {pd product} {ergonomic}
    uintx NonProfiledCodeHeapSize                  = 122912730                              {pd product} {ergonomic}
    uintx ProfiledCodeHeapSize                     = 122912730                              {pd product} {ergonomic}
    uintx ReservedCodeCacheSize                    = 251658240                              {pd product} {ergonomic}
     bool SegmentedCodeCache                       = true                                      {product} {ergonomic}
   size_t SoftMaxHeapSize                          = 2147483648                             {manageable} {ergonomic}
     bool UseCompressedClassPointers               = true                           {product lp64_product} {ergonomic}
     bool UseCompressedOops                        = true                           {product lp64_product} {ergonomic}
     bool UseG1GC                                  = true                                      {product} {ergonomic}
     bool UseLargePagesIndividualAllocation        = false                                  {pd product} {ergonomic}

Logging:
Log output configuration:
 #0: stdout all=warning uptime,level,tags foldmultilines=false
 #1: stderr all=off uptime,level,tags foldmultilines=false

Environment Variables:
JAVA_HOME=C:\Program Files\Java\jdk-20
CLASSPATH=C:\Users\shrut\OneDrive\Desktop\reactNative\clawApp\android\\gradle\wrapper\gradle-wrapper.jar
PATH=C:\Users\shrut\OneDrive\Desktop\reactNative\clawApp\node_modules\.bin;C:\Users\shrut\OneDrive\Desktop\reactNative\clawApp\node_modules\.bin;C:\Users\shrut\OneDrive\Desktop\reactNative\node_modules\.bin;C:\Users\shrut\OneDrive\Desktop\node_modules\.bin;C:\Users\shrut\OneDrive\node_modules\.bin;C:\Users\shrut\node_modules\.bin;C:\Users\node_modules\.bin;C:\node_modules\.bin;C:\Program Files\nodejs\node_modules\npm\node_modules\@npmcli\run-script\lib\node-gyp-bin;C:\Users\shrut\OneDrive\Desktop\reactNative\clawApp\node_modules\.bin;C:\Users\shrut\OneDrive\Desktop\reactNative\node_modules\.bin;C:\Users\shrut\OneDrive\Desktop\node_modules\.bin;C:\Users\shrut\OneDrive\node_modules\.bin;C:\Users\shrut\node_modules\.bin;C:\Users\node_modules\.bin;C:\node_modules\.bin;C:\Program Files\nodejs\node_modules\npm\node_modules\@npmcli\run-script\lib\node-gyp-bin;C:\Program Files\Common Files\Oracle\Java\javapath;C:\Program Files (x86)\Common Files\Oracle\Java\javapath;C:\Windows\system32;C:\Windows;C:\Windows\System32\Wbem;C:\Windows\System32\WindowsPowerShell\v1.0\;C:\Windows\System32\OpenSSH\;C:\Program Files\nodejs\;C:\ProgramData\chocolatey\bin;C:\Program Files\Git\cmd;C:\Program Files\Java\jdk-20\bin;C:\Users\shrut\AppData\Local\Microsoft\WindowsApps;C:\Users\shrut\AppData\Roaming\npm;C:\Users\shrut\AppData\Local\Programs\Microsoft VS Code\bin
USERNAME=shrut
OS=Windows_NT
PROCESSOR_IDENTIFIER=Intel64 Family 6 Model 78 Stepping 3, GenuineIntel
TMP=C:\Users\shrut\AppData\Local\Temp
TEMP=C:\Users\shrut\AppData\Local\Temp




---------------  S Y S T E M  ---------------

OS:
 Windows 10 , 64 bit Build 19041 (10.0.19041.3636)
OS uptime: 0 days 23:42 hours

CPU: total 4 (initial active 4) (2 cores per cpu, 2 threads per core) family 6 model 78 stepping 3 microcode 0xf0, cx8, cmov, fxsr, ht, mmx, 3dnowpref, sse, sse2, sse3, ssse3, sse4.1, sse4.2, popcnt, lzcnt, tsc, tscinvbit, avx, avx2, aes, erms, clmul, bmi1, bmi2, rtm, adx, fma, vzeroupper, clflush, clflushopt, rdtscp, f16c

Memory: 4k page, system-wide physical 16212M (4965M free)
TotalPageFile size 21462M (AvailPageFile size 3279M)
current process WorkingSet (physical memory assigned to process): 216M, peak: 216M
current process commit charge ("private bytes"): 398M, peak: 398M

vm_info: Java HotSpot(TM) 64-Bit Server VM (20.0.2+9-78) for windows-amd64 JRE (20.0.2+9-78), built on 2023-06-14T10:08:48Z by "mach5one" with MS VC++ 17.1 (VS2022)

END.
