#
# A fatal error has been detected by the Java Runtime Environment:
#
#  EXCEPTION_ACCESS_VIOLATION (0xc0000005) at pc=0x00007ffe895f0886, pid=3956, tid=16356
#
# JRE version: Java(TM) SE Runtime Environment (20.0.2+9) (build 20.0.2+9-78)
# Java VM: Java HotSpot(TM) 64-Bit Server VM (20.0.2+9-78, mixed mode, sharing, tiered, compressed oops, compressed class ptrs, g1 gc, windows-amd64)
# Problematic frame:
# V  [jvm.dll+0x140886]
#
# No core dump will be written. Minidumps are not enabled by default on client versions of Windows
#
# If you would like to submit a bug report, please visit:
#   https://bugreport.java.com/bugreport/crash.jsp
#

---------------  S U M M A R Y ------------

Command Line: -XX:MaxMetaspaceSize=512m --add-opens=java.base/java.util=ALL-UNNAMED --add-opens=java.base/java.lang=ALL-UNNAMED --add-opens=java.base/java.lang.invoke=ALL-UNNAMED --add-opens=java.prefs/java.util.prefs=ALL-UNNAMED --add-opens=java.base/java.nio.charset=ALL-UNNAMED --add-opens=java.base/java.net=ALL-UNNAMED --add-opens=java.base/java.util.concurrent.atomic=ALL-UNNAMED -Xmx2048m -Dfile.encoding=UTF-8 -Duser.country=GB -Duser.language=en -Duser.variant -javaagent:C:\Users\shrut\.gradle\wrapper\dists\gradle-8.5-all\3zlzzgtsutfj0pbojr50n2l7z\gradle-8.5\lib\agents\gradle-instrumentation-agent-8.5.jar org.gradle.launcher.daemon.bootstrap.GradleDaemon 8.5

Host: Intel(R) Core(TM) i5-6300U CPU @ 2.40GHz, 4 cores, 15G,  Windows 10 , 64 bit Build 19041 (10.0.19041.3636)
Time: Tue Feb  6 13:10:21 2024 India Standard Time elapsed time: 70.610736 seconds (0d 0h 1m 10s)

---------------  T H R E A D  ---------------

Current thread (0x0000027bd522dfa0):  WorkerThread "GC Thread#0" [stack: 0x000000e0acb00000,0x000000e0acc00000] [id=16356]

Stack: [0x000000e0acb00000,0x000000e0acc00000],  sp=0x000000e0acbff328,  free space=1020k
Native frames: (J=compiled Java code, j=interpreted, Vv=VM code, C=native code)
V  [jvm.dll+0x140886]


siginfo: EXCEPTION_ACCESS_VIOLATION (0xc0000005), reading address 0x0000027c80000007


Registers:
RAX=0x0000000000000000, RBX=0x0000000000000001, RCX=0x000000008cf79ec8, RDX=0x000000008cf79ec8
RSP=0x000000e0acbff328, RBP=0x0000000000000e08, RSI=0x0000027bd52bcb40, RDI=0x000000110149ade8
R8 =0x0000027c7fffffff, R9 =0x000000110149ade8, R10=0x000000008cf79ec8, R11=0x00007ffee45915c3
R12=0x0000027bd52b1a58, R13=0x0000027c7fffffff, R14=0x000000008cf79ec8, R15=0x0000027bf985b280
RIP=0x00007ffe895f0886, EFLAGS=0x0000000000010206


Register to memory mapping:

RIP=0x00007ffe895f0886 jvm.dll
RAX=0x0 is NULL
RBX=0x0000000000000001 is an unknown value
RCX=
[error occurred during error reporting (printing register info), id 0xc0000005, EXCEPTION_ACCESS_VIOLATION (0xc0000005) at pc=0x00007ffe895f08f1]
Top of Stack: (sp=0x000000e0acbff328)
0x000000e0acbff328:   00007ffe8980d1cb 0000000000000001
0x000000e0acbff338:   0000000000000001 0000000000000001
0x000000e0acbff348:   0000000000000000 000000008cd23aec
0x000000e0acbff358:   00007ffe8980b539 0000000000000001
0x000000e0acbff368:   0000027bf32ac8e0 0000027b80017d98
0x000000e0acbff378:   0000027bd52890d0 000000008cd23af0
0x000000e0acbff388:   0000000000000000 0000000000000040
0x000000e0acbff398:   00000000000003d8 0000027bd52b1a58
0x000000e0acbff3a8:   000000008cd2b474 0000027bd52bcb40
0x000000e0acbff3b8:   0000000000000e08 0000027bf985b280
0x000000e0acbff3c8:   00007ffe8980e43a 0000007ee7060000
0x000000e0acbff3d8:   0000000000000001 0000000000000000
0x000000e0acbff3e8:   0000000000000040 0000027bfa306200
0x000000e0acbff3f8:   0000027bfc6440f8 0000027bfa306220
0x000000e0acbff408:   0000000000000014 0000000000000000
0x000000e0acbff418:   00007ffe8980aace 0000027bfc6440c8
0x000000e0acbff428:   0000027bf985b280 0000027bfc6440f8
0x000000e0acbff438:   00000000000003d8 000000002a142610
0x000000e0acbff448:   0000002904740cdb 0000000000000014
0x000000e0acbff458:   0000000000000000 0000027bfc6440f8
0x000000e0acbff468:   00007ffe8981c0b8 0000000000000000
0x000000e0acbff478:   0000000000000001 0000000000000000
0x000000e0acbff488:   0000000000000088 0000027bfa306220
0x000000e0acbff498:   00007ffe896d6c04 0000000000000004
0x000000e0acbff4a8:   00007ffe89ca603d 000000e0ad0feb01
0x000000e0acbff4b8:   00007ffe89b6579f 0000027bf7b503d0
0x000000e0acbff4c8:   00007ffe896d6ae5 0000027bfc644158
0x000000e0acbff4d8:   0000027bfc644158 0000027bfa306200
0x000000e0acbff4e8:   0000027bfc6440f8 0000027bfc6440c0
0x000000e0acbff4f8:   00007ffe8980aa4b 0000027bfcf17bd0
0x000000e0acbff508:   00007ffe89e33b40 000000e0acbff590
0x000000e0acbff518:   0000027bfc644158 0000027bfcf8d700 

Instructions: (pc=0x00007ffe895f0886)
0x00007ffe895f0786:   4c 63 c0 41 8b c1 48 c1 f8 10 48 63 14 19 41 8b
0x00007ffe895f0796:   c9 83 e1 3f 48 d3 e2 0f b6 c8 49 8d 04 10 49 f7
0x00007ffe895f07a6:   d0 48 03 c8 49 c1 e8 03 48 c1 e9 03 49 23 c8 eb
0x00007ffe895f07b6:   12 49 8b 00 48 8b d3 49 8b c8 ff 90 00 01 00 00
0x00007ffe895f07c6:   48 8b c8 48 89 1f 48 8b c7 48 8b 5c 24 30 48 89
0x00007ffe895f07d6:   4f 08 48 83 c4 20 5f c3 cc cc 0f b6 05 84 10 a7
0x00007ffe895f07e6:   00 48 8b d1 84 c0 74 16 44 8b 41 08 8b 0d f0 37
0x00007ffe895f07f6:   a0 00 49 d3 e0 4c 03 05 de 37 a0 00 eb 04 4c 8b
0x00007ffe895f0806:   41 08 45 8b 48 08 45 85 c9 7e 0e 41 f6 c1 01 75
0x00007ffe895f0816:   53 41 c1 f9 03 49 63 c1 c3 79 49 84 c0 41 b8 0c
0x00007ffe895f0826:   00 00 00 8b 05 69 49 a0 00 b9 10 00 00 00 41 0f
0x00007ffe895f0836:   45 c8 ff c8 4c 63 c0 41 8b c1 48 c1 f8 10 0f b6
0x00007ffe895f0846:   c0 48 63 14 11 41 8b c9 83 e1 3f 48 d3 e2 49 8d
0x00007ffe895f0856:   0c 10 49 f7 d0 48 03 c1 49 c1 e8 03 48 c1 e8 03
0x00007ffe895f0866:   49 23 c0 c3 49 8b 00 49 8b c8 48 ff a0 00 01 00
0x00007ffe895f0876:   00 cc cc cc cc cc cc cc cc cc 4c 8b c2 48 8b d1
0x00007ffe895f0886:   45 8b 48 08 45 85 c9 7e 0e 41 f6 c1 01 75 56 41
0x00007ffe895f0896:   c1 f9 03 49 63 c1 c3 79 4c 80 3d c5 0f a7 00 00
0x00007ffe895f08a6:   b8 0c 00 00 00 b9 10 00 00 00 0f 45 c8 8b 05 df
0x00007ffe895f08b6:   48 a0 00 ff c8 4c 63 c0 41 8b c1 48 c1 f8 10 48
0x00007ffe895f08c6:   63 14 11 41 8b c9 83 e1 3f 0f b6 c0 48 d3 e2 49
0x00007ffe895f08d6:   8d 0c 10 49 f7 d0 48 03 c1 49 c1 e8 03 48 c1 e8
0x00007ffe895f08e6:   03 49 23 c0 c3 49 8b 00 49 8b c8 48 ff a0 00 01
0x00007ffe895f08f6:   00 00 cc cc cc cc cc cc cc cc 40 53 48 83 ec 20
0x00007ffe895f0906:   48 8b d9 49 8b c0 33 c9 45 0f b6 c1 48 89 0b 48
0x00007ffe895f0916:   89 4b 08 48 8b cb 48 89 53 10 48 8b d0 e8 88 09
0x00007ffe895f0926:   00 00 48 8b c3 48 83 c4 20 5b c3 cc cc cc cc cc
0x00007ffe895f0936:   cc cc cc cc cc cc cc cc cc cc 40 53 48 83 ec 20
0x00007ffe895f0946:   33 c0 44 88 41 10 45 0f b6 c1 48 89 01 48 89 41
0x00007ffe895f0956:   08 48 8b d9 e8 61 0a 00 00 48 8b c3 48 83 c4 20
0x00007ffe895f0966:   5b c3 cc cc cc cc cc cc cc cc 40 53 48 83 ec 20
0x00007ffe895f0976:   33 c0 48 8b d9 48 89 01 48 89 41 08 e8 e9 0b 00 


Stack slot to memory mapping:
stack at sp + 0 slots: 0x00007ffe8980d1cb jvm.dll
stack at sp + 1 slots: 0x0000000000000001 is an unknown value
stack at sp + 2 slots: 0x0000000000000001 is an unknown value
stack at sp + 3 slots: 0x0000000000000001 is an unknown value
stack at sp + 4 slots: 0x0 is NULL
stack at sp + 5 slots: 
[error occurred during error reporting (inspecting top of stack), id 0xc0000005, EXCEPTION_ACCESS_VIOLATION (0xc0000005) at pc=0x00007ffe895f08f1]

---------------  P R O C E S S  ---------------

Threads class SMR info:
_java_thread_list=0x0000027bfcbdd880, length=80, elements={
0x0000027bd529d8c0, 0x0000027bf78070b0, 0x0000027bf780bba0, 0x0000027bf780d880,
0x0000027bf780f5f0, 0x0000027bf78128a0, 0x0000027bf7813730, 0x0000027bf7819e40,
0x0000027bf7843ce0, 0x0000027bf7949c10, 0x0000027bf7a6c3b0, 0x0000027bf8651b20,
0x0000027bf9199a40, 0x0000027bf8f43d10, 0x0000027bf97c9030, 0x0000027bf95bf600,
0x0000027bf95c2080, 0x0000027bf95c1090, 0x0000027bf95c15e0, 0x0000027bf95bfb50,
0x0000027bf95c00a0, 0x0000027bf95c1b30, 0x0000027bf95c05f0, 0x0000027bf95c0b40,
0x0000027bf95bf0b0, 0x0000027bfa17fac0, 0x0000027bfa17c5a0, 0x0000027bfa17a070,
0x0000027bfa17a5c0, 0x0000027bfa17d590, 0x0000027bfa17e580, 0x0000027bfa180560,
0x0000027bfa181000, 0x0000027bfa17caf0, 0x0000027bfa181550, 0x0000027bfa17b060,
0x0000027bfa17b5b0, 0x0000027bfa17d040, 0x0000027bfa17c050, 0x0000027bfa181aa0,
0x0000027bfa17dae0, 0x0000027bfa17e030, 0x0000027bfa17f570, 0x0000027bfb7c6180,
0x0000027bfb7c46f0, 0x0000027bfb7c66d0, 0x0000027bfb7c6c20, 0x0000027bfb7c3700,
0x0000027bfb7c2710, 0x0000027bfb7c7170, 0x0000027bfb7c4c40, 0x0000027bfb7c31b0,
0x0000027bfb7c76c0, 0x0000027bfb7c8160, 0x0000027bfb7c5190, 0x0000027bfb7c11d0,
0x0000027bfb7c3c50, 0x0000027bfb7c7c10, 0x0000027bfb7c86b0, 0x0000027bfb7c8c00,
0x0000027bfb7c1720, 0x0000027bfb7c1c70, 0x0000027bfb7c2c60, 0x0000027bfb7c41a0,
0x0000027bfa768c10, 0x0000027bfa76a6a0, 0x0000027bfa769160, 0x0000027bfa7696b0,
0x0000027bfc22c2f0, 0x0000027bfa76b140, 0x0000027bfa76c130, 0x0000027bfa76d670,
0x0000027bfa76dbc0, 0x0000027bfa76fba0, 0x0000027bfa17ead0, 0x0000027b9f0b69a0,
0x0000027b9f0b8430, 0x0000027b9f0b6ef0, 0x0000027b9f0b9970, 0x0000027b9f0b8980
}

Java Threads: ( => current thread )
  0x0000027bd529d8c0 JavaThread "main" [_thread_blocked, id=15680, stack(0x000000e0aca00000,0x000000e0acb00000)]
  0x0000027bf78070b0 JavaThread "Reference Handler" daemon [_thread_blocked, id=16044, stack(0x000000e0ad200000,0x000000e0ad300000)]
  0x0000027bf780bba0 JavaThread "Finalizer" daemon [_thread_blocked, id=18400, stack(0x000000e0ad300000,0x000000e0ad400000)]
  0x0000027bf780d880 JavaThread "Signal Dispatcher" daemon [_thread_blocked, id=7436, stack(0x000000e0ad400000,0x000000e0ad500000)]
  0x0000027bf780f5f0 JavaThread "Attach Listener" daemon [_thread_blocked, id=8952, stack(0x000000e0ad500000,0x000000e0ad600000)]
  0x0000027bf78128a0 JavaThread "Service Thread" daemon [_thread_blocked, id=9696, stack(0x000000e0ad600000,0x000000e0ad700000)]
  0x0000027bf7813730 JavaThread "Monitor Deflation Thread" daemon [_thread_blocked, id=11348, stack(0x000000e0ad700000,0x000000e0ad800000)]
  0x0000027bf7819e40 JavaThread "C2 CompilerThread0" daemon [_thread_blocked, id=17748, stack(0x000000e0ad800000,0x000000e0ad900000)]
  0x0000027bf7843ce0 JavaThread "C1 CompilerThread0" daemon [_thread_blocked, id=4272, stack(0x000000e0ad900000,0x000000e0ada00000)]
  0x0000027bf7949c10 JavaThread "Common-Cleaner" daemon [_thread_blocked, id=8788, stack(0x000000e0ada00000,0x000000e0adb00000)]
  0x0000027bf7a6c3b0 JavaThread "Notification Thread" daemon [_thread_blocked, id=18168, stack(0x000000e0adb00000,0x000000e0adc00000)]
  0x0000027bf8651b20 JavaThread "Daemon health stats" [_thread_blocked, id=16820, stack(0x000000e0ae100000,0x000000e0ae200000)]
  0x0000027bf9199a40 JavaThread "Incoming local TCP Connector on port 63535" [_thread_in_native, id=16612, stack(0x000000e0ae200000,0x000000e0ae300000)]
  0x0000027bf8f43d10 JavaThread "Daemon periodic checks" [_thread_blocked, id=16712, stack(0x000000e0ae300000,0x000000e0ae400000)]
  0x0000027bf97c9030 JavaThread "Daemon" [_thread_blocked, id=5468, stack(0x000000e0ae400000,0x000000e0ae500000)]
  0x0000027bf95bf600 JavaThread "Handler for socket connection from /127.0.0.1:63535 to /127.0.0.1:63536" [_thread_in_native, id=8408, stack(0x000000e0ae500000,0x000000e0ae600000)]
  0x0000027bf95c2080 JavaThread "Cancel handler" [_thread_blocked, id=14448, stack(0x000000e0ae600000,0x000000e0ae700000)]
  0x0000027bf95c1090 JavaThread "Daemon worker" [_thread_blocked, id=14188, stack(0x000000e0ae700000,0x000000e0ae800000)]
  0x0000027bf95c15e0 JavaThread "Asynchronous log dispatcher for DefaultDaemonConnection: socket connection from /127.0.0.1:63535 to /127.0.0.1:63536" [_thread_blocked, id=10016, stack(0x000000e0ae800000,0x000000e0ae900000)]
  0x0000027bf95bfb50 JavaThread "Stdin handler" [_thread_blocked, id=15304, stack(0x000000e0ae900000,0x000000e0aea00000)]
  0x0000027bf95c00a0 JavaThread "Daemon client event forwarder" [_thread_blocked, id=18312, stack(0x000000e0aea00000,0x000000e0aeb00000)]
  0x0000027bf95c1b30 JavaThread "Cache worker for journal cache (C:\Users\shrut\.gradle\caches\journal-1)" [_thread_blocked, id=14772, stack(0x000000e0aeb00000,0x000000e0aec00000)]
  0x0000027bf95c05f0 JavaThread "File lock request listener" [_thread_in_native, id=2544, stack(0x000000e0aec00000,0x000000e0aed00000)]
  0x0000027bf95c0b40 JavaThread "Cache worker for file hash cache (C:\Users\shrut\.gradle\caches\8.5\fileHashes)" [_thread_blocked, id=17288, stack(0x000000e0aed00000,0x000000e0aee00000)]
  0x0000027bf95bf0b0 JavaThread "File watcher server" daemon [_thread_blocked, id=14008, stack(0x000000e0aee00000,0x000000e0aef00000)]
  0x0000027bfa17fac0 JavaThread "File watcher consumer" daemon [_thread_blocked, id=15080, stack(0x000000e0aef00000,0x000000e0af000000)]
  0x0000027bfa17c5a0 JavaThread "Cache worker for checksums cache (C:\Users\shrut\OneDrive\Desktop\reactNative\clawApp\android\.gradle\8.5\checksums)" [_thread_blocked, id=996, stack(0x000000e0af000000,0x000000e0af100000)]
  0x0000027bfa17a070 JavaThread "Cache worker for file hash cache (C:\Users\shrut\OneDrive\Desktop\reactNative\clawApp\android\.gradle\8.5\fileHashes)" [_thread_blocked, id=16816, stack(0x000000e0af100000,0x000000e0af200000)]
  0x0000027bfa17a5c0 JavaThread "Cache worker for cache directory md-supplier (C:\Users\shrut\.gradle\caches\8.5\md-supplier)" [_thread_blocked, id=13520, stack(0x000000e0af200000,0x000000e0af300000)]
  0x0000027bfa17d590 JavaThread "Cache worker for cache directory md-rule (C:\Users\shrut\.gradle\caches\8.5\md-rule)" [_thread_blocked, id=15560, stack(0x000000e0af300000,0x000000e0af400000)]
  0x0000027bfa17e580 JavaThread "Cache worker for file content cache (C:\Users\shrut\.gradle\caches\8.5\fileContent)" [_thread_blocked, id=5920, stack(0x000000e0af400000,0x000000e0af500000)]
  0x0000027bfa180560 JavaThread "Cache worker for execution history cache (C:\Users\shrut\.gradle\caches\8.5\executionHistory)" [_thread_blocked, id=9440, stack(0x000000e0af500000,0x000000e0af600000)]
  0x0000027bfa181000 JavaThread "jar transforms" [_thread_blocked, id=8128, stack(0x000000e0af600000,0x000000e0af700000)]
  0x0000027bfa17caf0 JavaThread "jar transforms Thread 2" [_thread_blocked, id=17488, stack(0x000000e0af700000,0x000000e0af800000)]
  0x0000027bfa181550 JavaThread "jar transforms Thread 3" [_thread_blocked, id=7816, stack(0x000000e0af800000,0x000000e0af900000)]
  0x0000027bfa17b060 JavaThread "jar transforms Thread 4" [_thread_blocked, id=2444, stack(0x000000e0af900000,0x000000e0afa00000)]
  0x0000027bfa17b5b0 JavaThread "Cache worker for kotlin-dsl (C:\Users\shrut\.gradle\caches\8.5\kotlin-dsl)" [_thread_blocked, id=5344, stack(0x000000e0afa00000,0x000000e0afb00000)]
  0x0000027bfa17d040 JavaThread "Unconstrained build operations" [_thread_blocked, id=11252, stack(0x000000e0afb00000,0x000000e0afc00000)]
  0x0000027bfa17c050 JavaThread "Unconstrained build operations Thread 2" [_thread_blocked, id=13988, stack(0x000000e0afc00000,0x000000e0afd00000)]
  0x0000027bfa181aa0 JavaThread "Cache worker for dependencies-accessors (C:\Users\shrut\OneDrive\Desktop\reactNative\clawApp\android\.gradle\8.5\dependencies-accessors)" [_thread_blocked, id=13760, stack(0x000000e0afd00000,0x000000e0afe00000)]
  0x0000027bfa17dae0 JavaThread "Cache worker for Build Output Cleanup Cache (C:\Users\shrut\OneDrive\Desktop\reactNative\clawApp\node_modules\@react-native\gradle-plugin\.gradle\buildOutputCleanup)" [_thread_blocked, id=11180, stack(0x000000e0afe00000,0x000000e0aff00000)]
  0x0000027bfa17e030 JavaThread "Unconstrained build operations Thread 3" [_thread_blocked, id=13848, stack(0x000000e0aff00000,0x000000e0b0000000)]
  0x0000027bfa17f570 JavaThread "Unconstrained build operations Thread 4" [_thread_blocked, id=13960, stack(0x000000e0b0000000,0x000000e0b0100000)]
  0x0000027bfb7c6180 JavaThread "Unconstrained build operations Thread 5" [_thread_blocked, id=18296, stack(0x000000e0b0100000,0x000000e0b0200000)]
  0x0000027bfb7c46f0 JavaThread "Memory manager" [_thread_blocked, id=9888, stack(0x000000e0add00000,0x000000e0ade00000)]
  0x0000027bfb7c66d0 JavaThread "Cache worker for Build Output Cleanup Cache (C:\Users\shrut\OneDrive\Desktop\reactNative\clawApp\android\.gradle\buildOutputCleanup)" [_thread_blocked, id=9596, stack(0x000000e0b0400000,0x000000e0b0500000)]
  0x0000027bfb7c6c20 JavaThread "ForkJoinPool.commonPool-worker-1" daemon [_thread_blocked, id=1232, stack(0x000000e0b0500000,0x000000e0b0600000)]
  0x0000027bfb7c3700 JavaThread "ForkJoinPool.commonPool-worker-2" daemon [_thread_blocked, id=14452, stack(0x000000e0b0600000,0x000000e0b0700000)]
  0x0000027bfb7c2710 JavaThread "ForkJoinPool.commonPool-worker-3" daemon [_thread_blocked, id=11692, stack(0x000000e0b0700000,0x000000e0b0800000)]
  0x0000027bfb7c7170 JavaThread "Exec process" [_thread_blocked, id=16396, stack(0x000000e0b0800000,0x000000e0b0900000)]
  0x0000027bfb7c4c40 JavaThread "Exec process Thread 2" [_thread_blocked, id=15284, stack(0x000000e0b0900000,0x000000e0b0a00000)]
  0x0000027bfb7c31b0 JavaThread "Exec process Thread 3" [_thread_blocked, id=16476, stack(0x000000e0b0a00000,0x000000e0b0b00000)]
  0x0000027bfb7c76c0 JavaThread "included builds" [_thread_blocked, id=14492, stack(0x000000e0b0b00000,0x000000e0b0c00000)]
  0x0000027bfb7c8160 JavaThread "Execution worker" [_thread_blocked, id=16832, stack(0x000000e0b0c00000,0x000000e0b0d00000)]
  0x0000027bfb7c5190 JavaThread "Execution worker Thread 2" [_thread_blocked, id=2280, stack(0x000000e0b0d00000,0x000000e0b0e00000)]
  0x0000027bfb7c11d0 JavaThread "Execution worker Thread 3" [_thread_blocked, id=9828, stack(0x000000e0b0e00000,0x000000e0b0f00000)]
  0x0000027bfb7c3c50 JavaThread "Cache worker for execution history cache (C:\Users\shrut\OneDrive\Desktop\reactNative\clawApp\node_modules\@react-native\gradle-plugin\.gradle\8.5\executionHistory)" [_thread_blocked, id=13732, stack(0x000000e0b0f00000,0x000000e0b1000000)]
  0x0000027bfb7c7c10 JavaThread "Unconstrained build operations Thread 6" [_thread_blocked, id=15376, stack(0x000000e0b1100000,0x000000e0b1200000)]
  0x0000027bfb7c86b0 JavaThread "Unconstrained build operations Thread 7" [_thread_blocked, id=17304, stack(0x000000e0b1200000,0x000000e0b1300000)]
  0x0000027bfb7c8c00 JavaThread "Unconstrained build operations Thread 8" [_thread_blocked, id=11908, stack(0x000000e0b1300000,0x000000e0b1400000)]
  0x0000027bfb7c1720 JavaThread "Unconstrained build operations Thread 9" [_thread_blocked, id=14724, stack(0x000000e0b1400000,0x000000e0b1500000)]
  0x0000027bfb7c1c70 JavaThread "Unconstrained build operations Thread 10" [_thread_blocked, id=5728, stack(0x000000e0b1500000,0x000000e0b1600000)]
  0x0000027bfb7c2c60 JavaThread "Unconstrained build operations Thread 11" [_thread_blocked, id=17248, stack(0x000000e0b1600000,0x000000e0b1700000)]
  0x0000027bfb7c41a0 JavaThread "Unconstrained build operations Thread 12" [_thread_blocked, id=16856, stack(0x000000e0b1700000,0x000000e0b1800000)]
  0x0000027bfa768c10 JavaThread "Unconstrained build operations Thread 13" [_thread_blocked, id=16628, stack(0x000000e0b1800000,0x000000e0b1900000)]
  0x0000027bfa76a6a0 JavaThread "Unconstrained build operations Thread 14" [_thread_blocked, id=15164, stack(0x000000e0ac900000,0x000000e0aca00000)]
  0x0000027bfa769160 JavaThread "Unconstrained build operations Thread 15" [_thread_blocked, id=12716, stack(0x000000e0ad100000,0x000000e0ad200000)]
  0x0000027bfa7696b0 JavaThread "Unconstrained build operations Thread 16" [_thread_blocked, id=7308, stack(0x000000e0b1000000,0x000000e0b1100000)]
  0x0000027bfc22c2f0 JavaThread "C2 CompilerThread1" daemon [_thread_blocked, id=17140, stack(0x000000e0ac800000,0x000000e0ac900000)]
  0x0000027bfa76b140 JavaThread "Unconstrained build operations Thread 17" [_thread_blocked, id=17792, stack(0x000000e0b1900000,0x000000e0b1a00000)]
  0x0000027bfa76c130 JavaThread "Unconstrained build operations Thread 18" [_thread_blocked, id=15008, stack(0x000000e0b1a00000,0x000000e0b1b00000)]
  0x0000027bfa76d670 JavaThread "Unconstrained build operations Thread 19" [_thread_blocked, id=12396, stack(0x000000e0b1b00000,0x000000e0b1c00000)]
  0x0000027bfa76dbc0 JavaThread "Unconstrained build operations Thread 20" [_thread_blocked, id=5356, stack(0x000000e0b1c00000,0x000000e0b1d00000)]
  0x0000027bfa76fba0 JavaThread "Unconstrained build operations Thread 21" [_thread_blocked, id=17500, stack(0x000000e0b1d00000,0x000000e0b1e00000)]
  0x0000027bfa17ead0 JavaThread "Unconstrained build operations Thread 22" [_thread_blocked, id=12720, stack(0x000000e0b1e00000,0x000000e0b1f00000)]
  0x0000027b9f0b69a0 JavaThread "Unconstrained build operations Thread 23" [_thread_blocked, id=15648, stack(0x000000e0b1f00000,0x000000e0b2000000)]
  0x0000027b9f0b8430 JavaThread "Unconstrained build operations Thread 24" [_thread_blocked, id=14096, stack(0x000000e0b2000000,0x000000e0b2100000)]
  0x0000027b9f0b6ef0 JavaThread "Unconstrained build operations Thread 25" [_thread_blocked, id=4760, stack(0x000000e0b2100000,0x000000e0b2200000)]
  0x0000027b9f0b9970 JavaThread "Unconstrained build operations Thread 26" [_thread_blocked, id=6452, stack(0x000000e0b2200000,0x000000e0b2300000)]
  0x0000027b9f0b8980 JavaThread "Unconstrained build operations Thread 27" [_thread_blocked, id=17232, stack(0x000000e0b2300000,0x000000e0b2400000)]

Other Threads:
  0x0000027bf3423420 VMThread "VM Thread" [stack: 0x000000e0ad000000,0x000000e0ad100000] [id=8672]
  0x0000027bf7a6c900 WatcherThread "VM Periodic Task Thread" [stack: 0x000000e0adc00000,0x000000e0add00000] [id=16708]
=>0x0000027bd522dfa0 WorkerThread "GC Thread#0" [stack: 0x000000e0acb00000,0x000000e0acc00000] [id=16356]
  0x0000027bf7e81660 WorkerThread "GC Thread#1" [stack: 0x000000e0ade00000,0x000000e0adf00000] [id=15592]
  0x0000027bf7e78730 WorkerThread "GC Thread#2" [stack: 0x000000e0adf00000,0x000000e0ae000000] [id=1400]
  0x0000027bf7d8b0a0 WorkerThread "GC Thread#3" [stack: 0x000000e0ae000000,0x000000e0ae100000] [id=9716]
  0x0000027bd522e650 ConcurrentGCThread "G1 Main Marker" [stack: 0x000000e0acc00000,0x000000e0acd00000] [id=14760]
  0x0000027bd530a430 WorkerThread "G1 Conc#0" [stack: 0x000000e0acd00000,0x000000e0ace00000] [id=16332]
  0x0000027bf32e99f0 ConcurrentGCThread "G1 Refine#0" [stack: 0x000000e0ace00000,0x000000e0acf00000] [id=13240]
  0x0000027bf32ea140 ConcurrentGCThread "G1 Service" [stack: 0x000000e0acf00000,0x000000e0ad000000] [id=14960]

Threads with active compile tasks:
C2 CompilerThread1    70680 12830       4       groovy.lang.MetaClassImpl::addMetaMethodToIndex (65 bytes)

VM state: at safepoint (normal execution)

VM Mutex/Monitor currently owned by a thread:  ([mutex/lock_event])
[0x0000027bd52996b0] Threads_lock - owner thread: 0x0000027bf3423420
[0x0000027bd5299620] Heap_lock - owner thread: 0x0000027bf95c1090

Heap address: 0x0000000080000000, size: 2048 MB, Compressed Oops mode: 32-bit

CDS archive(s) mapped at: [0x0000027b80000000-0x0000027b80c60000-0x0000027b80c60000), size 12976128, SharedBaseAddress: 0x0000027b80000000, ArchiveRelocationMode: 1.
Compressed class space mapped at: 0x0000027b81000000-0x0000027b9ac00000, reserved size: 432013312
Narrow klass base: 0x0000027b80000000, Narrow klass shift: 0, Narrow klass range: 0x100000000

GC Precious Log:
 CardTable entry size: 512
 Card Set container configuration: InlinePtr #cards 5 size 8 Array Of Cards #cards 12 size 40 Howl #buckets 4 coarsen threshold 1843 Howl Bitmap #cards 512 size 80 coarsen threshold 460 Card regions per heap region 1 cards per card region 2048
 CPUs: 4 total, 4 available
 Memory: 16212M
 Large Page Support: Disabled
 NUMA Support: Disabled
 Compressed Oops: Enabled (32-bit)
 Heap Region Size: 1M
 Heap Min Capacity: 8M
 Heap Initial Capacity: 254M
 Heap Max Capacity: 2G
 Pre-touch: Disabled
 Parallel Workers: 4
 Concurrent Workers: 1
 Concurrent Refinement Workers: 4
 Periodic GC: Disabled

Heap:
 garbage-first heap   total 242688K, used 179352K [0x0000000080000000, 0x0000000100000000)
  region size 1024K, 47 young (48128K), 6 survivors (6144K)
 Metaspace       used 95407K, committed 98048K, reserved 552960K
  class space    used 13380K, committed 14656K, reserved 421888K

Heap Regions: E=young(eden), S=young(survivor), O=old, HS=humongous(starts), HC=humongous(continues), CS=collection set, F=free, OA=open archive, CA=closed archive, TAMS=top-at-mark-start, PB=parsable bottom
|   0|0x0000000080000000, 0x0000000080100000, 0x0000000080100000|100%| O|  |TAMS 0x0000000080000000| PB 0x0000000080000000| Untracked 
|   1|0x0000000080100000, 0x0000000080200000, 0x0000000080200000|100%| O|  |TAMS 0x0000000080100000| PB 0x0000000080100000| Untracked 
|   2|0x0000000080200000, 0x0000000080300000, 0x0000000080300000|100%|HS|  |TAMS 0x0000000080200000| PB 0x0000000080200000| Complete 
|   3|0x0000000080300000, 0x0000000080400000, 0x0000000080400000|100%|HC|  |TAMS 0x0000000080300000| PB 0x0000000080300000| Complete 
|   4|0x0000000080400000, 0x0000000080500000, 0x0000000080500000|100%|HC|  |TAMS 0x0000000080400000| PB 0x0000000080400000| Complete 
|   5|0x0000000080500000, 0x0000000080600000, 0x0000000080600000|100%|HC|  |TAMS 0x0000000080500000| PB 0x0000000080500000| Complete 
|   6|0x0000000080600000, 0x0000000080700000, 0x0000000080700000|100%| O|  |TAMS 0x0000000080600000| PB 0x0000000080600000| Untracked 
|   7|0x0000000080700000, 0x0000000080800000, 0x0000000080800000|100%| O|  |TAMS 0x0000000080700000| PB 0x0000000080700000| Untracked 
|   8|0x0000000080800000, 0x0000000080900000, 0x0000000080900000|100%| O|  |TAMS 0x0000000080800000| PB 0x0000000080800000| Untracked 
|   9|0x0000000080900000, 0x0000000080a00000, 0x0000000080a00000|100%| O|  |TAMS 0x0000000080900000| PB 0x0000000080900000| Untracked 
|  10|0x0000000080a00000, 0x0000000080b00000, 0x0000000080b00000|100%| O|  |TAMS 0x0000000080a00000| PB 0x0000000080a00000| Untracked 
|  11|0x0000000080b00000, 0x0000000080c00000, 0x0000000080c00000|100%| O|  |TAMS 0x0000000080b00000| PB 0x0000000080b00000| Untracked 
|  12|0x0000000080c00000, 0x0000000080d00000, 0x0000000080d00000|100%| O|  |TAMS 0x0000000080c00000| PB 0x0000000080c00000| Untracked 
|  13|0x0000000080d00000, 0x0000000080e00000, 0x0000000080e00000|100%| O|  |TAMS 0x0000000080d00000| PB 0x0000000080d00000| Untracked 
|  14|0x0000000080e00000, 0x0000000080f00000, 0x0000000080f00000|100%| O|  |TAMS 0x0000000080e00000| PB 0x0000000080e00000| Untracked 
|  15|0x0000000080f00000, 0x0000000081000000, 0x0000000081000000|100%| O|  |TAMS 0x0000000080f00000| PB 0x0000000080f00000| Untracked 
|  16|0x0000000081000000, 0x0000000081100000, 0x0000000081100000|100%| O|  |TAMS 0x0000000081000000| PB 0x0000000081000000| Untracked 
|  17|0x0000000081100000, 0x0000000081200000, 0x0000000081200000|100%| O|  |TAMS 0x0000000081100000| PB 0x0000000081100000| Untracked 
|  18|0x0000000081200000, 0x0000000081300000, 0x0000000081300000|100%| O|  |TAMS 0x0000000081200000| PB 0x0000000081200000| Untracked 
|  19|0x0000000081300000, 0x0000000081400000, 0x0000000081400000|100%| O|  |TAMS 0x0000000081300000| PB 0x0000000081300000| Untracked 
|  20|0x0000000081400000, 0x0000000081500000, 0x0000000081500000|100%| O|  |TAMS 0x0000000081400000| PB 0x0000000081400000| Untracked 
|  21|0x0000000081500000, 0x0000000081600000, 0x0000000081600000|100%| O|  |TAMS 0x0000000081500000| PB 0x0000000081500000| Untracked 
|  22|0x0000000081600000, 0x0000000081700000, 0x0000000081700000|100%| O|  |TAMS 0x0000000081600000| PB 0x0000000081600000| Untracked 
|  23|0x0000000081700000, 0x0000000081800000, 0x0000000081800000|100%| O|  |TAMS 0x0000000081700000| PB 0x0000000081700000| Untracked 
|  24|0x0000000081800000, 0x0000000081900000, 0x0000000081900000|100%| O|  |TAMS 0x0000000081800000| PB 0x0000000081800000| Untracked 
|  25|0x0000000081900000, 0x0000000081a00000, 0x0000000081a00000|100%| O|  |TAMS 0x0000000081900000| PB 0x0000000081900000| Untracked 
|  26|0x0000000081a00000, 0x0000000081b00000, 0x0000000081b00000|100%| O|  |TAMS 0x0000000081a00000| PB 0x0000000081a00000| Untracked 
|  27|0x0000000081b00000, 0x0000000081c00000, 0x0000000081c00000|100%| O|  |TAMS 0x0000000081b00000| PB 0x0000000081b00000| Untracked 
|  28|0x0000000081c00000, 0x0000000081d00000, 0x0000000081d00000|100%| O|  |TAMS 0x0000000081c00000| PB 0x0000000081c00000| Untracked 
|  29|0x0000000081d00000, 0x0000000081e00000, 0x0000000081e00000|100%| O|  |TAMS 0x0000000081d00000| PB 0x0000000081d00000| Untracked 
|  30|0x0000000081e00000, 0x0000000081f00000, 0x0000000081f00000|100%| O|  |TAMS 0x0000000081e00000| PB 0x0000000081e00000| Untracked 
|  31|0x0000000081f00000, 0x0000000082000000, 0x0000000082000000|100%| O|  |TAMS 0x0000000081f00000| PB 0x0000000081f00000| Untracked 
|  32|0x0000000082000000, 0x0000000082100000, 0x0000000082100000|100%| O|  |TAMS 0x0000000082000000| PB 0x0000000082000000| Untracked 
|  33|0x0000000082100000, 0x0000000082200000, 0x0000000082200000|100%| O|  |TAMS 0x0000000082100000| PB 0x0000000082100000| Untracked 
|  34|0x0000000082200000, 0x0000000082300000, 0x0000000082300000|100%| O|  |TAMS 0x0000000082200000| PB 0x0000000082200000| Untracked 
|  35|0x0000000082300000, 0x0000000082400000, 0x0000000082400000|100%|HS|  |TAMS 0x0000000082300000| PB 0x0000000082300000| Complete 
|  36|0x0000000082400000, 0x0000000082500000, 0x0000000082500000|100%|HC|  |TAMS 0x0000000082400000| PB 0x0000000082400000| Complete 
|  37|0x0000000082500000, 0x0000000082600000, 0x0000000082600000|100%| O|  |TAMS 0x0000000082500000| PB 0x0000000082500000| Untracked 
|  38|0x0000000082600000, 0x0000000082700000, 0x0000000082700000|100%| O|  |TAMS 0x0000000082600000| PB 0x0000000082600000| Untracked 
|  39|0x0000000082700000, 0x0000000082800000, 0x0000000082800000|100%| O|  |TAMS 0x0000000082700000| PB 0x0000000082700000| Untracked 
|  40|0x0000000082800000, 0x0000000082900000, 0x0000000082900000|100%| O|  |TAMS 0x0000000082800000| PB 0x0000000082800000| Untracked 
|  41|0x0000000082900000, 0x0000000082a00000, 0x0000000082a00000|100%| O|  |TAMS 0x0000000082900000| PB 0x0000000082900000| Untracked 
|  42|0x0000000082a00000, 0x0000000082b00000, 0x0000000082b00000|100%| O|  |TAMS 0x0000000082a00000| PB 0x0000000082a00000| Untracked 
|  43|0x0000000082b00000, 0x0000000082c00000, 0x0000000082c00000|100%|HS|  |TAMS 0x0000000082b00000| PB 0x0000000082b00000| Complete 
|  44|0x0000000082c00000, 0x0000000082d00000, 0x0000000082d00000|100%|HC|  |TAMS 0x0000000082c00000| PB 0x0000000082c00000| Complete 
|  45|0x0000000082d00000, 0x0000000082e00000, 0x0000000082e00000|100%|HS|  |TAMS 0x0000000082d00000| PB 0x0000000082d00000| Complete 
|  46|0x0000000082e00000, 0x0000000082f00000, 0x0000000082f00000|100%|HC|  |TAMS 0x0000000082e00000| PB 0x0000000082e00000| Complete 
|  47|0x0000000082f00000, 0x0000000083000000, 0x0000000083000000|100%|HC|  |TAMS 0x0000000082f00000| PB 0x0000000082f00000| Complete 
|  48|0x0000000083000000, 0x0000000083100000, 0x0000000083100000|100%|HC|  |TAMS 0x0000000083000000| PB 0x0000000083000000| Complete 
|  49|0x0000000083100000, 0x0000000083200000, 0x0000000083200000|100%| O|  |TAMS 0x0000000083100000| PB 0x0000000083100000| Untracked 
|  50|0x0000000083200000, 0x0000000083300000, 0x0000000083300000|100%| O|  |TAMS 0x0000000083200000| PB 0x0000000083200000| Untracked 
|  51|0x0000000083300000, 0x0000000083400000, 0x0000000083400000|100%| O|  |TAMS 0x0000000083300000| PB 0x0000000083300000| Untracked 
|  52|0x0000000083400000, 0x0000000083500000, 0x0000000083500000|100%| O|  |TAMS 0x0000000083400000| PB 0x0000000083400000| Untracked 
|  53|0x0000000083500000, 0x0000000083600000, 0x0000000083600000|100%| O|  |TAMS 0x0000000083500000| PB 0x0000000083500000| Untracked 
|  54|0x0000000083600000, 0x0000000083700000, 0x0000000083700000|100%| O|  |TAMS 0x0000000083600000| PB 0x0000000083600000| Untracked 
|  55|0x0000000083700000, 0x0000000083800000, 0x0000000083800000|100%|HS|  |TAMS 0x0000000083700000| PB 0x0000000083700000| Complete 
|  56|0x0000000083800000, 0x0000000083900000, 0x0000000083900000|100%|HC|  |TAMS 0x0000000083800000| PB 0x0000000083800000| Complete 
|  57|0x0000000083900000, 0x0000000083a00000, 0x0000000083a00000|100%|HC|  |TAMS 0x0000000083900000| PB 0x0000000083900000| Complete 
|  58|0x0000000083a00000, 0x0000000083b00000, 0x0000000083b00000|100%|HC|  |TAMS 0x0000000083a00000| PB 0x0000000083a00000| Complete 
|  59|0x0000000083b00000, 0x0000000083c00000, 0x0000000083c00000|100%| O|  |TAMS 0x0000000083b00000| PB 0x0000000083b00000| Untracked 
|  60|0x0000000083c00000, 0x0000000083d00000, 0x0000000083d00000|100%| O|  |TAMS 0x0000000083c00000| PB 0x0000000083c00000| Untracked 
|  61|0x0000000083d00000, 0x0000000083e00000, 0x0000000083e00000|100%| O|  |TAMS 0x0000000083d00000| PB 0x0000000083d00000| Untracked 
|  62|0x0000000083e00000, 0x0000000083f00000, 0x0000000083f00000|100%| O|  |TAMS 0x0000000083e00000| PB 0x0000000083e00000| Untracked 
|  63|0x0000000083f00000, 0x0000000084000000, 0x0000000084000000|100%| O|  |TAMS 0x0000000083f00000| PB 0x0000000083f00000| Untracked 
|  64|0x0000000084000000, 0x0000000084100000, 0x0000000084100000|100%| O|  |TAMS 0x0000000084000000| PB 0x0000000084000000| Untracked 
|  65|0x0000000084100000, 0x0000000084200000, 0x0000000084200000|100%| O|  |TAMS 0x0000000084100000| PB 0x0000000084100000| Untracked 
|  66|0x0000000084200000, 0x0000000084300000, 0x0000000084300000|100%| O|  |TAMS 0x0000000084200000| PB 0x0000000084200000| Untracked 
|  67|0x0000000084300000, 0x0000000084400000, 0x0000000084400000|100%| O|  |TAMS 0x0000000084300000| PB 0x0000000084300000| Untracked 
|  68|0x0000000084400000, 0x0000000084500000, 0x0000000084500000|100%| O|  |TAMS 0x0000000084400000| PB 0x0000000084400000| Untracked 
|  69|0x0000000084500000, 0x0000000084600000, 0x0000000084600000|100%|HS|  |TAMS 0x0000000084500000| PB 0x0000000084500000| Complete 
|  70|0x0000000084600000, 0x0000000084700000, 0x0000000084700000|100%|HS|  |TAMS 0x0000000084600000| PB 0x0000000084600000| Complete 
|  71|0x0000000084700000, 0x0000000084800000, 0x0000000084800000|100%|HS|  |TAMS 0x0000000084700000| PB 0x0000000084700000| Complete 
|  72|0x0000000084800000, 0x0000000084900000, 0x0000000084900000|100%| O|  |TAMS 0x0000000084800000| PB 0x0000000084800000| Untracked 
|  73|0x0000000084900000, 0x0000000084a00000, 0x0000000084a00000|100%|HS|  |TAMS 0x0000000084900000| PB 0x0000000084900000| Complete 
|  74|0x0000000084a00000, 0x0000000084b00000, 0x0000000084b00000|100%| O|  |TAMS 0x0000000084a00000| PB 0x0000000084a00000| Untracked 
|  75|0x0000000084b00000, 0x0000000084c00000, 0x0000000084c00000|100%| O|  |TAMS 0x0000000084b00000| PB 0x0000000084b00000| Untracked 
|  76|0x0000000084c00000, 0x0000000084d00000, 0x0000000084d00000|100%| O|  |TAMS 0x0000000084c00000| PB 0x0000000084c00000| Untracked 
|  77|0x0000000084d00000, 0x0000000084e00000, 0x0000000084e00000|100%| O|  |TAMS 0x0000000084d00000| PB 0x0000000084d00000| Untracked 
|  78|0x0000000084e00000, 0x0000000084f00000, 0x0000000084f00000|100%| O|  |TAMS 0x0000000084e00000| PB 0x0000000084e00000| Untracked 
|  79|0x0000000084f00000, 0x0000000085000000, 0x0000000085000000|100%| O|  |TAMS 0x0000000084f00000| PB 0x0000000084f00000| Untracked 
|  80|0x0000000085000000, 0x0000000085100000, 0x0000000085100000|100%| O|  |TAMS 0x0000000085000000| PB 0x0000000085000000| Untracked 
|  81|0x0000000085100000, 0x0000000085200000, 0x0000000085200000|100%| O|  |TAMS 0x0000000085100000| PB 0x0000000085100000| Untracked 
|  82|0x0000000085200000, 0x0000000085300000, 0x0000000085300000|100%| O|  |TAMS 0x0000000085200000| PB 0x0000000085200000| Untracked 
|  83|0x0000000085300000, 0x0000000085400000, 0x0000000085400000|100%| O|  |TAMS 0x0000000085300000| PB 0x0000000085300000| Untracked 
|  84|0x0000000085400000, 0x0000000085500000, 0x0000000085500000|100%| O|  |TAMS 0x0000000085400000| PB 0x0000000085400000| Untracked 
|  85|0x0000000085500000, 0x0000000085600000, 0x0000000085600000|100%| O|  |TAMS 0x0000000085500000| PB 0x0000000085500000| Untracked 
|  86|0x0000000085600000, 0x0000000085700000, 0x0000000085700000|100%| O|  |TAMS 0x0000000085600000| PB 0x0000000085600000| Untracked 
|  87|0x0000000085700000, 0x0000000085800000, 0x0000000085800000|100%| O|  |TAMS 0x0000000085700000| PB 0x0000000085700000| Untracked 
|  88|0x0000000085800000, 0x0000000085900000, 0x0000000085900000|100%| O|  |TAMS 0x0000000085800000| PB 0x0000000085800000| Untracked 
|  89|0x0000000085900000, 0x0000000085a00000, 0x0000000085a00000|100%| O|  |TAMS 0x0000000085900000| PB 0x0000000085900000| Untracked 
|  90|0x0000000085a00000, 0x0000000085b00000, 0x0000000085b00000|100%| O|  |TAMS 0x0000000085a00000| PB 0x0000000085a00000| Untracked 
|  91|0x0000000085b00000, 0x0000000085c00000, 0x0000000085c00000|100%| O|  |TAMS 0x0000000085b00000| PB 0x0000000085b00000| Untracked 
|  92|0x0000000085c00000, 0x0000000085d00000, 0x0000000085d00000|100%| O|  |TAMS 0x0000000085c00000| PB 0x0000000085c00000| Untracked 
|  93|0x0000000085d00000, 0x0000000085e00000, 0x0000000085e00000|100%| O|  |TAMS 0x0000000085d00000| PB 0x0000000085d00000| Untracked 
|  94|0x0000000085e00000, 0x0000000085f00000, 0x0000000085f00000|100%| O|  |TAMS 0x0000000085e00000| PB 0x0000000085e00000| Untracked 
|  95|0x0000000085f00000, 0x0000000086000000, 0x0000000086000000|100%| O|  |TAMS 0x0000000085f00000| PB 0x0000000085f00000| Untracked 
|  96|0x0000000086000000, 0x0000000086100000, 0x0000000086100000|100%| O|  |TAMS 0x0000000086000000| PB 0x0000000086000000| Untracked 
|  97|0x0000000086100000, 0x0000000086200000, 0x0000000086200000|100%| O|  |TAMS 0x0000000086100000| PB 0x0000000086100000| Untracked 
|  98|0x0000000086200000, 0x0000000086300000, 0x0000000086300000|100%| O|  |TAMS 0x0000000086200000| PB 0x0000000086200000| Untracked 
|  99|0x0000000086300000, 0x0000000086400000, 0x0000000086400000|100%| O|  |TAMS 0x0000000086300000| PB 0x0000000086300000| Complete 
| 100|0x0000000086400000, 0x0000000086500000, 0x0000000086500000|100%|HS|  |TAMS 0x0000000086400000| PB 0x0000000086400000| Complete 
| 101|0x0000000086500000, 0x0000000086600000, 0x0000000086600000|100%|HS|  |TAMS 0x0000000086500000| PB 0x0000000086500000| Complete 
| 102|0x0000000086600000, 0x0000000086700000, 0x0000000086700000|100%|HS|  |TAMS 0x0000000086600000| PB 0x0000000086600000| Complete 
| 103|0x0000000086700000, 0x0000000086800000, 0x0000000086800000|100%|HC|  |TAMS 0x0000000086700000| PB 0x0000000086700000| Complete 
| 104|0x0000000086800000, 0x0000000086900000, 0x0000000086900000|100%| O|  |TAMS 0x0000000086800000| PB 0x0000000086800000| Untracked 
| 105|0x0000000086900000, 0x0000000086a00000, 0x0000000086a00000|100%| O|  |TAMS 0x0000000086900000| PB 0x0000000086900000| Untracked 
| 106|0x0000000086a00000, 0x0000000086b00000, 0x0000000086b00000|100%| O|  |TAMS 0x0000000086a00000| PB 0x0000000086a00000| Untracked 
| 107|0x0000000086b00000, 0x0000000086c00000, 0x0000000086c00000|100%| O|  |TAMS 0x0000000086b00000| PB 0x0000000086b00000| Untracked 
| 108|0x0000000086c00000, 0x0000000086d00000, 0x0000000086d00000|100%| O|  |TAMS 0x0000000086c00000| PB 0x0000000086c00000| Untracked 
| 109|0x0000000086d00000, 0x0000000086e00000, 0x0000000086e00000|100%| O|  |TAMS 0x0000000086d00000| PB 0x0000000086d00000| Untracked 
| 110|0x0000000086e00000, 0x0000000086f00000, 0x0000000086f00000|100%| O|  |TAMS 0x0000000086e00000| PB 0x0000000086e00000| Untracked 
| 111|0x0000000086f00000, 0x0000000087000000, 0x0000000087000000|100%| O|  |TAMS 0x0000000086f00000| PB 0x0000000086f00000| Untracked 
| 112|0x0000000087000000, 0x0000000087100000, 0x0000000087100000|100%| O|  |TAMS 0x0000000087000000| PB 0x0000000087000000| Untracked 
| 113|0x0000000087100000, 0x0000000087200000, 0x0000000087200000|100%| O|  |TAMS 0x0000000087100000| PB 0x0000000087100000| Untracked 
| 114|0x0000000087200000, 0x0000000087300000, 0x0000000087300000|100%| O|  |TAMS 0x0000000087200000| PB 0x0000000087200000| Untracked 
| 115|0x0000000087300000, 0x0000000087400000, 0x0000000087400000|100%| O|  |TAMS 0x0000000087300000| PB 0x0000000087300000| Untracked 
| 116|0x0000000087400000, 0x0000000087500000, 0x0000000087500000|100%| O|  |TAMS 0x0000000087400000| PB 0x0000000087400000| Untracked 
| 117|0x0000000087500000, 0x0000000087600000, 0x0000000087600000|100%| O|  |TAMS 0x0000000087500000| PB 0x0000000087500000| Untracked 
| 118|0x0000000087600000, 0x0000000087700000, 0x0000000087700000|100%| O|  |TAMS 0x0000000087600000| PB 0x0000000087600000| Untracked 
| 119|0x0000000087700000, 0x0000000087800000, 0x0000000087800000|100%| O|  |TAMS 0x0000000087700000| PB 0x0000000087700000| Untracked 
| 120|0x0000000087800000, 0x0000000087900000, 0x0000000087900000|100%| O|  |TAMS 0x0000000087800000| PB 0x0000000087800000| Complete 
| 121|0x0000000087900000, 0x0000000087a00000, 0x0000000087a00000|100%| O|  |TAMS 0x0000000087900000| PB 0x0000000087900000| Untracked 
| 122|0x0000000087a00000, 0x0000000087b00000, 0x0000000087b00000|100%| O|  |TAMS 0x0000000087a00000| PB 0x0000000087a00000| Untracked 
| 123|0x0000000087b00000, 0x0000000087c00000, 0x0000000087c00000|100%| O|  |TAMS 0x0000000087b00000| PB 0x0000000087b00000| Untracked 
| 124|0x0000000087c00000, 0x0000000087d00000, 0x0000000087d00000|100%| O|  |TAMS 0x0000000087c00000| PB 0x0000000087c00000| Untracked 
| 125|0x0000000087d00000, 0x0000000087e00000, 0x0000000087e00000|100%| O|  |TAMS 0x0000000087d00000| PB 0x0000000087d00000| Untracked 
| 126|0x0000000087e00000, 0x0000000087f00000, 0x0000000087f00000|100%|HS|  |TAMS 0x0000000087e00000| PB 0x0000000087e00000| Complete 
| 127|0x0000000087f00000, 0x0000000088000000, 0x0000000088000000|100%|HS|  |TAMS 0x0000000087f00000| PB 0x0000000087f00000| Complete 
| 128|0x0000000088000000, 0x0000000088100000, 0x0000000088100000|100%|HS|  |TAMS 0x0000000088000000| PB 0x0000000088000000| Complete 
| 129|0x0000000088100000, 0x0000000088200000, 0x0000000088200000|100%|HS|  |TAMS 0x0000000088100000| PB 0x0000000088100000| Complete 
| 130|0x0000000088200000, 0x0000000088300000, 0x0000000088300000|100%| O|  |TAMS 0x0000000088200000| PB 0x0000000088200000| Untracked 
| 131|0x0000000088300000, 0x0000000088400000, 0x0000000088400000|100%| O|  |TAMS 0x0000000088300000| PB 0x0000000088300000| Untracked 
| 132|0x0000000088400000, 0x0000000088500000, 0x0000000088500000|100%| O|  |TAMS 0x0000000088400000| PB 0x0000000088400000| Untracked 
| 133|0x0000000088500000, 0x0000000088600000, 0x0000000088600000|100%| O|  |TAMS 0x0000000088500000| PB 0x0000000088500000| Untracked 
| 134|0x0000000088600000, 0x0000000088700000, 0x0000000088700000|100%| O|  |TAMS 0x0000000088600000| PB 0x0000000088600000| Untracked 
| 135|0x0000000088700000, 0x0000000088800000, 0x0000000088800000|100%| O|  |TAMS 0x0000000088700000| PB 0x0000000088700000| Untracked 
| 136|0x0000000088800000, 0x0000000088900000, 0x0000000088900000|100%| O|  |TAMS 0x0000000088800000| PB 0x0000000088800000| Untracked 
| 137|0x0000000088900000, 0x00000000889c5ba0, 0x0000000088a00000| 77%| O|  |TAMS 0x0000000088900000| PB 0x0000000088900000| Untracked 
| 138|0x0000000088a00000, 0x0000000088a00000, 0x0000000088b00000|  0%| F|  |TAMS 0x0000000088a00000| PB 0x0000000088a00000| Untracked 
| 139|0x0000000088b00000, 0x0000000088b00000, 0x0000000088c00000|  0%| F|  |TAMS 0x0000000088b00000| PB 0x0000000088b00000| Untracked 
| 140|0x0000000088c00000, 0x0000000088c00000, 0x0000000088d00000|  0%| F|  |TAMS 0x0000000088c00000| PB 0x0000000088c00000| Untracked 
| 141|0x0000000088d00000, 0x0000000088d00000, 0x0000000088e00000|  0%| F|  |TAMS 0x0000000088d00000| PB 0x0000000088d00000| Untracked 
| 142|0x0000000088e00000, 0x0000000088e00000, 0x0000000088f00000|  0%| F|  |TAMS 0x0000000088e00000| PB 0x0000000088e00000| Untracked 
| 143|0x0000000088f00000, 0x0000000088f00000, 0x0000000089000000|  0%| F|  |TAMS 0x0000000088f00000| PB 0x0000000088f00000| Untracked 
| 144|0x0000000089000000, 0x0000000089000000, 0x0000000089100000|  0%| F|  |TAMS 0x0000000089000000| PB 0x0000000089000000| Untracked 
| 145|0x0000000089100000, 0x0000000089100000, 0x0000000089200000|  0%| F|  |TAMS 0x0000000089100000| PB 0x0000000089100000| Untracked 
| 146|0x0000000089200000, 0x0000000089200000, 0x0000000089300000|  0%| F|  |TAMS 0x0000000089200000| PB 0x0000000089200000| Untracked 
| 147|0x0000000089300000, 0x0000000089300000, 0x0000000089400000|  0%| F|  |TAMS 0x0000000089300000| PB 0x0000000089300000| Untracked 
| 148|0x0000000089400000, 0x0000000089400000, 0x0000000089500000|  0%| F|  |TAMS 0x0000000089400000| PB 0x0000000089400000| Untracked 
| 149|0x0000000089500000, 0x0000000089500000, 0x0000000089600000|  0%| F|  |TAMS 0x0000000089500000| PB 0x0000000089500000| Untracked 
| 150|0x0000000089600000, 0x0000000089600000, 0x0000000089700000|  0%| F|  |TAMS 0x0000000089600000| PB 0x0000000089600000| Untracked 
| 151|0x0000000089700000, 0x0000000089700000, 0x0000000089800000|  0%| F|  |TAMS 0x0000000089700000| PB 0x0000000089700000| Untracked 
| 152|0x0000000089800000, 0x0000000089800000, 0x0000000089900000|  0%| F|  |TAMS 0x0000000089800000| PB 0x0000000089800000| Untracked 
| 153|0x0000000089900000, 0x0000000089900000, 0x0000000089a00000|  0%| F|  |TAMS 0x0000000089900000| PB 0x0000000089900000| Untracked 
| 154|0x0000000089a00000, 0x0000000089a00000, 0x0000000089b00000|  0%| F|  |TAMS 0x0000000089a00000| PB 0x0000000089a00000| Untracked 
| 155|0x0000000089b00000, 0x0000000089b00000, 0x0000000089c00000|  0%| F|  |TAMS 0x0000000089b00000| PB 0x0000000089b00000| Untracked 
| 156|0x0000000089c00000, 0x0000000089c00000, 0x0000000089d00000|  0%| F|  |TAMS 0x0000000089c00000| PB 0x0000000089c00000| Untracked 
| 157|0x0000000089d00000, 0x0000000089d00000, 0x0000000089e00000|  0%| F|  |TAMS 0x0000000089d00000| PB 0x0000000089d00000| Untracked 
| 158|0x0000000089e00000, 0x0000000089e00000, 0x0000000089f00000|  0%| F|  |TAMS 0x0000000089e00000| PB 0x0000000089e00000| Untracked 
| 159|0x0000000089f00000, 0x0000000089f00000, 0x000000008a000000|  0%| F|  |TAMS 0x0000000089f00000| PB 0x0000000089f00000| Untracked 
| 160|0x000000008a000000, 0x000000008a000000, 0x000000008a100000|  0%| F|  |TAMS 0x000000008a000000| PB 0x000000008a000000| Untracked 
| 161|0x000000008a100000, 0x000000008a100000, 0x000000008a200000|  0%| F|  |TAMS 0x000000008a100000| PB 0x000000008a100000| Untracked 
| 162|0x000000008a200000, 0x000000008a200000, 0x000000008a300000|  0%| F|  |TAMS 0x000000008a200000| PB 0x000000008a200000| Untracked 
| 163|0x000000008a300000, 0x000000008a300000, 0x000000008a400000|  0%| F|  |TAMS 0x000000008a300000| PB 0x000000008a300000| Untracked 
| 164|0x000000008a400000, 0x000000008a400000, 0x000000008a500000|  0%| F|  |TAMS 0x000000008a400000| PB 0x000000008a400000| Untracked 
| 165|0x000000008a500000, 0x000000008a500000, 0x000000008a600000|  0%| F|  |TAMS 0x000000008a500000| PB 0x000000008a500000| Untracked 
| 166|0x000000008a600000, 0x000000008a600000, 0x000000008a700000|  0%| F|  |TAMS 0x000000008a600000| PB 0x000000008a600000| Untracked 
| 167|0x000000008a700000, 0x000000008a700000, 0x000000008a800000|  0%| F|  |TAMS 0x000000008a700000| PB 0x000000008a700000| Untracked 
| 168|0x000000008a800000, 0x000000008a800000, 0x000000008a900000|  0%| F|  |TAMS 0x000000008a800000| PB 0x000000008a800000| Untracked 
| 169|0x000000008a900000, 0x000000008a900000, 0x000000008aa00000|  0%| F|  |TAMS 0x000000008a900000| PB 0x000000008a900000| Untracked 
| 170|0x000000008aa00000, 0x000000008aa00000, 0x000000008ab00000|  0%| F|  |TAMS 0x000000008aa00000| PB 0x000000008aa00000| Untracked 
| 171|0x000000008ab00000, 0x000000008ab00000, 0x000000008ac00000|  0%| F|  |TAMS 0x000000008ab00000| PB 0x000000008ab00000| Untracked 
| 172|0x000000008ac00000, 0x000000008ac00000, 0x000000008ad00000|  0%| F|  |TAMS 0x000000008ac00000| PB 0x000000008ac00000| Untracked 
| 173|0x000000008ad00000, 0x000000008ad00000, 0x000000008ae00000|  0%| F|  |TAMS 0x000000008ad00000| PB 0x000000008ad00000| Untracked 
| 174|0x000000008ae00000, 0x000000008ae00000, 0x000000008af00000|  0%| F|  |TAMS 0x000000008ae00000| PB 0x000000008ae00000| Untracked 
| 175|0x000000008af00000, 0x000000008af00000, 0x000000008b000000|  0%| F|  |TAMS 0x000000008af00000| PB 0x000000008af00000| Untracked 
| 176|0x000000008b000000, 0x000000008b000000, 0x000000008b100000|  0%| F|  |TAMS 0x000000008b000000| PB 0x000000008b000000| Untracked 
| 177|0x000000008b100000, 0x000000008b100000, 0x000000008b200000|  0%| F|  |TAMS 0x000000008b100000| PB 0x000000008b100000| Untracked 
| 178|0x000000008b200000, 0x000000008b200000, 0x000000008b300000|  0%| F|  |TAMS 0x000000008b200000| PB 0x000000008b200000| Untracked 
| 179|0x000000008b300000, 0x000000008b300000, 0x000000008b400000|  0%| F|  |TAMS 0x000000008b300000| PB 0x000000008b300000| Untracked 
| 180|0x000000008b400000, 0x000000008b400000, 0x000000008b500000|  0%| F|  |TAMS 0x000000008b400000| PB 0x000000008b400000| Untracked 
| 181|0x000000008b500000, 0x000000008b54f738, 0x000000008b600000| 31%| E|CS|TAMS 0x000000008b500000| PB 0x000000008b500000| Complete 
| 182|0x000000008b600000, 0x000000008b700000, 0x000000008b700000|100%| E|CS|TAMS 0x000000008b600000| PB 0x000000008b600000| Complete 
| 183|0x000000008b700000, 0x000000008b800000, 0x000000008b800000|100%| E|CS|TAMS 0x000000008b700000| PB 0x000000008b700000| Complete 
| 184|0x000000008b800000, 0x000000008b800000, 0x000000008b900000|  0%| F|  |TAMS 0x000000008b800000| PB 0x000000008b800000| Untracked 
| 185|0x000000008b900000, 0x000000008ba00000, 0x000000008ba00000|100%| E|CS|TAMS 0x000000008b900000| PB 0x000000008b900000| Complete 
| 186|0x000000008ba00000, 0x000000008bb00000, 0x000000008bb00000|100%| E|CS|TAMS 0x000000008ba00000| PB 0x000000008ba00000| Complete 
| 187|0x000000008bb00000, 0x000000008bc00000, 0x000000008bc00000|100%| E|CS|TAMS 0x000000008bb00000| PB 0x000000008bb00000| Complete 
| 188|0x000000008bc00000, 0x000000008bd00000, 0x000000008bd00000|100%| E|CS|TAMS 0x000000008bc00000| PB 0x000000008bc00000| Complete 
| 189|0x000000008bd00000, 0x000000008be00000, 0x000000008be00000|100%| E|CS|TAMS 0x000000008bd00000| PB 0x000000008bd00000| Complete 
| 190|0x000000008be00000, 0x000000008bf00000, 0x000000008bf00000|100%| E|CS|TAMS 0x000000008be00000| PB 0x000000008be00000| Complete 
| 191|0x000000008bf00000, 0x000000008c000000, 0x000000008c000000|100%| E|CS|TAMS 0x000000008bf00000| PB 0x000000008bf00000| Complete 
| 192|0x000000008c000000, 0x000000008c100000, 0x000000008c100000|100%| E|CS|TAMS 0x000000008c000000| PB 0x000000008c000000| Complete 
| 193|0x000000008c100000, 0x000000008c200000, 0x000000008c200000|100%| E|CS|TAMS 0x000000008c100000| PB 0x000000008c100000| Complete 
| 194|0x000000008c200000, 0x000000008c300000, 0x000000008c300000|100%| E|CS|TAMS 0x000000008c200000| PB 0x000000008c200000| Complete 
| 195|0x000000008c300000, 0x000000008c300000, 0x000000008c400000|  0%| F|  |TAMS 0x000000008c300000| PB 0x000000008c300000| Untracked 
| 196|0x000000008c400000, 0x000000008c400000, 0x000000008c500000|  0%| F|  |TAMS 0x000000008c400000| PB 0x000000008c400000| Untracked 
| 197|0x000000008c500000, 0x000000008c500000, 0x000000008c600000|  0%| F|  |TAMS 0x000000008c500000| PB 0x000000008c500000| Untracked 
| 198|0x000000008c600000, 0x000000008c600000, 0x000000008c700000|  0%| F|  |TAMS 0x000000008c600000| PB 0x000000008c600000| Untracked 
| 199|0x000000008c700000, 0x000000008c700000, 0x000000008c800000|  0%| F|  |TAMS 0x000000008c700000| PB 0x000000008c700000| Untracked 
| 200|0x000000008c800000, 0x000000008c900000, 0x000000008c900000|100%| S|  |TAMS 0x000000008c800000| PB 0x000000008c800000| Complete 
| 201|0x000000008c900000, 0x000000008ca00000, 0x000000008ca00000|100%| S|  |TAMS 0x000000008c900000| PB 0x000000008c900000| Complete 
| 202|0x000000008ca00000, 0x000000008cb00000, 0x000000008cb00000|100%| S|  |TAMS 0x000000008ca00000| PB 0x000000008ca00000| Complete 
| 203|0x000000008cb00000, 0x000000008cc00000, 0x000000008cc00000|100%| S|  |TAMS 0x000000008cb00000| PB 0x000000008cb00000| Complete 
| 204|0x000000008cc00000, 0x000000008cd00000, 0x000000008cd00000|100%| S|  |TAMS 0x000000008cc00000| PB 0x000000008cc00000| Complete 
| 205|0x000000008cd00000, 0x000000008ce00000, 0x000000008ce00000|100%| S|  |TAMS 0x000000008cd00000| PB 0x000000008cd00000| Complete 
| 206|0x000000008ce00000, 0x000000008cf00000, 0x000000008cf00000|100%| E|CS|TAMS 0x000000008ce00000| PB 0x000000008ce00000| Complete 
| 207|0x000000008cf00000, 0x000000008d000000, 0x000000008d000000|100%| E|CS|TAMS 0x000000008cf00000| PB 0x000000008cf00000| Complete 
| 208|0x000000008d000000, 0x000000008d100000, 0x000000008d100000|100%| E|CS|TAMS 0x000000008d000000| PB 0x000000008d000000| Complete 
| 209|0x000000008d100000, 0x000000008d200000, 0x000000008d200000|100%| E|CS|TAMS 0x000000008d100000| PB 0x000000008d100000| Complete 
| 210|0x000000008d200000, 0x000000008d300000, 0x000000008d300000|100%| E|CS|TAMS 0x000000008d200000| PB 0x000000008d200000| Complete 
| 211|0x000000008d300000, 0x000000008d400000, 0x000000008d400000|100%| E|CS|TAMS 0x000000008d300000| PB 0x000000008d300000| Complete 
| 212|0x000000008d400000, 0x000000008d500000, 0x000000008d500000|100%| E|CS|TAMS 0x000000008d400000| PB 0x000000008d400000| Complete 
| 213|0x000000008d500000, 0x000000008d600000, 0x000000008d600000|100%| E|CS|TAMS 0x000000008d500000| PB 0x000000008d500000| Complete 
| 214|0x000000008d600000, 0x000000008d700000, 0x000000008d700000|100%| E|CS|TAMS 0x000000008d600000| PB 0x000000008d600000| Complete 
| 215|0x000000008d700000, 0x000000008d800000, 0x000000008d800000|100%| E|CS|TAMS 0x000000008d700000| PB 0x000000008d700000| Complete 
| 216|0x000000008d800000, 0x000000008d900000, 0x000000008d900000|100%| E|CS|TAMS 0x000000008d800000| PB 0x000000008d800000| Complete 
| 217|0x000000008d900000, 0x000000008da00000, 0x000000008da00000|100%| E|CS|TAMS 0x000000008d900000| PB 0x000000008d900000| Complete 
| 218|0x000000008da00000, 0x000000008db00000, 0x000000008db00000|100%| E|CS|TAMS 0x000000008da00000| PB 0x000000008da00000| Complete 
| 219|0x000000008db00000, 0x000000008dc00000, 0x000000008dc00000|100%| E|CS|TAMS 0x000000008db00000| PB 0x000000008db00000| Complete 
| 220|0x000000008dc00000, 0x000000008dd00000, 0x000000008dd00000|100%| E|CS|TAMS 0x000000008dc00000| PB 0x000000008dc00000| Complete 
| 221|0x000000008dd00000, 0x000000008de00000, 0x000000008de00000|100%| E|CS|TAMS 0x000000008dd00000| PB 0x000000008dd00000| Complete 
| 222|0x000000008de00000, 0x000000008df00000, 0x000000008df00000|100%| E|CS|TAMS 0x000000008de00000| PB 0x000000008de00000| Complete 
| 223|0x000000008df00000, 0x000000008e000000, 0x000000008e000000|100%| E|CS|TAMS 0x000000008df00000| PB 0x000000008df00000| Complete 
| 224|0x000000008e000000, 0x000000008e100000, 0x000000008e100000|100%| E|CS|TAMS 0x000000008e000000| PB 0x000000008e000000| Complete 
| 225|0x000000008e100000, 0x000000008e200000, 0x000000008e200000|100%| E|CS|TAMS 0x000000008e100000| PB 0x000000008e100000| Complete 
| 226|0x000000008e200000, 0x000000008e300000, 0x000000008e300000|100%| E|CS|TAMS 0x000000008e200000| PB 0x000000008e200000| Complete 
| 227|0x000000008e300000, 0x000000008e400000, 0x000000008e400000|100%| E|CS|TAMS 0x000000008e300000| PB 0x000000008e300000| Complete 
| 228|0x000000008e400000, 0x000000008e500000, 0x000000008e500000|100%| E|CS|TAMS 0x000000008e400000| PB 0x000000008e400000| Complete 
| 229|0x000000008e500000, 0x000000008e600000, 0x000000008e600000|100%| E|CS|TAMS 0x000000008e500000| PB 0x000000008e500000| Complete 
| 230|0x000000008e600000, 0x000000008e700000, 0x000000008e700000|100%| E|CS|TAMS 0x000000008e600000| PB 0x000000008e600000| Complete 
| 231|0x000000008e700000, 0x000000008e800000, 0x000000008e800000|100%| E|CS|TAMS 0x000000008e700000| PB 0x000000008e700000| Complete 
| 232|0x000000008e800000, 0x000000008e900000, 0x000000008e900000|100%| E|CS|TAMS 0x000000008e800000| PB 0x000000008e800000| Complete 
| 233|0x000000008e900000, 0x000000008ea00000, 0x000000008ea00000|100%| E|CS|TAMS 0x000000008e900000| PB 0x000000008e900000| Complete 
| 234|0x000000008ea00000, 0x000000008eb00000, 0x000000008eb00000|100%| E|CS|TAMS 0x000000008ea00000| PB 0x000000008ea00000| Complete 
| 235|0x000000008eb00000, 0x000000008ec00000, 0x000000008ec00000|100%| E|CS|TAMS 0x000000008eb00000| PB 0x000000008eb00000| Complete 
| 236|0x000000008ec00000, 0x000000008ed00000, 0x000000008ed00000|100%| E|CS|TAMS 0x000000008ec00000| PB 0x000000008ec00000| Complete 

Card table byte_map: [0x0000027bee5a0000,0x0000027bee9a0000] _byte_map_base: 0x0000027bee1a0000

Marking Bits: (CMBitMap*) 0x0000027bd52f95f0
 Bits: [0x0000027beeda0000, 0x0000027bf0da0000)

Polling page: 0x0000027bd5360000

Metaspace:

Usage:
  Non-class:     80.11 MB used.
      Class:     13.07 MB used.
       Both:     93.17 MB used.

Virtual space:
  Non-class space:      128.00 MB reserved,      81.44 MB ( 64%) committed,  2 nodes.
      Class space:      412.00 MB reserved,      14.31 MB (  3%) committed,  1 nodes.
             Both:      540.00 MB reserved,      95.75 MB ( 18%) committed. 

Chunk freelists:
   Non-Class:  1.97 MB
       Class:  1.72 MB
        Both:  3.69 MB

MaxMetaspaceSize: 512.00 MB
CompressedClassSpaceSize: 412.00 MB
Initial GC threshold: 21.00 MB
Current GC threshold: 158.56 MB
CDS: on
MetaspaceReclaimPolicy: balanced
 - commit_granule_bytes: 65536.
 - commit_granule_words: 8192.
 - virtual_space_node_default_size: 8388608.
 - enlarge_chunks_in_place: 1.
 - new_chunks_are_fully_committed: 0.
 - uncommit_free_chunks: 1.
 - use_allocation_guard: 0.


Internal statistics:

num_allocs_failed_limit: 9.
num_arena_births: 4156.
num_arena_deaths: 0.
num_vsnodes_births: 3.
num_vsnodes_deaths: 0.
num_space_committed: 1532.
num_space_uncommitted: 0.
num_chunks_returned_to_freelist: 9.
num_chunks_taken_from_freelist: 8532.
num_chunk_merges: 9.
num_chunk_splits: 5605.
num_chunks_enlarged: 3615.
num_inconsistent_stats: 0.

CodeHeap 'non-profiled nmethods': size=120000Kb used=6582Kb max_used=6582Kb free=113417Kb
 bounds [0x0000027be6640000, 0x0000027be6cb0000, 0x0000027bedb70000]
CodeHeap 'profiled nmethods': size=120000Kb used=20986Kb max_used=21343Kb free=99014Kb
 bounds [0x0000027bdeb70000, 0x0000027be0050000, 0x0000027be60a0000]
CodeHeap 'non-nmethods': size=5760Kb used=2881Kb max_used=2983Kb free=2878Kb
 bounds [0x0000027be60a0000, 0x0000027be63c0000, 0x0000027be6640000]
 total_blobs=11841 nmethods=10907 adapters=843
 compilation: enabled
              stopped_count=0, restarted_count=0
 full_count=0

Compilation events (20 events):
Event: 70.515 Thread 0x0000027bf7843ce0 nmethod 12822 0x0000027bdf080510 code [0x0000027bdf080860, 0x0000027bdf0822d0]
Event: 70.516 Thread 0x0000027bf7843ce0 12823       3       org.codehaus.groovy.reflection.stdclasses.CachedClosureClass::<init> (106 bytes)
Event: 70.516 Thread 0x0000027bf7843ce0 nmethod 12823 0x0000027bdebdf290 code [0x0000027bdebdf4a0, 0x0000027bdebdfd58]
Event: 70.517 Thread 0x0000027bf7843ce0 12824       3       org.codehaus.groovy.runtime.callsite.CallSiteArray::createCallCurrentSite (112 bytes)
Event: 70.518 Thread 0x0000027bf7843ce0 nmethod 12824 0x0000027bdebf8490 code [0x0000027bdebf8700, 0x0000027bdebf95c0]
Event: 70.523 Thread 0x0000027bf7819e40 nmethod 12820 0x0000027be6ca6a90 code [0x0000027be6ca6c60, 0x0000027be6ca72c8]
Event: 70.523 Thread 0x0000027bf7819e40 12825       4       java.util.WeakHashMap::get (75 bytes)
Event: 70.529 Thread 0x0000027bf7819e40 nmethod 12825 0x0000027be6ca7810 code [0x0000027be6ca79a0, 0x0000027be6ca7c98]
Event: 70.547 Thread 0x0000027bf7843ce0 12826       1       groovy.lang.MetaClassImpl::setInitialized (6 bytes)
Event: 70.547 Thread 0x0000027bf7843ce0 nmethod 12826 0x0000027be6ca7f10 code [0x0000027be6ca8080, 0x0000027be6ca8158]
Event: 70.558 Thread 0x0000027bfc22c2f0 nmethod 12802 0x0000027be6ca8210 code [0x0000027be6ca8660, 0x0000027be6caa460]
Event: 70.561 Thread 0x0000027bf7843ce0 12827       3       org.gradle.internal.metaobject.BeanDynamicObject::<init> (15 bytes)
Event: 70.561 Thread 0x0000027bf7843ce0 nmethod 12827 0x0000027bdf133510 code [0x0000027bdf1336a0, 0x0000027bdf1337f8]
Event: 70.561 Thread 0x0000027bf7843ce0 12828       3       org.gradle.internal.extensibility.DefaultConvention::<init> (58 bytes)
Event: 70.562 Thread 0x0000027bf7843ce0 nmethod 12828 0x0000027bdfb4cc10 code [0x0000027bdfb4cec0, 0x0000027bdfb4df88]
Event: 70.562 Thread 0x0000027bf7843ce0 12829       3       org.gradle.internal.extensibility.DefaultConvention$ExtensionsDynamicObject::<init> (6 bytes)
Event: 70.563 Thread 0x0000027bf7843ce0 nmethod 12829 0x0000027bdfb81610 code [0x0000027bdfb817a0, 0x0000027bdfb81a28]
Event: 70.572 Thread 0x0000027bfc22c2f0 12830       4       groovy.lang.MetaClassImpl::addMetaMethodToIndex (65 bytes)
Event: 70.572 Thread 0x0000027bf7819e40 12831       4       groovy.lang.MetaClassImpl::checkIfStdMethod (178 bytes)
Event: 70.594 Thread 0x0000027bf7819e40 nmethod 12831 0x0000027be6cac310 code [0x0000027be6cac540, 0x0000027be6cad508]

GC Heap History (20 events):
Event: 45.340 GC heap after
{Heap after GC invocations=33 (full 0):
 garbage-first heap   total 168960K, used 88700K [0x0000000080000000, 0x0000000100000000)
  region size 1024K, 5 young (5120K), 5 survivors (5120K)
 Metaspace       used 79479K, committed 81600K, reserved 552960K
  class space    used 11080K, committed 12160K, reserved 421888K
}
Event: 46.793 GC heap before
{Heap before GC invocations=33 (full 0):
 garbage-first heap   total 168960K, used 136828K [0x0000000080000000, 0x0000000100000000)
  region size 1024K, 52 young (53248K), 5 survivors (5120K)
 Metaspace       used 81255K, committed 83392K, reserved 552960K
  class space    used 11306K, committed 12352K, reserved 421888K
}
Event: 46.807 GC heap after
{Heap after GC invocations=34 (full 0):
 garbage-first heap   total 168960K, used 92059K [0x0000000080000000, 0x0000000100000000)
  region size 1024K, 6 young (6144K), 6 survivors (6144K)
 Metaspace       used 81255K, committed 83392K, reserved 552960K
  class space    used 11306K, committed 12352K, reserved 421888K
}
Event: 63.290 GC heap before
{Heap before GC invocations=34 (full 0):
 garbage-first heap   total 168960K, used 141211K [0x0000000080000000, 0x0000000100000000)
  region size 1024K, 54 young (55296K), 6 survivors (6144K)
 Metaspace       used 83547K, committed 85760K, reserved 552960K
  class space    used 11630K, committed 12736K, reserved 421888K
}
Event: 63.302 GC heap after
{Heap after GC invocations=35 (full 0):
 garbage-first heap   total 168960K, used 95396K [0x0000000080000000, 0x0000000100000000)
  region size 1024K, 7 young (7168K), 7 survivors (7168K)
 Metaspace       used 83547K, committed 85760K, reserved 552960K
  class space    used 11630K, committed 12736K, reserved 421888K
}
Event: 63.547 GC heap before
{Heap before GC invocations=35 (full 0):
 garbage-first heap   total 168960K, used 105636K [0x0000000080000000, 0x0000000100000000)
  region size 1024K, 18 young (18432K), 7 survivors (7168K)
 Metaspace       used 84200K, committed 86400K, reserved 552960K
  class space    used 11724K, committed 12864K, reserved 421888K
}
Event: 63.556 GC heap after
{Heap after GC invocations=36 (full 0):
 garbage-first heap   total 168960K, used 95975K [0x0000000080000000, 0x0000000100000000)
  region size 1024K, 4 young (4096K), 4 survivors (4096K)
 Metaspace       used 84200K, committed 86400K, reserved 552960K
  class space    used 11724K, committed 12864K, reserved 421888K
}
Event: 64.692 GC heap before
{Heap before GC invocations=37 (full 0):
 garbage-first heap   total 176128K, used 149223K [0x0000000080000000, 0x0000000100000000)
  region size 1024K, 55 young (56320K), 4 survivors (4096K)
 Metaspace       used 87848K, committed 90112K, reserved 552960K
  class space    used 12377K, committed 13504K, reserved 421888K
}
Event: 64.700 GC heap after
{Heap after GC invocations=38 (full 0):
 garbage-first heap   total 176128K, used 97482K [0x0000000080000000, 0x0000000100000000)
  region size 1024K, 3 young (3072K), 3 survivors (3072K)
 Metaspace       used 87848K, committed 90112K, reserved 552960K
  class space    used 12377K, committed 13504K, reserved 421888K
}
Event: 66.122 GC heap before
{Heap before GC invocations=38 (full 0):
 garbage-first heap   total 176128K, used 155850K [0x0000000080000000, 0x0000000100000000)
  region size 1024K, 60 young (61440K), 3 survivors (3072K)
 Metaspace       used 90570K, committed 92864K, reserved 552960K
  class space    used 12704K, committed 13888K, reserved 421888K
}
Event: 66.136 GC heap after
{Heap after GC invocations=39 (full 0):
 garbage-first heap   total 176128K, used 101998K [0x0000000080000000, 0x0000000100000000)
  region size 1024K, 7 young (7168K), 7 survivors (7168K)
 Metaspace       used 90570K, committed 92864K, reserved 552960K
  class space    used 12704K, committed 13888K, reserved 421888K
}
Event: 66.155 GC heap before
{Heap before GC invocations=39 (full 0):
 garbage-first heap   total 176128K, used 103022K [0x0000000080000000, 0x0000000100000000)
  region size 1024K, 9 young (9216K), 7 survivors (7168K)
 Metaspace       used 90584K, committed 92928K, reserved 552960K
  class space    used 12707K, committed 13888K, reserved 421888K
}
Event: 66.165 GC heap after
{Heap after GC invocations=40 (full 0):
 garbage-first heap   total 176128K, used 103251K [0x0000000080000000, 0x0000000100000000)
  region size 1024K, 1 young (1024K), 1 survivors (1024K)
 Metaspace       used 90584K, committed 92928K, reserved 552960K
  class space    used 12707K, committed 13888K, reserved 421888K
}
Event: 67.486 GC heap before
{Heap before GC invocations=41 (full 0):
 garbage-first heap   total 199680K, used 160595K [0x0000000080000000, 0x0000000100000000)
  region size 1024K, 54 young (55296K), 1 survivors (1024K)
 Metaspace       used 93189K, committed 95616K, reserved 552960K
  class space    used 13077K, committed 14272K, reserved 421888K
}
Event: 67.500 GC heap after
{Heap after GC invocations=42 (full 0):
 garbage-first heap   total 199680K, used 118590K [0x0000000080000000, 0x0000000100000000)
  region size 1024K, 7 young (7168K), 7 survivors (7168K)
 Metaspace       used 93189K, committed 95616K, reserved 552960K
  class space    used 13077K, committed 14272K, reserved 421888K
}
Event: 69.227 GC heap before
{Heap before GC invocations=42 (full 0):
 garbage-first heap   total 199680K, used 172862K [0x0000000080000000, 0x0000000100000000)
  region size 1024K, 61 young (62464K), 7 survivors (7168K)
 Metaspace       used 94591K, committed 97152K, reserved 552960K
  class space    used 13260K, committed 14528K, reserved 421888K
}
Event: 69.250 GC heap after
{Heap after GC invocations=43 (full 0):
 garbage-first heap   total 199680K, used 129860K [0x0000000080000000, 0x0000000100000000)
  region size 1024K, 8 young (8192K), 8 survivors (8192K)
 Metaspace       used 94591K, committed 97152K, reserved 552960K
  class space    used 13260K, committed 14528K, reserved 421888K
}
Event: 69.445 GC heap before
{Heap before GC invocations=43 (full 0):
 garbage-first heap   total 199680K, used 139076K [0x0000000080000000, 0x0000000100000000)
  region size 1024K, 19 young (19456K), 8 survivors (8192K)
 Metaspace       used 94661K, committed 97216K, reserved 552960K
  class space    used 13264K, committed 14528K, reserved 421888K
}
Event: 69.460 GC heap after
{Heap after GC invocations=44 (full 0):
 garbage-first heap   total 199680K, used 133272K [0x0000000080000000, 0x0000000100000000)
  region size 1024K, 3 young (3072K), 3 survivors (3072K)
 Metaspace       used 94661K, committed 97216K, reserved 552960K
  class space    used 13264K, committed 14528K, reserved 421888K
}
Event: 70.596 GC heap before
{Heap before GC invocations=45 (full 0):
 garbage-first heap   total 242688K, used 178328K [0x0000000080000000, 0x0000000100000000)
  region size 1024K, 44 young (45056K), 3 survivors (3072K)
 Metaspace       used 95407K, committed 98048K, reserved 552960K
  class space    used 13380K, committed 14656K, reserved 421888K
}

Dll operation events (15 events):
Event: 0.014 Loaded shared library C:\Program Files\Java\jdk-20\bin\java.dll
Event: 0.046 Loaded shared library C:\Program Files\Java\jdk-20\bin\jsvml.dll
Event: 0.141 Loaded shared library C:\Program Files\Java\jdk-20\bin\zip.dll
Event: 0.145 Loaded shared library C:\Program Files\Java\jdk-20\bin\instrument.dll
Event: 0.151 Loaded shared library C:\Program Files\Java\jdk-20\bin\net.dll
Event: 0.153 Loaded shared library C:\Program Files\Java\jdk-20\bin\nio.dll
Event: 0.160 Loaded shared library C:\Program Files\Java\jdk-20\bin\zip.dll
Event: 0.639 Loaded shared library C:\Program Files\Java\jdk-20\bin\jimage.dll
Event: 0.738 Loaded shared library C:\Program Files\Java\jdk-20\bin\verify.dll
Event: 1.046 Loaded shared library C:\Users\shrut\.gradle\native\c067742578af261105cb4f569cf0c3c89f3d7b1fecec35dd04571415982c5e48\windows-amd64\native-platform.dll
Event: 1.053 Loaded shared library C:\Users\shrut\.gradle\native\38dada09dfb8b06ba9b0570ebf7e218e3eb74d4ef43ca46872605cf95ebc2f47\windows-amd64\native-platform-file-events.dll
Event: 2.418 Loaded shared library C:\Program Files\Java\jdk-20\bin\management.dll
Event: 2.421 Loaded shared library C:\Program Files\Java\jdk-20\bin\management_ext.dll
Event: 2.728 Loaded shared library C:\Program Files\Java\jdk-20\bin\extnet.dll
Event: 3.103 Loaded shared library C:\Program Files\Java\jdk-20\bin\sunmscapi.dll

Deoptimization events (20 events):
Event: 70.460 Thread 0x0000027bf95c1090 Uncommon trap: trap_request=0xffffffbe fr.pc=0x0000027be6ca34f4 relative=0x0000000000000774
Event: 70.460 Thread 0x0000027bf95c1090 Uncommon trap: reason=profile_predicate action=maybe_recompile pc=0x0000027be6ca34f4 method=groovy.lang.MetaClassImpl$MethodIndexAction.iterate()V @ 78 c2
Event: 70.460 Thread 0x0000027bf95c1090 DEOPT PACKING pc=0x0000027be6ca34f4 sp=0x000000e0ae7f4a40
Event: 70.460 Thread 0x0000027bf95c1090 DEOPT UNPACKING pc=0x0000027be6109d22 sp=0x000000e0ae7f4a18 mode 2
Event: 70.461 Thread 0x0000027bf95c1090 Uncommon trap: trap_request=0xffffffbe fr.pc=0x0000027be6ca34f4 relative=0x0000000000000774
Event: 70.461 Thread 0x0000027bf95c1090 Uncommon trap: reason=profile_predicate action=maybe_recompile pc=0x0000027be6ca34f4 method=groovy.lang.MetaClassImpl$MethodIndexAction.iterate()V @ 78 c2
Event: 70.461 Thread 0x0000027bf95c1090 DEOPT PACKING pc=0x0000027be6ca34f4 sp=0x000000e0ae7f4a40
Event: 70.461 Thread 0x0000027bf95c1090 DEOPT UNPACKING pc=0x0000027be6109d22 sp=0x000000e0ae7f4a18 mode 2
Event: 70.469 Thread 0x0000027bf95c1090 Uncommon trap: trap_request=0xffffffbe fr.pc=0x0000027be6ca34f4 relative=0x0000000000000774
Event: 70.469 Thread 0x0000027bf95c1090 Uncommon trap: reason=profile_predicate action=maybe_recompile pc=0x0000027be6ca34f4 method=groovy.lang.MetaClassImpl$MethodIndexAction.iterate()V @ 78 c2
Event: 70.469 Thread 0x0000027bf95c1090 DEOPT PACKING pc=0x0000027be6ca34f4 sp=0x000000e0ae7f4d10
Event: 70.469 Thread 0x0000027bf95c1090 DEOPT UNPACKING pc=0x0000027be6109d22 sp=0x000000e0ae7f4ce8 mode 2
Event: 70.469 Thread 0x0000027bf95c1090 Uncommon trap: trap_request=0xffffffbe fr.pc=0x0000027be6ca34f4 relative=0x0000000000000774
Event: 70.469 Thread 0x0000027bf95c1090 Uncommon trap: reason=profile_predicate action=maybe_recompile pc=0x0000027be6ca34f4 method=groovy.lang.MetaClassImpl$MethodIndexAction.iterate()V @ 78 c2
Event: 70.470 Thread 0x0000027bf95c1090 DEOPT PACKING pc=0x0000027be6ca34f4 sp=0x000000e0ae7f4d10
Event: 70.470 Thread 0x0000027bf95c1090 DEOPT UNPACKING pc=0x0000027be6109d22 sp=0x000000e0ae7f4ce8 mode 2
Event: 70.488 Thread 0x0000027bf95c1090 Uncommon trap: trap_request=0xffffff45 fr.pc=0x0000027be66c2e28 relative=0x0000000000000668
Event: 70.488 Thread 0x0000027bf95c1090 Uncommon trap: reason=unstable_if action=reinterpret pc=0x0000027be66c2e28 method=java.lang.invoke.LambdaForm$BasicType.basicType(C)Ljava/lang/invoke/LambdaForm$BasicType; @ 1 c2
Event: 70.488 Thread 0x0000027bf95c1090 DEOPT PACKING pc=0x0000027be66c2e28 sp=0x000000e0ae7f2f50
Event: 70.488 Thread 0x0000027bf95c1090 DEOPT UNPACKING pc=0x0000027be6109d22 sp=0x000000e0ae7f2de8 mode 2

Classes loaded (20 events):
Event: 68.729 Loading class java/util/DictionaryBeanInfo
Event: 68.729 Loading class java/util/DictionaryBeanInfo done
Event: 68.729 Loading class java/util/DictionaryCustomizer
Event: 68.729 Loading class java/util/DictionaryCustomizer done
Event: 68.730 Loading class java/util/DictionaryCustomizer
Event: 68.730 Loading class java/util/DictionaryCustomizer done
Event: 68.730 Loading class java/util/HashtableCustomizer
Event: 68.730 Loading class java/util/HashtableCustomizer done
Event: 68.731 Loading class java/util/HashtableCustomizer
Event: 68.731 Loading class java/util/HashtableCustomizer done
Event: 68.732 Loading class java/util/PropertiesCustomizer
Event: 68.732 Loading class java/util/PropertiesCustomizer done
Event: 68.733 Loading class java/util/PropertiesCustomizer
Event: 68.733 Loading class java/util/PropertiesCustomizer done
Event: 69.836 Loading class java/util/Collections$ReverseComparator
Event: 69.836 Loading class java/util/Collections$ReverseComparator done
Event: 69.836 Loading class java/util/Collections$ReverseComparator2
Event: 69.836 Loading class java/util/Collections$ReverseComparator2 done
Event: 70.488 Loading class jdk/internal/reflect/MethodHandleCharacterFieldAccessorImpl
Event: 70.488 Loading class jdk/internal/reflect/MethodHandleCharacterFieldAccessorImpl done

Classes unloaded (0 events):
No events

Classes redefined (0 events):
No events

Internal exceptions (20 events):
Event: 70.476 Thread 0x0000027bf95c1090 Exception <a 'java/lang/ClassNotFoundException'{0x000000008d2a7738}: build_5t0k6s9ld14p7hxakqzhq1a8k$_run_closure4$_closure43Customizer> (0x000000008d2a7738) 
thrown [s\open\src\hotspot\share\classfile\systemDictionary.cpp, line 305]
Event: 70.481 Thread 0x0000027bf95c1090 Exception <a 'java/lang/ClassNotFoundException'{0x000000008d2ea410}: org/apache/tools/ant/taskdefs/condition/OsBeanInfo> (0x000000008d2ea410) 
thrown [s\open\src\hotspot\share\classfile\systemDictionary.cpp, line 305]
Event: 70.482 Thread 0x0000027bf95c1090 Exception <a 'java/lang/ClassNotFoundException'{0x000000008d108730}: org/apache/tools/ant/taskdefs/condition/OsCustomizer> (0x000000008d108730) 
thrown [s\open\src\hotspot\share\classfile\systemDictionary.cpp, line 305]
Event: 70.489 Thread 0x0000027bf95c1090 Exception <a 'java/lang/NoSuchMethodError'{0x000000008d12d208}: 'int java.lang.invoke.Invokers$Holder.invokeExact_MT(java.lang.Object, java.lang.Object)'> (0x000000008d12d208) 
thrown [s\open\src\hotspot\share\interpreter\linkResolver.cpp, line 773]
Event: 70.524 Thread 0x0000027bf95c1090 Exception <a 'java/lang/ClassNotFoundException'{0x000000008d1d6120}: com/android/build/gradle/internal/dsl/ExternalNativeBuild$AgpDecorated_DecoratedBeanInfo> (0x000000008d1d6120) 
thrown [s\open\src\hotspot\share\classfile\systemDictionary.cpp, line 305]
Event: 70.525 Thread 0x0000027bf95c1090 Exception <a 'java/lang/ClassNotFoundException'{0x000000008d1e3cc8}: com/android/build/gradle/internal/dsl/ExternalNativeBuild$AgpDecoratedBeanInfo> (0x000000008d1e3cc8) 
thrown [s\open\src\hotspot\share\classfile\systemDictionary.cpp, line 305]
Event: 70.526 Thread 0x0000027bf95c1090 Exception <a 'java/lang/ClassNotFoundException'{0x000000008d1f16b8}: com/android/build/gradle/internal/dsl/ExternalNativeBuildBeanInfo> (0x000000008d1f16b8) 
thrown [s\open\src\hotspot\share\classfile\systemDictionary.cpp, line 305]
Event: 70.527 Thread 0x0000027bf95c1090 Exception <a 'java/lang/ClassNotFoundException'{0x000000008d1ff088}: com/android/build/gradle/internal/dsl/ExternalNativeBuildCustomizer> (0x000000008d1ff088) 
thrown [s\open\src\hotspot\share\classfile\systemDictionary.cpp, line 305]
Event: 70.529 Thread 0x0000027bf95c1090 Exception <a 'java/lang/ClassNotFoundException'{0x000000008d0131a0}: com/android/build/gradle/internal/dsl/ExternalNativeBuild$AgpDecoratedCustomizer> (0x000000008d0131a0) 
thrown [s\open\src\hotspot\share\classfile\systemDictionary.cpp, line 305]
Event: 70.531 Thread 0x0000027bf95c1090 Exception <a 'java/lang/ClassNotFoundException'{0x000000008d02cbc0}: com/android/build/gradle/internal/dsl/ExternalNativeBuild$AgpDecorated_DecoratedCustomizer> (0x000000008d02cbc0) 
thrown [s\open\src\hotspot\share\classfile\systemDictionary.cpp, line 305]
Event: 70.539 Thread 0x0000027bf95c1090 Exception <a 'java/lang/ClassNotFoundException'{0x000000008d0a5d18}: com/android/build/gradle/internal/dsl/CmakeOptions$AgpDecorated_DecoratedBeanInfo> (0x000000008d0a5d18) 
thrown [s\open\src\hotspot\share\classfile\systemDictionary.cpp, line 305]
Event: 70.541 Thread 0x0000027bf95c1090 Exception <a 'java/lang/ClassNotFoundException'{0x000000008d0b4d98}: com/android/build/gradle/internal/dsl/CmakeOptions$AgpDecoratedBeanInfo> (0x000000008d0b4d98) 
thrown [s\open\src\hotspot\share\classfile\systemDictionary.cpp, line 305]
Event: 70.542 Thread 0x0000027bf95c1090 Exception <a 'java/lang/ClassNotFoundException'{0x000000008d0c3bc0}: com/android/build/gradle/internal/dsl/CmakeOptionsBeanInfo> (0x000000008d0c3bc0) 
thrown [s\open\src\hotspot\share\classfile\systemDictionary.cpp, line 305]
Event: 70.543 Thread 0x0000027bf95c1090 Exception <a 'java/lang/ClassNotFoundException'{0x000000008d0d29d0}: com/android/build/gradle/internal/dsl/CmakeOptionsCustomizer> (0x000000008d0d29d0) 
thrown [s\open\src\hotspot\share\classfile\systemDictionary.cpp, line 305]
Event: 70.544 Thread 0x0000027bf95c1090 Exception <a 'java/lang/ClassNotFoundException'{0x000000008d0e5f18}: com/android/build/gradle/internal/dsl/CmakeOptions$AgpDecoratedCustomizer> (0x000000008d0e5f18) 
thrown [s\open\src\hotspot\share\classfile\systemDictionary.cpp, line 305]
Event: 70.546 Thread 0x0000027bf95c1090 Exception <a 'java/lang/ClassNotFoundException'{0x000000008d0fbc18}: com/android/build/gradle/internal/dsl/CmakeOptions$AgpDecorated_DecoratedCustomizer> (0x000000008d0fbc18) 
thrown [s\open\src\hotspot\share\classfile\systemDictionary.cpp, line 305]
Event: 70.577 Thread 0x0000027bf95c1090 Exception <a 'java/lang/ClassNotFoundException'{0x000000008ce35de0}: org/gradle/invocation/DefaultGradle_DecoratedBeanInfo> (0x000000008ce35de0) 
thrown [s\open\src\hotspot\share\classfile\systemDictionary.cpp, line 305]
Event: 70.587 Thread 0x0000027bf95c1090 Exception <a 'java/lang/ClassNotFoundException'{0x000000008ce4cb98}: org/gradle/invocation/DefaultGradleBeanInfo> (0x000000008ce4cb98) 
thrown [s\open\src\hotspot\share\classfile\systemDictionary.cpp, line 305]
Event: 70.590 Thread 0x0000027bf95c1090 Exception <a 'java/lang/ClassNotFoundException'{0x000000008ce633c0}: org/gradle/invocation/DefaultGradleCustomizer> (0x000000008ce633c0) 
thrown [s\open\src\hotspot\share\classfile\systemDictionary.cpp, line 305]
Event: 70.593 Thread 0x0000027bf95c1090 Exception <a 'java/lang/ClassNotFoundException'{0x000000008cea8d08}: org/gradle/invocation/DefaultGradle_DecoratedCustomizer> (0x000000008cea8d08) 
thrown [s\open\src\hotspot\share\classfile\systemDictionary.cpp, line 305]

VM Operations (20 events):
Event: 67.624 Executing VM operation: HandshakeAllThreads done
Event: 68.168 Executing VM operation: HandshakeAllThreads
Event: 68.169 Executing VM operation: HandshakeAllThreads done
Event: 68.394 Executing VM operation: ICBufferFull
Event: 68.394 Executing VM operation: ICBufferFull done
Event: 68.816 Executing VM operation: HandshakeAllThreads
Event: 68.816 Executing VM operation: HandshakeAllThreads done
Event: 69.079 Executing VM operation: ICBufferFull
Event: 69.079 Executing VM operation: ICBufferFull done
Event: 69.227 Executing VM operation: G1CollectForAllocation
Event: 69.251 Executing VM operation: G1CollectForAllocation done
Event: 69.445 Executing VM operation: G1TryInitiateConcMark
Event: 69.460 Executing VM operation: G1TryInitiateConcMark done
Event: 69.801 Executing VM operation: G1PauseRemark
Event: 69.811 Executing VM operation: G1PauseRemark done
Event: 69.974 Executing VM operation: G1PauseCleanup
Event: 69.978 Executing VM operation: G1PauseCleanup done
Event: 70.225 Executing VM operation: HandshakeAllThreads
Event: 70.226 Executing VM operation: HandshakeAllThreads done
Event: 70.596 Executing VM operation: G1CollectForAllocation

Events (20 events):
Event: 69.810 Thread 0x0000027bf3423420 flushing nmethod 0x0000027be6b39e10
Event: 69.810 Thread 0x0000027bf3423420 flushing nmethod 0x0000027be6b3af90
Event: 69.810 Thread 0x0000027bf3423420 flushing nmethod 0x0000027be6a51c10
Event: 69.810 Thread 0x0000027bf3423420 flushing nmethod 0x0000027be6a3c090
Event: 69.810 Thread 0x0000027bf3423420 flushing nmethod 0x0000027be69acc10
Event: 69.810 Thread 0x0000027bf3423420 flushing nmethod 0x0000027be6966d10
Event: 69.810 Thread 0x0000027bf3423420 flushing nmethod 0x0000027be68e9090
Event: 69.810 Thread 0x0000027bf3423420 flushing nmethod 0x0000027be68dcd90
Event: 69.810 Thread 0x0000027bf3423420 flushing nmethod 0x0000027be68b6e90
Event: 69.810 Thread 0x0000027bf3423420 flushing nmethod 0x0000027be679da10
Event: 69.810 Thread 0x0000027bf3423420 flushing nmethod 0x0000027be671e890
Event: 69.810 Thread 0x0000027bf3423420 flushing nmethod 0x0000027be6724790
Event: 69.810 Thread 0x0000027bf3423420 flushing nmethod 0x0000027be6713790
Event: 69.810 Thread 0x0000027bf3423420 flushing nmethod 0x0000027be6712b10
Event: 69.810 Thread 0x0000027bf3423420 flushing nmethod 0x0000027be66f5310
Event: 69.810 Thread 0x0000027bf3423420 flushing nmethod 0x0000027be667b090
Event: 69.810 Thread 0x0000027bf3423420 flushing nmethod 0x0000027be6672590
Event: 69.943 Thread 0x0000027b9f0b6ef0 Thread added: 0x0000027b9f0b6ef0
Event: 69.943 Thread 0x0000027b9f0b9970 Thread added: 0x0000027b9f0b9970
Event: 69.943 Thread 0x0000027b9f0b8980 Thread added: 0x0000027b9f0b8980


Dynamic libraries:
0x00007ff69ef10000 - 0x00007ff69ef20000 	C:\Program Files\Java\jdk-20\bin\java.exe
0x00007ffefc410000 - 0x00007ffefc608000 	C:\Windows\SYSTEM32\ntdll.dll
0x00007ffefa4c0000 - 0x00007ffefa57d000 	C:\Windows\System32\KERNEL32.DLL
0x00007ffef9bf0000 - 0x00007ffef9ee6000 	C:\Windows\System32\KERNELBASE.dll
0x00007ffefa350000 - 0x00007ffefa450000 	C:\Windows\System32\ucrtbase.dll
0x00007ffee4590000 - 0x00007ffee45ab000 	C:\Program Files\Java\jdk-20\bin\VCRUNTIME140.dll
0x00007ffee65b0000 - 0x00007ffee65c9000 	C:\Program Files\Java\jdk-20\bin\jli.dll
0x00007ffefb3c0000 - 0x00007ffefb473000 	C:\Windows\System32\ADVAPI32.dll
0x00007ffefc180000 - 0x00007ffefc21e000 	C:\Windows\System32\msvcrt.dll
0x00007ffefaa30000 - 0x00007ffefaacf000 	C:\Windows\System32\sechost.dll
0x00007ffefb480000 - 0x00007ffefb5a6000 	C:\Windows\System32\RPCRT4.dll
0x00007ffef9ef0000 - 0x00007ffef9f17000 	C:\Windows\System32\bcrypt.dll
0x00007ffefaad0000 - 0x00007ffefac6e000 	C:\Windows\System32\USER32.dll
0x00007ffefa320000 - 0x00007ffefa342000 	C:\Windows\System32\win32u.dll
0x00007ffefc150000 - 0x00007ffefc17b000 	C:\Windows\System32\GDI32.dll
0x00007ffef9ad0000 - 0x00007ffef9be7000 	C:\Windows\System32\gdi32full.dll
0x00007ffefa020000 - 0x00007ffefa0bd000 	C:\Windows\System32\msvcp_win.dll
0x00007ffef8e40000 - 0x00007ffef90da000 	C:\Windows\WinSxS\amd64_microsoft.windows.common-controls_6595b64144ccf1df_6.0.19041.3636_none_60b6a03d71f818d5\COMCTL32.dll
0x00007ffee6770000 - 0x00007ffee677a000 	C:\Windows\SYSTEM32\VERSION.dll
0x00007ffefb900000 - 0x00007ffefb932000 	C:\Windows\System32\IMM32.DLL
0x00007ffee65a0000 - 0x00007ffee65ac000 	C:\Program Files\Java\jdk-20\bin\vcruntime140_1.dll
0x00007ffece4d0000 - 0x00007ffece55e000 	C:\Program Files\Java\jdk-20\bin\msvcp140.dll
0x00007ffe894b0000 - 0x00007ffe8a148000 	C:\Program Files\Java\jdk-20\bin\server\jvm.dll
0x00007ffee5d60000 - 0x00007ffee5d69000 	C:\Windows\SYSTEM32\WSOCK32.dll
0x00007ffee0100000 - 0x00007ffee0127000 	C:\Windows\SYSTEM32\WINMM.dll
0x00007ffefb760000 - 0x00007ffefb7cb000 	C:\Windows\System32\WS2_32.dll
0x00007ffef7ca0000 - 0x00007ffef7cb2000 	C:\Windows\SYSTEM32\kernel.appcore.dll
0x00007ffee4580000 - 0x00007ffee458a000 	C:\Program Files\Java\jdk-20\bin\jimage.dll
0x00007ffef93e0000 - 0x00007ffef95c4000 	C:\Windows\SYSTEM32\DBGHELP.DLL
0x00007ffef91f0000 - 0x00007ffef9224000 	C:\Windows\SYSTEM32\dbgcore.DLL
0x00007ffefa0c0000 - 0x00007ffefa142000 	C:\Windows\System32\bcryptPrimitives.dll
0x00007ffef47b0000 - 0x00007ffef47be000 	C:\Program Files\Java\jdk-20\bin\instrument.dll
0x00007ffee44e0000 - 0x00007ffee4506000 	C:\Program Files\Java\jdk-20\bin\java.dll
0x00007ffec9b70000 - 0x00007ffec9c47000 	C:\Program Files\Java\jdk-20\bin\jsvml.dll
0x00007ffefac70000 - 0x00007ffefb3b5000 	C:\Windows\System32\SHELL32.dll
0x00007ffef74f0000 - 0x00007ffef7c8c000 	C:\Windows\SYSTEM32\windows.storage.dll
0x00007ffefa580000 - 0x00007ffefa8d4000 	C:\Windows\System32\combase.dll
0x00007ffef8da0000 - 0x00007ffef8dce000 	C:\Windows\SYSTEM32\Wldp.dll
0x00007ffefbf50000 - 0x00007ffefc01d000 	C:\Windows\System32\OLEAUT32.dll
0x00007ffefa8e0000 - 0x00007ffefa98d000 	C:\Windows\System32\SHCORE.dll
0x00007ffefc090000 - 0x00007ffefc0e5000 	C:\Windows\System32\shlwapi.dll
0x00007ffef9a00000 - 0x00007ffef9a25000 	C:\Windows\SYSTEM32\profapi.dll
0x00007ffee1e20000 - 0x00007ffee1e38000 	C:\Program Files\Java\jdk-20\bin\zip.dll
0x00007ffee2080000 - 0x00007ffee2093000 	C:\Program Files\Java\jdk-20\bin\net.dll
0x00007ffeea0b0000 - 0x00007ffeea1ba000 	C:\Windows\SYSTEM32\WINHTTP.dll
0x00007ffef8c70000 - 0x00007ffef8cda000 	C:\Windows\system32\mswsock.dll
0x00007ffee1e90000 - 0x00007ffee1ea6000 	C:\Program Files\Java\jdk-20\bin\nio.dll
0x00007ffee4570000 - 0x00007ffee4580000 	C:\Program Files\Java\jdk-20\bin\verify.dll
0x00007ffed1540000 - 0x00007ffed1567000 	C:\Users\shrut\.gradle\native\c067742578af261105cb4f569cf0c3c89f3d7b1fecec35dd04571415982c5e48\windows-amd64\native-platform.dll
0x00007ffec93f0000 - 0x00007ffec9534000 	C:\Users\shrut\.gradle\native\38dada09dfb8b06ba9b0570ebf7e218e3eb74d4ef43ca46872605cf95ebc2f47\windows-amd64\native-platform-file-events.dll
0x00007ffee44d0000 - 0x00007ffee44da000 	C:\Program Files\Java\jdk-20\bin\management.dll
0x00007ffee4460000 - 0x00007ffee446b000 	C:\Program Files\Java\jdk-20\bin\management_ext.dll
0x00007ffefaa20000 - 0x00007ffefaa28000 	C:\Windows\System32\PSAPI.DLL
0x00007ffef9770000 - 0x00007ffef9788000 	C:\Windows\SYSTEM32\CRYPTSP.dll
0x00007ffef8490000 - 0x00007ffef84c4000 	C:\Windows\system32\rsaenh.dll
0x00007ffef9980000 - 0x00007ffef99ae000 	C:\Windows\SYSTEM32\USERENV.dll
0x00007ffef8d60000 - 0x00007ffef8d6c000 	C:\Windows\SYSTEM32\CRYPTBASE.dll
0x00007ffef87f0000 - 0x00007ffef882b000 	C:\Windows\SYSTEM32\IPHLPAPI.DLL
0x00007ffefa4b0000 - 0x00007ffefa4b8000 	C:\Windows\System32\NSI.dll
0x00007ffeecf30000 - 0x00007ffeecf47000 	C:\Windows\SYSTEM32\dhcpcsvc6.DLL
0x00007ffeed6f0000 - 0x00007ffeed70d000 	C:\Windows\SYSTEM32\dhcpcsvc.DLL
0x00007ffef8830000 - 0x00007ffef88fa000 	C:\Windows\SYSTEM32\DNSAPI.dll
0x00007ffef47c0000 - 0x00007ffef47c7000 	C:\Program Files\Java\jdk-20\bin\extnet.dll
0x00007ffef47a0000 - 0x00007ffef47ae000 	C:\Program Files\Java\jdk-20\bin\sunmscapi.dll
0x00007ffefa150000 - 0x00007ffefa2ad000 	C:\Windows\System32\CRYPT32.dll
0x00007ffef8e10000 - 0x00007ffef8e38000 	C:\Windows\SYSTEM32\ncrypt.dll
0x00007ffef8dd0000 - 0x00007ffef8e0b000 	C:\Windows\SYSTEM32\NTASN1.dll
0x00007ffecdd00000 - 0x00007ffecdd07000 	C:\Windows\system32\wshunix.dll
0x00007ffee3310000 - 0x00007ffee3327000 	C:\Windows\system32\napinsp.dll
0x00007ffeacea0000 - 0x00007ffeacebb000 	C:\Windows\system32\pnrpnsp.dll
0x00007ffef3b90000 - 0x00007ffef3ba5000 	C:\Windows\system32\wshbth.dll
0x00007ffef4650000 - 0x00007ffef466d000 	C:\Windows\system32\NLAapi.dll
0x00007ffeace80000 - 0x00007ffeace92000 	C:\Windows\System32\winrnr.dll
0x00007ffee83d0000 - 0x00007ffee83da000 	C:\Windows\System32\rasadhlp.dll
0x00007ffee85f0000 - 0x00007ffee8670000 	C:\Windows\System32\fwpuclnt.dll

dbghelp: loaded successfully - version: 4.0.5 - missing functions: none
symbol engine: initialized successfully - sym options: 0x614 - pdb path: .;C:\Program Files\Java\jdk-20\bin;C:\Windows\SYSTEM32;C:\Windows\WinSxS\amd64_microsoft.windows.common-controls_6595b64144ccf1df_6.0.19041.3636_none_60b6a03d71f818d5;C:\Program Files\Java\jdk-20\bin\server;C:\Users\shrut\.gradle\native\c067742578af261105cb4f569cf0c3c89f3d7b1fecec35dd04571415982c5e48\windows-amd64;C:\Users\shrut\.gradle\native\38dada09dfb8b06ba9b0570ebf7e218e3eb74d4ef43ca46872605cf95ebc2f47\windows-amd64

VM Arguments:
jvm_args: -XX:MaxMetaspaceSize=512m --add-opens=java.base/java.util=ALL-UNNAMED --add-opens=java.base/java.lang=ALL-UNNAMED --add-opens=java.base/java.lang.invoke=ALL-UNNAMED --add-opens=java.prefs/java.util.prefs=ALL-UNNAMED --add-opens=java.base/java.nio.charset=ALL-UNNAMED --add-opens=java.base/java.net=ALL-UNNAMED --add-opens=java.base/java.util.concurrent.atomic=ALL-UNNAMED -Xmx2048m -Dfile.encoding=UTF-8 -Duser.country=GB -Duser.language=en -Duser.variant -javaagent:C:\Users\shrut\.gradle\wrapper\dists\gradle-8.5-all\3zlzzgtsutfj0pbojr50n2l7z\gradle-8.5\lib\agents\gradle-instrumentation-agent-8.5.jar 
java_command: org.gradle.launcher.daemon.bootstrap.GradleDaemon 8.5
java_class_path (initial): C:\Users\shrut\.gradle\wrapper\dists\gradle-8.5-all\3zlzzgtsutfj0pbojr50n2l7z\gradle-8.5\lib\gradle-launcher-8.5.jar
Launcher Type: SUN_STANDARD

[Global flags]
     intx CICompilerCount                          = 3                                         {product} {ergonomic}
   size_t CompressedClassSpaceSize                 = 432013312                                 {product} {ergonomic}
     uint ConcGCThreads                            = 1                                         {product} {ergonomic}
     uint G1ConcRefinementThreads                  = 4                                         {product} {ergonomic}
   size_t G1HeapRegionSize                         = 1048576                                   {product} {ergonomic}
    uintx GCDrainStackTargetSize                   = 64                                        {product} {ergonomic}
   size_t InitialHeapSize                          = 266338304                                 {product} {ergonomic}
   size_t MarkStackSize                            = 4194304                                   {product} {ergonomic}
   size_t MaxHeapSize                              = 2147483648                                {product} {command line}
   size_t MaxMetaspaceSize                         = 536870912                                 {product} {command line}
   size_t MaxNewSize                               = 1287651328                                {product} {ergonomic}
   size_t MinHeapDeltaBytes                        = 1048576                                   {product} {ergonomic}
   size_t MinHeapSize                              = 8388608                                   {product} {ergonomic}
    uintx NonNMethodCodeHeapSize                   = 5832780                                {pd product} {ergonomic}
    uintx NonProfiledCodeHeapSize                  = 122912730                              {pd product} {ergonomic}
    uintx ProfiledCodeHeapSize                     = 122912730                              {pd product} {ergonomic}
    uintx ReservedCodeCacheSize                    = 251658240                              {pd product} {ergonomic}
     bool SegmentedCodeCache                       = true                                      {product} {ergonomic}
   size_t SoftMaxHeapSize                          = 2147483648                             {manageable} {ergonomic}
     bool UseCompressedClassPointers               = true                           {product lp64_product} {ergonomic}
     bool UseCompressedOops                        = true                           {product lp64_product} {ergonomic}
     bool UseG1GC                                  = true                                      {product} {ergonomic}
     bool UseLargePagesIndividualAllocation        = false                                  {pd product} {ergonomic}

Logging:
Log output configuration:
 #0: stdout all=warning uptime,level,tags foldmultilines=false
 #1: stderr all=off uptime,level,tags foldmultilines=false

Environment Variables:
JAVA_HOME=C:\Program Files\Java\jdk-20
CLASSPATH=C:\Users\shrut\OneDrive\Desktop\reactNative\clawApp\android\\gradle\wrapper\gradle-wrapper.jar
PATH=C:\Users\shrut\OneDrive\Desktop\reactNative\clawApp\node_modules\.bin;C:\Users\shrut\OneDrive\Desktop\reactNative\clawApp\node_modules\.bin;C:\Users\shrut\OneDrive\Desktop\reactNative\node_modules\.bin;C:\Users\shrut\OneDrive\Desktop\node_modules\.bin;C:\Users\shrut\OneDrive\node_modules\.bin;C:\Users\shrut\node_modules\.bin;C:\Users\node_modules\.bin;C:\node_modules\.bin;C:\Program Files\nodejs\node_modules\npm\node_modules\@npmcli\run-script\lib\node-gyp-bin;C:\Users\shrut\OneDrive\Desktop\reactNative\clawApp\node_modules\.bin;C:\Users\shrut\OneDrive\Desktop\reactNative\node_modules\.bin;C:\Users\shrut\OneDrive\Desktop\node_modules\.bin;C:\Users\shrut\OneDrive\node_modules\.bin;C:\Users\shrut\node_modules\.bin;C:\Users\node_modules\.bin;C:\node_modules\.bin;C:\Program Files\nodejs\node_modules\npm\node_modules\@npmcli\run-script\lib\node-gyp-bin;C:\Program Files\Common Files\Oracle\Java\javapath;C:\Program Files (x86)\Common Files\Oracle\Java\javapath;C:\Windows\system32;C:\Windows;C:\Windows\System32\Wbem;C:\Windows\System32\WindowsPowerShell\v1.0\;C:\Windows\System32\OpenSSH\;C:\Program Files\nodejs\;C:\ProgramData\chocolatey\bin;C:\Program Files\Git\cmd;C:\Program Files\Java\jdk-20\bin;C:\Users\shrut\AppData\Local\Microsoft\WindowsApps;C:\Users\shrut\AppData\Roaming\npm;C:\Users\shrut\AppData\Local\Programs\Microsoft VS Code\bin
USERNAME=shrut
OS=Windows_NT
PROCESSOR_IDENTIFIER=Intel64 Family 6 Model 78 Stepping 3, GenuineIntel
TMP=C:\Users\shrut\AppData\Local\Temp
TEMP=C:\Users\shrut\AppData\Local\Temp




---------------  S Y S T E M  ---------------

OS:
 Windows 10 , 64 bit Build 19041 (10.0.19041.3636)
OS uptime: 0 days 23:41 hours

CPU: total 4 (initial active 4) (2 cores per cpu, 2 threads per core) family 6 model 78 stepping 3 microcode 0xf0, cx8, cmov, fxsr, ht, mmx, 3dnowpref, sse, sse2, sse3, ssse3, sse4.1, sse4.2, popcnt, lzcnt, tsc, tscinvbit, avx, avx2, aes, erms, clmul, bmi1, bmi2, rtm, adx, fma, vzeroupper, clflush, clflushopt, rdtscp, f16c

Memory: 4k page, system-wide physical 16212M (4978M free)
TotalPageFile size 21462M (AvailPageFile size 2877M)
current process WorkingSet (physical memory assigned to process): 533M, peak: 533M
current process commit charge ("private bytes"): 577M, peak: 577M

vm_info: Java HotSpot(TM) 64-Bit Server VM (20.0.2+9-78) for windows-amd64 JRE (20.0.2+9-78), built on 2023-06-14T10:08:48Z by "mach5one" with MS VC++ 17.1 (VS2022)

END.
