#
# A fatal error has been detected by the Java Runtime Environment:
#
#  EXCEPTION_ACCESS_VIOLATION (0xc0000005) at pc=0x00007ffe896dd77b, pid=1092, tid=17556
#
# JRE version: Java(TM) SE Runtime Environment (20.0.2+9) (build 20.0.2+9-78)
# Java VM: Java HotSpot(TM) 64-Bit Server VM (20.0.2+9-78, mixed mode, sharing, tiered, compressed oops, compressed class ptrs, g1 gc, windows-amd64)
# Problematic frame:
# V  [jvm.dll+0x22d77b]
#
# No core dump will be written. Minidumps are not enabled by default on client versions of Windows
#
# If you would like to submit a bug report, please visit:
#   https://bugreport.java.com/bugreport/crash.jsp
#

---------------  S U M M A R Y ------------

Command Line: -XX:MaxMetaspaceSize=512m --add-opens=java.base/java.util=ALL-UNNAMED --add-opens=java.base/java.lang=ALL-UNNAMED --add-opens=java.base/java.lang.invoke=ALL-UNNAMED --add-opens=java.prefs/java.util.prefs=ALL-UNNAMED --add-opens=java.base/java.nio.charset=ALL-UNNAMED --add-opens=java.base/java.net=ALL-UNNAMED --add-opens=java.base/java.util.concurrent.atomic=ALL-UNNAMED -Xmx2048m -Dfile.encoding=UTF-8 -Duser.country=GB -Duser.language=en -Duser.variant -javaagent:C:\Users\shrut\.gradle\wrapper\dists\gradle-8.5-all\3zlzzgtsutfj0pbojr50n2l7z\gradle-8.5\lib\agents\gradle-instrumentation-agent-8.5.jar org.gradle.launcher.daemon.bootstrap.GradleDaemon 8.5

Host: Intel(R) Core(TM) i5-6300U CPU @ 2.40GHz, 4 cores, 15G,  Windows 10 , 64 bit Build 19041 (10.0.19041.3636)
Time: Tue Feb  6 13:08:54 2024 India Standard Time elapsed time: 32.725034 seconds (0d 0h 0m 32s)

---------------  T H R E A D  ---------------

Current thread (0x000002757d9cdf10):  JavaThread "C2 CompilerThread0" daemon [_thread_in_native, id=17556, stack(0x000000acc7100000,0x000000acc7200000)]


Current CompileTask:
C2:  32725 9673   !   4       java.net.URLClassLoader$1::run (81 bytes)

Stack: [0x000000acc7100000,0x000000acc7200000],  sp=0x000000acc71fbb50,  free space=1006k
Native frames: (J=compiled Java code, j=interpreted, Vv=VM code, C=native code)
V  [jvm.dll+0x22d77b]
V  [jvm.dll+0x1e6cd5]
V  [jvm.dll+0x24b67b]
V  [jvm.dll+0x24a921]
V  [jvm.dll+0x1ce761]
V  [jvm.dll+0x25a0eb]
V  [jvm.dll+0x2587c0]
V  [jvm.dll+0x3f2dd5]
V  [jvm.dll+0x7f5c76]
V  [jvm.dll+0x6baecb]
C  [ucrtbase.dll+0x21bb2]
C  [KERNEL32.DLL+0x17344]
C  [ntdll.dll+0x526b1]


siginfo: EXCEPTION_ACCESS_VIOLATION (0xc0000005), reading address 0x00007fff8a062260


Registers:
RAX=0x0000027522aba690, RBX=0x0000027522aba680, RCX=0x00007fff8a062260, RDX=0x000000acc71fc090
RSP=0x000000acc71fbb50, RBP=0x0000000000000052, RSI=0x0000000000000000, RDI=0x0000000000000032
R8 =0x000000acc71fc090, R9 =0x0000000000000001, R10=0x00007ffe8a062260, R11=0x000000acc71fc170
R12=0x0000000000000040, R13=0x0000000000000012, R14=0x0000000000000052, R15=0x000000acc71fbd20
RIP=0x00007ffe896dd77b, EFLAGS=0x0000000000010202


Register to memory mapping:

RIP=0x00007ffe896dd77b jvm.dll
RAX=0x0000027522aba690 points into unknown readable memory: 0x000002752122e000 | 00 e0 22 21 75 02 00 00
RBX=0x0000027522aba680 points into unknown readable memory: 0x0000000100000013 | 13 00 00 00 01 00 00 00
RCX=0x00007fff8a062260 is an unknown value
RDX=0x000000acc71fc090 is pointing into the stack for thread: 0x000002757d9cdf10
RSP=0x000000acc71fbb50 is pointing into the stack for thread: 0x000002757d9cdf10
RBP=0x0000000000000052 is an unknown value
RSI=0x0 is NULL
RDI=0x0000000000000032 is an unknown value
R8 =0x000000acc71fc090 is pointing into the stack for thread: 0x000002757d9cdf10
R9 =0x0000000000000001 is an unknown value
R10=0x00007ffe8a062260 jvm.dll
R11=0x000000acc71fc170 is pointing into the stack for thread: 0x000002757d9cdf10
R12=0x0000000000000040 is an unknown value
R13=0x0000000000000012 is an unknown value
R14=0x0000000000000052 is an unknown value
R15=0x000000acc71fbd20 is pointing into the stack for thread: 0x000002757d9cdf10


Top of Stack: (sp=0x000000acc71fbb50)
0x000000acc71fbb50:   000000acc71fc090 000002751eebbcb8
0x000000acc71fbb60:   00000000000003d8 0000000000000ce3
0x000000acc71fbb70:   000002751eebb8d0 0000000000000003
0x000000acc71fbb80:   000000acc71fbd20 0000000000000018
0x000000acc71fbb90:   0000027520227890 00007ffe896dca07
0x000000acc71fbba0:   0000027500000ce1 000000000000000c
0x000000acc71fbbb0:   000002751eebb8e0 000002751fb04700
0x000000acc71fbbc0:   000000acc71fc170 0000000000000001
0x000000acc71fbbd0:   000002751eebb8d0 000000acc71fc170
0x000000acc71fbbe0:   0000000000000001 000002751eebb8e0
0x000000acc71fbbf0:   00000000000003d8 000002751eebbcb8
0x000000acc71fbc00:   000000acc71fbd10 00007ffe89696cd5
0x000000acc71fbc10:   000000acc71fbd20 000000acc71fc090
0x000000acc71fbc20:   000000ac00000106 0000000000000001
0x000000acc71fbc30:   0000000000000000 0000000000000010
0x000000acc71fbc40:   0000027561707407 000002751eebb8d0
0x000000acc71fbc50:   000002752093f030 00000275209429a0
0x000000acc71fbc60:   0000027520947018 00000000001fc0e0
0x000000acc71fbc70:   000002751eebb8e0 0000000000000000
0x000000acc71fbc80:   0000000000000000 0000000000000000
0x000000acc71fbc90:   0000000000000000 0000000000000000
0x000000acc71fbca0:   0000000000000000 00007ffe89e0a0e8
0x000000acc71fbcb0:   0000000000000000 0000000000000000
0x000000acc71fbcc0:   0000000000000000 00007ffe89e0a0e8
0x000000acc71fbcd0:   000000acc71fbd00 000000000000c240
0x000000acc71fbce0:   000000000000000c 000000acc71fe5d0
0x000000acc71fbcf0:   0000027526c00090 00007ffe89572a01
0x000000acc71fbd00:   0000027526c81250 0000027500000ce9
0x000000acc71fbd10:   000000acc71fbc40 000002751eebb8e0
0x000000acc71fbd20:   00007ffe89e0a090 000000000000000d
0x000000acc71fbd30:   000000acc71fe5d0 000000acc71fc090
0x000000acc71fbd40:   000002757d8902f0 000002751fd0ff30 

Instructions: (pc=0x00007ffe896dd77b)
0x00007ffe896dd67b:   00 48 8b e9 48 8b 49 18 48 81 c1 e0 00 00 00 e8
0x00007ffe896dd68b:   a1 b1 fb ff 48 8b 55 18 41 bf 01 00 00 00 33 ff
0x00007ffe896dd69b:   44 89 bc 24 d0 00 00 00 44 39 ba e0 00 00 00 0f
0x00007ffe896dd6ab:   86 88 01 00 00 48 8b 9c 24 c0 00 00 00 4c 8d 15
0x00007ffe896dd6bb:   a1 4b 98 00 90 4c 8d 82 e0 00 00 00 49 63 cf 49
0x00007ffe896dd6cb:   8b 40 10 8b 2c 88 41 3b ef 75 05 4c 8b c2 eb 18
0x00007ffe896dd6db:   41 8b d7 49 8b c8 e8 ba b7 fb ff 4c 8b 43 18 4c
0x00007ffe896dd6eb:   8d 15 6f 4b 98 00 8b e8 49 8b d0 44 3b fd 0f 84
0x00007ffe896dd6fb:   19 01 00 00 49 8b 48 48 83 79 40 00 0f 86 09 01
0x00007ffe896dd70b:   00 00 41 8b f7 41 bc 01 00 00 00 48 c1 ee 06 41
0x00007ffe896dd71b:   8b cf 83 e6 03 45 8b cf 83 e1 3f 4c 8b bc 24 c0
0x00007ffe896dd72b:   00 00 00 49 c1 e9 08 44 8b ed 41 83 e5 3f 44 8b
0x00007ffe896dd73b:   f5 49 d3 e4 4c 89 8c 24 d8 00 00 00 66 0f 1f 84
0x00007ffe896dd74b:   00 00 00 00 00 49 8b 40 48 8b cf 48 8b 40 30 48
0x00007ffe896dd75b:   8b 0c c8 8b 41 4c ff c8 48 8d 1c 80 49 8b 40 68
0x00007ffe896dd76b:   48 c1 e3 05 48 03 58 10 48 8b 43 08 4a 8b 0c c8
0x00007ffe896dd77b:   48 8b 14 f1 49 85 d4 74 6c 49 8b c4 48 f7 d0 48
0x00007ffe896dd78b:   23 c2 48 89 04 f1 ff 0b 85 ed 74 59 48 8b 43 08
0x00007ffe896dd79b:   49 8b ce 48 c1 e9 08 48 8b 04 c8 49 3b c2 75 11
0x00007ffe896dd7ab:   8b d5 48 8b cb e8 5b 2e 19 00 4c 8d 15 a4 4a 98
0x00007ffe896dd7bb:   00 49 8b cd 4d 8b c6 49 c1 e8 06 41 b9 01 00 00
0x00007ffe896dd7cb:   00 49 d3 e1 41 83 e0 03 4a 8b 14 c0 48 8b ca 49
0x00007ffe896dd7db:   0b c9 49 85 d1 4a 89 0c c0 4c 8b 8c 24 d8 00 00
0x00007ffe896dd7eb:   00 75 02 ff 03 49 8b 57 18 ff c7 4c 8b c2 48 8b
0x00007ffe896dd7fb:   42 48 3b 78 40 0f 82 4a ff ff ff 44 8b bc 24 d0
0x00007ffe896dd80b:   00 00 00 48 8b 9c 24 c0 00 00 00 33 ff 41 ff c7
0x00007ffe896dd81b:   44 89 bc 24 d0 00 00 00 44 3b ba e0 00 00 00 0f
0x00007ffe896dd82b:   82 90 fe ff ff 48 8b ac 24 c0 00 00 00 48 8b 5d
0x00007ffe896dd83b:   10 8b d7 89 54 24 3c 8b 83 50 02 00 00 89 45 20
0x00007ffe896dd84b:   48 8b 45 18 48 8b 48 48 83 79 40 00 0f 86 f8 0f
0x00007ffe896dd85b:   00 00 0f 29 74 24 70 f2 0f 10 35 8e 59 73 00 66
0x00007ffe896dd86b:   0f 1f 44 00 00 8b 83 50 02 00 00 2b 83 78 02 00 


Stack slot to memory mapping:
stack at sp + 0 slots: 0x000000acc71fc090 is pointing into the stack for thread: 0x000002757d9cdf10
stack at sp + 1 slots: 0x000002751eebbcb8 points into unknown readable memory: 0x6974616365727065 | 65 70 72 65 63 61 74 69
stack at sp + 2 slots: 0x00000000000003d8 is an unknown value
stack at sp + 3 slots: 0x0000000000000ce3 is an unknown value
stack at sp + 4 slots: 0x000002751eebb8d0 points into unknown readable memory: 0x0000027526c00080 | 80 00 c0 26 75 02 00 00
stack at sp + 5 slots: 0x0000000000000003 is an unknown value
stack at sp + 6 slots: 0x000000acc71fbd20 is pointing into the stack for thread: 0x000002757d9cdf10
stack at sp + 7 slots: 0x0000000000000018 is an unknown value


---------------  P R O C E S S  ---------------

Threads class SMR info:
_java_thread_list=0x000002751fe10b00, length=66, elements={
0x00000275616aea00, 0x000002757d9b94d0, 0x000002757d9be2e0, 0x000002757d8ac3e0,
0x000002757d8ae4d0, 0x000002757d9c1ea0, 0x000002757d9c27e0, 0x000002757d9cdf10,
0x000002757d9d0c50, 0x000002757dafd580, 0x000002757dbfc830, 0x000002757f282f10,
0x000002757f18c080, 0x000002757ed65fa0, 0x000002751ec488e0, 0x000002751ec4a370,
0x000002751ec48e30, 0x000002751ec4b360, 0x000002751ec4ae10, 0x000002751ec4a8c0,
0x000002751ec4b8b0, 0x000002751ec48390, 0x000002751ec49380, 0x000002751ec498d0,
0x000002751ec49e20, 0x000002751f4becf0, 0x000002751f4bcd10, 0x000002751f4b8800,
0x000002751f4b92a0, 0x000002751f4be250, 0x000002751f4bd260, 0x000002751f4b9d40,
0x000002751f4b82b0, 0x000002751f4bc270, 0x000002751f4bdd00, 0x000002751f4ba7e0,
0x000002751f4b8d50, 0x000002751f4b7d60, 0x000002751f4bad30, 0x000002751f4bb280,
0x000002751f4bb7d0, 0x000002751f4bbd20, 0x000002751f4bc7c0, 0x000002751f4be7a0,
0x00000275208589e0, 0x0000027520853a30, 0x0000027520852f90, 0x0000027520859480,
0x00000275208599d0, 0x0000027520859f20, 0x0000027520856a00, 0x0000027520858f30,
0x000002751f510a20, 0x00000275208534e0, 0x000002752085a470, 0x0000027520852a40,
0x0000027520853f80, 0x00000275208579f0, 0x0000027520858490, 0x00000275208544d0,
0x0000027520856f50, 0x0000027520854a20, 0x0000027520854f70, 0x00000275208574a0,
0x0000027520857f40, 0x0000027520855a10
}

Java Threads: ( => current thread )
  0x00000275616aea00 JavaThread "main" [_thread_blocked, id=16036, stack(0x000000acc6400000,0x000000acc6500000)]
  0x000002757d9b94d0 JavaThread "Reference Handler" daemon [_thread_blocked, id=14720, stack(0x000000acc6b00000,0x000000acc6c00000)]
  0x000002757d9be2e0 JavaThread "Finalizer" daemon [_thread_blocked, id=8956, stack(0x000000acc6c00000,0x000000acc6d00000)]
  0x000002757d8ac3e0 JavaThread "Signal Dispatcher" daemon [_thread_blocked, id=10800, stack(0x000000acc6d00000,0x000000acc6e00000)]
  0x000002757d8ae4d0 JavaThread "Attach Listener" daemon [_thread_blocked, id=17868, stack(0x000000acc6e00000,0x000000acc6f00000)]
  0x000002757d9c1ea0 JavaThread "Service Thread" daemon [_thread_blocked, id=16212, stack(0x000000acc6f00000,0x000000acc7000000)]
  0x000002757d9c27e0 JavaThread "Monitor Deflation Thread" daemon [_thread_blocked, id=15040, stack(0x000000acc7000000,0x000000acc7100000)]
=>0x000002757d9cdf10 JavaThread "C2 CompilerThread0" daemon [_thread_in_native, id=17556, stack(0x000000acc7100000,0x000000acc7200000)]
  0x000002757d9d0c50 JavaThread "C1 CompilerThread0" daemon [_thread_blocked, id=9608, stack(0x000000acc7200000,0x000000acc7300000)]
  0x000002757dafd580 JavaThread "Common-Cleaner" daemon [_thread_blocked, id=12844, stack(0x000000acc7300000,0x000000acc7400000)]
  0x000002757dbfc830 JavaThread "Notification Thread" daemon [_thread_blocked, id=16436, stack(0x000000acc7400000,0x000000acc7500000)]
  0x000002757f282f10 JavaThread "Daemon health stats" [_thread_blocked, id=13732, stack(0x000000acc7a00000,0x000000acc7b00000)]
  0x000002757f18c080 JavaThread "Incoming local TCP Connector on port 63515" [_thread_in_native, id=2564, stack(0x000000acc7b00000,0x000000acc7c00000)]
  0x000002757ed65fa0 JavaThread "Daemon periodic checks" [_thread_blocked, id=17116, stack(0x000000acc7c00000,0x000000acc7d00000)]
  0x000002751ec488e0 JavaThread "Daemon" [_thread_blocked, id=8136, stack(0x000000acc7d00000,0x000000acc7e00000)]
  0x000002751ec4a370 JavaThread "Handler for socket connection from /127.0.0.1:63515 to /127.0.0.1:63516" [_thread_in_native, id=13056, stack(0x000000acc7e00000,0x000000acc7f00000)]
  0x000002751ec48e30 JavaThread "Cancel handler" [_thread_blocked, id=14492, stack(0x000000acc7600000,0x000000acc7700000)]
  0x000002751ec4b360 JavaThread "Daemon worker" [_thread_in_Java, id=5020, stack(0x000000acc7f00000,0x000000acc8000000)]
  0x000002751ec4ae10 JavaThread "Asynchronous log dispatcher for DefaultDaemonConnection: socket connection from /127.0.0.1:63515 to /127.0.0.1:63516" [_thread_blocked, id=14804, stack(0x000000acc8000000,0x000000acc8100000)]
  0x000002751ec4a8c0 JavaThread "Stdin handler" [_thread_blocked, id=15376, stack(0x000000acc8100000,0x000000acc8200000)]
  0x000002751ec4b8b0 JavaThread "Daemon client event forwarder" [_thread_blocked, id=17304, stack(0x000000acc8200000,0x000000acc8300000)]
  0x000002751ec48390 JavaThread "Cache worker for journal cache (C:\Users\shrut\.gradle\caches\journal-1)" [_thread_blocked, id=11908, stack(0x000000acc8300000,0x000000acc8400000)]
  0x000002751ec49380 JavaThread "File lock request listener" [_thread_in_native, id=15476, stack(0x000000acc8400000,0x000000acc8500000)]
  0x000002751ec498d0 JavaThread "Cache worker for file hash cache (C:\Users\shrut\.gradle\caches\8.5\fileHashes)" [_thread_blocked, id=10052, stack(0x000000acc8600000,0x000000acc8700000)]
  0x000002751ec49e20 JavaThread "File watcher server" daemon [_thread_in_native, id=14724, stack(0x000000acc8700000,0x000000acc8800000)]
  0x000002751f4becf0 JavaThread "File watcher consumer" daemon [_thread_blocked, id=5728, stack(0x000000acc8800000,0x000000acc8900000)]
  0x000002751f4bcd10 JavaThread "Cache worker for checksums cache (C:\Users\shrut\OneDrive\Desktop\reactNative\clawApp\android\.gradle\8.5\checksums)" [_thread_blocked, id=17492, stack(0x000000acc8900000,0x000000acc8a00000)]
  0x000002751f4b8800 JavaThread "Cache worker for file hash cache (C:\Users\shrut\OneDrive\Desktop\reactNative\clawApp\android\.gradle\8.5\fileHashes)" [_thread_blocked, id=4768, stack(0x000000acc8a00000,0x000000acc8b00000)]
  0x000002751f4b92a0 JavaThread "Cache worker for cache directory md-supplier (C:\Users\shrut\.gradle\caches\8.5\md-supplier)" [_thread_blocked, id=16592, stack(0x000000acc8b00000,0x000000acc8c00000)]
  0x000002751f4be250 JavaThread "Cache worker for cache directory md-rule (C:\Users\shrut\.gradle\caches\8.5\md-rule)" [_thread_blocked, id=3248, stack(0x000000acc8c00000,0x000000acc8d00000)]
  0x000002751f4bd260 JavaThread "Cache worker for file content cache (C:\Users\shrut\.gradle\caches\8.5\fileContent)" [_thread_blocked, id=17248, stack(0x000000acc8d00000,0x000000acc8e00000)]
  0x000002751f4b9d40 JavaThread "Cache worker for execution history cache (C:\Users\shrut\.gradle\caches\8.5\executionHistory)" [_thread_blocked, id=16856, stack(0x000000acc8e00000,0x000000acc8f00000)]
  0x000002751f4b82b0 JavaThread "jar transforms" [_thread_blocked, id=16628, stack(0x000000acc8f00000,0x000000acc9000000)]
  0x000002751f4bc270 JavaThread "jar transforms Thread 2" [_thread_blocked, id=14912, stack(0x000000acc9000000,0x000000acc9100000)]
  0x000002751f4bdd00 JavaThread "jar transforms Thread 3" [_thread_blocked, id=8416, stack(0x000000acc9100000,0x000000acc9200000)]
  0x000002751f4ba7e0 JavaThread "jar transforms Thread 4" [_thread_blocked, id=14708, stack(0x000000acc9200000,0x000000acc9300000)]
  0x000002751f4b8d50 JavaThread "Cache worker for kotlin-dsl (C:\Users\shrut\.gradle\caches\8.5\kotlin-dsl)" [_thread_blocked, id=14348, stack(0x000000acc9300000,0x000000acc9400000)]
  0x000002751f4b7d60 JavaThread "Unconstrained build operations" [_thread_blocked, id=14036, stack(0x000000acc9400000,0x000000acc9500000)]
  0x000002751f4bad30 JavaThread "Unconstrained build operations Thread 2" [_thread_blocked, id=7348, stack(0x000000acc9500000,0x000000acc9600000)]
  0x000002751f4bb280 JavaThread "Cache worker for dependencies-accessors (C:\Users\shrut\OneDrive\Desktop\reactNative\clawApp\android\.gradle\8.5\dependencies-accessors)" [_thread_blocked, id=7752, stack(0x000000acc9600000,0x000000acc9700000)]
  0x000002751f4bb7d0 JavaThread "Cache worker for Build Output Cleanup Cache (C:\Users\shrut\OneDrive\Desktop\reactNative\clawApp\node_modules\@react-native\gradle-plugin\.gradle\buildOutputCleanup)" [_thread_blocked, id=16616, stack(0x000000acc9700000,0x000000acc9800000)]
  0x000002751f4bbd20 JavaThread "Unconstrained build operations Thread 3" [_thread_blocked, id=16276, stack(0x000000acc9800000,0x000000acc9900000)]
  0x000002751f4bc7c0 JavaThread "Unconstrained build operations Thread 4" [_thread_blocked, id=7692, stack(0x000000acc9900000,0x000000acc9a00000)]
  0x000002751f4be7a0 JavaThread "Unconstrained build operations Thread 5" [_thread_blocked, id=15524, stack(0x000000acc9a00000,0x000000acc9b00000)]
  0x00000275208589e0 JavaThread "Memory manager" [_thread_blocked, id=7700, stack(0x000000acc9b00000,0x000000acc9c00000)]
  0x0000027520853a30 JavaThread "Cache worker for Build Output Cleanup Cache (C:\Users\shrut\OneDrive\Desktop\reactNative\clawApp\android\.gradle\buildOutputCleanup)" [_thread_blocked, id=7444, stack(0x000000acc9c00000,0x000000acc9d00000)]
  0x0000027520852f90 JavaThread "ForkJoinPool.commonPool-worker-1" daemon [_thread_blocked, id=4696, stack(0x000000acc9d00000,0x000000acc9e00000)]
  0x0000027520859480 JavaThread "ForkJoinPool.commonPool-worker-2" daemon [_thread_blocked, id=11392, stack(0x000000acc9e00000,0x000000acc9f00000)]
  0x00000275208599d0 JavaThread "ForkJoinPool.commonPool-worker-3" daemon [_thread_blocked, id=10764, stack(0x000000acc9f00000,0x000000acca000000)]
  0x0000027520859f20 JavaThread "Exec process" [_thread_blocked, id=10012, stack(0x000000acca000000,0x000000acca100000)]
  0x0000027520856a00 JavaThread "Exec process Thread 2" [_thread_blocked, id=14020, stack(0x000000acca100000,0x000000acca200000)]
  0x0000027520858f30 JavaThread "Exec process Thread 3" [_thread_blocked, id=9900, stack(0x000000acca200000,0x000000acca300000)]
  0x000002751f510a20 JavaThread "C2 CompilerThread1" daemon [_thread_in_native, id=16872, stack(0x000000acc8500000,0x000000acc8600000)]
  0x00000275208534e0 JavaThread "included builds" [_thread_blocked, id=11880, stack(0x000000acca300000,0x000000acca400000)]
  0x000002752085a470 JavaThread "Execution worker" [_thread_blocked, id=1444, stack(0x000000acca400000,0x000000acca500000)]
  0x0000027520852a40 JavaThread "Execution worker Thread 2" [_thread_blocked, id=17504, stack(0x000000acca500000,0x000000acca600000)]
  0x0000027520853f80 JavaThread "Execution worker Thread 3" [_thread_blocked, id=16124, stack(0x000000acca600000,0x000000acca700000)]
  0x00000275208579f0 JavaThread "Cache worker for execution history cache (C:\Users\shrut\OneDrive\Desktop\reactNative\clawApp\node_modules\@react-native\gradle-plugin\.gradle\8.5\executionHistory)" [_thread_blocked, id=18288, stack(0x000000acca700000,0x000000acca800000)]
  0x0000027520858490 JavaThread "Unconstrained build operations Thread 6" [_thread_blocked, id=10456, stack(0x000000acca800000,0x000000acca900000)]
  0x00000275208544d0 JavaThread "Unconstrained build operations Thread 7" [_thread_blocked, id=11084, stack(0x000000acca900000,0x000000accaa00000)]
  0x0000027520856f50 JavaThread "Unconstrained build operations Thread 8" [_thread_blocked, id=9560, stack(0x000000accaa00000,0x000000accab00000)]
  0x0000027520854a20 JavaThread "Unconstrained build operations Thread 9" [_thread_blocked, id=14048, stack(0x000000accab00000,0x000000accac00000)]
  0x0000027520854f70 JavaThread "Unconstrained build operations Thread 10" [_thread_blocked, id=7932, stack(0x000000accac00000,0x000000accad00000)]
  0x00000275208574a0 JavaThread "Unconstrained build operations Thread 11" [_thread_blocked, id=16072, stack(0x000000accad00000,0x000000accae00000)]
  0x0000027520857f40 JavaThread "Unconstrained build operations Thread 12" [_thread_blocked, id=16892, stack(0x000000accae00000,0x000000accaf00000)]
  0x0000027520855a10 JavaThread "Unconstrained build operations Thread 13" [_thread_blocked, id=18088, stack(0x000000accaf00000,0x000000accb000000)]

Other Threads:
  0x000002757d8906b0 VMThread "VM Thread" [stack: 0x000000acc6a00000,0x000000acc6b00000] [id=1200]
  0x000002757dc666f0 WatcherThread "VM Periodic Task Thread" [stack: 0x000000acc7500000,0x000000acc7600000] [id=16440]
  0x000002755f56df70 WorkerThread "GC Thread#0" [stack: 0x000000acc6500000,0x000000acc6600000] [id=11040]
  0x000002757e040880 WorkerThread "GC Thread#1" [stack: 0x000000acc7700000,0x000000acc7800000] [id=16832]
  0x000002757df6f600 WorkerThread "GC Thread#2" [stack: 0x000000acc7800000,0x000000acc7900000] [id=2280]
  0x000002757df6f8d0 WorkerThread "GC Thread#3" [stack: 0x000000acc7900000,0x000000acc7a00000] [id=9828]
  0x00000275617184d0 ConcurrentGCThread "G1 Main Marker" [stack: 0x000000acc6600000,0x000000acc6700000] [id=17704]
  0x0000027561718bb0 WorkerThread "G1 Conc#0" [stack: 0x000000acc6700000,0x000000acc6800000] [id=12688]
  0x000002757d7551e0 ConcurrentGCThread "G1 Refine#0" [stack: 0x000000acc6800000,0x000000acc6900000] [id=13120]
  0x000002757d755a90 ConcurrentGCThread "G1 Service" [stack: 0x000000acc6900000,0x000000acc6a00000] [id=16992]

Threads with active compile tasks:
C2 CompilerThread0    32945 9673   !   4       java.net.URLClassLoader$1::run (81 bytes)
C2 CompilerThread1    32945 9804       4       groovy.lang.MetaClassImpl$1MOPIter::decomposeMopName (79 bytes)

VM state: not at safepoint (normal execution)

VM Mutex/Monitor currently owned by a thread: None

Heap address: 0x0000000080000000, size: 2048 MB, Compressed Oops mode: 32-bit

CDS archive(s) mapped at: [0x0000027500000000-0x0000027500c60000-0x0000027500c60000), size 12976128, SharedBaseAddress: 0x0000027500000000, ArchiveRelocationMode: 1.
Compressed class space mapped at: 0x0000027501000000-0x000002751ac00000, reserved size: 432013312
Narrow klass base: 0x0000027500000000, Narrow klass shift: 0, Narrow klass range: 0x100000000

GC Precious Log:
 CardTable entry size: 512
 Card Set container configuration: InlinePtr #cards 5 size 8 Array Of Cards #cards 12 size 40 Howl #buckets 4 coarsen threshold 1843 Howl Bitmap #cards 512 size 80 coarsen threshold 460 Card regions per heap region 1 cards per card region 2048
 CPUs: 4 total, 4 available
 Memory: 16212M
 Large Page Support: Disabled
 NUMA Support: Disabled
 Compressed Oops: Enabled (32-bit)
 Heap Region Size: 1M
 Heap Min Capacity: 8M
 Heap Initial Capacity: 254M
 Heap Max Capacity: 2G
 Pre-touch: Disabled
 Parallel Workers: 4
 Concurrent Workers: 1
 Concurrent Refinement Workers: 4
 Periodic GC: Disabled

Heap:
 garbage-first heap   total 155648K, used 115044K [0x0000000080000000, 0x0000000100000000)
  region size 1024K, 34 young (34816K), 7 survivors (7168K)
 Metaspace       used 80775K, committed 83008K, reserved 552960K
  class space    used 11220K, committed 12352K, reserved 421888K

Heap Regions: E=young(eden), S=young(survivor), O=old, HS=humongous(starts), HC=humongous(continues), CS=collection set, F=free, OA=open archive, CA=closed archive, TAMS=top-at-mark-start, PB=parsable bottom
|   0|0x0000000080000000, 0x0000000080100000, 0x0000000080100000|100%| O|  |TAMS 0x0000000080000000| PB 0x0000000080000000| Untracked 
|   1|0x0000000080100000, 0x0000000080200000, 0x0000000080200000|100%| O|  |TAMS 0x0000000080100000| PB 0x0000000080100000| Untracked 
|   2|0x0000000080200000, 0x0000000080300000, 0x0000000080300000|100%|HS|  |TAMS 0x0000000080200000| PB 0x0000000080200000| Complete 
|   3|0x0000000080300000, 0x0000000080400000, 0x0000000080400000|100%|HC|  |TAMS 0x0000000080300000| PB 0x0000000080300000| Complete 
|   4|0x0000000080400000, 0x0000000080500000, 0x0000000080500000|100%|HC|  |TAMS 0x0000000080400000| PB 0x0000000080400000| Complete 
|   5|0x0000000080500000, 0x0000000080600000, 0x0000000080600000|100%|HC|  |TAMS 0x0000000080500000| PB 0x0000000080500000| Complete 
|   6|0x0000000080600000, 0x0000000080700000, 0x0000000080700000|100%| O|  |TAMS 0x0000000080600000| PB 0x0000000080600000| Untracked 
|   7|0x0000000080700000, 0x0000000080800000, 0x0000000080800000|100%| O|  |TAMS 0x0000000080700000| PB 0x0000000080700000| Untracked 
|   8|0x0000000080800000, 0x0000000080900000, 0x0000000080900000|100%| O|  |TAMS 0x0000000080800000| PB 0x0000000080800000| Untracked 
|   9|0x0000000080900000, 0x0000000080a00000, 0x0000000080a00000|100%| O|  |TAMS 0x0000000080900000| PB 0x0000000080900000| Untracked 
|  10|0x0000000080a00000, 0x0000000080b00000, 0x0000000080b00000|100%| O|  |TAMS 0x0000000080a00000| PB 0x0000000080a00000| Untracked 
|  11|0x0000000080b00000, 0x0000000080c00000, 0x0000000080c00000|100%| O|  |TAMS 0x0000000080b00000| PB 0x0000000080b00000| Untracked 
|  12|0x0000000080c00000, 0x0000000080d00000, 0x0000000080d00000|100%| O|  |TAMS 0x0000000080c00000| PB 0x0000000080c00000| Untracked 
|  13|0x0000000080d00000, 0x0000000080e00000, 0x0000000080e00000|100%| O|  |TAMS 0x0000000080d00000| PB 0x0000000080d00000| Untracked 
|  14|0x0000000080e00000, 0x0000000080f00000, 0x0000000080f00000|100%| O|  |TAMS 0x0000000080e00000| PB 0x0000000080e00000| Untracked 
|  15|0x0000000080f00000, 0x0000000081000000, 0x0000000081000000|100%| O|  |TAMS 0x0000000080f00000| PB 0x0000000080f00000| Untracked 
|  16|0x0000000081000000, 0x0000000081100000, 0x0000000081100000|100%| O|  |TAMS 0x0000000081000000| PB 0x0000000081000000| Untracked 
|  17|0x0000000081100000, 0x0000000081200000, 0x0000000081200000|100%| O|  |TAMS 0x0000000081100000| PB 0x0000000081100000| Untracked 
|  18|0x0000000081200000, 0x0000000081300000, 0x0000000081300000|100%| O|  |TAMS 0x0000000081200000| PB 0x0000000081200000| Untracked 
|  19|0x0000000081300000, 0x0000000081400000, 0x0000000081400000|100%| O|  |TAMS 0x0000000081300000| PB 0x0000000081300000| Untracked 
|  20|0x0000000081400000, 0x0000000081500000, 0x0000000081500000|100%| O|  |TAMS 0x0000000081400000| PB 0x0000000081400000| Untracked 
|  21|0x0000000081500000, 0x0000000081600000, 0x0000000081600000|100%| O|  |TAMS 0x0000000081500000| PB 0x0000000081500000| Untracked 
|  22|0x0000000081600000, 0x0000000081700000, 0x0000000081700000|100%| O|  |TAMS 0x0000000081600000| PB 0x0000000081600000| Untracked 
|  23|0x0000000081700000, 0x0000000081800000, 0x0000000081800000|100%| O|  |TAMS 0x0000000081700000| PB 0x0000000081700000| Untracked 
|  24|0x0000000081800000, 0x0000000081900000, 0x0000000081900000|100%| O|  |TAMS 0x0000000081800000| PB 0x0000000081800000| Untracked 
|  25|0x0000000081900000, 0x0000000081a00000, 0x0000000081a00000|100%| O|  |TAMS 0x0000000081900000| PB 0x0000000081900000| Untracked 
|  26|0x0000000081a00000, 0x0000000081b00000, 0x0000000081b00000|100%| O|  |TAMS 0x0000000081a00000| PB 0x0000000081a00000| Untracked 
|  27|0x0000000081b00000, 0x0000000081c00000, 0x0000000081c00000|100%| O|  |TAMS 0x0000000081b00000| PB 0x0000000081b00000| Untracked 
|  28|0x0000000081c00000, 0x0000000081d00000, 0x0000000081d00000|100%| O|  |TAMS 0x0000000081c00000| PB 0x0000000081c00000| Untracked 
|  29|0x0000000081d00000, 0x0000000081e00000, 0x0000000081e00000|100%| O|  |TAMS 0x0000000081d00000| PB 0x0000000081d00000| Untracked 
|  30|0x0000000081e00000, 0x0000000081f00000, 0x0000000081f00000|100%| O|  |TAMS 0x0000000081e00000| PB 0x0000000081e00000| Untracked 
|  31|0x0000000081f00000, 0x0000000082000000, 0x0000000082000000|100%| O|  |TAMS 0x0000000081f00000| PB 0x0000000081f00000| Untracked 
|  32|0x0000000082000000, 0x0000000082100000, 0x0000000082100000|100%| O|  |TAMS 0x0000000082000000| PB 0x0000000082000000| Untracked 
|  33|0x0000000082100000, 0x0000000082200000, 0x0000000082200000|100%| O|  |TAMS 0x0000000082100000| PB 0x0000000082100000| Untracked 
|  34|0x0000000082200000, 0x0000000082300000, 0x0000000082300000|100%| O|  |TAMS 0x0000000082200000| PB 0x0000000082200000| Untracked 
|  35|0x0000000082300000, 0x0000000082400000, 0x0000000082400000|100%|HS|  |TAMS 0x0000000082300000| PB 0x0000000082300000| Complete 
|  36|0x0000000082400000, 0x0000000082500000, 0x0000000082500000|100%|HC|  |TAMS 0x0000000082400000| PB 0x0000000082400000| Complete 
|  37|0x0000000082500000, 0x0000000082600000, 0x0000000082600000|100%| O|  |TAMS 0x0000000082500000| PB 0x0000000082500000| Untracked 
|  38|0x0000000082600000, 0x0000000082700000, 0x0000000082700000|100%| O|  |TAMS 0x0000000082600000| PB 0x0000000082600000| Untracked 
|  39|0x0000000082700000, 0x0000000082800000, 0x0000000082800000|100%| O|  |TAMS 0x0000000082700000| PB 0x0000000082700000| Untracked 
|  40|0x0000000082800000, 0x0000000082900000, 0x0000000082900000|100%| O|  |TAMS 0x0000000082800000| PB 0x0000000082800000| Untracked 
|  41|0x0000000082900000, 0x0000000082a00000, 0x0000000082a00000|100%| O|  |TAMS 0x0000000082900000| PB 0x0000000082900000| Untracked 
|  42|0x0000000082a00000, 0x0000000082a00000, 0x0000000082b00000|  0%| F|  |TAMS 0x0000000082a00000| PB 0x0000000082a00000| Untracked 
|  43|0x0000000082b00000, 0x0000000082c00000, 0x0000000082c00000|100%|HS|  |TAMS 0x0000000082b00000| PB 0x0000000082b00000| Complete 
|  44|0x0000000082c00000, 0x0000000082d00000, 0x0000000082d00000|100%|HC|  |TAMS 0x0000000082c00000| PB 0x0000000082c00000| Complete 
|  45|0x0000000082d00000, 0x0000000082e00000, 0x0000000082e00000|100%|HS|  |TAMS 0x0000000082d00000| PB 0x0000000082d00000| Complete 
|  46|0x0000000082e00000, 0x0000000082f00000, 0x0000000082f00000|100%|HC|  |TAMS 0x0000000082e00000| PB 0x0000000082e00000| Complete 
|  47|0x0000000082f00000, 0x0000000083000000, 0x0000000083000000|100%|HC|  |TAMS 0x0000000082f00000| PB 0x0000000082f00000| Complete 
|  48|0x0000000083000000, 0x0000000083100000, 0x0000000083100000|100%|HC|  |TAMS 0x0000000083000000| PB 0x0000000083000000| Complete 
|  49|0x0000000083100000, 0x0000000083200000, 0x0000000083200000|100%| O|  |TAMS 0x0000000083100000| PB 0x0000000083100000| Untracked 
|  50|0x0000000083200000, 0x0000000083300000, 0x0000000083300000|100%| O|  |TAMS 0x0000000083200000| PB 0x0000000083200000| Untracked 
|  51|0x0000000083300000, 0x0000000083400000, 0x0000000083400000|100%| O|  |TAMS 0x0000000083300000| PB 0x0000000083300000| Untracked 
|  52|0x0000000083400000, 0x0000000083500000, 0x0000000083500000|100%| O|  |TAMS 0x0000000083400000| PB 0x0000000083400000| Untracked 
|  53|0x0000000083500000, 0x0000000083600000, 0x0000000083600000|100%| O|  |TAMS 0x0000000083500000| PB 0x0000000083500000| Untracked 
|  54|0x0000000083600000, 0x0000000083700000, 0x0000000083700000|100%| O|  |TAMS 0x0000000083600000| PB 0x0000000083600000| Untracked 
|  55|0x0000000083700000, 0x0000000083800000, 0x0000000083800000|100%| O|  |TAMS 0x0000000083700000| PB 0x0000000083700000| Untracked 
|  56|0x0000000083800000, 0x0000000083900000, 0x0000000083900000|100%|HS|  |TAMS 0x0000000083800000| PB 0x0000000083800000| Complete 
|  57|0x0000000083900000, 0x0000000083a00000, 0x0000000083a00000|100%|HC|  |TAMS 0x0000000083900000| PB 0x0000000083900000| Complete 
|  58|0x0000000083a00000, 0x0000000083b00000, 0x0000000083b00000|100%|HC|  |TAMS 0x0000000083a00000| PB 0x0000000083a00000| Complete 
|  59|0x0000000083b00000, 0x0000000083c00000, 0x0000000083c00000|100%|HC|  |TAMS 0x0000000083b00000| PB 0x0000000083b00000| Complete 
|  60|0x0000000083c00000, 0x0000000083d00000, 0x0000000083d00000|100%|HS|  |TAMS 0x0000000083c00000| PB 0x0000000083c00000| Complete 
|  61|0x0000000083d00000, 0x0000000083e00000, 0x0000000083e00000|100%|HS|  |TAMS 0x0000000083d00000| PB 0x0000000083d00000| Complete 
|  62|0x0000000083e00000, 0x0000000083f00000, 0x0000000083f00000|100%|HS|  |TAMS 0x0000000083e00000| PB 0x0000000083e00000| Complete 
|  63|0x0000000083f00000, 0x0000000084000000, 0x0000000084000000|100%| O|  |TAMS 0x0000000083f00000| PB 0x0000000083f00000| Untracked 
|  64|0x0000000084000000, 0x0000000084100000, 0x0000000084100000|100%|HS|  |TAMS 0x0000000084000000| PB 0x0000000084000000| Complete 
|  65|0x0000000084100000, 0x0000000084200000, 0x0000000084200000|100%| O|  |TAMS 0x0000000084100000| PB 0x0000000084100000| Untracked 
|  66|0x0000000084200000, 0x0000000084300000, 0x0000000084300000|100%| O|  |TAMS 0x0000000084200000| PB 0x0000000084200000| Untracked 
|  67|0x0000000084300000, 0x0000000084400000, 0x0000000084400000|100%| O|  |TAMS 0x0000000084300000| PB 0x0000000084300000| Untracked 
|  68|0x0000000084400000, 0x0000000084500000, 0x0000000084500000|100%| O|  |TAMS 0x0000000084400000| PB 0x0000000084400000| Untracked 
|  69|0x0000000084500000, 0x0000000084559200, 0x0000000084600000| 34%| O|  |TAMS 0x0000000084500000| PB 0x0000000084500000| Untracked 
|  70|0x0000000084600000, 0x0000000084600000, 0x0000000084700000|  0%| F|  |TAMS 0x0000000084600000| PB 0x0000000084600000| Untracked 
|  71|0x0000000084700000, 0x0000000084700000, 0x0000000084800000|  0%| F|  |TAMS 0x0000000084700000| PB 0x0000000084700000| Untracked 
|  72|0x0000000084800000, 0x0000000084900000, 0x0000000084900000|100%| O|  |TAMS 0x0000000084800000| PB 0x0000000084800000| Untracked 
|  73|0x0000000084900000, 0x0000000084a00000, 0x0000000084a00000|100%| O|  |TAMS 0x0000000084900000| PB 0x0000000084900000| Untracked 
|  74|0x0000000084a00000, 0x0000000084b00000, 0x0000000084b00000|100%| O|  |TAMS 0x0000000084a00000| PB 0x0000000084a00000| Untracked 
|  75|0x0000000084b00000, 0x0000000084b00000, 0x0000000084c00000|  0%| F|  |TAMS 0x0000000084b00000| PB 0x0000000084b00000| Untracked 
|  76|0x0000000084c00000, 0x0000000084c00000, 0x0000000084d00000|  0%| F|  |TAMS 0x0000000084c00000| PB 0x0000000084c00000| Untracked 
|  77|0x0000000084d00000, 0x0000000084d00000, 0x0000000084e00000|  0%| F|  |TAMS 0x0000000084d00000| PB 0x0000000084d00000| Untracked 
|  78|0x0000000084e00000, 0x0000000084e00000, 0x0000000084f00000|  0%| F|  |TAMS 0x0000000084e00000| PB 0x0000000084e00000| Untracked 
|  79|0x0000000084f00000, 0x0000000084f00000, 0x0000000085000000|  0%| F|  |TAMS 0x0000000084f00000| PB 0x0000000084f00000| Untracked 
|  80|0x0000000085000000, 0x0000000085100000, 0x0000000085100000|100%| S|CS|TAMS 0x0000000085000000| PB 0x0000000085000000| Complete 
|  81|0x0000000085100000, 0x0000000085200000, 0x0000000085200000|100%| S|CS|TAMS 0x0000000085100000| PB 0x0000000085100000| Complete 
|  82|0x0000000085200000, 0x0000000085300000, 0x0000000085300000|100%| S|CS|TAMS 0x0000000085200000| PB 0x0000000085200000| Complete 
|  83|0x0000000085300000, 0x0000000085400000, 0x0000000085400000|100%| S|CS|TAMS 0x0000000085300000| PB 0x0000000085300000| Complete 
|  84|0x0000000085400000, 0x0000000085500000, 0x0000000085500000|100%| S|CS|TAMS 0x0000000085400000| PB 0x0000000085400000| Complete 
|  85|0x0000000085500000, 0x0000000085600000, 0x0000000085600000|100%| S|CS|TAMS 0x0000000085500000| PB 0x0000000085500000| Complete 
|  86|0x0000000085600000, 0x0000000085700000, 0x0000000085700000|100%| S|CS|TAMS 0x0000000085600000| PB 0x0000000085600000| Complete 
|  87|0x0000000085700000, 0x0000000085700000, 0x0000000085800000|  0%| F|  |TAMS 0x0000000085700000| PB 0x0000000085700000| Untracked 
|  88|0x0000000085800000, 0x0000000085800000, 0x0000000085900000|  0%| F|  |TAMS 0x0000000085800000| PB 0x0000000085800000| Untracked 
|  89|0x0000000085900000, 0x0000000085900000, 0x0000000085a00000|  0%| F|  |TAMS 0x0000000085900000| PB 0x0000000085900000| Untracked 
|  90|0x0000000085a00000, 0x0000000085a00000, 0x0000000085b00000|  0%| F|  |TAMS 0x0000000085a00000| PB 0x0000000085a00000| Untracked 
|  91|0x0000000085b00000, 0x0000000085b00000, 0x0000000085c00000|  0%| F|  |TAMS 0x0000000085b00000| PB 0x0000000085b00000| Untracked 
|  92|0x0000000085c00000, 0x0000000085c00000, 0x0000000085d00000|  0%| F|  |TAMS 0x0000000085c00000| PB 0x0000000085c00000| Untracked 
|  93|0x0000000085d00000, 0x0000000085d00000, 0x0000000085e00000|  0%| F|  |TAMS 0x0000000085d00000| PB 0x0000000085d00000| Untracked 
|  94|0x0000000085e00000, 0x0000000085e00000, 0x0000000085f00000|  0%| F|  |TAMS 0x0000000085e00000| PB 0x0000000085e00000| Untracked 
|  95|0x0000000085f00000, 0x0000000085f00000, 0x0000000086000000|  0%| F|  |TAMS 0x0000000085f00000| PB 0x0000000085f00000| Untracked 
|  96|0x0000000086000000, 0x0000000086000000, 0x0000000086100000|  0%| F|  |TAMS 0x0000000086000000| PB 0x0000000086000000| Untracked 
|  97|0x0000000086100000, 0x0000000086100000, 0x0000000086200000|  0%| F|  |TAMS 0x0000000086100000| PB 0x0000000086100000| Untracked 
|  98|0x0000000086200000, 0x0000000086200000, 0x0000000086300000|  0%| F|  |TAMS 0x0000000086200000| PB 0x0000000086200000| Untracked 
|  99|0x0000000086300000, 0x0000000086300000, 0x0000000086400000|  0%| F|  |TAMS 0x0000000086300000| PB 0x0000000086300000| Untracked 
| 100|0x0000000086400000, 0x0000000086400000, 0x0000000086500000|  0%| F|  |TAMS 0x0000000086400000| PB 0x0000000086400000| Untracked 
| 101|0x0000000086500000, 0x0000000086500000, 0x0000000086600000|  0%| F|  |TAMS 0x0000000086500000| PB 0x0000000086500000| Untracked 
| 102|0x0000000086600000, 0x0000000086600000, 0x0000000086700000|  0%| F|  |TAMS 0x0000000086600000| PB 0x0000000086600000| Untracked 
| 103|0x0000000086700000, 0x0000000086700000, 0x0000000086800000|  0%| F|  |TAMS 0x0000000086700000| PB 0x0000000086700000| Untracked 
| 104|0x0000000086800000, 0x0000000086800000, 0x0000000086900000|  0%| F|  |TAMS 0x0000000086800000| PB 0x0000000086800000| Untracked 
| 105|0x0000000086900000, 0x0000000086900000, 0x0000000086a00000|  0%| F|  |TAMS 0x0000000086900000| PB 0x0000000086900000| Untracked 
| 106|0x0000000086a00000, 0x0000000086a00000, 0x0000000086b00000|  0%| F|  |TAMS 0x0000000086a00000| PB 0x0000000086a00000| Untracked 
| 107|0x0000000086b00000, 0x0000000086b00000, 0x0000000086c00000|  0%| F|  |TAMS 0x0000000086b00000| PB 0x0000000086b00000| Untracked 
| 108|0x0000000086c00000, 0x0000000086c00000, 0x0000000086d00000|  0%| F|  |TAMS 0x0000000086c00000| PB 0x0000000086c00000| Untracked 
| 109|0x0000000086d00000, 0x0000000086d00000, 0x0000000086e00000|  0%| F|  |TAMS 0x0000000086d00000| PB 0x0000000086d00000| Untracked 
| 110|0x0000000086e00000, 0x0000000086e00000, 0x0000000086f00000|  0%| F|  |TAMS 0x0000000086e00000| PB 0x0000000086e00000| Untracked 
| 111|0x0000000086f00000, 0x0000000086f00000, 0x0000000087000000|  0%| F|  |TAMS 0x0000000086f00000| PB 0x0000000086f00000| Untracked 
| 112|0x0000000087000000, 0x0000000087000000, 0x0000000087100000|  0%| F|  |TAMS 0x0000000087000000| PB 0x0000000087000000| Untracked 
| 113|0x0000000087100000, 0x0000000087100000, 0x0000000087200000|  0%| F|  |TAMS 0x0000000087100000| PB 0x0000000087100000| Untracked 
| 114|0x0000000087200000, 0x0000000087200000, 0x0000000087300000|  0%| F|  |TAMS 0x0000000087200000| PB 0x0000000087200000| Untracked 
| 115|0x0000000087300000, 0x0000000087300000, 0x0000000087400000|  0%| F|  |TAMS 0x0000000087300000| PB 0x0000000087300000| Untracked 
| 116|0x0000000087400000, 0x0000000087400000, 0x0000000087500000|  0%| F|  |TAMS 0x0000000087400000| PB 0x0000000087400000| Untracked 
| 117|0x0000000087500000, 0x0000000087600000, 0x0000000087600000|100%| E|  |TAMS 0x0000000087500000| PB 0x0000000087500000| Complete 
| 118|0x0000000087600000, 0x0000000087700000, 0x0000000087700000|100%| E|CS|TAMS 0x0000000087600000| PB 0x0000000087600000| Complete 
| 119|0x0000000087700000, 0x0000000087800000, 0x0000000087800000|100%| E|CS|TAMS 0x0000000087700000| PB 0x0000000087700000| Complete 
| 120|0x0000000087800000, 0x0000000087900000, 0x0000000087900000|100%| E|CS|TAMS 0x0000000087800000| PB 0x0000000087800000| Complete 
| 121|0x0000000087900000, 0x0000000087a00000, 0x0000000087a00000|100%| E|CS|TAMS 0x0000000087900000| PB 0x0000000087900000| Complete 
| 122|0x0000000087a00000, 0x0000000087b00000, 0x0000000087b00000|100%| E|CS|TAMS 0x0000000087a00000| PB 0x0000000087a00000| Complete 
| 123|0x0000000087b00000, 0x0000000087c00000, 0x0000000087c00000|100%| E|CS|TAMS 0x0000000087b00000| PB 0x0000000087b00000| Complete 
| 124|0x0000000087c00000, 0x0000000087d00000, 0x0000000087d00000|100%| E|CS|TAMS 0x0000000087c00000| PB 0x0000000087c00000| Complete 
| 125|0x0000000087d00000, 0x0000000087e00000, 0x0000000087e00000|100%| E|CS|TAMS 0x0000000087d00000| PB 0x0000000087d00000| Complete 
| 126|0x0000000087e00000, 0x0000000087f00000, 0x0000000087f00000|100%| E|CS|TAMS 0x0000000087e00000| PB 0x0000000087e00000| Complete 
| 127|0x0000000087f00000, 0x0000000088000000, 0x0000000088000000|100%| E|CS|TAMS 0x0000000087f00000| PB 0x0000000087f00000| Complete 
| 128|0x0000000088000000, 0x0000000088100000, 0x0000000088100000|100%| E|CS|TAMS 0x0000000088000000| PB 0x0000000088000000| Complete 
| 129|0x0000000088100000, 0x0000000088200000, 0x0000000088200000|100%| E|CS|TAMS 0x0000000088100000| PB 0x0000000088100000| Complete 
| 130|0x0000000088200000, 0x0000000088300000, 0x0000000088300000|100%| E|CS|TAMS 0x0000000088200000| PB 0x0000000088200000| Complete 
| 135|0x0000000088700000, 0x0000000088800000, 0x0000000088800000|100%| E|CS|TAMS 0x0000000088700000| PB 0x0000000088700000| Complete 
| 136|0x0000000088800000, 0x0000000088900000, 0x0000000088900000|100%| E|CS|TAMS 0x0000000088800000| PB 0x0000000088800000| Complete 
| 137|0x0000000088900000, 0x0000000088a00000, 0x0000000088a00000|100%| E|CS|TAMS 0x0000000088900000| PB 0x0000000088900000| Complete 
| 138|0x0000000088a00000, 0x0000000088b00000, 0x0000000088b00000|100%| E|CS|TAMS 0x0000000088a00000| PB 0x0000000088a00000| Complete 
| 139|0x0000000088b00000, 0x0000000088c00000, 0x0000000088c00000|100%| E|CS|TAMS 0x0000000088b00000| PB 0x0000000088b00000| Complete 
| 140|0x0000000088c00000, 0x0000000088d00000, 0x0000000088d00000|100%| E|CS|TAMS 0x0000000088c00000| PB 0x0000000088c00000| Complete 
| 141|0x0000000088d00000, 0x0000000088e00000, 0x0000000088e00000|100%| E|CS|TAMS 0x0000000088d00000| PB 0x0000000088d00000| Complete 
| 142|0x0000000088e00000, 0x0000000088f00000, 0x0000000088f00000|100%| E|CS|TAMS 0x0000000088e00000| PB 0x0000000088e00000| Complete 
| 143|0x0000000088f00000, 0x0000000089000000, 0x0000000089000000|100%| E|CS|TAMS 0x0000000088f00000| PB 0x0000000088f00000| Complete 
| 144|0x0000000089000000, 0x0000000089100000, 0x0000000089100000|100%| E|CS|TAMS 0x0000000089000000| PB 0x0000000089000000| Complete 
| 145|0x0000000089100000, 0x0000000089200000, 0x0000000089200000|100%| E|CS|TAMS 0x0000000089100000| PB 0x0000000089100000| Complete 
| 146|0x0000000089200000, 0x0000000089300000, 0x0000000089300000|100%| E|CS|TAMS 0x0000000089200000| PB 0x0000000089200000| Complete 
| 147|0x0000000089300000, 0x0000000089400000, 0x0000000089400000|100%| E|CS|TAMS 0x0000000089300000| PB 0x0000000089300000| Complete 
|2040|0x00000000ff800000, 0x00000000ff900000, 0x00000000ff900000|100%| O|  |TAMS 0x00000000ff800000| PB 0x00000000ff800000| Untracked 
|2041|0x00000000ff900000, 0x00000000ffa00000, 0x00000000ffa00000|100%| O|  |TAMS 0x00000000ff900000| PB 0x00000000ff900000| Untracked 
|2042|0x00000000ffa00000, 0x00000000ffb00000, 0x00000000ffb00000|100%| O|  |TAMS 0x00000000ffa00000| PB 0x00000000ffa00000| Untracked 
|2043|0x00000000ffb00000, 0x00000000ffc00000, 0x00000000ffc00000|100%| O|  |TAMS 0x00000000ffb00000| PB 0x00000000ffb00000| Untracked 
|2044|0x00000000ffc00000, 0x00000000ffd00000, 0x00000000ffd00000|100%| O|  |TAMS 0x00000000ffc00000| PB 0x00000000ffc00000| Untracked 
|2045|0x00000000ffd00000, 0x00000000ffe00000, 0x00000000ffe00000|100%| O|  |TAMS 0x00000000ffd00000| PB 0x00000000ffd00000| Untracked 
|2046|0x00000000ffe00000, 0x00000000fff00000, 0x00000000fff00000|100%| O|  |TAMS 0x00000000ffe00000| PB 0x00000000ffe00000| Untracked 
|2047|0x00000000fff00000, 0x0000000100000000, 0x0000000100000000|100%| O|  |TAMS 0x00000000fff00000| PB 0x00000000fff00000| Untracked 

Card table byte_map: [0x0000027578b80000,0x0000027578f80000] _byte_map_base: 0x0000027578780000

Marking Bits: (CMBitMap*) 0x000002755f56e4b0
 Bits: [0x0000027579380000, 0x000002757b380000)

Polling page: 0x000002755f640000

Metaspace:

Usage:
  Non-class:     67.93 MB used.
      Class:     10.96 MB used.
       Both:     78.89 MB used.

Virtual space:
  Non-class space:      128.00 MB reserved,      69.00 MB ( 54%) committed,  2 nodes.
      Class space:      412.00 MB reserved,      12.06 MB (  3%) committed,  1 nodes.
             Both:      540.00 MB reserved,      81.06 MB ( 15%) committed. 

Chunk freelists:
   Non-Class:  3.05 MB
       Class:  3.98 MB
        Both:  7.03 MB

MaxMetaspaceSize: 512.00 MB
CompressedClassSpaceSize: 412.00 MB
Initial GC threshold: 21.00 MB
Current GC threshold: 121.06 MB
CDS: on
MetaspaceReclaimPolicy: balanced
 - commit_granule_bytes: 65536.
 - commit_granule_words: 8192.
 - virtual_space_node_default_size: 8388608.
 - enlarge_chunks_in_place: 1.
 - new_chunks_are_fully_committed: 0.
 - uncommit_free_chunks: 1.
 - use_allocation_guard: 0.


Internal statistics:

num_allocs_failed_limit: 9.
num_arena_births: 3734.
num_arena_deaths: 0.
num_vsnodes_births: 3.
num_vsnodes_deaths: 0.
num_space_committed: 1297.
num_space_uncommitted: 0.
num_chunks_returned_to_freelist: 9.
num_chunks_taken_from_freelist: 7341.
num_chunk_merges: 9.
num_chunk_splits: 4855.
num_chunks_enlarged: 3124.
num_inconsistent_stats: 0.

CodeHeap 'non-profiled nmethods': size=120000Kb used=4652Kb max_used=4652Kb free=115347Kb
 bounds [0x0000027571250000, 0x00000275716e0000, 0x0000027578780000]
CodeHeap 'profiled nmethods': size=120000Kb used=15873Kb max_used=15873Kb free=104127Kb
 bounds [0x0000027569780000, 0x000002756a710000, 0x0000027570cb0000]
CodeHeap 'non-nmethods': size=5760Kb used=2854Kb max_used=2938Kb free=2905Kb
 bounds [0x0000027570cb0000, 0x0000027570fb0000, 0x0000027571250000]
 total_blobs=9439 nmethods=8526 adapters=823
 compilation: enabled
              stopped_count=0, restarted_count=0
 full_count=0

Compilation events (20 events):
Event: 32.696 Thread 0x000002757d9d0c50 nmethod 9769 0x000002756a6e5310 code [0x000002756a6e54a0, 0x000002756a6e5670]
Event: 32.696 Thread 0x000002757d9d0c50 9766       3       org.gradle.api.internal.artifacts.configurations.DefaultUnlockedConfiguration_Decorated::setCanBeConsumed (12 bytes)
Event: 32.696 Thread 0x000002757d9d0c50 nmethod 9766 0x000002756a6e5710 code [0x000002756a6e58a0, 0x000002756a6e5ae0]
Event: 32.696 Thread 0x000002757d9d0c50 9770       3       kotlin.collections.MapsKt__MapsJVMKt::mapCapacity (40 bytes)
Event: 32.696 Thread 0x000002757d9d0c50 nmethod 9770 0x000002756a6e5c10 code [0x000002756a6e5de0, 0x000002756a6e6060]
Event: 32.696 Thread 0x000002757d9d0c50 9771       3       kotlin.collections.CollectionsKt___CollectionsKt::drop (293 bytes)
Event: 32.698 Thread 0x000002751f510a20 9774       4       org.gradle.cache.internal.DefaultCrossBuildInMemoryCacheFactory$AbstractCrossBuildInMemoryCache::getIfPresentWithoutLock (43 bytes)
Event: 32.701 Thread 0x000002757d9d0c50 nmethod 9771 0x000002756a6e6110 code [0x000002756a6e66a0, 0x000002756a6e9b60]
Event: 32.701 Thread 0x000002757d9d0c50 9773       3       kotlin.collections.CollectionsKt___CollectionsKt::firstOrNull (27 bytes)
Event: 32.702 Thread 0x000002757d9d0c50 nmethod 9773 0x000002756a6eaa90 code [0x000002756a6eacc0, 0x000002756a6eb420]
Event: 32.702 Thread 0x000002757d9d0c50 9772       3       kotlin.text.StringsKt__AppendableKt::appendElement (102 bytes)
Event: 32.703 Thread 0x000002757d9d0c50 nmethod 9772 0x000002756a6eb690 code [0x000002756a6eb980, 0x000002756a6ecc88]
Event: 32.704 Thread 0x000002757d9d0c50 9775       3       org.gradle.internal.event.BroadcastDispatch$EmptyDispatch::add (14 bytes)
Event: 32.704 Thread 0x000002757d9d0c50 nmethod 9775 0x000002756a6ed090 code [0x000002756a6ed240, 0x000002756a6ed6a8]
Event: 32.704 Thread 0x000002757d9d0c50 9777       3       org.gradle.api.internal.DefaultDomainObjectCollection::assertMutableCollectionContents (1 bytes)
Event: 32.704 Thread 0x000002757d9d0c50 nmethod 9777 0x000002756a6ed810 code [0x000002756a6ed9a0, 0x000002756a6edab0]
Event: 32.705 Thread 0x000002757d9d0c50 9776       3       org.gradle.internal.event.DefaultListenerManager::getBroadcaster (14 bytes)
Event: 32.705 Thread 0x000002757d9d0c50 nmethod 9776 0x000002756a6edb90 code [0x000002756a6edd40, 0x000002756a6edf18]
Event: 32.707 Thread 0x000002757d9d0c50 9778       1       org.gradle.api.attributes.Category$Impl::isImmutable (3 bytes)
Event: 32.707 Thread 0x000002757d9d0c50 nmethod 9778 0x00000275716d5510 code [0x00000275716d5680, 0x00000275716d5748]

GC Heap History (20 events):
Event: 23.695 GC heap before
{Heap before GC invocations=16 (full 0):
 garbage-first heap   total 88064K, used 77988K [0x0000000080000000, 0x0000000100000000)
  region size 1024K, 27 young (27648K), 4 survivors (4096K)
 Metaspace       used 55738K, committed 57664K, reserved 487424K
  class space    used 7930K, committed 8896K, reserved 421888K
}
Event: 23.708 GC heap after
{Heap after GC invocations=17 (full 0):
 garbage-first heap   total 106496K, used 55297K [0x0000000080000000, 0x0000000100000000)
  region size 1024K, 2 young (2048K), 2 survivors (2048K)
 Metaspace       used 55738K, committed 57664K, reserved 487424K
  class space    used 7930K, committed 8896K, reserved 421888K
}
Event: 23.892 GC heap before
{Heap before GC invocations=17 (full 0):
 garbage-first heap   total 106496K, used 63489K [0x0000000080000000, 0x0000000100000000)
  region size 1024K, 11 young (11264K), 2 survivors (2048K)
 Metaspace       used 56510K, committed 58432K, reserved 487424K
  class space    used 8071K, committed 9024K, reserved 421888K
}
Event: 23.896 GC heap after
{Heap after GC invocations=18 (full 0):
 garbage-first heap   total 106496K, used 55751K [0x0000000080000000, 0x0000000100000000)
  region size 1024K, 2 young (2048K), 2 survivors (2048K)
 Metaspace       used 56510K, committed 58432K, reserved 487424K
  class space    used 8071K, committed 9024K, reserved 421888K
}
Event: 24.771 GC heap before
{Heap before GC invocations=19 (full 0):
 garbage-first heap   total 111616K, used 98759K [0x0000000080000000, 0x0000000100000000)
  region size 1024K, 40 young (40960K), 2 survivors (2048K)
 Metaspace       used 59452K, committed 61440K, reserved 487424K
  class space    used 8460K, committed 9408K, reserved 421888K
}
Event: 24.778 GC heap after
{Heap after GC invocations=20 (full 0):
 garbage-first heap   total 111616K, used 61673K [0x0000000080000000, 0x0000000100000000)
  region size 1024K, 4 young (4096K), 4 survivors (4096K)
 Metaspace       used 59452K, committed 61440K, reserved 487424K
  class space    used 8460K, committed 9408K, reserved 421888K
}
Event: 25.816 GC heap before
{Heap before GC invocations=20 (full 0):
 garbage-first heap   total 111616K, used 99561K [0x0000000080000000, 0x0000000100000000)
  region size 1024K, 42 young (43008K), 4 survivors (4096K)
 Metaspace       used 63415K, committed 65344K, reserved 487424K
  class space    used 8965K, committed 9920K, reserved 421888K
}
Event: 25.829 GC heap after
{Heap after GC invocations=21 (full 0):
 garbage-first heap   total 111616K, used 62941K [0x0000000080000000, 0x0000000100000000)
  region size 1024K, 5 young (5120K), 5 survivors (5120K)
 Metaspace       used 63415K, committed 65344K, reserved 487424K
  class space    used 8965K, committed 9920K, reserved 421888K
}
Event: 26.783 GC heap before
{Heap before GC invocations=21 (full 0):
 garbage-first heap   total 111616K, used 98781K [0x0000000080000000, 0x0000000100000000)
  region size 1024K, 40 young (40960K), 5 survivors (5120K)
 Metaspace       used 65687K, committed 67712K, reserved 487424K
  class space    used 9305K, committed 10304K, reserved 421888K
}
Event: 26.797 GC heap after
{Heap after GC invocations=22 (full 0):
 garbage-first heap   total 111616K, used 65655K [0x0000000080000000, 0x0000000100000000)
  region size 1024K, 5 young (5120K), 5 survivors (5120K)
 Metaspace       used 65687K, committed 67712K, reserved 487424K
  class space    used 9305K, committed 10304K, reserved 421888K
}
Event: 28.519 GC heap before
{Heap before GC invocations=23 (full 0):
 garbage-first heap   total 114688K, used 98423K [0x0000000080000000, 0x0000000100000000)
  region size 1024K, 37 young (37888K), 5 survivors (5120K)
 Metaspace       used 68023K, committed 70080K, reserved 487424K
  class space    used 9681K, committed 10688K, reserved 421888K
}
Event: 28.535 GC heap after
{Heap after GC invocations=24 (full 0):
 garbage-first heap   total 114688K, used 68587K [0x0000000080000000, 0x0000000100000000)
  region size 1024K, 5 young (5120K), 5 survivors (5120K)
 Metaspace       used 68023K, committed 70080K, reserved 487424K
  class space    used 9681K, committed 10688K, reserved 421888K
}
Event: 29.646 GC heap before
{Heap before GC invocations=24 (full 0):
 garbage-first heap   total 114688K, used 106475K [0x0000000080000000, 0x0000000100000000)
  region size 1024K, 38 young (38912K), 5 survivors (5120K)
 Metaspace       used 69169K, committed 71296K, reserved 487424K
  class space    used 9844K, committed 10880K, reserved 421888K
}
Event: 29.667 GC heap after
{Heap after GC invocations=25 (full 0):
 garbage-first heap   total 120832K, used 79059K [0x0000000080000000, 0x0000000100000000)
  region size 1024K, 5 young (5120K), 5 survivors (5120K)
 Metaspace       used 69169K, committed 71296K, reserved 487424K
  class space    used 9844K, committed 10880K, reserved 421888K
}
Event: 30.150 GC heap before
{Heap before GC invocations=25 (full 0):
 garbage-first heap   total 120832K, used 106707K [0x0000000080000000, 0x0000000100000000)
  region size 1024K, 33 young (33792K), 5 survivors (5120K)
 Metaspace       used 71252K, committed 73408K, reserved 487424K
  class space    used 10088K, committed 11136K, reserved 421888K
}
Event: 30.156 GC heap after
{Heap after GC invocations=26 (full 0):
 garbage-first heap   total 145408K, used 81820K [0x0000000080000000, 0x0000000100000000)
  region size 1024K, 3 young (3072K), 3 survivors (3072K)
 Metaspace       used 71252K, committed 73408K, reserved 487424K
  class space    used 10088K, committed 11136K, reserved 421888K
}
Event: 31.177 GC heap before
{Heap before GC invocations=27 (full 0):
 garbage-first heap   total 155648K, used 134044K [0x0000000080000000, 0x0000000100000000)
  region size 1024K, 48 young (49152K), 3 survivors (3072K)
 Metaspace       used 74879K, committed 77056K, reserved 487424K
  class space    used 10488K, committed 11584K, reserved 421888K
}
Event: 31.185 GC heap after
{Heap after GC invocations=28 (full 0):
 garbage-first heap   total 155648K, used 86016K [0x0000000080000000, 0x0000000100000000)
  region size 1024K, 6 young (6144K), 6 survivors (6144K)
 Metaspace       used 74879K, committed 77056K, reserved 487424K
  class space    used 10488K, committed 11584K, reserved 421888K
}
Event: 32.273 GC heap before
{Heap before GC invocations=28 (full 0):
 garbage-first heap   total 155648K, used 138240K [0x0000000080000000, 0x0000000100000000)
  region size 1024K, 57 young (58368K), 6 survivors (6144K)
 Metaspace       used 78704K, committed 80960K, reserved 552960K
  class space    used 10962K, committed 12096K, reserved 421888K
}
Event: 32.283 GC heap after
{Heap after GC invocations=29 (full 0):
 garbage-first heap   total 155648K, used 88420K [0x0000000080000000, 0x0000000100000000)
  region size 1024K, 7 young (7168K), 7 survivors (7168K)
 Metaspace       used 78704K, committed 80960K, reserved 552960K
  class space    used 10962K, committed 12096K, reserved 421888K
}

Dll operation events (15 events):
Event: 0.013 Loaded shared library C:\Program Files\Java\jdk-20\bin\java.dll
Event: 0.043 Loaded shared library C:\Program Files\Java\jdk-20\bin\jsvml.dll
Event: 0.139 Loaded shared library C:\Program Files\Java\jdk-20\bin\zip.dll
Event: 0.143 Loaded shared library C:\Program Files\Java\jdk-20\bin\instrument.dll
Event: 0.148 Loaded shared library C:\Program Files\Java\jdk-20\bin\net.dll
Event: 0.152 Loaded shared library C:\Program Files\Java\jdk-20\bin\nio.dll
Event: 0.156 Loaded shared library C:\Program Files\Java\jdk-20\bin\zip.dll
Event: 0.497 Loaded shared library C:\Program Files\Java\jdk-20\bin\jimage.dll
Event: 0.612 Loaded shared library C:\Program Files\Java\jdk-20\bin\verify.dll
Event: 0.947 Loaded shared library C:\Users\shrut\.gradle\native\c067742578af261105cb4f569cf0c3c89f3d7b1fecec35dd04571415982c5e48\windows-amd64\native-platform.dll
Event: 0.959 Loaded shared library C:\Users\shrut\.gradle\native\38dada09dfb8b06ba9b0570ebf7e218e3eb74d4ef43ca46872605cf95ebc2f47\windows-amd64\native-platform-file-events.dll
Event: 2.631 Loaded shared library C:\Program Files\Java\jdk-20\bin\management.dll
Event: 2.636 Loaded shared library C:\Program Files\Java\jdk-20\bin\management_ext.dll
Event: 3.026 Loaded shared library C:\Program Files\Java\jdk-20\bin\extnet.dll
Event: 3.447 Loaded shared library C:\Program Files\Java\jdk-20\bin\sunmscapi.dll

Deoptimization events (20 events):
Event: 32.161 Thread 0x000002751ec4b360 Uncommon trap: trap_request=0xffffff45 fr.pc=0x00000275713a1380 relative=0x0000000000000a60
Event: 32.161 Thread 0x000002751ec4b360 Uncommon trap: reason=unstable_if action=reinterpret pc=0x00000275713a1380 method=org.objectweb.asm.Label.resolve([BI)Z @ 80 c2
Event: 32.161 Thread 0x000002751ec4b360 DEOPT PACKING pc=0x00000275713a1380 sp=0x000000acc7ff2250
Event: 32.161 Thread 0x000002751ec4b360 DEOPT UNPACKING pc=0x0000027570d19d22 sp=0x000000acc7ff2170 mode 2
Event: 32.161 Thread 0x000002751ec4b360 Uncommon trap: trap_request=0xffffff45 fr.pc=0x00000275714f35c4 relative=0x0000000000000244
Event: 32.161 Thread 0x000002751ec4b360 Uncommon trap: reason=unstable_if action=reinterpret pc=0x00000275714f35c4 method=org.objectweb.asm.Label.resolve([BI)Z @ 80 c2
Event: 32.161 Thread 0x000002751ec4b360 DEOPT PACKING pc=0x00000275714f35c4 sp=0x000000acc7ff21f0
Event: 32.161 Thread 0x000002751ec4b360 DEOPT UNPACKING pc=0x0000027570d19d22 sp=0x000000acc7ff2170 mode 2
Event: 32.166 Thread 0x000002751ec4b360 DEOPT PACKING pc=0x000002756a4c0be2 sp=0x000000acc7ff27c0
Event: 32.167 Thread 0x000002751ec4b360 DEOPT UNPACKING pc=0x0000027570d1a4c2 sp=0x000000acc7ff1cd0 mode 0
Event: 32.325 Thread 0x000002751ec4b360 DEOPT PACKING pc=0x000002756a66a66e sp=0x000000acc7ff4750
Event: 32.325 Thread 0x000002751ec4b360 DEOPT UNPACKING pc=0x0000027570d1a4c2 sp=0x000000acc7ff3d00 mode 0
Event: 32.339 Thread 0x000002751ec4b360 Uncommon trap: trap_request=0xffffffc6 fr.pc=0x000002757153bac8 relative=0x00000000000001a8
Event: 32.339 Thread 0x000002751ec4b360 Uncommon trap: reason=bimorphic_or_optimized_type_check action=maybe_recompile pc=0x000002757153bac8 method=java.util.stream.StreamOpFlag.fromCharacteristics(Ljava/util/Spliterator;)I @ 14 c2
Event: 32.339 Thread 0x000002751ec4b360 DEOPT PACKING pc=0x000002757153bac8 sp=0x000000acc7ff4420
Event: 32.339 Thread 0x000002751ec4b360 DEOPT UNPACKING pc=0x0000027570d19d22 sp=0x000000acc7ff4308 mode 2
Event: 32.519 Thread 0x000002751ec4b360 Uncommon trap: trap_request=0xffffff45 fr.pc=0x00000275714ef984 relative=0x0000000000001644
Event: 32.519 Thread 0x000002751ec4b360 Uncommon trap: reason=unstable_if action=reinterpret pc=0x00000275714ef984 method=sun.net.www.protocol.jar.Handler.parseURL(Ljava/net/URL;Ljava/lang/String;II)V @ 116 c2
Event: 32.519 Thread 0x000002751ec4b360 DEOPT PACKING pc=0x00000275714ef984 sp=0x000000acc7ff3cb0
Event: 32.519 Thread 0x000002751ec4b360 DEOPT UNPACKING pc=0x0000027570d19d22 sp=0x000000acc7ff3c40 mode 2

Classes loaded (20 events):
Event: 30.996 Loading class java/util/Base64$Decoder
Event: 30.996 Loading class java/util/Base64$Decoder done
Event: 30.996 Loading class java/util/Base64$Encoder
Event: 30.997 Loading class java/util/Base64$Encoder done
Event: 30.999 Loading class java/util/jar/JarVerifier$VerifierStream
Event: 31.000 Loading class java/util/jar/JarVerifier$VerifierStream done
Event: 31.000 Loading class sun/security/util/ManifestEntryVerifier$SunProviderHolder
Event: 31.000 Loading class sun/security/util/ManifestEntryVerifier$SunProviderHolder done
Event: 31.368 Loading class java/lang/foreign/ValueLayout
Event: 31.369 Loading class java/lang/foreign/MemoryLayout
Event: 31.369 Loading class java/lang/foreign/MemoryLayout done
Event: 31.369 Loading class java/lang/foreign/ValueLayout done
Event: 31.791 Loading class java/security/KeyStore
Event: 31.791 Loading class java/security/KeyStore done
Event: 31.822 Loading class java/lang/foreign/MemorySegment
Event: 31.823 Loading class java/lang/foreign/MemorySegment done
Event: 32.054 Loading class javax/xml/stream/XMLStreamException
Event: 32.054 Loading class javax/xml/stream/XMLStreamException done
Event: 32.117 Loading class sun/reflect/annotation/AnnotationInvocationHandler$1
Event: 32.118 Loading class sun/reflect/annotation/AnnotationInvocationHandler$1 done

Classes unloaded (0 events):
No events

Classes redefined (0 events):
No events

Internal exceptions (20 events):
Event: 27.547 Thread 0x000002751ec4b360 Exception <a 'java/lang/NoSuchMethodError'{0x0000000085b277c0}: 'java.lang.Object java.lang.invoke.DirectMethodHandle$Holder.invokeSpecial(java.lang.Object, java.lang.Object, java.lang.Object, java.lang.Object, java.lang.Object, java.lang.Object, java.lang.Object, int)'> (0x0000000085b277c0) 
thrown [s\open\src\hotspot\share\interpreter\linkResolver.cpp, line 773]
Event: 27.547 Thread 0x000002751ec4b360 Exception <a 'java/lang/NoSuchMethodError'{0x0000000085b2c8c8}: 'java.lang.Object java.lang.invoke.Invokers$Holder.linkToTargetMethod(java.lang.Object, java.lang.Object, java.lang.Object, java.lang.Object, java.lang.Object, int, java.lang.Object)'> (0x0000000085b2c8c8) 
thrown [s\open\src\hotspot\share\interpreter\linkResolver.cpp, line 773]
Event: 27.559 Thread 0x00000275208599d0 Implicit null exception at 0x00000275714f16e7 to 0x00000275714f17bc
Event: 27.561 Thread 0x0000027520859480 Implicit null exception at 0x00000275713aa26b to 0x00000275713aa340
Event: 28.451 Thread 0x00000275208534e0 Exception <a 'java/lang/NoSuchMethodError'{0x0000000084f76650}: 'java.lang.Object java.lang.invoke.DirectMethodHandle$Holder.newInvokeSpecial(java.lang.Object, java.lang.Object, java.lang.Object, java.lang.Object, int, java.lang.Object)'> (0x0000000084f76650) 
thrown [s\open\src\hotspot\share\interpreter\linkResolver.cpp, line 773]
Event: 28.451 Thread 0x00000275208534e0 Exception <a 'java/lang/NoSuchMethodError'{0x0000000084f7a948}: 'java.lang.Object java.lang.invoke.Invokers$Holder.linkToTargetMethod(java.lang.Object, java.lang.Object, java.lang.Object, int, java.lang.Object, java.lang.Object)'> (0x0000000084f7a948) 
thrown [s\open\src\hotspot\share\interpreter\linkResolver.cpp, line 773]
Event: 28.497 Thread 0x000002752085a470 Exception <a 'java/lang/NoSuchMethodError'{0x0000000084e7ed28}: 'java.lang.Object java.lang.invoke.DirectMethodHandle$Holder.invokeVirtual(java.lang.Object, java.lang.Object, java.lang.Object, java.lang.Object, java.lang.Object, java.lang.Object, java.lang.Object, java.lang.Object, java.lang.Object, java.lang.Object, java.lang.Object, java.lang.Object, java.lang.Object, java.lang.Object, java.lang.Object, java.lang.Object, java.lang.Object, java.lang.Object, java.lang.Object, java.lang.Object, java.lang.Ob
Event: 28.498 Thread 0x000002752085a470 Exception <a 'java/lang/NoSuchMethodError'{0x0000000084e83ff8}: 'java.lang.Object java.lang.invoke.DelegatingMethodHandle$Holder.reinvoke_L(java.lang.Object, java.lang.Object, java.lang.Object, java.lang.Object, java.lang.Object, java.lang.Object, java.lang.Object, java.lang.Object, java.lang.Object, java.lang.Object, java.lang.Object, java.lang.Object, java.lang.Object, java.lang.Object, java.lang.Object, java.lang.Object, java.lang.Object, java.lang.Object, java.lang.Object, java.lang.Object, java.lang.O
Event: 28.593 Thread 0x000002752085a470 Exception <a 'java/lang/NoSuchMethodError'{0x00000000892a8b00}: 'int java.lang.invoke.DirectMethodHandle$Holder.invokeSpecial(java.lang.Object, java.lang.Object, java.lang.Object, java.lang.Object, java.lang.Object)'> (0x00000000892a8b00) 
thrown [s\open\src\hotspot\share\interpreter\linkResolver.cpp, line 773]
Event: 28.871 Thread 0x000002752085a470 Exception <a 'sun/nio/fs/WindowsException'{0x0000000088cd74a0}> (0x0000000088cd74a0) 
thrown [s\open\src\hotspot\share\prims\jni.cpp, line 519]
Event: 28.872 Thread 0x000002752085a470 Exception <a 'sun/nio/fs/WindowsException'{0x0000000088cd9e40}> (0x0000000088cd9e40) 
thrown [s\open\src\hotspot\share\prims\jni.cpp, line 519]
Event: 28.873 Thread 0x000002752085a470 Exception <a 'sun/nio/fs/WindowsException'{0x0000000088cdc4b0}> (0x0000000088cdc4b0) 
thrown [s\open\src\hotspot\share\prims\jni.cpp, line 519]
Event: 28.874 Thread 0x000002752085a470 Exception <a 'sun/nio/fs/WindowsException'{0x0000000088cfa918}> (0x0000000088cfa918) 
thrown [s\open\src\hotspot\share\prims\jni.cpp, line 519]
Event: 29.309 Thread 0x000002751ec4b360 Exception <a 'java/lang/ClassNotFoundException'{0x0000000085973990}: build_bbm15v2m3fse1b5tukc151xbfBeanInfo> (0x0000000085973990) 
thrown [s\open\src\hotspot\share\classfile\systemDictionary.cpp, line 305]
Event: 29.309 Thread 0x000002751ec4b360 Exception <a 'java/lang/ClassNotFoundException'{0x0000000085979e28}: build_bbm15v2m3fse1b5tukc151xbfCustomizer> (0x0000000085979e28) 
thrown [s\open\src\hotspot\share\classfile\systemDictionary.cpp, line 305]
Event: 29.537 Thread 0x000002751ec4b360 Exception <a 'java/lang/ClassNotFoundException'{0x0000000085163ae8}: build_4qfmf7beilv4t1qj4shoi0u8xBeanInfo> (0x0000000085163ae8) 
thrown [s\open\src\hotspot\share\classfile\systemDictionary.cpp, line 305]
Event: 29.538 Thread 0x000002751ec4b360 Exception <a 'java/lang/ClassNotFoundException'{0x000000008516ede0}: build_4qfmf7beilv4t1qj4shoi0u8xCustomizer> (0x000000008516ede0) 
thrown [s\open\src\hotspot\share\classfile\systemDictionary.cpp, line 305]
Event: 30.800 Thread 0x000002751ec4b360 Exception <a 'java/lang/NoSuchMethodError'{0x0000000087305940}: 'void java.lang.invoke.DirectMethodHandle$Holder.invokeVirtual(java.lang.Object, java.lang.Object)'> (0x0000000087305940) 
thrown [s\open\src\hotspot\share\interpreter\linkResolver.cpp, line 773]
Event: 30.850 Thread 0x000002751ec4b360 Implicit null exception at 0x0000027571451520 to 0x0000027571451642
Event: 32.161 Thread 0x000002751ec4b360 Implicit null exception at 0x000002757136a5d5 to 0x000002757136a6a8

VM Operations (20 events):
Event: 28.960 Executing VM operation: ICBufferFull
Event: 28.961 Executing VM operation: ICBufferFull done
Event: 29.646 Executing VM operation: G1CollectForAllocation
Event: 29.667 Executing VM operation: G1CollectForAllocation done
Event: 30.150 Executing VM operation: G1CollectForAllocation
Event: 30.172 Executing VM operation: G1CollectForAllocation done
Event: 30.343 Executing VM operation: G1PauseRemark
Event: 30.350 Executing VM operation: G1PauseRemark done
Event: 30.414 Executing VM operation: G1PauseCleanup
Event: 30.414 Executing VM operation: G1PauseCleanup done
Event: 30.781 Executing VM operation: HandshakeAllThreads
Event: 30.782 Executing VM operation: HandshakeAllThreads done
Event: 30.865 Executing VM operation: HandshakeAllThreads
Event: 30.865 Executing VM operation: HandshakeAllThreads done
Event: 31.177 Executing VM operation: G1CollectForAllocation
Event: 31.185 Executing VM operation: G1CollectForAllocation done
Event: 32.185 Executing VM operation: Cleanup
Event: 32.186 Executing VM operation: Cleanup done
Event: 32.273 Executing VM operation: G1CollectForAllocation
Event: 32.283 Executing VM operation: G1CollectForAllocation done

Events (20 events):
Event: 30.349 Thread 0x000002757d8906b0 flushing nmethod 0x0000027569826990
Event: 30.349 Thread 0x000002757d8906b0 flushing nmethod 0x000002756980bf10
Event: 30.349 Thread 0x000002757d8906b0 flushing nmethod 0x00000275697f3b10
Event: 30.349 Thread 0x000002757d8906b0 flushing nmethod 0x00000275697e9710
Event: 30.349 Thread 0x000002757d8906b0 flushing nmethod 0x00000275697bd790
Event: 30.349 Thread 0x000002757d8906b0 flushing nmethod 0x000002756979aa90
Event: 30.349 Thread 0x000002757d8906b0 flushing nmethod 0x0000027569780010
Event: 30.349 Thread 0x000002757d8906b0 flushing nmethod 0x000002757153cc90
Event: 30.349 Thread 0x000002757d8906b0 flushing nmethod 0x0000027571581b10
Event: 30.349 Thread 0x000002757d8906b0 flushing nmethod 0x000002757157fb90
Event: 30.349 Thread 0x000002757d8906b0 flushing nmethod 0x0000027571505110
Event: 30.349 Thread 0x000002757d8906b0 flushing nmethod 0x00000275714ec690
Event: 30.349 Thread 0x000002757d8906b0 flushing nmethod 0x0000027571478c90
Event: 30.349 Thread 0x000002757d8906b0 flushing nmethod 0x0000027571438190
Event: 30.349 Thread 0x000002757d8906b0 flushing nmethod 0x0000027571389790
Event: 30.349 Thread 0x000002757d8906b0 flushing nmethod 0x00000275713ae590
Event: 30.349 Thread 0x000002757d8906b0 flushing nmethod 0x000002757139e990
Event: 30.349 Thread 0x000002757d8906b0 flushing nmethod 0x0000027571365d90
Event: 30.349 Thread 0x000002757d8906b0 flushing nmethod 0x00000275712e7790
Event: 30.349 Thread 0x000002757d8906b0 flushing nmethod 0x00000275712d6a10


Dynamic libraries:
0x00007ff69ef10000 - 0x00007ff69ef20000 	C:\Program Files\Java\jdk-20\bin\java.exe
0x00007ffefc410000 - 0x00007ffefc608000 	C:\Windows\SYSTEM32\ntdll.dll
0x00007ffefa4c0000 - 0x00007ffefa57d000 	C:\Windows\System32\KERNEL32.DLL
0x00007ffef9bf0000 - 0x00007ffef9ee6000 	C:\Windows\System32\KERNELBASE.dll
0x00007ffefa350000 - 0x00007ffefa450000 	C:\Windows\System32\ucrtbase.dll
0x00007ffee65b0000 - 0x00007ffee65cb000 	C:\Program Files\Java\jdk-20\bin\VCRUNTIME140.dll
0x00007ffee44f0000 - 0x00007ffee4509000 	C:\Program Files\Java\jdk-20\bin\jli.dll
0x00007ffefb3c0000 - 0x00007ffefb473000 	C:\Windows\System32\ADVAPI32.dll
0x00007ffefc180000 - 0x00007ffefc21e000 	C:\Windows\System32\msvcrt.dll
0x00007ffefaa30000 - 0x00007ffefaacf000 	C:\Windows\System32\sechost.dll
0x00007ffefb480000 - 0x00007ffefb5a6000 	C:\Windows\System32\RPCRT4.dll
0x00007ffef9ef0000 - 0x00007ffef9f17000 	C:\Windows\System32\bcrypt.dll
0x00007ffefaad0000 - 0x00007ffefac6e000 	C:\Windows\System32\USER32.dll
0x00007ffefa320000 - 0x00007ffefa342000 	C:\Windows\System32\win32u.dll
0x00007ffefc150000 - 0x00007ffefc17b000 	C:\Windows\System32\GDI32.dll
0x00007ffef9ad0000 - 0x00007ffef9be7000 	C:\Windows\System32\gdi32full.dll
0x00007ffefa020000 - 0x00007ffefa0bd000 	C:\Windows\System32\msvcp_win.dll
0x00007ffef8e40000 - 0x00007ffef90da000 	C:\Windows\WinSxS\amd64_microsoft.windows.common-controls_6595b64144ccf1df_6.0.19041.3636_none_60b6a03d71f818d5\COMCTL32.dll
0x00007ffee6770000 - 0x00007ffee677a000 	C:\Windows\SYSTEM32\VERSION.dll
0x00007ffefb900000 - 0x00007ffefb932000 	C:\Windows\System32\IMM32.DLL
0x00007ffee65a0000 - 0x00007ffee65ac000 	C:\Program Files\Java\jdk-20\bin\vcruntime140_1.dll
0x00007ffece4d0000 - 0x00007ffece55e000 	C:\Program Files\Java\jdk-20\bin\msvcp140.dll
0x00007ffe894b0000 - 0x00007ffe8a148000 	C:\Program Files\Java\jdk-20\bin\server\jvm.dll
0x00007ffee0100000 - 0x00007ffee0127000 	C:\Windows\SYSTEM32\WINMM.dll
0x00007ffee5d60000 - 0x00007ffee5d69000 	C:\Windows\SYSTEM32\WSOCK32.dll
0x00007ffefb760000 - 0x00007ffefb7cb000 	C:\Windows\System32\WS2_32.dll
0x00007ffef7ca0000 - 0x00007ffef7cb2000 	C:\Windows\SYSTEM32\kernel.appcore.dll
0x00007ffee44e0000 - 0x00007ffee44ea000 	C:\Program Files\Java\jdk-20\bin\jimage.dll
0x00007ffef93e0000 - 0x00007ffef95c4000 	C:\Windows\SYSTEM32\DBGHELP.DLL
0x00007ffef91f0000 - 0x00007ffef9224000 	C:\Windows\SYSTEM32\dbgcore.DLL
0x00007ffefa0c0000 - 0x00007ffefa142000 	C:\Windows\System32\bcryptPrimitives.dll
0x00007ffee16e0000 - 0x00007ffee16ee000 	C:\Program Files\Java\jdk-20\bin\instrument.dll
0x00007ffee2070000 - 0x00007ffee2096000 	C:\Program Files\Java\jdk-20\bin\java.dll
0x00007ffec9b70000 - 0x00007ffec9c47000 	C:\Program Files\Java\jdk-20\bin\jsvml.dll
0x00007ffefac70000 - 0x00007ffefb3b5000 	C:\Windows\System32\SHELL32.dll
0x00007ffef74f0000 - 0x00007ffef7c8c000 	C:\Windows\SYSTEM32\windows.storage.dll
0x00007ffefa580000 - 0x00007ffefa8d4000 	C:\Windows\System32\combase.dll
0x00007ffef8da0000 - 0x00007ffef8dce000 	C:\Windows\SYSTEM32\Wldp.dll
0x00007ffefbf50000 - 0x00007ffefc01d000 	C:\Windows\System32\OLEAUT32.dll
0x00007ffefa8e0000 - 0x00007ffefa98d000 	C:\Windows\System32\SHCORE.dll
0x00007ffefc090000 - 0x00007ffefc0e5000 	C:\Windows\System32\shlwapi.dll
0x00007ffef9a00000 - 0x00007ffef9a25000 	C:\Windows\SYSTEM32\profapi.dll
0x00007ffedf910000 - 0x00007ffedf928000 	C:\Program Files\Java\jdk-20\bin\zip.dll
0x00007ffee1e90000 - 0x00007ffee1ea3000 	C:\Program Files\Java\jdk-20\bin\net.dll
0x00007ffeea0b0000 - 0x00007ffeea1ba000 	C:\Windows\SYSTEM32\WINHTTP.dll
0x00007ffef8c70000 - 0x00007ffef8cda000 	C:\Windows\system32\mswsock.dll
0x00007ffee1e20000 - 0x00007ffee1e36000 	C:\Program Files\Java\jdk-20\bin\nio.dll
0x00007ffee44d0000 - 0x00007ffee44e0000 	C:\Program Files\Java\jdk-20\bin\verify.dll
0x00007ffed4550000 - 0x00007ffed4577000 	C:\Users\shrut\.gradle\native\c067742578af261105cb4f569cf0c3c89f3d7b1fecec35dd04571415982c5e48\windows-amd64\native-platform.dll
0x00007ffec93f0000 - 0x00007ffec9534000 	C:\Users\shrut\.gradle\native\38dada09dfb8b06ba9b0570ebf7e218e3eb74d4ef43ca46872605cf95ebc2f47\windows-amd64\native-platform-file-events.dll
0x00007ffee4460000 - 0x00007ffee446a000 	C:\Program Files\Java\jdk-20\bin\management.dll
0x00007ffee4170000 - 0x00007ffee417b000 	C:\Program Files\Java\jdk-20\bin\management_ext.dll
0x00007ffefaa20000 - 0x00007ffefaa28000 	C:\Windows\System32\PSAPI.DLL
0x00007ffef9770000 - 0x00007ffef9788000 	C:\Windows\SYSTEM32\CRYPTSP.dll
0x00007ffef8490000 - 0x00007ffef84c4000 	C:\Windows\system32\rsaenh.dll
0x00007ffef9980000 - 0x00007ffef99ae000 	C:\Windows\SYSTEM32\USERENV.dll
0x00007ffef8d60000 - 0x00007ffef8d6c000 	C:\Windows\SYSTEM32\CRYPTBASE.dll
0x00007ffef87f0000 - 0x00007ffef882b000 	C:\Windows\SYSTEM32\IPHLPAPI.DLL
0x00007ffefa4b0000 - 0x00007ffefa4b8000 	C:\Windows\System32\NSI.dll
0x00007ffeecf30000 - 0x00007ffeecf47000 	C:\Windows\SYSTEM32\dhcpcsvc6.DLL
0x00007ffeed6f0000 - 0x00007ffeed70d000 	C:\Windows\SYSTEM32\dhcpcsvc.DLL
0x00007ffef8830000 - 0x00007ffef88fa000 	C:\Windows\SYSTEM32\DNSAPI.dll
0x00007ffee2120000 - 0x00007ffee2127000 	C:\Program Files\Java\jdk-20\bin\extnet.dll
0x00007ffee1310000 - 0x00007ffee131e000 	C:\Program Files\Java\jdk-20\bin\sunmscapi.dll
0x00007ffefa150000 - 0x00007ffefa2ad000 	C:\Windows\System32\CRYPT32.dll
0x00007ffef8e10000 - 0x00007ffef8e38000 	C:\Windows\SYSTEM32\ncrypt.dll
0x00007ffef8dd0000 - 0x00007ffef8e0b000 	C:\Windows\SYSTEM32\NTASN1.dll
0x00007ffecdd00000 - 0x00007ffecdd07000 	C:\Windows\system32\wshunix.dll
0x00007ffee3310000 - 0x00007ffee3327000 	C:\Windows\system32\napinsp.dll
0x00007ffeacea0000 - 0x00007ffeacebb000 	C:\Windows\system32\pnrpnsp.dll
0x00007ffef3b90000 - 0x00007ffef3ba5000 	C:\Windows\system32\wshbth.dll
0x00007ffef4650000 - 0x00007ffef466d000 	C:\Windows\system32\NLAapi.dll
0x00007ffeace80000 - 0x00007ffeace92000 	C:\Windows\System32\winrnr.dll
0x00007ffee83d0000 - 0x00007ffee83da000 	C:\Windows\System32\rasadhlp.dll
0x00007ffee85f0000 - 0x00007ffee8670000 	C:\Windows\System32\fwpuclnt.dll

dbghelp: loaded successfully - version: 4.0.5 - missing functions: none
symbol engine: initialized successfully - sym options: 0x614 - pdb path: .;C:\Program Files\Java\jdk-20\bin;C:\Windows\SYSTEM32;C:\Windows\WinSxS\amd64_microsoft.windows.common-controls_6595b64144ccf1df_6.0.19041.3636_none_60b6a03d71f818d5;C:\Program Files\Java\jdk-20\bin\server;C:\Users\shrut\.gradle\native\c067742578af261105cb4f569cf0c3c89f3d7b1fecec35dd04571415982c5e48\windows-amd64;C:\Users\shrut\.gradle\native\38dada09dfb8b06ba9b0570ebf7e218e3eb74d4ef43ca46872605cf95ebc2f47\windows-amd64

VM Arguments:
jvm_args: -XX:MaxMetaspaceSize=512m --add-opens=java.base/java.util=ALL-UNNAMED --add-opens=java.base/java.lang=ALL-UNNAMED --add-opens=java.base/java.lang.invoke=ALL-UNNAMED --add-opens=java.prefs/java.util.prefs=ALL-UNNAMED --add-opens=java.base/java.nio.charset=ALL-UNNAMED --add-opens=java.base/java.net=ALL-UNNAMED --add-opens=java.base/java.util.concurrent.atomic=ALL-UNNAMED -Xmx2048m -Dfile.encoding=UTF-8 -Duser.country=GB -Duser.language=en -Duser.variant -javaagent:C:\Users\shrut\.gradle\wrapper\dists\gradle-8.5-all\3zlzzgtsutfj0pbojr50n2l7z\gradle-8.5\lib\agents\gradle-instrumentation-agent-8.5.jar 
java_command: org.gradle.launcher.daemon.bootstrap.GradleDaemon 8.5
java_class_path (initial): C:\Users\shrut\.gradle\wrapper\dists\gradle-8.5-all\3zlzzgtsutfj0pbojr50n2l7z\gradle-8.5\lib\gradle-launcher-8.5.jar
Launcher Type: SUN_STANDARD

[Global flags]
     intx CICompilerCount                          = 3                                         {product} {ergonomic}
   size_t CompressedClassSpaceSize                 = 432013312                                 {product} {ergonomic}
     uint ConcGCThreads                            = 1                                         {product} {ergonomic}
     uint G1ConcRefinementThreads                  = 4                                         {product} {ergonomic}
   size_t G1HeapRegionSize                         = 1048576                                   {product} {ergonomic}
    uintx GCDrainStackTargetSize                   = 64                                        {product} {ergonomic}
   size_t InitialHeapSize                          = 266338304                                 {product} {ergonomic}
   size_t MarkStackSize                            = 4194304                                   {product} {ergonomic}
   size_t MaxHeapSize                              = 2147483648                                {product} {command line}
   size_t MaxMetaspaceSize                         = 536870912                                 {product} {command line}
   size_t MaxNewSize                               = 1287651328                                {product} {ergonomic}
   size_t MinHeapDeltaBytes                        = 1048576                                   {product} {ergonomic}
   size_t MinHeapSize                              = 8388608                                   {product} {ergonomic}
    uintx NonNMethodCodeHeapSize                   = 5832780                                {pd product} {ergonomic}
    uintx NonProfiledCodeHeapSize                  = 122912730                              {pd product} {ergonomic}
    uintx ProfiledCodeHeapSize                     = 122912730                              {pd product} {ergonomic}
    uintx ReservedCodeCacheSize                    = 251658240                              {pd product} {ergonomic}
     bool SegmentedCodeCache                       = true                                      {product} {ergonomic}
   size_t SoftMaxHeapSize                          = 2147483648                             {manageable} {ergonomic}
     bool UseCompressedClassPointers               = true                           {product lp64_product} {ergonomic}
     bool UseCompressedOops                        = true                           {product lp64_product} {ergonomic}
     bool UseG1GC                                  = true                                      {product} {ergonomic}
     bool UseLargePagesIndividualAllocation        = false                                  {pd product} {ergonomic}

Logging:
Log output configuration:
 #0: stdout all=warning uptime,level,tags foldmultilines=false
 #1: stderr all=off uptime,level,tags foldmultilines=false

Environment Variables:
JAVA_HOME=C:\Program Files\Java\jdk-20
CLASSPATH=C:\Users\shrut\OneDrive\Desktop\reactNative\clawApp\android\\gradle\wrapper\gradle-wrapper.jar
PATH=C:\Users\shrut\OneDrive\Desktop\reactNative\clawApp\node_modules\.bin;C:\Users\shrut\OneDrive\Desktop\reactNative\clawApp\node_modules\.bin;C:\Users\shrut\OneDrive\Desktop\reactNative\node_modules\.bin;C:\Users\shrut\OneDrive\Desktop\node_modules\.bin;C:\Users\shrut\OneDrive\node_modules\.bin;C:\Users\shrut\node_modules\.bin;C:\Users\node_modules\.bin;C:\node_modules\.bin;C:\Program Files\nodejs\node_modules\npm\node_modules\@npmcli\run-script\lib\node-gyp-bin;C:\Users\shrut\OneDrive\Desktop\reactNative\clawApp\node_modules\.bin;C:\Users\shrut\OneDrive\Desktop\reactNative\node_modules\.bin;C:\Users\shrut\OneDrive\Desktop\node_modules\.bin;C:\Users\shrut\OneDrive\node_modules\.bin;C:\Users\shrut\node_modules\.bin;C:\Users\node_modules\.bin;C:\node_modules\.bin;C:\Program Files\nodejs\node_modules\npm\node_modules\@npmcli\run-script\lib\node-gyp-bin;C:\Program Files\Common Files\Oracle\Java\javapath;C:\Program Files (x86)\Common Files\Oracle\Java\javapath;C:\Windows\system32;C:\Windows;C:\Windows\System32\Wbem;C:\Windows\System32\WindowsPowerShell\v1.0\;C:\Windows\System32\OpenSSH\;C:\Program Files\nodejs\;C:\ProgramData\chocolatey\bin;C:\Program Files\Git\cmd;C:\Program Files\Java\jdk-20\bin;C:\Users\shrut\AppData\Local\Microsoft\WindowsApps;C:\Users\shrut\AppData\Roaming\npm;C:\Users\shrut\AppData\Local\Programs\Microsoft VS Code\bin
USERNAME=shrut
OS=Windows_NT
PROCESSOR_IDENTIFIER=Intel64 Family 6 Model 78 Stepping 3, GenuineIntel
TMP=C:\Users\shrut\AppData\Local\Temp
TEMP=C:\Users\shrut\AppData\Local\Temp




---------------  S Y S T E M  ---------------

OS:
 Windows 10 , 64 bit Build 19041 (10.0.19041.3636)
OS uptime: 0 days 23:40 hours

CPU: total 4 (initial active 4) (2 cores per cpu, 2 threads per core) family 6 model 78 stepping 3 microcode 0xf0, cx8, cmov, fxsr, ht, mmx, 3dnowpref, sse, sse2, sse3, ssse3, sse4.1, sse4.2, popcnt, lzcnt, tsc, tscinvbit, avx, avx2, aes, erms, clmul, bmi1, bmi2, rtm, adx, fma, vzeroupper, clflush, clflushopt, rdtscp, f16c

Memory: 4k page, system-wide physical 16212M (5534M free)
TotalPageFile size 21969M (AvailPageFile size 3667M)
current process WorkingSet (physical memory assigned to process): 383M, peak: 385M
current process commit charge ("private bytes"): 417M, peak: 428M

vm_info: Java HotSpot(TM) 64-Bit Server VM (20.0.2+9-78) for windows-amd64 JRE (20.0.2+9-78), built on 2023-06-14T10:08:48Z by "mach5one" with MS VC++ 17.1 (VS2022)

END.
